14:24:27.048	0:0:0:0:0:0:0:1:52679	admin	REQUEST	[GET] http://localhost:8984/
14:24:27.125	0:0:0:0:0:0:0:1:52679	admin	200		77.63 ms
14:25:27.609	0:0:0:0:0:0:0:1:52692	admin	REQUEST	[GET] http://localhost:8984/requirements-manager
14:25:27.857	0:0:0:0:0:0:0:1:52692	admin	200		249.03 ms
14:26:21.360	0:0:0:0:0:0:0:1:52692	admin	REQUEST	[GET] http://localhost:8984/requirements-manager/delete-pkg/197886a4-83c4-44c2-bda7-8ca7281a8e64/c84a6168-9489-4724-bf09-701172cc47d3
14:26:21.439	0:0:0:0:0:0:0:1:52692	admin	200		79.4 ms
14:26:21.443	0:0:0:0:0:0:0:1:52692	admin	REQUEST	[GET] http://localhost:8984/requirements-manager
14:26:21.519	0:0:0:0:0:0:0:1:52692	admin	200		76.19 ms
14:26:22.655	0:0:0:0:0:0:0:1:52692	admin	REQUEST	[GET] http://localhost:8984/requirements-manager/delete-pkg/197886a4-83c4-44c2-bda7-8ca7281a8e64/7a8c4402-0e43-4912-b2de-3b3f16763058
14:26:22.712	0:0:0:0:0:0:0:1:52692	admin	200		57.12 ms
14:26:22.719	0:0:0:0:0:0:0:1:52692	admin	REQUEST	[GET] http://localhost:8984/requirements-manager
14:26:22.771	0:0:0:0:0:0:0:1:52692	admin	200		53.05 ms
14:26:30.245	0:0:0:0:0:0:0:1:52692	admin	REQUEST	[POST] http://localhost:8984/data/upload
14:26:30.467	0:0:0:0:0:0:0:1:52692	admin	200		222.33 ms
14:26:30.470	0:0:0:0:0:0:0:1:52692	admin	REQUEST	[GET] http://localhost:8984/requirements-manager
14:26:30.648	0:0:0:0:0:0:0:1:52692	admin	200		178.12 ms
14:26:39.981	0:0:0:0:0:0:0:1:52692	admin	REQUEST	[GET] http://localhost:8984/requirements-manager/package/197886a4-83c4-44c2-bda7-8ca7281a8e64/80bf0797-fcf6-46ae-9ff4-3824879c7afc
14:26:40.051	0:0:0:0:0:0:0:1:52692	admin	200		70.78 ms
14:26:51.415	0:0:0:0:0:0:0:1:52692	admin	REQUEST	[GET] http://localhost:8984/requirements-manager/assist/197886a4-83c4-44c2-bda7-8ca7281a8e64/80bf0797-fcf6-46ae-9ff4-3824879c7afc/d15b0b06-d63e-4386-b154-01b897953786
14:26:51.682	0:0:0:0:0:0:0:1:52692	admin	200		267.13 ms
14:27:51.196	0:0:0:0:0:0:0:1:52692	admin	REQUEST	[POST] http://localhost:8984/restancil/save/197886a4-83c4-44c2-bda7-8ca7281a8e64/80bf0797-fcf6-46ae-9ff4-3824879c7afc/d15b0b06-d63e-4386-b154-01b897953786?
14:27:51.321	0:0:0:0:0:0:0:1:52692	admin	200		125.0 ms
14:27:51.327	0:0:0:0:0:0:0:1:52692	admin	REQUEST	[GET] http://localhost:8984/requirements-manager/assist/197886a4-83c4-44c2-bda7-8ca7281a8e64/80bf0797-fcf6-46ae-9ff4-3824879c7afc/d15b0b06-d63e-4386-b154-01b897953786
14:27:51.457	0:0:0:0:0:0:0:1:52692	admin	200		129.22 ms
14:27:59.214	0:0:0:0:0:0:0:1:52692	admin	REQUEST	[GET] http://localhost:8984/requirements-manager/assist/197886a4-83c4-44c2-bda7-8ca7281a8e64/80bf0797-fcf6-46ae-9ff4-3824879c7afc/172bc894-eaab-49aa-bf32-40b947dede85
14:27:59.317	0:0:0:0:0:0:0:1:52692	admin	200		103.1 ms
14:28:22.091	0:0:0:0:0:0:0:1:52692	admin	REQUEST	[POST] http://localhost:8984/restancil/save/197886a4-83c4-44c2-bda7-8ca7281a8e64/80bf0797-fcf6-46ae-9ff4-3824879c7afc/172bc894-eaab-49aa-bf32-40b947dede85?
14:28:22.158	0:0:0:0:0:0:0:1:52692	admin	200		67.44 ms
14:28:22.164	0:0:0:0:0:0:0:1:52692	admin	REQUEST	[GET] http://localhost:8984/requirements-manager/assist/197886a4-83c4-44c2-bda7-8ca7281a8e64/80bf0797-fcf6-46ae-9ff4-3824879c7afc/172bc894-eaab-49aa-bf32-40b947dede85
14:28:22.262	0:0:0:0:0:0:0:1:52692	admin	200		97.57 ms
14:29:59.779	0:0:0:0:0:0:0:1:52740	admin	REQUEST	[POST] http://localhost:8984/restancil/save/197886a4-83c4-44c2-bda7-8ca7281a8e64/80bf0797-fcf6-46ae-9ff4-3824879c7afc/172bc894-eaab-49aa-bf32-40b947dede85?
14:29:59.859	0:0:0:0:0:0:0:1:52740	admin	200		80.22 ms
14:29:59.863	0:0:0:0:0:0:0:1:52740	admin	REQUEST	[GET] http://localhost:8984/requirements-manager/assist/197886a4-83c4-44c2-bda7-8ca7281a8e64/80bf0797-fcf6-46ae-9ff4-3824879c7afc/172bc894-eaab-49aa-bf32-40b947dede85
14:29:59.977	0:0:0:0:0:0:0:1:52740	admin	200		114.24 ms
14:30:30.110	0:0:0:0:0:0:0:1:52740	admin	REQUEST	[GET] http://localhost:8984/requirements-manager/assist/197886a4-83c4-44c2-bda7-8ca7281a8e64/80bf0797-fcf6-46ae-9ff4-3824879c7afc/172bc894-eaab-49aa-bf32-40b947dede85?req-id=b8e20962-b76b-4f57-a49e-e6fef404c21d
14:30:30.200	0:0:0:0:0:0:0:1:52740	admin	200		90.28 ms
14:30:35.035	0:0:0:0:0:0:0:1:52740	admin	REQUEST	[POST] http://localhost:8984/restancil/save/197886a4-83c4-44c2-bda7-8ca7281a8e64/80bf0797-fcf6-46ae-9ff4-3824879c7afc/172bc894-eaab-49aa-bf32-40b947dede85?req-id=b8e20962-b76b-4f57-a49e-e6fef404c21d
14:30:35.114	0:0:0:0:0:0:0:1:52740	admin	200		78.78 ms
14:30:35.119	0:0:0:0:0:0:0:1:52740	admin	REQUEST	[GET] http://localhost:8984/requirements-manager/assist/197886a4-83c4-44c2-bda7-8ca7281a8e64/80bf0797-fcf6-46ae-9ff4-3824879c7afc/172bc894-eaab-49aa-bf32-40b947dede85
14:30:35.249	0:0:0:0:0:0:0:1:52740	admin	200		129.96 ms
14:31:30.897	0:0:0:0:0:0:0:1:52740	admin	REQUEST	[GET] http://localhost:8984/requirements-manager
14:31:30.958	0:0:0:0:0:0:0:1:52740	admin	200		60.72 ms
14:31:35.691	0:0:0:0:0:0:0:1:52740	admin	REQUEST	[POST] http://localhost:8984/data/upload
14:31:35.908	0:0:0:0:0:0:0:1:52740	admin	200		217.67 ms
14:31:35.909	0:0:0:0:0:0:0:1:52740	admin	REQUEST	[GET] http://localhost:8984/requirements-manager
14:31:36.046	0:0:0:0:0:0:0:1:52740	admin	200		137.12 ms
14:31:39.688	0:0:0:0:0:0:0:1:52740	admin	REQUEST	[GET] http://localhost:8984/requirements-manager/package/197886a4-83c4-44c2-bda7-8ca7281a8e64/f8b0910d-835c-4301-8f20-d447fb73f9e7
14:31:39.772	0:0:0:0:0:0:0:1:52740	admin	200		84.36 ms
14:32:00.304	0:0:0:0:0:0:0:1:52740	admin	REQUEST	[GET] http://localhost:8984/requirements-manager/assist/197886a4-83c4-44c2-bda7-8ca7281a8e64/f8b0910d-835c-4301-8f20-d447fb73f9e7/d15b0b06-d63e-4386-b154-01b897953786
14:32:00.407	0:0:0:0:0:0:0:1:52740	admin	200		103.14 ms
14:32:32.664	0:0:0:0:0:0:0:1:52740	admin	REQUEST	[GET] http://localhost:8984/requirements-manager/assist/197886a4-83c4-44c2-bda7-8ca7281a8e64/f8b0910d-835c-4301-8f20-d447fb73f9e7/d15b0b06-d63e-4386-b154-01b897953786?req-id=682c3496-54a0-4bc8-be3f-adffbcbe4810
14:32:32.796	0:0:0:0:0:0:0:1:52740	admin	200		131.8 ms
14:32:47.548	0:0:0:0:0:0:0:1:52740	admin	REQUEST	[POST] http://localhost:8984/restancil/save/197886a4-83c4-44c2-bda7-8ca7281a8e64/f8b0910d-835c-4301-8f20-d447fb73f9e7/d15b0b06-d63e-4386-b154-01b897953786?req-id=682c3496-54a0-4bc8-be3f-adffbcbe4810
14:32:47.626	0:0:0:0:0:0:0:1:52740	admin	200		77.45 ms
14:32:47.631	0:0:0:0:0:0:0:1:52740	admin	REQUEST	[GET] http://localhost:8984/requirements-manager/assist/197886a4-83c4-44c2-bda7-8ca7281a8e64/f8b0910d-835c-4301-8f20-d447fb73f9e7/d15b0b06-d63e-4386-b154-01b897953786
14:32:47.799	0:0:0:0:0:0:0:1:52740	admin	200		168.79 ms
14:32:59.595	0:0:0:0:0:0:0:1:52740	admin	REQUEST	[GET] http://localhost:8984/requirements-manager/assist/197886a4-83c4-44c2-bda7-8ca7281a8e64/f8b0910d-835c-4301-8f20-d447fb73f9e7/d15b0b06-d63e-4386-b154-01b897953786?req-id=682c3496-54a0-4bc8-be3f-adffbcbe4810
14:32:59.693	0:0:0:0:0:0:0:1:52740	admin	200		98.12 ms
14:33:16.229	0:0:0:0:0:0:0:1:52740	admin	REQUEST	[POST] http://localhost:8984/restancil/save/197886a4-83c4-44c2-bda7-8ca7281a8e64/f8b0910d-835c-4301-8f20-d447fb73f9e7/d15b0b06-d63e-4386-b154-01b897953786?req-id=682c3496-54a0-4bc8-be3f-adffbcbe4810
14:33:16.299	0:0:0:0:0:0:0:1:52740	admin	200		70.25 ms
14:33:16.303	0:0:0:0:0:0:0:1:52740	admin	REQUEST	[GET] http://localhost:8984/requirements-manager/assist/197886a4-83c4-44c2-bda7-8ca7281a8e64/f8b0910d-835c-4301-8f20-d447fb73f9e7/d15b0b06-d63e-4386-b154-01b897953786
14:33:16.400	0:0:0:0:0:0:0:1:52740	admin	200		96.49 ms
14:33:41.507	0:0:0:0:0:0:0:1:52740	admin	REQUEST	[GET] http://localhost:8984/requirements-manager/list
14:33:41.556	0:0:0:0:0:0:0:1:52740	admin	200		48.82 ms
14:33:53.207	0:0:0:0:0:0:0:1:52740	admin	REQUEST	[GET] http://localhost:8984/glossary
14:33:53.237	0:0:0:0:0:0:0:1:52740	admin	200		30.15 ms
14:33:54.118	0:0:0:0:0:0:0:1:52740	admin	REQUEST	[GET] http://localhost:8984/requirements-manager/list
14:33:54.156	0:0:0:0:0:0:0:1:52740	admin	200		38.44 ms
14:33:55.118	0:0:0:0:0:0:0:1:52740	admin	REQUEST	[GET] http://localhost:8984/glossary
14:33:55.132	0:0:0:0:0:0:0:1:52740	admin	200		14.49 ms
14:34:09.683	0:0:0:0:0:0:0:1:52740	admin	REQUEST	[POST] http://localhost:8984/glossary/insert
14:34:09.709	0:0:0:0:0:0:0:1:52740	admin	200		26.15 ms
14:34:09.714	0:0:0:0:0:0:0:1:52740	admin	REQUEST	[GET] http://localhost:8984/glossary
14:34:09.734	0:0:0:0:0:0:0:1:52740	admin	200		20.54 ms
14:34:12.201	0:0:0:0:0:0:0:1:52740	admin	REQUEST	[GET] http://localhost:8984/requirements-manager
14:34:12.326	0:0:0:0:0:0:0:1:52740	admin	200		125.84 ms
14:34:13.787	0:0:0:0:0:0:0:1:52740	admin	REQUEST	[GET] http://localhost:8984/requirements-manager/package/197886a4-83c4-44c2-bda7-8ca7281a8e64/f8b0910d-835c-4301-8f20-d447fb73f9e7
14:34:13.872	0:0:0:0:0:0:0:1:52740	admin	200		84.14 ms
14:34:15.817	0:0:0:0:0:0:0:1:52740	admin	REQUEST	[GET] http://localhost:8984/requirements-manager/assist/197886a4-83c4-44c2-bda7-8ca7281a8e64/f8b0910d-835c-4301-8f20-d447fb73f9e7/172bc894-eaab-49aa-bf32-40b947dede85
14:34:16.011	0:0:0:0:0:0:0:1:52740	admin	200		192.49 ms
14:34:33.710	0:0:0:0:0:0:0:1:52740	admin	REQUEST	[GET] http://localhost:8984/requirements-manager/package/197886a4-83c4-44c2-bda7-8ca7281a8e64/f8b0910d-835c-4301-8f20-d447fb73f9e7
14:34:33.788	0:0:0:0:0:0:0:1:52740	admin	200		77.85 ms
14:34:37.631	0:0:0:0:0:0:0:1:52740	admin	REQUEST	[GET] http://localhost:8984/requirements-manager/assist/197886a4-83c4-44c2-bda7-8ca7281a8e64/f8b0910d-835c-4301-8f20-d447fb73f9e7/d15b0b06-d63e-4386-b154-01b897953786
14:34:37.726	0:0:0:0:0:0:0:1:52740	admin	200		95.73 ms
14:34:44.597	0:0:0:0:0:0:0:1:52740	admin	REQUEST	[GET] http://localhost:8984/requirements-manager
14:34:44.692	0:0:0:0:0:0:0:1:52740	admin	200		93.49 ms
14:34:46.967	0:0:0:0:0:0:0:1:52740	admin	REQUEST	[GET] http://localhost:8984/requirements-manager/download-requirements/197886a4-83c4-44c2-bda7-8ca7281a8e64/f8b0910d-835c-4301-8f20-d447fb73f9e7
14:34:47.003	0:0:0:0:0:0:0:1:52740	admin	200		35.69 ms
14:34:47.003	0:0:0:0:0:0:0:1:52740	admin	200		0.2 ms
15:40:36.645	0:0:0:0:0:0:0:1:52038	admin	REQUEST	[GET] http://localhost:8984/requirements-manager/delete-pkg/197886a4-83c4-44c2-bda7-8ca7281a8e64/f8b0910d-835c-4301-8f20-d447fb73f9e7
15:40:36.677	0:0:0:0:0:0:0:1:52038	admin	200		32.44 ms
15:40:36.681	0:0:0:0:0:0:0:1:52038	admin	REQUEST	[GET] http://localhost:8984/requirements-manager
15:40:36.729	0:0:0:0:0:0:0:1:52038	admin	200		50.0 ms
15:40:37.690	0:0:0:0:0:0:0:1:52038	admin	REQUEST	[GET] http://localhost:8984/requirements-manager/delete-pkg/197886a4-83c4-44c2-bda7-8ca7281a8e64/80bf0797-fcf6-46ae-9ff4-3824879c7afc
15:40:37.714	0:0:0:0:0:0:0:1:52038	admin	200		24.07 ms
15:40:37.718	0:0:0:0:0:0:0:1:52038	admin	REQUEST	[GET] http://localhost:8984/requirements-manager
15:40:37.742	0:0:0:0:0:0:0:1:52038	admin	200		27.11 ms
15:40:39.539	0:0:0:0:0:0:0:1:52038	admin	REQUEST	[GET] http://localhost:8984/care
15:40:39.547	0:0:0:0:0:0:0:1:52038	admin	200		6.92 ms
16:26:34.655	0:0:0:0:0:0:0:1:52040	admin	REQUEST	[GET] http://localhost:8984/requirements-manager
16:26:34.695	0:0:0:0:0:0:0:1:52040	admin	200		39.56 ms
16:28:25.933	0:0:0:0:0:0:0:1:52041	admin	REQUEST	[POST] http://localhost:8984/data/upload
16:28:26.092	0:0:0:0:0:0:0:1:52041	admin	200		158.46 ms
16:28:26.092	0:0:0:0:0:0:0:1:52041	admin	REQUEST	[GET] http://localhost:8984/requirements-manager
16:28:26.167	0:0:0:0:0:0:0:1:52041	admin	200		75.28 ms
16:28:36.079	0:0:0:0:0:0:0:1:52041	admin	REQUEST	[GET] http://localhost:8984/requirements-manager/package/197886a4-83c4-44c2-bda7-8ca7281a8e64/f7dfe39c-c512-4576-b754-4a62e88dfded
16:28:36.138	0:0:0:0:0:0:0:1:52041	admin	200		58.97 ms
16:28:46.808	0:0:0:0:0:0:0:1:52041	admin	REQUEST	[GET] http://localhost:8984/requirements-manager/assist/197886a4-83c4-44c2-bda7-8ca7281a8e64/f7dfe39c-c512-4576-b754-4a62e88dfded/d15b0b06-d63e-4386-b154-01b897953786
16:28:46.911	0:0:0:0:0:0:0:1:52041	admin	200		103.51 ms
16:30:17.858	0:0:0:0:0:0:0:1:52042	admin	REQUEST	[POST] http://localhost:8984/restancil/save/197886a4-83c4-44c2-bda7-8ca7281a8e64/f7dfe39c-c512-4576-b754-4a62e88dfded/d15b0b06-d63e-4386-b154-01b897953786?
16:30:17.933	0:0:0:0:0:0:0:1:52042	admin	200		75.18 ms
16:30:17.938	0:0:0:0:0:0:0:1:52042	admin	REQUEST	[GET] http://localhost:8984/requirements-manager/assist/197886a4-83c4-44c2-bda7-8ca7281a8e64/f7dfe39c-c512-4576-b754-4a62e88dfded/d15b0b06-d63e-4386-b154-01b897953786
16:30:18.027	0:0:0:0:0:0:0:1:52042	admin	200		89.02 ms
16:30:26.977	0:0:0:0:0:0:0:1:52042	admin	REQUEST	[GET] http://localhost:8984/requirements-manager/assist/197886a4-83c4-44c2-bda7-8ca7281a8e64/f7dfe39c-c512-4576-b754-4a62e88dfded/172bc894-eaab-49aa-bf32-40b947dede85
16:30:27.066	0:0:0:0:0:0:0:1:52042	admin	200		89.15 ms
16:30:30.095	0:0:0:0:0:0:0:1:52042	admin	REQUEST	[GET] http://localhost:8984/requirements-manager/package/197886a4-83c4-44c2-bda7-8ca7281a8e64/f7dfe39c-c512-4576-b754-4a62e88dfded
16:30:30.150	0:0:0:0:0:0:0:1:52042	admin	200		55.0 ms
16:30:33.607	0:0:0:0:0:0:0:1:52042	admin	REQUEST	[GET] http://localhost:8984/requirements-manager/assist/197886a4-83c4-44c2-bda7-8ca7281a8e64/f7dfe39c-c512-4576-b754-4a62e88dfded/172bc894-eaab-49aa-bf32-40b947dede85
16:30:33.687	0:0:0:0:0:0:0:1:52042	admin	200		80.55 ms
16:31:05.775	0:0:0:0:0:0:0:1:52042	admin	REQUEST	[POST] http://localhost:8984/restancil/save/197886a4-83c4-44c2-bda7-8ca7281a8e64/f7dfe39c-c512-4576-b754-4a62e88dfded/172bc894-eaab-49aa-bf32-40b947dede85?
16:31:05.840	0:0:0:0:0:0:0:1:52042	admin	200		65.89 ms
16:31:05.845	0:0:0:0:0:0:0:1:52042	admin	REQUEST	[GET] http://localhost:8984/requirements-manager/assist/197886a4-83c4-44c2-bda7-8ca7281a8e64/f7dfe39c-c512-4576-b754-4a62e88dfded/172bc894-eaab-49aa-bf32-40b947dede85
16:31:05.936	0:0:0:0:0:0:0:1:52042	admin	200		91.22 ms
16:31:22.851	0:0:0:0:0:0:0:1:52042	admin	REQUEST	[POST] http://localhost:8984/restancil/save/197886a4-83c4-44c2-bda7-8ca7281a8e64/f7dfe39c-c512-4576-b754-4a62e88dfded/172bc894-eaab-49aa-bf32-40b947dede85?
16:31:22.923	0:0:0:0:0:0:0:1:52042	admin	200		72.33 ms
16:31:22.927	0:0:0:0:0:0:0:1:52042	admin	REQUEST	[GET] http://localhost:8984/requirements-manager/assist/197886a4-83c4-44c2-bda7-8ca7281a8e64/f7dfe39c-c512-4576-b754-4a62e88dfded/172bc894-eaab-49aa-bf32-40b947dede85
16:31:23.017	0:0:0:0:0:0:0:1:52042	admin	200		89.8 ms
16:31:28.751	0:0:0:0:0:0:0:1:52042	admin	REQUEST	[GET] http://localhost:8984/requirements-manager/assist/197886a4-83c4-44c2-bda7-8ca7281a8e64/f7dfe39c-c512-4576-b754-4a62e88dfded/172bc894-eaab-49aa-bf32-40b947dede85?req-id=8396b933-c09d-4ec9-a2f3-01fcafa64fad
16:31:28.843	0:0:0:0:0:0:0:1:52042	admin	200		91.41 ms
16:31:39.543	0:0:0:0:0:0:0:1:52042	admin	REQUEST	[POST] http://localhost:8984/restancil/save/197886a4-83c4-44c2-bda7-8ca7281a8e64/f7dfe39c-c512-4576-b754-4a62e88dfded/172bc894-eaab-49aa-bf32-40b947dede85?req-id=8396b933-c09d-4ec9-a2f3-01fcafa64fad
16:31:39.606	0:0:0:0:0:0:0:1:52042	admin	200		63.13 ms
16:31:39.610	0:0:0:0:0:0:0:1:52042	admin	REQUEST	[GET] http://localhost:8984/requirements-manager/assist/197886a4-83c4-44c2-bda7-8ca7281a8e64/f7dfe39c-c512-4576-b754-4a62e88dfded/172bc894-eaab-49aa-bf32-40b947dede85
16:31:39.693	0:0:0:0:0:0:0:1:52042	admin	200		83.36 ms
16:32:35.057	0:0:0:0:0:0:0:1:52042	admin	REQUEST	[GET] http://localhost:8984/requirements-manager
16:32:35.124	0:0:0:0:0:0:0:1:52042	admin	200		65.91 ms
16:32:45.871	0:0:0:0:0:0:0:1:52042	admin	REQUEST	[POST] http://localhost:8984/data/upload
16:32:46.034	0:0:0:0:0:0:0:1:52042	admin	200		162.95 ms
16:32:46.038	0:0:0:0:0:0:0:1:52042	admin	REQUEST	[GET] http://localhost:8984/requirements-manager
16:32:46.134	0:0:0:0:0:0:0:1:52042	admin	200		96.16 ms
16:32:52.467	0:0:0:0:0:0:0:1:52042	admin	REQUEST	[GET] http://localhost:8984/requirements-manager/package/197886a4-83c4-44c2-bda7-8ca7281a8e64/2adbea07-81da-40a0-afb9-9dc22ce04a17
16:32:52.540	0:0:0:0:0:0:0:1:52042	admin	200		73.33 ms
16:33:04.822	0:0:0:0:0:0:0:1:52042	admin	REQUEST	[GET] http://localhost:8984/requirements-manager/assist/197886a4-83c4-44c2-bda7-8ca7281a8e64/2adbea07-81da-40a0-afb9-9dc22ce04a17/d15b0b06-d63e-4386-b154-01b897953786
16:33:04.928	0:0:0:0:0:0:0:1:52042	admin	200		106.1 ms
16:33:42.349	0:0:0:0:0:0:0:1:52042	admin	REQUEST	[GET] http://localhost:8984/requirements-manager/assist/197886a4-83c4-44c2-bda7-8ca7281a8e64/2adbea07-81da-40a0-afb9-9dc22ce04a17/d15b0b06-d63e-4386-b154-01b897953786?req-id=3ff1d87a-7312-4f8f-975c-5c93cfc169a3
16:33:42.452	0:0:0:0:0:0:0:1:52042	admin	200		102.11 ms
16:34:02.991	0:0:0:0:0:0:0:1:52042	admin	REQUEST	[POST] http://localhost:8984/restancil/save/197886a4-83c4-44c2-bda7-8ca7281a8e64/2adbea07-81da-40a0-afb9-9dc22ce04a17/d15b0b06-d63e-4386-b154-01b897953786?req-id=3ff1d87a-7312-4f8f-975c-5c93cfc169a3
16:34:03.055	0:0:0:0:0:0:0:1:52042	admin	200		63.6 ms
16:34:03.059	0:0:0:0:0:0:0:1:52042	admin	REQUEST	[GET] http://localhost:8984/requirements-manager/assist/197886a4-83c4-44c2-bda7-8ca7281a8e64/2adbea07-81da-40a0-afb9-9dc22ce04a17/d15b0b06-d63e-4386-b154-01b897953786
16:34:03.150	0:0:0:0:0:0:0:1:52042	admin	200		91.11 ms
16:35:00.852	0:0:0:0:0:0:0:1:52042	admin	REQUEST	[GET] http://localhost:8984/requirements-manager
16:35:00.935	0:0:0:0:0:0:0:1:52042	admin	200		82.71 ms
