10:29:11.796	SERVER	admin	OK	Server wurde gestartet (Port: 1984).
10:29:13.722	SERVER	admin	OK	HTTP Server wurde gestartet (Port: 8984).
10:46:34.810	0:0:0:0:0:0:0:1:54030	admin	REQUEST	[GET] http://localhost:8984/
10:46:53.516	0:0:0:0:0:0:0:1:54030	admin	200		18912.84 ms
10:47:00.415	0:0:0:0:0:0:0:1:54069	admin	REQUEST	[GET] http://localhost:8984/requirements-manager
10:47:01.448	0:0:0:0:0:0:0:1:54069	admin	200		1039.12 ms
10:48:38.754	0:0:0:0:0:0:0:1:54411	admin	REQUEST	[GET] http://localhost:8984/requirements-manager/delete-pkgs/197886a4-83c4-44c2-bda7-8ca7281a8e64
10:48:39.006	0:0:0:0:0:0:0:1:54411	admin	200		255.01 ms
10:48:39.009	0:0:0:0:0:0:0:1:54411	admin	REQUEST	[GET] http://localhost:8984/requirements-manager
10:48:39.247	0:0:0:0:0:0:0:1:54411	admin	200		239.88 ms
10:48:41.998	0:0:0:0:0:0:0:1:54411	admin	REQUEST	[GET] http://localhost:8984/glossary
10:48:42.139	0:0:0:0:0:0:0:1:54411	admin	200		141.91 ms
10:48:44.088	0:0:0:0:0:0:0:1:54411	admin	REQUEST	[GET] http://localhost:8984/glossary/delete
10:48:44.229	0:0:0:0:0:0:0:1:54411	admin	200		142.02 ms
10:48:44.230	0:0:0:0:0:0:0:1:54411	admin	REQUEST	[GET] http://localhost:8984/glossary
10:48:44.365	0:0:0:0:0:0:0:1:54411	admin	200		135.14 ms
10:48:49.455	0:0:0:0:0:0:0:1:54411	admin	REQUEST	[GET] http://localhost:8984/requirements-manager
10:48:49.600	0:0:0:0:0:0:0:1:54411	admin	200		146.75 ms
10:49:03.016	0:0:0:0:0:0:0:1:54411	admin	REQUEST	[POST] http://localhost:8984/data/upload
10:49:04.209	0:0:0:0:0:0:0:1:54411	admin	200		1199.83 ms
10:49:04.214	0:0:0:0:0:0:0:1:54411	admin	REQUEST	[GET] http://localhost:8984/requirements-manager
10:49:04.458	0:0:0:0:0:0:0:1:54411	admin	200		245.23 ms
10:49:07.686	0:0:0:0:0:0:0:1:54411	admin	REQUEST	[GET] http://localhost:8984/requirements-manager/list/197886a4-83c4-44c2-bda7-8ca7281a8e64/342a50da-b4fa-4031-a266-bb6662a2056f
10:49:07.805	0:0:0:0:0:0:0:1:54411	admin	200		120.74 ms
10:49:12.374	0:0:0:0:0:0:0:1:54411	admin	REQUEST	[GET] http://localhost:8984/requirements-manager/download-requirements/197886a4-83c4-44c2-bda7-8ca7281a8e64/342a50da-b4fa-4031-a266-bb6662a2056f
10:49:12.460	0:0:0:0:0:0:0:1:54411	admin	200		87.52 ms
10:49:12.461	0:0:0:0:0:0:0:1:54411	admin	200		0.49 ms
12:01:24.707	0:0:0:0:0:0:0:1:57498	admin	REQUEST	[GET] http://localhost:8984/requirements-manager
12:01:24.944	0:0:0:0:0:0:0:1:57498	admin	200		236.93 ms
12:01:29.312	0:0:0:0:0:0:0:1:57503	admin	REQUEST	[GET] http://localhost:8984/requirements-manager/package/197886a4-83c4-44c2-bda7-8ca7281a8e64/342a50da-b4fa-4031-a266-bb6662a2056f
12:01:29.433	0:0:0:0:0:0:0:1:57503	admin	200		120.75 ms
12:01:31.597	0:0:0:0:0:0:0:1:57503	admin	REQUEST	[GET] http://localhost:8984/requirements-manager/assist/197886a4-83c4-44c2-bda7-8ca7281a8e64/342a50da-b4fa-4031-a266-bb6662a2056f/d15b0b06-d63e-4386-b154-01b897953786
12:01:31.999	0:0:0:0:0:0:0:1:57503	admin	200		402.91 ms
12:01:55.232	0:0:0:0:0:0:0:1:57503	admin	REQUEST	[POST] http://localhost:8984/restancil/save/197886a4-83c4-44c2-bda7-8ca7281a8e64/342a50da-b4fa-4031-a266-bb6662a2056f/d15b0b06-d63e-4386-b154-01b897953786?
12:01:55.399	0:0:0:0:0:0:0:1:57503	admin	200		168.17 ms
12:01:55.405	0:0:0:0:0:0:0:1:57503	admin	REQUEST	[GET] http://localhost:8984/requirements-manager/assist/197886a4-83c4-44c2-bda7-8ca7281a8e64/342a50da-b4fa-4031-a266-bb6662a2056f/d15b0b06-d63e-4386-b154-01b897953786
12:01:55.689	0:0:0:0:0:0:0:1:57503	admin	200		285.35 ms
12:02:00.154	0:0:0:0:0:0:0:1:57503	admin	REQUEST	[GET] http://localhost:8984/requirements-manager/assist/197886a4-83c4-44c2-bda7-8ca7281a8e64/342a50da-b4fa-4031-a266-bb6662a2056f/172bc894-eaab-49aa-bf32-40b947dede85
12:02:00.397	0:0:0:0:0:0:0:1:57503	admin	200		243.24 ms
12:02:15.382	0:0:0:0:0:0:0:1:57503	admin	REQUEST	[POST] http://localhost:8984/restancil/save/197886a4-83c4-44c2-bda7-8ca7281a8e64/342a50da-b4fa-4031-a266-bb6662a2056f/172bc894-eaab-49aa-bf32-40b947dede85?
12:02:15.518	0:0:0:0:0:0:0:1:57503	admin	200		137.11 ms
12:02:15.520	0:0:0:0:0:0:0:1:57503	admin	REQUEST	[GET] http://localhost:8984/requirements-manager/assist/197886a4-83c4-44c2-bda7-8ca7281a8e64/342a50da-b4fa-4031-a266-bb6662a2056f/172bc894-eaab-49aa-bf32-40b947dede85
12:02:15.842	0:0:0:0:0:0:0:1:57503	admin	200		322.03 ms
12:02:26.539	0:0:0:0:0:0:0:1:57503	admin	REQUEST	[POST] http://localhost:8984/restancil/save/197886a4-83c4-44c2-bda7-8ca7281a8e64/342a50da-b4fa-4031-a266-bb6662a2056f/172bc894-eaab-49aa-bf32-40b947dede85?
12:02:26.711	0:0:0:0:0:0:0:1:57503	admin	200		171.52 ms
12:02:26.713	0:0:0:0:0:0:0:1:57503	admin	REQUEST	[GET] http://localhost:8984/requirements-manager/assist/197886a4-83c4-44c2-bda7-8ca7281a8e64/342a50da-b4fa-4031-a266-bb6662a2056f/172bc894-eaab-49aa-bf32-40b947dede85
12:02:27.223	0:0:0:0:0:0:0:1:57503	admin	200		511.01 ms
12:02:29.701	0:0:0:0:0:0:0:1:57503	admin	REQUEST	[GET] http://localhost:8984/requirements-manager/assist/197886a4-83c4-44c2-bda7-8ca7281a8e64/342a50da-b4fa-4031-a266-bb6662a2056f/1a53812d-5be8-4ad0-9538-d214303dc8da
12:02:29.876	0:0:0:0:0:0:0:1:57503	admin	200		174.67 ms
12:02:56.454	0:0:0:0:0:0:0:1:57503	admin	REQUEST	[POST] http://localhost:8984/restancil/save/197886a4-83c4-44c2-bda7-8ca7281a8e64/342a50da-b4fa-4031-a266-bb6662a2056f/1a53812d-5be8-4ad0-9538-d214303dc8da?
12:02:56.563	0:0:0:0:0:0:0:1:57503	admin	200		109.38 ms
12:02:56.568	0:0:0:0:0:0:0:1:57503	admin	REQUEST	[GET] http://localhost:8984/requirements-manager/assist/197886a4-83c4-44c2-bda7-8ca7281a8e64/342a50da-b4fa-4031-a266-bb6662a2056f/1a53812d-5be8-4ad0-9538-d214303dc8da
12:02:56.844	0:0:0:0:0:0:0:1:57503	admin	200		276.5 ms
12:03:04.032	0:0:0:0:0:0:0:1:57503	admin	REQUEST	[POST] http://localhost:8984/restancil/save/197886a4-83c4-44c2-bda7-8ca7281a8e64/342a50da-b4fa-4031-a266-bb6662a2056f/1a53812d-5be8-4ad0-9538-d214303dc8da?
12:03:04.149	0:0:0:0:0:0:0:1:57503	admin	200		117.24 ms
12:03:04.154	0:0:0:0:0:0:0:1:57503	admin	REQUEST	[GET] http://localhost:8984/requirements-manager/assist/197886a4-83c4-44c2-bda7-8ca7281a8e64/342a50da-b4fa-4031-a266-bb6662a2056f/1a53812d-5be8-4ad0-9538-d214303dc8da
12:03:04.439	0:0:0:0:0:0:0:1:57503	admin	200		286.58 ms
12:03:05.976	0:0:0:0:0:0:0:1:57503	admin	REQUEST	[GET] http://localhost:8984/requirements-manager/assist/197886a4-83c4-44c2-bda7-8ca7281a8e64/342a50da-b4fa-4031-a266-bb6662a2056f/b8a4cd2a-33b8-4ee2-950d-d81d4274efd6
12:03:06.215	0:0:0:0:0:0:0:1:57503	admin	200		238.86 ms
12:03:26.303	0:0:0:0:0:0:0:1:57503	admin	REQUEST	[POST] http://localhost:8984/restancil/save/197886a4-83c4-44c2-bda7-8ca7281a8e64/342a50da-b4fa-4031-a266-bb6662a2056f/b8a4cd2a-33b8-4ee2-950d-d81d4274efd6?
12:03:26.443	0:0:0:0:0:0:0:1:57503	admin	200		140.64 ms
12:03:26.445	0:0:0:0:0:0:0:1:57503	admin	REQUEST	[GET] http://localhost:8984/requirements-manager/assist/197886a4-83c4-44c2-bda7-8ca7281a8e64/342a50da-b4fa-4031-a266-bb6662a2056f/b8a4cd2a-33b8-4ee2-950d-d81d4274efd6
12:03:26.905	0:0:0:0:0:0:0:1:57503	admin	200		460.72 ms
12:03:34.500	0:0:0:0:0:0:0:1:57503	admin	REQUEST	[POST] http://localhost:8984/restancil/save/197886a4-83c4-44c2-bda7-8ca7281a8e64/342a50da-b4fa-4031-a266-bb6662a2056f/b8a4cd2a-33b8-4ee2-950d-d81d4274efd6?
12:03:34.660	0:0:0:0:0:0:0:1:57503	admin	200		160.49 ms
12:03:34.669	0:0:0:0:0:0:0:1:57503	admin	REQUEST	[GET] http://localhost:8984/requirements-manager/assist/197886a4-83c4-44c2-bda7-8ca7281a8e64/342a50da-b4fa-4031-a266-bb6662a2056f/b8a4cd2a-33b8-4ee2-950d-d81d4274efd6
12:03:34.927	0:0:0:0:0:0:0:1:57503	admin	200		257.72 ms
12:03:37.514	0:0:0:0:0:0:0:1:57503	admin	REQUEST	[GET] http://localhost:8984/requirements-manager/package/197886a4-83c4-44c2-bda7-8ca7281a8e64/342a50da-b4fa-4031-a266-bb6662a2056f
12:03:37.582	0:0:0:0:0:0:0:1:57503	admin	200		67.78 ms
12:03:39.849	0:0:0:0:0:0:0:1:57503	admin	REQUEST	[GET] http://localhost:8984/requirements-manager
12:03:39.935	0:0:0:0:0:0:0:1:57503	admin	200		99.43 ms
12:03:47.075	0:0:0:0:0:0:0:1:57503	admin	REQUEST	[POST] http://localhost:8984/data/upload
12:03:47.541	0:0:0:0:0:0:0:1:57503	admin	200		466.12 ms
12:03:47.542	0:0:0:0:0:0:0:1:57503	admin	REQUEST	[GET] http://localhost:8984/requirements-manager
12:03:47.698	0:0:0:0:0:0:0:1:57503	admin	200		156.43 ms
12:03:49.520	0:0:0:0:0:0:0:1:57503	admin	REQUEST	[GET] http://localhost:8984/requirements-manager/list/197886a4-83c4-44c2-bda7-8ca7281a8e64/342a50da-b4fa-4031-a266-bb6662a2056f
12:03:49.584	0:0:0:0:0:0:0:1:57503	admin	200		64.46 ms
12:03:54.985	0:0:0:0:0:0:0:1:57503	admin	REQUEST	[GET] http://localhost:8984/requirements-manager/assist/197886a4-83c4-44c2-bda7-8ca7281a8e64/342a50da-b4fa-4031-a266-bb6662a2056f/1a53812d-5be8-4ad0-9538-d214303dc8da?req-id=cb1ae819-c236-44f7-9bbd-4045cf4074cc
12:03:55.166	0:0:0:0:0:0:0:1:57503	admin	200		181.53 ms
12:04:00.000	0:0:0:0:0:0:0:1:57503	admin	REQUEST	[GET] http://localhost:8984/requirements-manager/assist/197886a4-83c4-44c2-bda7-8ca7281a8e64/342a50da-b4fa-4031-a266-bb6662a2056f/1a53812d-5be8-4ad0-9538-d214303dc8da?req-id=c98369b8-3c6a-4813-b191-a55c838a884e
12:04:00.199	0:0:0:0:0:0:0:1:57503	admin	200		198.83 ms
12:04:04.626	0:0:0:0:0:0:0:1:57503	admin	REQUEST	[GET] http://localhost:8984/requirements-manager
12:04:04.731	0:0:0:0:0:0:0:1:57503	admin	200		105.38 ms
12:04:07.245	0:0:0:0:0:0:0:1:57503	admin	REQUEST	[GET] http://localhost:8984/requirements-manager/download-requirements/197886a4-83c4-44c2-bda7-8ca7281a8e64/342a50da-b4fa-4031-a266-bb6662a2056f
12:04:07.325	0:0:0:0:0:0:0:1:57503	admin	200		81.28 ms
12:04:07.326	0:0:0:0:0:0:0:1:57503	admin	200		0.38 ms
12:05:03.311	0:0:0:0:0:0:0:1:57503	admin	REQUEST	[GET] http://localhost:8984/requirements-manager/package/197886a4-83c4-44c2-bda7-8ca7281a8e64/e18cc2e3-a908-4778-aab8-20ce0744a1d8
12:05:03.453	0:0:0:0:0:0:0:1:57503	admin	200		143.27 ms
12:05:05.314	0:0:0:0:0:0:0:1:57503	admin	REQUEST	[GET] http://localhost:8984/requirements-manager/assist/197886a4-83c4-44c2-bda7-8ca7281a8e64/e18cc2e3-a908-4778-aab8-20ce0744a1d8/d15b0b06-d63e-4386-b154-01b897953786
12:05:05.456	0:0:0:0:0:0:0:1:57503	admin	200		142.66 ms
12:05:16.392	0:0:0:0:0:0:0:1:57503	admin	REQUEST	[GET] http://localhost:8984/requirements-manager/assist/197886a4-83c4-44c2-bda7-8ca7281a8e64/e18cc2e3-a908-4778-aab8-20ce0744a1d8/d15b0b06-d63e-4386-b154-01b897953786?req-id=394ea429-6214-4e88-9541-626933b33548
12:05:16.542	0:0:0:0:0:0:0:1:57503	admin	200		150.38 ms
12:05:28.830	0:0:0:0:0:0:0:1:57503	admin	REQUEST	[POST] http://localhost:8984/restancil/save/197886a4-83c4-44c2-bda7-8ca7281a8e64/e18cc2e3-a908-4778-aab8-20ce0744a1d8/d15b0b06-d63e-4386-b154-01b897953786?req-id=394ea429-6214-4e88-9541-626933b33548
12:05:28.932	0:0:0:0:0:0:0:1:57503	admin	200		102.85 ms
12:05:28.937	0:0:0:0:0:0:0:1:57503	admin	REQUEST	[GET] http://localhost:8984/requirements-manager/assist/197886a4-83c4-44c2-bda7-8ca7281a8e64/e18cc2e3-a908-4778-aab8-20ce0744a1d8/d15b0b06-d63e-4386-b154-01b897953786
12:05:29.121	0:0:0:0:0:0:0:1:57503	admin	200		184.29 ms
12:13:53.292	0:0:0:0:0:0:0:1:55556	admin	REQUEST	[GET] http://localhost:8984/requirements-manager/assist/197886a4-83c4-44c2-bda7-8ca7281a8e64/e18cc2e3-a908-4778-aab8-20ce0744a1d8/d15b0b06-d63e-4386-b154-01b897953786
12:13:53.494	0:0:0:0:0:0:0:1:55556	admin	200		201.45 ms
12:13:54.634	0:0:0:0:0:0:0:1:55557	admin	REQUEST	[GET] http://localhost:8984/favicon.ico
12:13:54.641	0:0:0:0:0:0:0:1:55557	admin	404	No function found that matches the request.	7.59 ms
12:14:36.421	0:0:0:0:0:0:0:1:55557	admin	REQUEST	[GET] http://localhost:8984/requirements-manager/assist/197886a4-83c4-44c2-bda7-8ca7281a8e64/e18cc2e3-a908-4778-aab8-20ce0744a1d8/d15b0b06-d63e-4386-b154-01b897953786
12:14:36.602	0:0:0:0:0:0:0:1:55557	admin	200		181.58 ms
12:15:05.372	0:0:0:0:0:0:0:1:55559	admin	REQUEST	[GET] http://localhost:8984/requirements-manager/assist/197886a4-83c4-44c2-bda7-8ca7281a8e64/e18cc2e3-a908-4778-aab8-20ce0744a1d8/d15b0b06-d63e-4386-b154-01b897953786?req-id=394ea429-6214-4e88-9541-626933b33548
12:15:05.519	0:0:0:0:0:0:0:1:55559	admin	200		147.41 ms
12:15:11.013	0:0:0:0:0:0:0:1:55559	admin	REQUEST	[POST] http://localhost:8984/restancil/save/197886a4-83c4-44c2-bda7-8ca7281a8e64/e18cc2e3-a908-4778-aab8-20ce0744a1d8/d15b0b06-d63e-4386-b154-01b897953786?req-id=394ea429-6214-4e88-9541-626933b33548
12:15:11.169	0:0:0:0:0:0:0:1:55559	admin	200		156.03 ms
12:15:11.171	0:0:0:0:0:0:0:1:55559	admin	REQUEST	[GET] http://localhost:8984/requirements-manager/assist/197886a4-83c4-44c2-bda7-8ca7281a8e64/e18cc2e3-a908-4778-aab8-20ce0744a1d8/d15b0b06-d63e-4386-b154-01b897953786
12:15:11.657	0:0:0:0:0:0:0:1:55559	admin	200		484.84 ms
12:16:35.637	0:0:0:0:0:0:0:1:55580	admin	REQUEST	[GET] http://localhost:8984/requirements-manager/assist/197886a4-83c4-44c2-bda7-8ca7281a8e64/e18cc2e3-a908-4778-aab8-20ce0744a1d8/d15b0b06-d63e-4386-b154-01b897953786?req-id=394ea429-6214-4e88-9541-626933b33548
12:16:35.808	0:0:0:0:0:0:0:1:55580	admin	200		171.17 ms
12:16:38.597	0:0:0:0:0:0:0:1:55580	admin	REQUEST	[POST] http://localhost:8984/restancil/save/197886a4-83c4-44c2-bda7-8ca7281a8e64/e18cc2e3-a908-4778-aab8-20ce0744a1d8/d15b0b06-d63e-4386-b154-01b897953786?req-id=394ea429-6214-4e88-9541-626933b33548
12:16:38.699	0:0:0:0:0:0:0:1:55580	admin	200		102.23 ms
12:16:38.705	0:0:0:0:0:0:0:1:55580	admin	REQUEST	[GET] http://localhost:8984/requirements-manager/assist/197886a4-83c4-44c2-bda7-8ca7281a8e64/e18cc2e3-a908-4778-aab8-20ce0744a1d8/d15b0b06-d63e-4386-b154-01b897953786
12:16:38.857	0:0:0:0:0:0:0:1:55580	admin	200		152.34 ms
12:16:41.286	0:0:0:0:0:0:0:1:55580	admin	REQUEST	[GET] http://localhost:8984/requirements-manager/assist/197886a4-83c4-44c2-bda7-8ca7281a8e64/e18cc2e3-a908-4778-aab8-20ce0744a1d8/172bc894-eaab-49aa-bf32-40b947dede85
12:16:41.460	0:0:0:0:0:0:0:1:55580	admin	200		174.7 ms
12:17:08.883	0:0:0:0:0:0:0:1:55580	admin	REQUEST	[GET] http://localhost:8984/requirements-manager/assist/197886a4-83c4-44c2-bda7-8ca7281a8e64/e18cc2e3-a908-4778-aab8-20ce0744a1d8/172bc894-eaab-49aa-bf32-40b947dede85?req-id=762e0df9-8609-4d23-9dba-388efa412683
12:17:09.025	0:0:0:0:0:0:0:1:55580	admin	200		141.86 ms
12:17:13.042	0:0:0:0:0:0:0:1:55580	admin	REQUEST	[POST] http://localhost:8984/restancil/save/197886a4-83c4-44c2-bda7-8ca7281a8e64/e18cc2e3-a908-4778-aab8-20ce0744a1d8/172bc894-eaab-49aa-bf32-40b947dede85?req-id=762e0df9-8609-4d23-9dba-388efa412683
12:17:13.385	0:0:0:0:0:0:0:1:55580	admin	200		343.84 ms
12:17:13.394	0:0:0:0:0:0:0:1:55580	admin	REQUEST	[GET] http://localhost:8984/requirements-manager/assist/197886a4-83c4-44c2-bda7-8ca7281a8e64/e18cc2e3-a908-4778-aab8-20ce0744a1d8/172bc894-eaab-49aa-bf32-40b947dede85
12:17:13.782	0:0:0:0:0:0:0:1:55580	admin	200		388.09 ms
12:19:53.412	0:0:0:0:0:0:0:1:55600	admin	REQUEST	[GET] http://localhost:8984/requirements-manager/assist/197886a4-83c4-44c2-bda7-8ca7281a8e64/e18cc2e3-a908-4778-aab8-20ce0744a1d8/172bc894-eaab-49aa-bf32-40b947dede85
12:19:53.629	0:0:0:0:0:0:0:1:55600	admin	200		217.63 ms
12:22:30.143	0:0:0:0:0:0:0:1:55615	admin	REQUEST	[GET] http://localhost:8984/requirements-manager/assist/197886a4-83c4-44c2-bda7-8ca7281a8e64/e18cc2e3-a908-4778-aab8-20ce0744a1d8/172bc894-eaab-49aa-bf32-40b947dede85
12:22:30.279	0:0:0:0:0:0:0:1:55615	admin	200		136.5 ms
12:22:31.667	0:0:0:0:0:0:0:1:55619	admin	REQUEST	[GET] http://localhost:8984/requirements-manager/assist/197886a4-83c4-44c2-bda7-8ca7281a8e64/e18cc2e3-a908-4778-aab8-20ce0744a1d8/172bc894-eaab-49aa-bf32-40b947dede85
12:22:31.827	0:0:0:0:0:0:0:1:55619	admin	200		159.35 ms
12:22:32.891	0:0:0:0:0:0:0:1:55616	admin	REQUEST	[GET] http://localhost:8984/requirements-manager/assist/197886a4-83c4-44c2-bda7-8ca7281a8e64/e18cc2e3-a908-4778-aab8-20ce0744a1d8/172bc894-eaab-49aa-bf32-40b947dede85
12:22:33.048	0:0:0:0:0:0:0:1:55616	admin	200		157.78 ms
12:22:51.424	0:0:0:0:0:0:0:1:55619	admin	REQUEST	[GET] http://localhost:8984/requirements-manager/assist/197886a4-83c4-44c2-bda7-8ca7281a8e64/e18cc2e3-a908-4778-aab8-20ce0744a1d8/172bc894-eaab-49aa-bf32-40b947dede85
12:22:51.571	0:0:0:0:0:0:0:1:55619	admin	200		147.93 ms
12:25:12.150	0:0:0:0:0:0:0:1:55628	admin	REQUEST	[GET] http://localhost:8984/requirements-manager/assist/197886a4-83c4-44c2-bda7-8ca7281a8e64/e18cc2e3-a908-4778-aab8-20ce0744a1d8/172bc894-eaab-49aa-bf32-40b947dede85
12:25:12.301	0:0:0:0:0:0:0:1:55628	admin	200		151.76 ms
12:26:00.747	0:0:0:0:0:0:0:1:55630	admin	REQUEST	[GET] http://localhost:8984/requirements-manager/assist/197886a4-83c4-44c2-bda7-8ca7281a8e64/e18cc2e3-a908-4778-aab8-20ce0744a1d8/172bc894-eaab-49aa-bf32-40b947dede85
12:26:00.908	0:0:0:0:0:0:0:1:55630	admin	200		160.09 ms
12:27:34.309	0:0:0:0:0:0:0:1:55649	admin	REQUEST	[GET] http://localhost:8984/requirements-manager/assist/197886a4-83c4-44c2-bda7-8ca7281a8e64/e18cc2e3-a908-4778-aab8-20ce0744a1d8/172bc894-eaab-49aa-bf32-40b947dede85
12:27:34.505	0:0:0:0:0:0:0:1:55649	admin	200		194.88 ms
12:29:50.745	0:0:0:0:0:0:0:1:55657	admin	REQUEST	[GET] http://localhost:8984/requirements-manager/assist/197886a4-83c4-44c2-bda7-8ca7281a8e64/e18cc2e3-a908-4778-aab8-20ce0744a1d8/172bc894-eaab-49aa-bf32-40b947dede85
12:29:50.878	0:0:0:0:0:0:0:1:55657	admin	200		133.79 ms
12:30:12.646	0:0:0:0:0:0:0:1:55660	admin	REQUEST	[GET] http://localhost:8984/requirements-manager/assist/197886a4-83c4-44c2-bda7-8ca7281a8e64/e18cc2e3-a908-4778-aab8-20ce0744a1d8/172bc894-eaab-49aa-bf32-40b947dede85
12:30:12.841	0:0:0:0:0:0:0:1:55660	admin	200		195.99 ms
12:30:20.306	0:0:0:0:0:0:0:1:55657	admin	REQUEST	[GET] http://localhost:8984/requirements-manager/assist/197886a4-83c4-44c2-bda7-8ca7281a8e64/e18cc2e3-a908-4778-aab8-20ce0744a1d8/172bc894-eaab-49aa-bf32-40b947dede85
12:30:20.457	0:0:0:0:0:0:0:1:55657	admin	200		151.18 ms
12:33:25.642	0:0:0:0:0:0:0:1:55673	admin	REQUEST	[GET] http://localhost:8984/requirements-manager/assist/197886a4-83c4-44c2-bda7-8ca7281a8e64/e18cc2e3-a908-4778-aab8-20ce0744a1d8/172bc894-eaab-49aa-bf32-40b947dede85
12:33:25.830	0:0:0:0:0:0:0:1:55673	admin	200		201.79 ms
12:33:28.572	0:0:0:0:0:0:0:1:55673	admin	REQUEST	[GET] http://localhost:8984/requirements-manager/assist/197886a4-83c4-44c2-bda7-8ca7281a8e64/e18cc2e3-a908-4778-aab8-20ce0744a1d8/172bc894-eaab-49aa-bf32-40b947dede85
12:33:28.725	0:0:0:0:0:0:0:1:55673	admin	200		152.92 ms
12:34:58.643	0:0:0:0:0:0:0:1:55689	admin	REQUEST	[GET] http://localhost:8984/requirements-manager/assist/197886a4-83c4-44c2-bda7-8ca7281a8e64/e18cc2e3-a908-4778-aab8-20ce0744a1d8/172bc894-eaab-49aa-bf32-40b947dede85
12:34:58.827	0:0:0:0:0:0:0:1:55689	admin	200		184.28 ms
12:36:35.383	0:0:0:0:0:0:0:1:55706	admin	REQUEST	[GET] http://localhost:8984/requirements-manager/assist/197886a4-83c4-44c2-bda7-8ca7281a8e64/e18cc2e3-a908-4778-aab8-20ce0744a1d8/172bc894-eaab-49aa-bf32-40b947dede85
12:36:35.574	0:0:0:0:0:0:0:1:55706	admin	200		191.81 ms
12:37:02.652	0:0:0:0:0:0:0:1:55706	admin	REQUEST	[GET] http://localhost:8984/requirements-manager/assist/197886a4-83c4-44c2-bda7-8ca7281a8e64/e18cc2e3-a908-4778-aab8-20ce0744a1d8/d15b0b06-d63e-4386-b154-01b897953786
12:37:02.810	0:0:0:0:0:0:0:1:55706	admin	200		158.28 ms
12:37:05.497	0:0:0:0:0:0:0:1:55706	admin	REQUEST	[GET] http://localhost:8984/requirements-manager/assist/197886a4-83c4-44c2-bda7-8ca7281a8e64/e18cc2e3-a908-4778-aab8-20ce0744a1d8/d15b0b06-d63e-4386-b154-01b897953786?req-id=394ea429-6214-4e88-9541-626933b33548
12:37:05.660	0:0:0:0:0:0:0:1:55706	admin	200		163.52 ms
12:37:17.272	0:0:0:0:0:0:0:1:55706	admin	REQUEST	[POST] http://localhost:8984/restancil/save/197886a4-83c4-44c2-bda7-8ca7281a8e64/e18cc2e3-a908-4778-aab8-20ce0744a1d8/d15b0b06-d63e-4386-b154-01b897953786?req-id=394ea429-6214-4e88-9541-626933b33548
12:37:17.457	0:0:0:0:0:0:0:1:55706	admin	200		185.2 ms
12:37:17.458	0:0:0:0:0:0:0:1:55706	admin	REQUEST	[GET] http://localhost:8984/requirements-manager/assist/197886a4-83c4-44c2-bda7-8ca7281a8e64/e18cc2e3-a908-4778-aab8-20ce0744a1d8/d15b0b06-d63e-4386-b154-01b897953786
12:37:17.876	0:0:0:0:0:0:0:1:55706	admin	200		416.72 ms
12:37:42.936	0:0:0:0:0:0:0:1:55706	admin	REQUEST	[GET] http://localhost:8984/requirements-manager/assist/197886a4-83c4-44c2-bda7-8ca7281a8e64/e18cc2e3-a908-4778-aab8-20ce0744a1d8/d15b0b06-d63e-4386-b154-01b897953786?req-id=394ea429-6214-4e88-9541-626933b33548
12:37:43.078	0:0:0:0:0:0:0:1:55706	admin	200		142.17 ms
12:37:49.710	0:0:0:0:0:0:0:1:55706	admin	REQUEST	[POST] http://localhost:8984/restancil/save/197886a4-83c4-44c2-bda7-8ca7281a8e64/e18cc2e3-a908-4778-aab8-20ce0744a1d8/d15b0b06-d63e-4386-b154-01b897953786?req-id=394ea429-6214-4e88-9541-626933b33548
12:37:49.830	0:0:0:0:0:0:0:1:55706	admin	200		119.0 ms
12:37:49.836	0:0:0:0:0:0:0:1:55706	admin	REQUEST	[GET] http://localhost:8984/requirements-manager/assist/197886a4-83c4-44c2-bda7-8ca7281a8e64/e18cc2e3-a908-4778-aab8-20ce0744a1d8/d15b0b06-d63e-4386-b154-01b897953786
12:37:50.057	0:0:0:0:0:0:0:1:55706	admin	200		221.46 ms
12:37:53.856	0:0:0:0:0:0:0:1:55706	admin	REQUEST	[GET] http://localhost:8984/requirements-manager/assist/197886a4-83c4-44c2-bda7-8ca7281a8e64/e18cc2e3-a908-4778-aab8-20ce0744a1d8/172bc894-eaab-49aa-bf32-40b947dede85
12:37:53.993	0:0:0:0:0:0:0:1:55706	admin	200		137.91 ms
12:38:04.417	0:0:0:0:0:0:0:1:55706	admin	REQUEST	[GET] http://localhost:8984/requirements-manager/assist/197886a4-83c4-44c2-bda7-8ca7281a8e64/e18cc2e3-a908-4778-aab8-20ce0744a1d8/d15b0b06-d63e-4386-b154-01b897953786
12:38:04.543	0:0:0:0:0:0:0:1:55706	admin	200		126.73 ms
12:38:13.505	0:0:0:0:0:0:0:1:55706	admin	REQUEST	[GET] http://localhost:8984/relist/delete/197886a4-83c4-44c2-bda7-8ca7281a8e64/e18cc2e3-a908-4778-aab8-20ce0744a1d8/d15b0b06-d63e-4386-b154-01b897953786/394ea429-6214-4e88-9541-626933b33548
12:38:13.643	0:0:0:0:0:0:0:1:55706	admin	200		138.73 ms
12:38:13.650	0:0:0:0:0:0:0:1:55706	admin	REQUEST	[GET] http://localhost:8984/requirements-manager/assist/197886a4-83c4-44c2-bda7-8ca7281a8e64/e18cc2e3-a908-4778-aab8-20ce0744a1d8/d15b0b06-d63e-4386-b154-01b897953786
12:38:13.872	0:0:0:0:0:0:0:1:55706	admin	200		223.24 ms
12:38:31.916	0:0:0:0:0:0:0:1:55706	admin	REQUEST	[GET] http://localhost:8984/requirements-manager
12:38:31.980	0:0:0:0:0:0:0:1:55706	admin	200		64.3 ms
12:38:33.912	0:0:0:0:0:0:0:1:55706	admin	REQUEST	[GET] http://localhost:8984/requirements-manager/package/197886a4-83c4-44c2-bda7-8ca7281a8e64/342a50da-b4fa-4031-a266-bb6662a2056f
12:38:33.968	0:0:0:0:0:0:0:1:55706	admin	200		56.23 ms
12:38:35.716	0:0:0:0:0:0:0:1:55706	admin	REQUEST	[GET] http://localhost:8984/requirements-manager/assist/197886a4-83c4-44c2-bda7-8ca7281a8e64/342a50da-b4fa-4031-a266-bb6662a2056f/d15b0b06-d63e-4386-b154-01b897953786
12:38:35.828	0:0:0:0:0:0:0:1:55706	admin	200		112.35 ms
12:38:40.723	0:0:0:0:0:0:0:1:55706	admin	REQUEST	[GET] http://localhost:8984/requirements-manager/assist/197886a4-83c4-44c2-bda7-8ca7281a8e64/342a50da-b4fa-4031-a266-bb6662a2056f/172bc894-eaab-49aa-bf32-40b947dede85
12:38:40.832	0:0:0:0:0:0:0:1:55706	admin	200		109.16 ms
12:38:42.342	0:0:0:0:0:0:0:1:55706	admin	REQUEST	[GET] http://localhost:8984/requirements-manager/assist/197886a4-83c4-44c2-bda7-8ca7281a8e64/342a50da-b4fa-4031-a266-bb6662a2056f/1a53812d-5be8-4ad0-9538-d214303dc8da
12:38:42.462	0:0:0:0:0:0:0:1:55706	admin	200		120.35 ms
12:38:43.870	0:0:0:0:0:0:0:1:55706	admin	REQUEST	[GET] http://localhost:8984/requirements-manager/assist/197886a4-83c4-44c2-bda7-8ca7281a8e64/342a50da-b4fa-4031-a266-bb6662a2056f/b8a4cd2a-33b8-4ee2-950d-d81d4274efd6
12:38:43.998	0:0:0:0:0:0:0:1:55706	admin	200		127.71 ms
12:38:47.599	0:0:0:0:0:0:0:1:55706	admin	REQUEST	[GET] http://localhost:8984/requirements-manager/assist/197886a4-83c4-44c2-bda7-8ca7281a8e64/342a50da-b4fa-4031-a266-bb6662a2056f/1a53812d-5be8-4ad0-9538-d214303dc8da
12:38:47.725	0:0:0:0:0:0:0:1:55706	admin	200		126.4 ms
12:38:50.198	0:0:0:0:0:0:0:1:55706	admin	REQUEST	[GET] http://localhost:8984/requirements-manager/assist/197886a4-83c4-44c2-bda7-8ca7281a8e64/342a50da-b4fa-4031-a266-bb6662a2056f/172bc894-eaab-49aa-bf32-40b947dede85
12:38:50.298	0:0:0:0:0:0:0:1:55706	admin	200		99.48 ms
12:38:52.758	0:0:0:0:0:0:0:1:55706	admin	REQUEST	[GET] http://localhost:8984/requirements-manager/assist/197886a4-83c4-44c2-bda7-8ca7281a8e64/342a50da-b4fa-4031-a266-bb6662a2056f/d15b0b06-d63e-4386-b154-01b897953786
12:38:52.866	0:0:0:0:0:0:0:1:55706	admin	200		107.88 ms
12:38:54.151	0:0:0:0:0:0:0:1:55706	admin	REQUEST	[GET] http://localhost:8984/requirements-manager/package/197886a4-83c4-44c2-bda7-8ca7281a8e64/342a50da-b4fa-4031-a266-bb6662a2056f
12:38:54.217	0:0:0:0:0:0:0:1:55706	admin	200		66.22 ms
12:38:55.855	0:0:0:0:0:0:0:1:55706	admin	REQUEST	[GET] http://localhost:8984/requirements-manager
12:38:55.931	0:0:0:0:0:0:0:1:55706	admin	200		76.74 ms
12:38:58.337	0:0:0:0:0:0:0:1:55706	admin	REQUEST	[GET] http://localhost:8984/requirements-manager/delete-pkg/197886a4-83c4-44c2-bda7-8ca7281a8e64/e18cc2e3-a908-4778-aab8-20ce0744a1d8
12:38:58.394	0:0:0:0:0:0:0:1:55706	admin	200		57.4 ms
12:38:58.398	0:0:0:0:0:0:0:1:55706	admin	REQUEST	[GET] http://localhost:8984/requirements-manager
12:38:58.496	0:0:0:0:0:0:0:1:55706	admin	200		97.58 ms
12:39:04.393	0:0:0:0:0:0:0:1:55706	admin	REQUEST	[POST] http://localhost:8984/data/upload
12:39:04.787	0:0:0:0:0:0:0:1:55706	admin	200		393.61 ms
12:39:04.788	0:0:0:0:0:0:0:1:55706	admin	REQUEST	[GET] http://localhost:8984/requirements-manager
12:39:04.941	0:0:0:0:0:0:0:1:55706	admin	200		152.9 ms
12:39:06.388	0:0:0:0:0:0:0:1:55706	admin	REQUEST	[GET] http://localhost:8984/requirements-manager/package/197886a4-83c4-44c2-bda7-8ca7281a8e64/a09b6bca-f4d0-4dbc-8d73-e4e5c24f650d
12:39:06.510	0:0:0:0:0:0:0:1:55706	admin	200		121.84 ms
12:39:08.034	0:0:0:0:0:0:0:1:55706	admin	REQUEST	[GET] http://localhost:8984/requirements-manager/assist/197886a4-83c4-44c2-bda7-8ca7281a8e64/a09b6bca-f4d0-4dbc-8d73-e4e5c24f650d/d15b0b06-d63e-4386-b154-01b897953786
12:39:08.159	0:0:0:0:0:0:0:1:55706	admin	200		125.33 ms
12:42:40.305	0:0:0:0:0:0:0:1:55760	admin	REQUEST	[GET] http://localhost:8984/requirements-manager/assist/197886a4-83c4-44c2-bda7-8ca7281a8e64/a09b6bca-f4d0-4dbc-8d73-e4e5c24f650d/d15b0b06-d63e-4386-b154-01b897953786?req-id=394ea429-6214-4e88-9541-626933b33548
12:42:40.443	0:0:0:0:0:0:0:1:55760	admin	200		138.76 ms
12:42:46.633	0:0:0:0:0:0:0:1:55760	admin	REQUEST	[GET] http://localhost:8984/requirements-manager/assist/197886a4-83c4-44c2-bda7-8ca7281a8e64/a09b6bca-f4d0-4dbc-8d73-e4e5c24f650d/d15b0b06-d63e-4386-b154-01b897953786
12:42:46.781	0:0:0:0:0:0:0:1:55760	admin	200		147.82 ms
12:47:23.432	0:0:0:0:0:0:0:1:55767	admin	REQUEST	[GET] http://localhost:8984/requirements-manager/assist/197886a4-83c4-44c2-bda7-8ca7281a8e64/a09b6bca-f4d0-4dbc-8d73-e4e5c24f650d/172bc894-eaab-49aa-bf32-40b947dede85
12:47:23.632	0:0:0:0:0:0:0:1:55767	admin	200		200.8 ms
12:47:29.081	0:0:0:0:0:0:0:1:55767	admin	REQUEST	[GET] http://localhost:8984/requirements-manager/assist/197886a4-83c4-44c2-bda7-8ca7281a8e64/a09b6bca-f4d0-4dbc-8d73-e4e5c24f650d/d15b0b06-d63e-4386-b154-01b897953786
12:47:29.213	0:0:0:0:0:0:0:1:55767	admin	200		131.99 ms
12:53:24.026	0:0:0:0:0:0:0:1:55778	admin	REQUEST	[GET] http://localhost:8984/requirements-manager/assist/197886a4-83c4-44c2-bda7-8ca7281a8e64/a09b6bca-f4d0-4dbc-8d73-e4e5c24f650d/d15b0b06-d63e-4386-b154-01b897953786
12:53:24.198	0:0:0:0:0:0:0:1:55778	admin	200		171.31 ms
12:53:45.911	0:0:0:0:0:0:0:1:55779	admin	REQUEST	[GET] http://localhost:8984/requirements-manager/assist/197886a4-83c4-44c2-bda7-8ca7281a8e64/a09b6bca-f4d0-4dbc-8d73-e4e5c24f650d/d15b0b06-d63e-4386-b154-01b897953786
12:53:46.357	0:0:0:0:0:0:0:1:55779	admin	200		446.26 ms
12:58:27.121	0:0:0:0:0:0:0:1:55802	admin	REQUEST	[GET] http://localhost:8984/requirements-manager/assist/197886a4-83c4-44c2-bda7-8ca7281a8e64/a09b6bca-f4d0-4dbc-8d73-e4e5c24f650d/d15b0b06-d63e-4386-b154-01b897953786
12:58:27.264	0:0:0:0:0:0:0:1:55802	admin	200		143.48 ms
12:59:22.556	0:0:0:0:0:0:0:1:55807	admin	REQUEST	[GET] http://localhost:8984/requirements-manager/assist/197886a4-83c4-44c2-bda7-8ca7281a8e64/a09b6bca-f4d0-4dbc-8d73-e4e5c24f650d/172bc894-eaab-49aa-bf32-40b947dede85
12:59:22.716	0:0:0:0:0:0:0:1:55807	admin	200		159.73 ms
13:06:41.992	0:0:0:0:0:0:0:1:55878	admin	REQUEST	[GET] http://localhost:8984/requirements-manager/assist/197886a4-83c4-44c2-bda7-8ca7281a8e64/a09b6bca-f4d0-4dbc-8d73-e4e5c24f650d/172bc894-eaab-49aa-bf32-40b947dede85
13:06:42.162	0:0:0:0:0:0:0:1:55878	admin	200		169.7 ms
13:07:38.997	0:0:0:0:0:0:0:1:55882	admin	REQUEST	[GET] http://localhost:8984/requirements-manager/assist/197886a4-83c4-44c2-bda7-8ca7281a8e64/a09b6bca-f4d0-4dbc-8d73-e4e5c24f650d/172bc894-eaab-49aa-bf32-40b947dede85
13:07:39.128	0:0:0:0:0:0:0:1:55882	admin	200		131.24 ms
13:07:44.828	0:0:0:0:0:0:0:1:55878	admin	REQUEST	[GET] http://localhost:8984/requirements-manager/assist/197886a4-83c4-44c2-bda7-8ca7281a8e64/a09b6bca-f4d0-4dbc-8d73-e4e5c24f650d/172bc894-eaab-49aa-bf32-40b947dede85?req-id=6b7802a3-82d7-4e51-a669-fb3c9d8e443a
13:07:44.976	0:0:0:0:0:0:0:1:55878	admin	200		148.77 ms
13:08:00.411	0:0:0:0:0:0:0:1:55878	admin	REQUEST	[GET] http://localhost:8984/relist/delete/197886a4-83c4-44c2-bda7-8ca7281a8e64/a09b6bca-f4d0-4dbc-8d73-e4e5c24f650d/172bc894-eaab-49aa-bf32-40b947dede85/6b7802a3-82d7-4e51-a669-fb3c9d8e443a
13:08:00.496	0:0:0:0:0:0:0:1:55878	admin	200		86.03 ms
13:08:00.501	0:0:0:0:0:0:0:1:55878	admin	REQUEST	[GET] http://localhost:8984/requirements-manager/assist/197886a4-83c4-44c2-bda7-8ca7281a8e64/a09b6bca-f4d0-4dbc-8d73-e4e5c24f650d/172bc894-eaab-49aa-bf32-40b947dede85
13:08:00.667	0:0:0:0:0:0:0:1:55878	admin	200		166.26 ms
13:08:18.250	0:0:0:0:0:0:0:1:55878	admin	REQUEST	[POST] http://localhost:8984/restancil/save/197886a4-83c4-44c2-bda7-8ca7281a8e64/a09b6bca-f4d0-4dbc-8d73-e4e5c24f650d/172bc894-eaab-49aa-bf32-40b947dede85?
13:08:18.392	0:0:0:0:0:0:0:1:55878	admin	200		142.39 ms
13:08:18.397	0:0:0:0:0:0:0:1:55878	admin	REQUEST	[GET] http://localhost:8984/requirements-manager/assist/197886a4-83c4-44c2-bda7-8ca7281a8e64/a09b6bca-f4d0-4dbc-8d73-e4e5c24f650d/172bc894-eaab-49aa-bf32-40b947dede85
13:08:18.555	0:0:0:0:0:0:0:1:55878	admin	200		158.04 ms
13:08:29.082	0:0:0:0:0:0:0:1:55878	admin	REQUEST	[GET] http://localhost:8984/requirements-manager/assist/197886a4-83c4-44c2-bda7-8ca7281a8e64/a09b6bca-f4d0-4dbc-8d73-e4e5c24f650d/172bc894-eaab-49aa-bf32-40b947dede85?req-id=762e0df9-8609-4d23-9dba-388efa412683
13:08:29.190	0:0:0:0:0:0:0:1:55878	admin	200		108.69 ms
13:08:32.556	0:0:0:0:0:0:0:1:55878	admin	REQUEST	[POST] http://localhost:8984/restancil/save/197886a4-83c4-44c2-bda7-8ca7281a8e64/a09b6bca-f4d0-4dbc-8d73-e4e5c24f650d/172bc894-eaab-49aa-bf32-40b947dede85?req-id=762e0df9-8609-4d23-9dba-388efa412683
13:08:32.643	0:0:0:0:0:0:0:1:55878	admin	200		87.73 ms
13:08:32.648	0:0:0:0:0:0:0:1:55878	admin	REQUEST	[GET] http://localhost:8984/requirements-manager/assist/197886a4-83c4-44c2-bda7-8ca7281a8e64/a09b6bca-f4d0-4dbc-8d73-e4e5c24f650d/172bc894-eaab-49aa-bf32-40b947dede85
13:08:32.893	0:0:0:0:0:0:0:1:55878	admin	200		244.52 ms
13:09:06.626	0:0:0:0:0:0:0:1:55878	admin	REQUEST	[GET] http://localhost:8984/requirements-manager/assist/197886a4-83c4-44c2-bda7-8ca7281a8e64/a09b6bca-f4d0-4dbc-8d73-e4e5c24f650d/172bc894-eaab-49aa-bf32-40b947dede85
13:09:06.765	0:0:0:0:0:0:0:1:55878	admin	200		138.93 ms
13:15:51.272	0:0:0:0:0:0:0:1:55934	admin	REQUEST	[GET] http://localhost:8984/requirements-manager/assist/197886a4-83c4-44c2-bda7-8ca7281a8e64/a09b6bca-f4d0-4dbc-8d73-e4e5c24f650d/77e85ea9-c66a-44e5-8925-fc91ee4bf47d
13:15:51.422	0:0:0:0:0:0:0:1:55934	admin	200		149.74 ms
13:15:59.481	0:0:0:0:0:0:0:1:55934	admin	REQUEST	[GET] http://localhost:8984/requirements-manager/assist/197886a4-83c4-44c2-bda7-8ca7281a8e64/a09b6bca-f4d0-4dbc-8d73-e4e5c24f650d/172bc894-eaab-49aa-bf32-40b947dede85
13:15:59.623	0:0:0:0:0:0:0:1:55934	admin	200		142.33 ms
13:16:02.966	0:0:0:0:0:0:0:1:55934	admin	REQUEST	[GET] http://localhost:8984/requirements-manager/assist/197886a4-83c4-44c2-bda7-8ca7281a8e64/a09b6bca-f4d0-4dbc-8d73-e4e5c24f650d/77e85ea9-c66a-44e5-8925-fc91ee4bf47d
13:16:03.121	0:0:0:0:0:0:0:1:55934	admin	200		154.48 ms
13:16:18.450	0:0:0:0:0:0:0:1:55934	admin	REQUEST	[POST] http://localhost:8984/restancil/save/197886a4-83c4-44c2-bda7-8ca7281a8e64/a09b6bca-f4d0-4dbc-8d73-e4e5c24f650d/77e85ea9-c66a-44e5-8925-fc91ee4bf47d?
13:16:18.550	0:0:0:0:0:0:0:1:55934	admin	200		100.48 ms
13:16:18.555	0:0:0:0:0:0:0:1:55934	admin	REQUEST	[GET] http://localhost:8984/requirements-manager/assist/197886a4-83c4-44c2-bda7-8ca7281a8e64/a09b6bca-f4d0-4dbc-8d73-e4e5c24f650d/77e85ea9-c66a-44e5-8925-fc91ee4bf47d
13:16:18.713	0:0:0:0:0:0:0:1:55934	admin	200		159.24 ms
13:16:47.287	0:0:0:0:0:0:0:1:55934	admin	REQUEST	[POST] http://localhost:8984/restancil/save/197886a4-83c4-44c2-bda7-8ca7281a8e64/a09b6bca-f4d0-4dbc-8d73-e4e5c24f650d/77e85ea9-c66a-44e5-8925-fc91ee4bf47d?
13:16:47.388	0:0:0:0:0:0:0:1:55934	admin	200		100.87 ms
13:16:47.393	0:0:0:0:0:0:0:1:55934	admin	REQUEST	[GET] http://localhost:8984/requirements-manager/assist/197886a4-83c4-44c2-bda7-8ca7281a8e64/a09b6bca-f4d0-4dbc-8d73-e4e5c24f650d/77e85ea9-c66a-44e5-8925-fc91ee4bf47d
13:16:47.556	0:0:0:0:0:0:0:1:55934	admin	200		163.17 ms
13:16:54.620	0:0:0:0:0:0:0:1:55934	admin	REQUEST	[GET] http://localhost:8984/requirements-manager/assist/197886a4-83c4-44c2-bda7-8ca7281a8e64/a09b6bca-f4d0-4dbc-8d73-e4e5c24f650d/77e85ea9-c66a-44e5-8925-fc91ee4bf47d?req-id=6bf61636-7df6-40c7-9ff6-79a07ee19a80
13:16:54.751	0:0:0:0:0:0:0:1:55934	admin	200		130.48 ms
13:17:01.068	0:0:0:0:0:0:0:1:55934	admin	REQUEST	[POST] http://localhost:8984/restancil/save/197886a4-83c4-44c2-bda7-8ca7281a8e64/a09b6bca-f4d0-4dbc-8d73-e4e5c24f650d/77e85ea9-c66a-44e5-8925-fc91ee4bf47d?req-id=6bf61636-7df6-40c7-9ff6-79a07ee19a80
13:17:01.159	0:0:0:0:0:0:0:1:55934	admin	200		91.0 ms
13:17:01.165	0:0:0:0:0:0:0:1:55934	admin	REQUEST	[GET] http://localhost:8984/requirements-manager/assist/197886a4-83c4-44c2-bda7-8ca7281a8e64/a09b6bca-f4d0-4dbc-8d73-e4e5c24f650d/77e85ea9-c66a-44e5-8925-fc91ee4bf47d
13:17:01.310	0:0:0:0:0:0:0:1:55934	admin	200		146.18 ms
13:17:04.298	0:0:0:0:0:0:0:1:55934	admin	REQUEST	[GET] http://localhost:8984/requirements-manager/assist/197886a4-83c4-44c2-bda7-8ca7281a8e64/a09b6bca-f4d0-4dbc-8d73-e4e5c24f650d/77e85ea9-c66a-44e5-8925-fc91ee4bf47d?req-id=d5b86b8c-5468-49b1-bf58-d6bfcf4bf120
13:17:04.469	0:0:0:0:0:0:0:1:55934	admin	200		171.31 ms
13:17:08.351	0:0:0:0:0:0:0:1:55934	admin	REQUEST	[POST] http://localhost:8984/restancil/save/197886a4-83c4-44c2-bda7-8ca7281a8e64/a09b6bca-f4d0-4dbc-8d73-e4e5c24f650d/77e85ea9-c66a-44e5-8925-fc91ee4bf47d?req-id=d5b86b8c-5468-49b1-bf58-d6bfcf4bf120
13:17:08.485	0:0:0:0:0:0:0:1:55934	admin	200		136.01 ms
13:17:08.488	0:0:0:0:0:0:0:1:55934	admin	REQUEST	[GET] http://localhost:8984/requirements-manager/assist/197886a4-83c4-44c2-bda7-8ca7281a8e64/a09b6bca-f4d0-4dbc-8d73-e4e5c24f650d/77e85ea9-c66a-44e5-8925-fc91ee4bf47d
13:17:08.817	0:0:0:0:0:0:0:1:55934	admin	200		329.82 ms
13:17:14.739	0:0:0:0:0:0:0:1:55934	admin	REQUEST	[GET] http://localhost:8984/requirements-manager/assist/197886a4-83c4-44c2-bda7-8ca7281a8e64/a09b6bca-f4d0-4dbc-8d73-e4e5c24f650d/1a53812d-5be8-4ad0-9538-d214303dc8da
13:17:14.874	0:0:0:0:0:0:0:1:55934	admin	200		134.94 ms
13:17:22.535	0:0:0:0:0:0:0:1:55934	admin	REQUEST	[GET] http://localhost:8984/requirements-manager/assist/197886a4-83c4-44c2-bda7-8ca7281a8e64/a09b6bca-f4d0-4dbc-8d73-e4e5c24f650d/1a53812d-5be8-4ad0-9538-d214303dc8da?req-id=c98369b8-3c6a-4813-b191-a55c838a884e
13:17:22.670	0:0:0:0:0:0:0:1:55934	admin	200		135.2 ms
13:17:36.168	0:0:0:0:0:0:0:1:55934	admin	REQUEST	[POST] http://localhost:8984/restancil/save/197886a4-83c4-44c2-bda7-8ca7281a8e64/a09b6bca-f4d0-4dbc-8d73-e4e5c24f650d/1a53812d-5be8-4ad0-9538-d214303dc8da?req-id=c98369b8-3c6a-4813-b191-a55c838a884e
13:17:36.270	0:0:0:0:0:0:0:1:55934	admin	200		102.48 ms
13:17:36.276	0:0:0:0:0:0:0:1:55934	admin	REQUEST	[GET] http://localhost:8984/requirements-manager/assist/197886a4-83c4-44c2-bda7-8ca7281a8e64/a09b6bca-f4d0-4dbc-8d73-e4e5c24f650d/1a53812d-5be8-4ad0-9538-d214303dc8da
13:17:36.429	0:0:0:0:0:0:0:1:55934	admin	200		152.86 ms
13:17:40.977	0:0:0:0:0:0:0:1:55934	admin	REQUEST	[GET] http://localhost:8984/requirements-manager/assist/197886a4-83c4-44c2-bda7-8ca7281a8e64/a09b6bca-f4d0-4dbc-8d73-e4e5c24f650d/1a53812d-5be8-4ad0-9538-d214303dc8da?req-id=c98369b8-3c6a-4813-b191-a55c838a884e
13:17:41.107	0:0:0:0:0:0:0:1:55934	admin	200		130.75 ms
13:17:43.845	0:0:0:0:0:0:0:1:55934	admin	REQUEST	[POST] http://localhost:8984/restancil/save/197886a4-83c4-44c2-bda7-8ca7281a8e64/a09b6bca-f4d0-4dbc-8d73-e4e5c24f650d/1a53812d-5be8-4ad0-9538-d214303dc8da?req-id=c98369b8-3c6a-4813-b191-a55c838a884e
13:17:43.942	0:0:0:0:0:0:0:1:55934	admin	200		97.16 ms
13:17:43.947	0:0:0:0:0:0:0:1:55934	admin	REQUEST	[GET] http://localhost:8984/requirements-manager/assist/197886a4-83c4-44c2-bda7-8ca7281a8e64/a09b6bca-f4d0-4dbc-8d73-e4e5c24f650d/1a53812d-5be8-4ad0-9538-d214303dc8da
13:17:44.252	0:0:0:0:0:0:0:1:55934	admin	200		305.01 ms
13:17:46.659	0:0:0:0:0:0:0:1:55934	admin	REQUEST	[GET] http://localhost:8984/requirements-manager/assist/197886a4-83c4-44c2-bda7-8ca7281a8e64/a09b6bca-f4d0-4dbc-8d73-e4e5c24f650d/1a53812d-5be8-4ad0-9538-d214303dc8da?req-id=cb1ae819-c236-44f7-9bbd-4045cf4074cc
13:17:46.792	0:0:0:0:0:0:0:1:55934	admin	200		133.16 ms
13:17:54.861	0:0:0:0:0:0:0:1:55934	admin	REQUEST	[POST] http://localhost:8984/restancil/save/197886a4-83c4-44c2-bda7-8ca7281a8e64/a09b6bca-f4d0-4dbc-8d73-e4e5c24f650d/1a53812d-5be8-4ad0-9538-d214303dc8da?req-id=cb1ae819-c236-44f7-9bbd-4045cf4074cc
13:17:54.971	0:0:0:0:0:0:0:1:55934	admin	200		110.67 ms
13:17:54.978	0:0:0:0:0:0:0:1:55934	admin	REQUEST	[GET] http://localhost:8984/requirements-manager/assist/197886a4-83c4-44c2-bda7-8ca7281a8e64/a09b6bca-f4d0-4dbc-8d73-e4e5c24f650d/1a53812d-5be8-4ad0-9538-d214303dc8da
13:17:55.122	0:0:0:0:0:0:0:1:55934	admin	200		145.16 ms
13:17:57.411	0:0:0:0:0:0:0:1:55934	admin	REQUEST	[GET] http://localhost:8984/requirements-manager/assist/197886a4-83c4-44c2-bda7-8ca7281a8e64/a09b6bca-f4d0-4dbc-8d73-e4e5c24f650d/1a53812d-5be8-4ad0-9538-d214303dc8da?req-id=cb1ae819-c236-44f7-9bbd-4045cf4074cc
13:17:57.553	0:0:0:0:0:0:0:1:55934	admin	200		140.81 ms
13:18:00.691	0:0:0:0:0:0:0:1:55934	admin	REQUEST	[POST] http://localhost:8984/restancil/save/197886a4-83c4-44c2-bda7-8ca7281a8e64/a09b6bca-f4d0-4dbc-8d73-e4e5c24f650d/1a53812d-5be8-4ad0-9538-d214303dc8da?req-id=cb1ae819-c236-44f7-9bbd-4045cf4074cc
13:18:00.806	0:0:0:0:0:0:0:1:55934	admin	200		114.25 ms
13:18:00.810	0:0:0:0:0:0:0:1:55934	admin	REQUEST	[GET] http://localhost:8984/requirements-manager/assist/197886a4-83c4-44c2-bda7-8ca7281a8e64/a09b6bca-f4d0-4dbc-8d73-e4e5c24f650d/1a53812d-5be8-4ad0-9538-d214303dc8da
13:18:01.208	0:0:0:0:0:0:0:1:55934	admin	200		398.7 ms
13:32:29.083	0:0:0:0:0:0:0:1:56018	admin	REQUEST	[GET] http://localhost:8984/requirements-manager/assist/197886a4-83c4-44c2-bda7-8ca7281a8e64/a09b6bca-f4d0-4dbc-8d73-e4e5c24f650d/1a53812d-5be8-4ad0-9538-d214303dc8da
13:32:29.218	0:0:0:0:0:0:0:1:56018	admin	200		135.14 ms
13:32:34.772	0:0:0:0:0:0:0:1:56018	admin	REQUEST	[GET] http://localhost:8984/requirements-manager/assist/197886a4-83c4-44c2-bda7-8ca7281a8e64/a09b6bca-f4d0-4dbc-8d73-e4e5c24f650d/1a53812d-5be8-4ad0-9538-d214303dc8da?req-id=c98369b8-3c6a-4813-b191-a55c838a884e
13:32:34.926	0:0:0:0:0:0:0:1:56018	admin	200		154.3 ms
13:32:39.991	0:0:0:0:0:0:0:1:56018	admin	REQUEST	[POST] http://localhost:8984/restancil/save/197886a4-83c4-44c2-bda7-8ca7281a8e64/a09b6bca-f4d0-4dbc-8d73-e4e5c24f650d/1a53812d-5be8-4ad0-9538-d214303dc8da?req-id=c98369b8-3c6a-4813-b191-a55c838a884e
13:32:40.088	0:0:0:0:0:0:0:1:56018	admin	200		96.95 ms
13:32:40.094	0:0:0:0:0:0:0:1:56018	admin	REQUEST	[GET] http://localhost:8984/requirements-manager/assist/197886a4-83c4-44c2-bda7-8ca7281a8e64/a09b6bca-f4d0-4dbc-8d73-e4e5c24f650d/1a53812d-5be8-4ad0-9538-d214303dc8da
13:32:40.303	0:0:0:0:0:0:0:1:56018	admin	200		209.28 ms
13:32:43.000	0:0:0:0:0:0:0:1:56018	admin	REQUEST	[GET] http://localhost:8984/requirements-manager/assist/197886a4-83c4-44c2-bda7-8ca7281a8e64/a09b6bca-f4d0-4dbc-8d73-e4e5c24f650d/1a53812d-5be8-4ad0-9538-d214303dc8da?req-id=c98369b8-3c6a-4813-b191-a55c838a884e
13:32:43.174	0:0:0:0:0:0:0:1:56018	admin	200		174.49 ms
13:32:49.950	0:0:0:0:0:0:0:1:56018	admin	REQUEST	[POST] http://localhost:8984/restancil/save/197886a4-83c4-44c2-bda7-8ca7281a8e64/a09b6bca-f4d0-4dbc-8d73-e4e5c24f650d/1a53812d-5be8-4ad0-9538-d214303dc8da?req-id=c98369b8-3c6a-4813-b191-a55c838a884e
13:32:50.037	0:0:0:0:0:0:0:1:56018	admin	200		87.52 ms
13:32:50.043	0:0:0:0:0:0:0:1:56018	admin	REQUEST	[GET] http://localhost:8984/requirements-manager/assist/197886a4-83c4-44c2-bda7-8ca7281a8e64/a09b6bca-f4d0-4dbc-8d73-e4e5c24f650d/1a53812d-5be8-4ad0-9538-d214303dc8da
13:32:50.207	0:0:0:0:0:0:0:1:56018	admin	200		164.54 ms
13:34:33.370	0:0:0:0:0:0:0:1:56050	admin	REQUEST	[GET] http://localhost:8984/requirements-manager/assist/197886a4-83c4-44c2-bda7-8ca7281a8e64/a09b6bca-f4d0-4dbc-8d73-e4e5c24f650d/1a53812d-5be8-4ad0-9538-d214303dc8da
13:34:33.525	0:0:0:0:0:0:0:1:56050	admin	200		154.0 ms
13:34:46.512	0:0:0:0:0:0:0:1:56053	admin	REQUEST	[GET] http://localhost:8984/requirements-manager/assist/197886a4-83c4-44c2-bda7-8ca7281a8e64/a09b6bca-f4d0-4dbc-8d73-e4e5c24f650d/1a53812d-5be8-4ad0-9538-d214303dc8da?req-id=cb1ae819-c236-44f7-9bbd-4045cf4074cc
13:34:46.652	0:0:0:0:0:0:0:1:56053	admin	200		140.18 ms
13:34:51.981	0:0:0:0:0:0:0:1:56053	admin	REQUEST	[POST] http://localhost:8984/restancil/save/197886a4-83c4-44c2-bda7-8ca7281a8e64/a09b6bca-f4d0-4dbc-8d73-e4e5c24f650d/1a53812d-5be8-4ad0-9538-d214303dc8da?req-id=cb1ae819-c236-44f7-9bbd-4045cf4074cc
13:34:52.092	0:0:0:0:0:0:0:1:56053	admin	200		111.39 ms
13:34:52.097	0:0:0:0:0:0:0:1:56053	admin	REQUEST	[GET] http://localhost:8984/requirements-manager/assist/197886a4-83c4-44c2-bda7-8ca7281a8e64/a09b6bca-f4d0-4dbc-8d73-e4e5c24f650d/1a53812d-5be8-4ad0-9538-d214303dc8da
13:34:52.309	0:0:0:0:0:0:0:1:56053	admin	200		211.79 ms
13:34:58.980	0:0:0:0:0:0:0:1:56053	admin	REQUEST	[GET] http://localhost:8984/requirements-manager/assist/197886a4-83c4-44c2-bda7-8ca7281a8e64/a09b6bca-f4d0-4dbc-8d73-e4e5c24f650d/1a53812d-5be8-4ad0-9538-d214303dc8da?req-id=cb1ae819-c236-44f7-9bbd-4045cf4074cc
13:34:59.142	0:0:0:0:0:0:0:1:56053	admin	200		162.07 ms
13:35:02.217	0:0:0:0:0:0:0:1:56053	admin	REQUEST	[POST] http://localhost:8984/restancil/save/197886a4-83c4-44c2-bda7-8ca7281a8e64/a09b6bca-f4d0-4dbc-8d73-e4e5c24f650d/1a53812d-5be8-4ad0-9538-d214303dc8da?req-id=cb1ae819-c236-44f7-9bbd-4045cf4074cc
13:35:02.304	0:0:0:0:0:0:0:1:56053	admin	200		87.41 ms
13:35:02.309	0:0:0:0:0:0:0:1:56053	admin	REQUEST	[GET] http://localhost:8984/requirements-manager/assist/197886a4-83c4-44c2-bda7-8ca7281a8e64/a09b6bca-f4d0-4dbc-8d73-e4e5c24f650d/1a53812d-5be8-4ad0-9538-d214303dc8da
13:35:02.471	0:0:0:0:0:0:0:1:56053	admin	200		162.16 ms
13:36:11.692	0:0:0:0:0:0:0:1:56076	admin	REQUEST	[GET] http://localhost:8984/requirements-manager/assist/197886a4-83c4-44c2-bda7-8ca7281a8e64/a09b6bca-f4d0-4dbc-8d73-e4e5c24f650d/1a53812d-5be8-4ad0-9538-d214303dc8da
13:36:11.813	0:0:0:0:0:0:0:1:56076	admin	200		120.46 ms
13:42:40.852	0:0:0:0:0:0:0:1:56120	admin	REQUEST	[GET] http://localhost:8984/glossary
13:42:40.878	0:0:0:0:0:0:0:1:56120	admin	200		26.16 ms
13:42:56.487	0:0:0:0:0:0:0:1:56120	admin	REQUEST	[POST] http://localhost:8984/glossary/insert
13:42:56.514	0:0:0:0:0:0:0:1:56120	admin	200		27.85 ms
13:42:56.552	0:0:0:0:0:0:0:1:56120	admin	REQUEST	[GET] http://localhost:8984/glossary
13:42:56.574	0:0:0:0:0:0:0:1:56120	admin	200		22.46 ms
13:42:58.127	0:0:0:0:0:0:0:1:56120	admin	REQUEST	[GET] http://localhost:8984/requirements-manager/assist/197886a4-83c4-44c2-bda7-8ca7281a8e64/a09b6bca-f4d0-4dbc-8d73-e4e5c24f650d/1a53812d-5be8-4ad0-9538-d214303dc8da
13:42:58.457	0:0:0:0:0:0:0:1:56120	admin	200		330.81 ms
13:43:47.164	0:0:0:0:0:0:0:1:56126	admin	REQUEST	[GET] http://localhost:8984/requirements-manager/assist/197886a4-83c4-44c2-bda7-8ca7281a8e64/a09b6bca-f4d0-4dbc-8d73-e4e5c24f650d/1a53812d-5be8-4ad0-9538-d214303dc8da
13:43:47.305	0:0:0:0:0:0:0:1:56126	admin	200		141.17 ms
13:44:24.569	0:0:0:0:0:0:0:1:56127	admin	REQUEST	[GET] http://localhost:8984/requirements-manager/assist/197886a4-83c4-44c2-bda7-8ca7281a8e64/a09b6bca-f4d0-4dbc-8d73-e4e5c24f650d/1a53812d-5be8-4ad0-9538-d214303dc8da
13:44:24.730	0:0:0:0:0:0:0:1:56127	admin	200		162.22 ms
13:45:28.201	0:0:0:0:0:0:0:1:56148	admin	REQUEST	[GET] http://localhost:8984/requirements-manager/assist/197886a4-83c4-44c2-bda7-8ca7281a8e64/a09b6bca-f4d0-4dbc-8d73-e4e5c24f650d/1a53812d-5be8-4ad0-9538-d214303dc8da
13:45:28.351	0:0:0:0:0:0:0:1:56148	admin	200		148.66 ms
13:48:37.625	0:0:0:0:0:0:0:1:56163	admin	REQUEST	[GET] http://localhost:8984/requirements-manager/assist/197886a4-83c4-44c2-bda7-8ca7281a8e64/a09b6bca-f4d0-4dbc-8d73-e4e5c24f650d/1a53812d-5be8-4ad0-9538-d214303dc8da
13:48:37.768	0:0:0:0:0:0:0:1:56163	admin	200		143.18 ms
13:49:33.521	0:0:0:0:0:0:0:1:56165	admin	REQUEST	[GET] http://localhost:8984/requirements-manager/assist/197886a4-83c4-44c2-bda7-8ca7281a8e64/a09b6bca-f4d0-4dbc-8d73-e4e5c24f650d/1a53812d-5be8-4ad0-9538-d214303dc8da
13:49:33.709	0:0:0:0:0:0:0:1:56165	admin	200		188.91 ms
13:54:40.398	0:0:0:0:0:0:0:1:56183	admin	REQUEST	[GET] http://localhost:8984/requirements-manager/assist/197886a4-83c4-44c2-bda7-8ca7281a8e64/a09b6bca-f4d0-4dbc-8d73-e4e5c24f650d/1a53812d-5be8-4ad0-9538-d214303dc8da
13:54:40.561	0:0:0:0:0:0:0:1:56183	admin	200		162.71 ms
13:57:04.861	0:0:0:0:0:0:0:1:56200	admin	REQUEST	[GET] http://localhost:8984/requirements-manager/assist/197886a4-83c4-44c2-bda7-8ca7281a8e64/a09b6bca-f4d0-4dbc-8d73-e4e5c24f650d/1a53812d-5be8-4ad0-9538-d214303dc8da
13:57:04.995	0:0:0:0:0:0:0:1:56200	admin	200		134.82 ms
14:13:21.316	0:0:0:0:0:0:0:1:56223	admin	REQUEST	[GET] http://localhost:8984/requirements-manager/assist/197886a4-83c4-44c2-bda7-8ca7281a8e64/a09b6bca-f4d0-4dbc-8d73-e4e5c24f650d/1a53812d-5be8-4ad0-9538-d214303dc8da
14:13:21.395	0:0:0:0:0:0:0:1:56223	admin	400	Gestoppt in C:/Users/eckey/Google Drive/Masterarbeit/Software/Auslieferung/basex-8.2.1/basex/repo/org/basex/modules/consistency-manager.xqm, 207/12: [XPST0003] Expecting ')', found 't'.	79.37 ms
14:13:29.375	0:0:0:0:0:0:0:1:56223	admin	REQUEST	[GET] http://localhost:8984/requirements-manager/assist/197886a4-83c4-44c2-bda7-8ca7281a8e64/a09b6bca-f4d0-4dbc-8d73-e4e5c24f650d/1a53812d-5be8-4ad0-9538-d214303dc8da
14:13:29.641	0:0:0:0:0:0:0:1:56223	admin	200		265.99 ms
14:14:33.848	0:0:0:0:0:0:0:1:56235	admin	REQUEST	[GET] http://localhost:8984/requirements-manager/assist/197886a4-83c4-44c2-bda7-8ca7281a8e64/a09b6bca-f4d0-4dbc-8d73-e4e5c24f650d/1a53812d-5be8-4ad0-9538-d214303dc8da
14:14:34.008	0:0:0:0:0:0:0:1:56235	admin	200		166.79 ms
14:25:09.902	0:0:0:0:0:0:0:1:56254	admin	REQUEST	[GET] http://localhost:8984/requirements-manager/assist/197886a4-83c4-44c2-bda7-8ca7281a8e64/a09b6bca-f4d0-4dbc-8d73-e4e5c24f650d/1a53812d-5be8-4ad0-9538-d214303dc8da
14:25:10.123	0:0:0:0:0:0:0:1:56254	admin	200		221.45 ms
14:25:19.181	0:0:0:0:0:0:0:1:56256	admin	REQUEST	[GET] http://localhost:8984/requirements-manager/assist/197886a4-83c4-44c2-bda7-8ca7281a8e64/a09b6bca-f4d0-4dbc-8d73-e4e5c24f650d/1a53812d-5be8-4ad0-9538-d214303dc8da?req-id=cb1ae819-c236-44f7-9bbd-4045cf4074cc
14:25:19.305	0:0:0:0:0:0:0:1:56256	admin	200		123.76 ms
14:25:25.515	0:0:0:0:0:0:0:1:56256	admin	REQUEST	[POST] http://localhost:8984/restancil/save/197886a4-83c4-44c2-bda7-8ca7281a8e64/a09b6bca-f4d0-4dbc-8d73-e4e5c24f650d/1a53812d-5be8-4ad0-9538-d214303dc8da?req-id=cb1ae819-c236-44f7-9bbd-4045cf4074cc
14:25:25.648	0:0:0:0:0:0:0:1:56256	admin	200		132.53 ms
14:25:25.654	0:0:0:0:0:0:0:1:56256	admin	REQUEST	[GET] http://localhost:8984/requirements-manager/assist/197886a4-83c4-44c2-bda7-8ca7281a8e64/a09b6bca-f4d0-4dbc-8d73-e4e5c24f650d/1a53812d-5be8-4ad0-9538-d214303dc8da
14:25:25.865	0:0:0:0:0:0:0:1:56256	admin	200		212.1 ms
14:25:32.943	0:0:0:0:0:0:0:1:56256	admin	REQUEST	[GET] http://localhost:8984/requirements-manager/assist/197886a4-83c4-44c2-bda7-8ca7281a8e64/a09b6bca-f4d0-4dbc-8d73-e4e5c24f650d/1a53812d-5be8-4ad0-9538-d214303dc8da?req-id=cb1ae819-c236-44f7-9bbd-4045cf4074cc
14:25:33.077	0:0:0:0:0:0:0:1:56256	admin	200		133.27 ms
14:25:41.658	0:0:0:0:0:0:0:1:56256	admin	REQUEST	[POST] http://localhost:8984/restancil/save/197886a4-83c4-44c2-bda7-8ca7281a8e64/a09b6bca-f4d0-4dbc-8d73-e4e5c24f650d/1a53812d-5be8-4ad0-9538-d214303dc8da?req-id=cb1ae819-c236-44f7-9bbd-4045cf4074cc
14:25:41.775	0:0:0:0:0:0:0:1:56256	admin	200		118.0 ms
14:25:41.778	0:0:0:0:0:0:0:1:56256	admin	REQUEST	[GET] http://localhost:8984/requirements-manager/assist/197886a4-83c4-44c2-bda7-8ca7281a8e64/a09b6bca-f4d0-4dbc-8d73-e4e5c24f650d/1a53812d-5be8-4ad0-9538-d214303dc8da
14:25:41.983	0:0:0:0:0:0:0:1:56256	admin	200		204.34 ms
14:25:49.836	0:0:0:0:0:0:0:1:56256	admin	REQUEST	[GET] http://localhost:8984/requirements-manager/assist/197886a4-83c4-44c2-bda7-8ca7281a8e64/a09b6bca-f4d0-4dbc-8d73-e4e5c24f650d/1a53812d-5be8-4ad0-9538-d214303dc8da?req-id=cb1ae819-c236-44f7-9bbd-4045cf4074cc
14:25:49.966	0:0:0:0:0:0:0:1:56256	admin	200		130.96 ms
14:25:53.853	0:0:0:0:0:0:0:1:56256	admin	REQUEST	[POST] http://localhost:8984/restancil/save/197886a4-83c4-44c2-bda7-8ca7281a8e64/a09b6bca-f4d0-4dbc-8d73-e4e5c24f650d/1a53812d-5be8-4ad0-9538-d214303dc8da?req-id=cb1ae819-c236-44f7-9bbd-4045cf4074cc
14:25:53.962	0:0:0:0:0:0:0:1:56256	admin	200		107.85 ms
14:25:53.968	0:0:0:0:0:0:0:1:56256	admin	REQUEST	[GET] http://localhost:8984/requirements-manager/assist/197886a4-83c4-44c2-bda7-8ca7281a8e64/a09b6bca-f4d0-4dbc-8d73-e4e5c24f650d/1a53812d-5be8-4ad0-9538-d214303dc8da
14:25:54.233	0:0:0:0:0:0:0:1:56256	admin	200		265.91 ms
14:26:00.950	0:0:0:0:0:0:0:1:56256	admin	REQUEST	[GET] http://localhost:8984/requirements-manager/assist/197886a4-83c4-44c2-bda7-8ca7281a8e64/a09b6bca-f4d0-4dbc-8d73-e4e5c24f650d/1a53812d-5be8-4ad0-9538-d214303dc8da?req-id=cb1ae819-c236-44f7-9bbd-4045cf4074cc
14:26:01.083	0:0:0:0:0:0:0:1:56256	admin	200		133.93 ms
14:26:04.118	0:0:0:0:0:0:0:1:56256	admin	REQUEST	[POST] http://localhost:8984/restancil/save/197886a4-83c4-44c2-bda7-8ca7281a8e64/a09b6bca-f4d0-4dbc-8d73-e4e5c24f650d/1a53812d-5be8-4ad0-9538-d214303dc8da?req-id=cb1ae819-c236-44f7-9bbd-4045cf4074cc
14:26:04.215	0:0:0:0:0:0:0:1:56256	admin	200		97.19 ms
14:26:04.217	0:0:0:0:0:0:0:1:56256	admin	REQUEST	[GET] http://localhost:8984/requirements-manager/assist/197886a4-83c4-44c2-bda7-8ca7281a8e64/a09b6bca-f4d0-4dbc-8d73-e4e5c24f650d/1a53812d-5be8-4ad0-9538-d214303dc8da
14:26:04.440	0:0:0:0:0:0:0:1:56256	admin	200		224.65 ms
14:26:07.125	0:0:0:0:0:0:0:1:56256	admin	REQUEST	[GET] http://localhost:8984/requirements-manager/assist/197886a4-83c4-44c2-bda7-8ca7281a8e64/a09b6bca-f4d0-4dbc-8d73-e4e5c24f650d/b8a4cd2a-33b8-4ee2-950d-d81d4274efd6
14:26:07.276	0:0:0:0:0:0:0:1:56256	admin	200		152.32 ms
14:26:14.089	0:0:0:0:0:0:0:1:56256	admin	REQUEST	[GET] http://localhost:8984/requirements-manager/assist/197886a4-83c4-44c2-bda7-8ca7281a8e64/a09b6bca-f4d0-4dbc-8d73-e4e5c24f650d/b8a4cd2a-33b8-4ee2-950d-d81d4274efd6?req-id=26b9df27-9147-4076-a9c2-3750a4dd0a3a
14:26:14.213	0:0:0:0:0:0:0:1:56256	admin	200		123.77 ms
14:26:32.666	0:0:0:0:0:0:0:1:56256	admin	REQUEST	[GET] http://localhost:8984/requirements-manager/assist/197886a4-83c4-44c2-bda7-8ca7281a8e64/a09b6bca-f4d0-4dbc-8d73-e4e5c24f650d/b8a4cd2a-33b8-4ee2-950d-d81d4274efd6
14:26:32.808	0:0:0:0:0:0:0:1:56256	admin	200		142.61 ms
14:26:35.464	0:0:0:0:0:0:0:1:56256	admin	REQUEST	[GET] http://localhost:8984/requirements-manager/assist/197886a4-83c4-44c2-bda7-8ca7281a8e64/a09b6bca-f4d0-4dbc-8d73-e4e5c24f650d/b8a4cd2a-33b8-4ee2-950d-d81d4274efd6?req-id=431213f3-7dc1-4f98-9e66-bd9ca18e837c
14:26:35.589	0:0:0:0:0:0:0:1:56256	admin	200		125.96 ms
14:26:49.703	0:0:0:0:0:0:0:1:56256	admin	REQUEST	[POST] http://localhost:8984/restancil/save/197886a4-83c4-44c2-bda7-8ca7281a8e64/a09b6bca-f4d0-4dbc-8d73-e4e5c24f650d/b8a4cd2a-33b8-4ee2-950d-d81d4274efd6?req-id=431213f3-7dc1-4f98-9e66-bd9ca18e837c
14:26:49.842	0:0:0:0:0:0:0:1:56256	admin	200		138.68 ms
14:26:49.846	0:0:0:0:0:0:0:1:56256	admin	REQUEST	[GET] http://localhost:8984/requirements-manager/assist/197886a4-83c4-44c2-bda7-8ca7281a8e64/a09b6bca-f4d0-4dbc-8d73-e4e5c24f650d/b8a4cd2a-33b8-4ee2-950d-d81d4274efd6
14:26:50.021	0:0:0:0:0:0:0:1:56256	admin	200		175.45 ms
14:27:02.230	0:0:0:0:0:0:0:1:56256	admin	REQUEST	[GET] http://localhost:8984/requirements-manager/assist/197886a4-83c4-44c2-bda7-8ca7281a8e64/a09b6bca-f4d0-4dbc-8d73-e4e5c24f650d/b8a4cd2a-33b8-4ee2-950d-d81d4274efd6?req-id=26b9df27-9147-4076-a9c2-3750a4dd0a3a
14:27:02.356	0:0:0:0:0:0:0:1:56256	admin	200		127.07 ms
14:27:21.908	0:0:0:0:0:0:0:1:56256	admin	REQUEST	[POST] http://localhost:8984/restancil/save/197886a4-83c4-44c2-bda7-8ca7281a8e64/a09b6bca-f4d0-4dbc-8d73-e4e5c24f650d/b8a4cd2a-33b8-4ee2-950d-d81d4274efd6?req-id=26b9df27-9147-4076-a9c2-3750a4dd0a3a
14:27:22.087	0:0:0:0:0:0:0:1:56256	admin	200		178.71 ms
14:27:22.092	0:0:0:0:0:0:0:1:56256	admin	REQUEST	[GET] http://localhost:8984/requirements-manager/assist/197886a4-83c4-44c2-bda7-8ca7281a8e64/a09b6bca-f4d0-4dbc-8d73-e4e5c24f650d/b8a4cd2a-33b8-4ee2-950d-d81d4274efd6
14:27:22.264	0:0:0:0:0:0:0:1:56256	admin	200		172.31 ms
14:27:29.705	0:0:0:0:0:0:0:1:56256	admin	REQUEST	[GET] http://localhost:8984/relist/delete/197886a4-83c4-44c2-bda7-8ca7281a8e64/a09b6bca-f4d0-4dbc-8d73-e4e5c24f650d/b8a4cd2a-33b8-4ee2-950d-d81d4274efd6/26b9df27-9147-4076-a9c2-3750a4dd0a3a
14:27:29.783	0:0:0:0:0:0:0:1:56256	admin	200		78.74 ms
14:27:29.788	0:0:0:0:0:0:0:1:56256	admin	REQUEST	[GET] http://localhost:8984/requirements-manager/assist/197886a4-83c4-44c2-bda7-8ca7281a8e64/a09b6bca-f4d0-4dbc-8d73-e4e5c24f650d/b8a4cd2a-33b8-4ee2-950d-d81d4274efd6
14:27:29.993	0:0:0:0:0:0:0:1:56256	admin	200		204.48 ms
14:27:53.110	0:0:0:0:0:0:0:1:56256	admin	REQUEST	[GET] http://localhost:8984/requirements-manager/assist/197886a4-83c4-44c2-bda7-8ca7281a8e64/a09b6bca-f4d0-4dbc-8d73-e4e5c24f650d/b8a4cd2a-33b8-4ee2-950d-d81d4274efd6?req-id=431213f3-7dc1-4f98-9e66-bd9ca18e837c
14:27:53.238	0:0:0:0:0:0:0:1:56256	admin	200		127.99 ms
14:28:27.614	0:0:0:0:0:0:0:1:56256	admin	REQUEST	[GET] http://localhost:8984/requirements-manager/assist/197886a4-83c4-44c2-bda7-8ca7281a8e64/a09b6bca-f4d0-4dbc-8d73-e4e5c24f650d/b8a4cd2a-33b8-4ee2-950d-d81d4274efd6
14:28:27.760	0:0:0:0:0:0:0:1:56256	admin	200		146.15 ms
14:28:35.405	0:0:0:0:0:0:0:1:56256	admin	REQUEST	[POST] http://localhost:8984/restancil/save/197886a4-83c4-44c2-bda7-8ca7281a8e64/a09b6bca-f4d0-4dbc-8d73-e4e5c24f650d/b8a4cd2a-33b8-4ee2-950d-d81d4274efd6?
14:28:35.496	0:0:0:0:0:0:0:1:56256	admin	200		91.77 ms
14:28:35.531	0:0:0:0:0:0:0:1:56256	admin	REQUEST	[GET] http://localhost:8984/requirements-manager/assist/197886a4-83c4-44c2-bda7-8ca7281a8e64/a09b6bca-f4d0-4dbc-8d73-e4e5c24f650d/b8a4cd2a-33b8-4ee2-950d-d81d4274efd6
14:28:35.673	0:0:0:0:0:0:0:1:56256	admin	200		142.21 ms
14:30:26.325	0:0:0:0:0:0:0:1:56346	admin	REQUEST	[GET] http://localhost:8984/requirements-manager
14:30:26.477	0:0:0:0:0:0:0:1:56346	admin	200		152.01 ms
14:30:28.423	0:0:0:0:0:0:0:1:56346	admin	REQUEST	[GET] http://localhost:8984/requirements-manager/delete-pkg/197886a4-83c4-44c2-bda7-8ca7281a8e64/a09b6bca-f4d0-4dbc-8d73-e4e5c24f650d
14:30:28.477	0:0:0:0:0:0:0:1:56346	admin	200		54.43 ms
14:30:28.481	0:0:0:0:0:0:0:1:56346	admin	REQUEST	[GET] http://localhost:8984/requirements-manager
14:30:28.560	0:0:0:0:0:0:0:1:56346	admin	200		78.92 ms
14:30:36.070	0:0:0:0:0:0:0:1:56346	admin	REQUEST	[POST] http://localhost:8984/data/upload
14:30:36.690	0:0:0:0:0:0:0:1:56346	admin	200		620.62 ms
14:30:36.695	0:0:0:0:0:0:0:1:56346	admin	REQUEST	[GET] http://localhost:8984/requirements-manager
14:30:36.868	0:0:0:0:0:0:0:1:56346	admin	200		172.73 ms
14:30:39.786	0:0:0:0:0:0:0:1:56346	admin	REQUEST	[GET] http://localhost:8984/requirements-manager/list/197886a4-83c4-44c2-bda7-8ca7281a8e64/9d1feca5-a98f-45ff-a485-734795d56fbe
14:30:39.840	0:0:0:0:0:0:0:1:56346	admin	200		54.28 ms
14:30:43.875	0:0:0:0:0:0:0:1:56346	admin	REQUEST	[GET] http://localhost:8984/requirements-manager/package/197886a4-83c4-44c2-bda7-8ca7281a8e64/9d1feca5-a98f-45ff-a485-734795d56fbe
14:30:43.973	0:0:0:0:0:0:0:1:56346	admin	200		98.17 ms
14:30:45.796	0:0:0:0:0:0:0:1:56346	admin	REQUEST	[GET] http://localhost:8984/requirements-manager/assist/197886a4-83c4-44c2-bda7-8ca7281a8e64/9d1feca5-a98f-45ff-a485-734795d56fbe/d15b0b06-d63e-4386-b154-01b897953786
14:30:45.928	0:0:0:0:0:0:0:1:56346	admin	200		132.97 ms
14:31:01.868	0:0:0:0:0:0:0:1:56346	admin	REQUEST	[GET] http://localhost:8984/requirements-manager/assist/197886a4-83c4-44c2-bda7-8ca7281a8e64/9d1feca5-a98f-45ff-a485-734795d56fbe/d15b0b06-d63e-4386-b154-01b897953786?req-id=394ea429-6214-4e88-9541-626933b33548
14:31:02.021	0:0:0:0:0:0:0:1:56346	admin	200		152.75 ms
14:31:05.862	0:0:0:0:0:0:0:1:56346	admin	REQUEST	[POST] http://localhost:8984/restancil/save/197886a4-83c4-44c2-bda7-8ca7281a8e64/9d1feca5-a98f-45ff-a485-734795d56fbe/d15b0b06-d63e-4386-b154-01b897953786?req-id=394ea429-6214-4e88-9541-626933b33548
14:31:05.983	0:0:0:0:0:0:0:1:56346	admin	200		120.62 ms
14:31:05.993	0:0:0:0:0:0:0:1:56346	admin	REQUEST	[GET] http://localhost:8984/requirements-manager/assist/197886a4-83c4-44c2-bda7-8ca7281a8e64/9d1feca5-a98f-45ff-a485-734795d56fbe/d15b0b06-d63e-4386-b154-01b897953786
14:31:06.244	0:0:0:0:0:0:0:1:56346	admin	200		251.51 ms
14:31:09.625	0:0:0:0:0:0:0:1:56346	admin	REQUEST	[GET] http://localhost:8984/requirements-manager/assist/197886a4-83c4-44c2-bda7-8ca7281a8e64/9d1feca5-a98f-45ff-a485-734795d56fbe/d15b0b06-d63e-4386-b154-01b897953786?req-id=394ea429-6214-4e88-9541-626933b33548
14:31:09.774	0:0:0:0:0:0:0:1:56346	admin	200		148.48 ms
14:31:13.021	0:0:0:0:0:0:0:1:56346	admin	REQUEST	[POST] http://localhost:8984/restancil/save/197886a4-83c4-44c2-bda7-8ca7281a8e64/9d1feca5-a98f-45ff-a485-734795d56fbe/d15b0b06-d63e-4386-b154-01b897953786?req-id=394ea429-6214-4e88-9541-626933b33548
14:31:13.121	0:0:0:0:0:0:0:1:56346	admin	200		99.52 ms
14:31:13.126	0:0:0:0:0:0:0:1:56346	admin	REQUEST	[GET] http://localhost:8984/requirements-manager/assist/197886a4-83c4-44c2-bda7-8ca7281a8e64/9d1feca5-a98f-45ff-a485-734795d56fbe/d15b0b06-d63e-4386-b154-01b897953786
14:31:13.348	0:0:0:0:0:0:0:1:56346	admin	200		222.08 ms
14:31:16.999	0:0:0:0:0:0:0:1:56346	admin	REQUEST	[GET] http://localhost:8984/requirements-manager/assist/197886a4-83c4-44c2-bda7-8ca7281a8e64/9d1feca5-a98f-45ff-a485-734795d56fbe/172bc894-eaab-49aa-bf32-40b947dede85
14:31:17.134	0:0:0:0:0:0:0:1:56346	admin	200		135.19 ms
14:31:22.551	0:0:0:0:0:0:0:1:56346	admin	REQUEST	[GET] http://localhost:8984/requirements-manager/assist/197886a4-83c4-44c2-bda7-8ca7281a8e64/9d1feca5-a98f-45ff-a485-734795d56fbe/172bc894-eaab-49aa-bf32-40b947dede85?req-id=762e0df9-8609-4d23-9dba-388efa412683
14:31:22.670	0:0:0:0:0:0:0:1:56346	admin	200		119.8 ms
14:31:25.736	0:0:0:0:0:0:0:1:56346	admin	REQUEST	[POST] http://localhost:8984/restancil/save/197886a4-83c4-44c2-bda7-8ca7281a8e64/9d1feca5-a98f-45ff-a485-734795d56fbe/172bc894-eaab-49aa-bf32-40b947dede85?req-id=762e0df9-8609-4d23-9dba-388efa412683
14:31:25.844	0:0:0:0:0:0:0:1:56346	admin	200		108.25 ms
14:31:25.849	0:0:0:0:0:0:0:1:56346	admin	REQUEST	[GET] http://localhost:8984/requirements-manager/assist/197886a4-83c4-44c2-bda7-8ca7281a8e64/9d1feca5-a98f-45ff-a485-734795d56fbe/172bc894-eaab-49aa-bf32-40b947dede85
14:31:26.070	0:0:0:0:0:0:0:1:56346	admin	200		220.94 ms
14:31:28.357	0:0:0:0:0:0:0:1:56346	admin	REQUEST	[GET] http://localhost:8984/requirements-manager/assist/197886a4-83c4-44c2-bda7-8ca7281a8e64/9d1feca5-a98f-45ff-a485-734795d56fbe/172bc894-eaab-49aa-bf32-40b947dede85?req-id=6b7802a3-82d7-4e51-a669-fb3c9d8e443a
14:31:28.505	0:0:0:0:0:0:0:1:56346	admin	200		147.7 ms
14:31:34.071	0:0:0:0:0:0:0:1:56346	admin	REQUEST	[GET] http://localhost:8984/relist/delete/197886a4-83c4-44c2-bda7-8ca7281a8e64/9d1feca5-a98f-45ff-a485-734795d56fbe/172bc894-eaab-49aa-bf32-40b947dede85/6b7802a3-82d7-4e51-a669-fb3c9d8e443a
14:31:34.198	0:0:0:0:0:0:0:1:56346	admin	200		126.96 ms
14:31:34.203	0:0:0:0:0:0:0:1:56346	admin	REQUEST	[GET] http://localhost:8984/requirements-manager/assist/197886a4-83c4-44c2-bda7-8ca7281a8e64/9d1feca5-a98f-45ff-a485-734795d56fbe/172bc894-eaab-49aa-bf32-40b947dede85
14:31:34.355	0:0:0:0:0:0:0:1:56346	admin	200		152.61 ms
14:31:47.265	0:0:0:0:0:0:0:1:56346	admin	REQUEST	[POST] http://localhost:8984/restancil/save/197886a4-83c4-44c2-bda7-8ca7281a8e64/9d1feca5-a98f-45ff-a485-734795d56fbe/172bc894-eaab-49aa-bf32-40b947dede85?
14:31:47.378	0:0:0:0:0:0:0:1:56346	admin	200		112.69 ms
14:31:47.385	0:0:0:0:0:0:0:1:56346	admin	REQUEST	[GET] http://localhost:8984/requirements-manager/assist/197886a4-83c4-44c2-bda7-8ca7281a8e64/9d1feca5-a98f-45ff-a485-734795d56fbe/172bc894-eaab-49aa-bf32-40b947dede85
14:31:47.640	0:0:0:0:0:0:0:1:56346	admin	200		254.96 ms
14:31:50.997	0:0:0:0:0:0:0:1:56346	admin	REQUEST	[GET] http://localhost:8984/requirements-manager/assist/197886a4-83c4-44c2-bda7-8ca7281a8e64/9d1feca5-a98f-45ff-a485-734795d56fbe/77e85ea9-c66a-44e5-8925-fc91ee4bf47d
14:31:51.148	0:0:0:0:0:0:0:1:56346	admin	200		150.86 ms
14:32:14.024	0:0:0:0:0:0:0:1:56346	admin	REQUEST	[POST] http://localhost:8984/restancil/save/197886a4-83c4-44c2-bda7-8ca7281a8e64/9d1feca5-a98f-45ff-a485-734795d56fbe/77e85ea9-c66a-44e5-8925-fc91ee4bf47d?
14:32:14.106	0:0:0:0:0:0:0:1:56346	admin	200		82.21 ms
14:32:14.110	0:0:0:0:0:0:0:1:56346	admin	REQUEST	[GET] http://localhost:8984/requirements-manager/assist/197886a4-83c4-44c2-bda7-8ca7281a8e64/9d1feca5-a98f-45ff-a485-734795d56fbe/77e85ea9-c66a-44e5-8925-fc91ee4bf47d
14:32:14.273	0:0:0:0:0:0:0:1:56346	admin	200		162.64 ms
14:32:26.325	0:0:0:0:0:0:0:1:56346	admin	REQUEST	[POST] http://localhost:8984/restancil/save/197886a4-83c4-44c2-bda7-8ca7281a8e64/9d1feca5-a98f-45ff-a485-734795d56fbe/77e85ea9-c66a-44e5-8925-fc91ee4bf47d?
14:32:26.443	0:0:0:0:0:0:0:1:56346	admin	200		118.54 ms
14:32:26.448	0:0:0:0:0:0:0:1:56346	admin	REQUEST	[GET] http://localhost:8984/requirements-manager/assist/197886a4-83c4-44c2-bda7-8ca7281a8e64/9d1feca5-a98f-45ff-a485-734795d56fbe/77e85ea9-c66a-44e5-8925-fc91ee4bf47d
14:32:26.692	0:0:0:0:0:0:0:1:56346	admin	200		244.39 ms
14:32:41.689	0:0:0:0:0:0:0:1:56346	admin	REQUEST	[POST] http://localhost:8984/restancil/save/197886a4-83c4-44c2-bda7-8ca7281a8e64/9d1feca5-a98f-45ff-a485-734795d56fbe/77e85ea9-c66a-44e5-8925-fc91ee4bf47d?
14:32:41.837	0:0:0:0:0:0:0:1:56346	admin	200		148.29 ms
14:32:41.841	0:0:0:0:0:0:0:1:56346	admin	REQUEST	[GET] http://localhost:8984/requirements-manager/assist/197886a4-83c4-44c2-bda7-8ca7281a8e64/9d1feca5-a98f-45ff-a485-734795d56fbe/77e85ea9-c66a-44e5-8925-fc91ee4bf47d
14:32:42.070	0:0:0:0:0:0:0:1:56346	admin	200		229.4 ms
14:32:45.903	0:0:0:0:0:0:0:1:56346	admin	REQUEST	[GET] http://localhost:8984/requirements-manager/assist/197886a4-83c4-44c2-bda7-8ca7281a8e64/9d1feca5-a98f-45ff-a485-734795d56fbe/1a53812d-5be8-4ad0-9538-d214303dc8da
14:32:46.065	0:0:0:0:0:0:0:1:56346	admin	200		162.69 ms
14:32:51.089	0:0:0:0:0:0:0:1:56346	admin	REQUEST	[GET] http://localhost:8984/requirements-manager/assist/197886a4-83c4-44c2-bda7-8ca7281a8e64/9d1feca5-a98f-45ff-a485-734795d56fbe/1a53812d-5be8-4ad0-9538-d214303dc8da?req-id=c98369b8-3c6a-4813-b191-a55c838a884e
14:32:51.299	0:0:0:0:0:0:0:1:56346	admin	200		210.05 ms
14:33:02.289	0:0:0:0:0:0:0:1:56346	admin	REQUEST	[POST] http://localhost:8984/restancil/save/197886a4-83c4-44c2-bda7-8ca7281a8e64/9d1feca5-a98f-45ff-a485-734795d56fbe/1a53812d-5be8-4ad0-9538-d214303dc8da?req-id=c98369b8-3c6a-4813-b191-a55c838a884e
14:33:02.384	0:0:0:0:0:0:0:1:56346	admin	200		94.87 ms
14:33:02.388	0:0:0:0:0:0:0:1:56346	admin	REQUEST	[GET] http://localhost:8984/requirements-manager/assist/197886a4-83c4-44c2-bda7-8ca7281a8e64/9d1feca5-a98f-45ff-a485-734795d56fbe/1a53812d-5be8-4ad0-9538-d214303dc8da
14:33:02.571	0:0:0:0:0:0:0:1:56346	admin	200		183.55 ms
14:33:05.356	0:0:0:0:0:0:0:1:56346	admin	REQUEST	[GET] http://localhost:8984/requirements-manager/assist/197886a4-83c4-44c2-bda7-8ca7281a8e64/9d1feca5-a98f-45ff-a485-734795d56fbe/1a53812d-5be8-4ad0-9538-d214303dc8da?req-id=cb1ae819-c236-44f7-9bbd-4045cf4074cc
14:33:05.499	0:0:0:0:0:0:0:1:56346	admin	200		142.27 ms
14:33:13.216	0:0:0:0:0:0:0:1:56346	admin	REQUEST	[POST] http://localhost:8984/restancil/save/197886a4-83c4-44c2-bda7-8ca7281a8e64/9d1feca5-a98f-45ff-a485-734795d56fbe/1a53812d-5be8-4ad0-9538-d214303dc8da?req-id=cb1ae819-c236-44f7-9bbd-4045cf4074cc
14:33:13.310	0:0:0:0:0:0:0:1:56346	admin	200		94.92 ms
14:33:13.315	0:0:0:0:0:0:0:1:56346	admin	REQUEST	[GET] http://localhost:8984/requirements-manager/assist/197886a4-83c4-44c2-bda7-8ca7281a8e64/9d1feca5-a98f-45ff-a485-734795d56fbe/1a53812d-5be8-4ad0-9538-d214303dc8da
14:33:13.452	0:0:0:0:0:0:0:1:56346	admin	200		137.33 ms
14:33:16.705	0:0:0:0:0:0:0:1:56346	admin	REQUEST	[GET] http://localhost:8984/requirements-manager/assist/197886a4-83c4-44c2-bda7-8ca7281a8e64/9d1feca5-a98f-45ff-a485-734795d56fbe/1a53812d-5be8-4ad0-9538-d214303dc8da?req-id=cb1ae819-c236-44f7-9bbd-4045cf4074cc
14:33:16.830	0:0:0:0:0:0:0:1:56346	admin	200		125.56 ms
14:33:19.389	0:0:0:0:0:0:0:1:56346	admin	REQUEST	[POST] http://localhost:8984/restancil/save/197886a4-83c4-44c2-bda7-8ca7281a8e64/9d1feca5-a98f-45ff-a485-734795d56fbe/1a53812d-5be8-4ad0-9538-d214303dc8da?req-id=cb1ae819-c236-44f7-9bbd-4045cf4074cc
14:33:19.472	0:0:0:0:0:0:0:1:56346	admin	200		83.29 ms
14:33:19.477	0:0:0:0:0:0:0:1:56346	admin	REQUEST	[GET] http://localhost:8984/requirements-manager/assist/197886a4-83c4-44c2-bda7-8ca7281a8e64/9d1feca5-a98f-45ff-a485-734795d56fbe/1a53812d-5be8-4ad0-9538-d214303dc8da
14:33:19.618	0:0:0:0:0:0:0:1:56346	admin	200		141.52 ms
14:33:22.733	0:0:0:0:0:0:0:1:56346	admin	REQUEST	[GET] http://localhost:8984/requirements-manager/assist/197886a4-83c4-44c2-bda7-8ca7281a8e64/9d1feca5-a98f-45ff-a485-734795d56fbe/b8a4cd2a-33b8-4ee2-950d-d81d4274efd6
14:33:22.869	0:0:0:0:0:0:0:1:56346	admin	200		135.93 ms
14:33:29.991	0:0:0:0:0:0:0:1:56346	admin	REQUEST	[GET] http://localhost:8984/requirements-manager/assist/197886a4-83c4-44c2-bda7-8ca7281a8e64/9d1feca5-a98f-45ff-a485-734795d56fbe/b8a4cd2a-33b8-4ee2-950d-d81d4274efd6?req-id=26b9df27-9147-4076-a9c2-3750a4dd0a3a
14:33:30.122	0:0:0:0:0:0:0:1:56346	admin	200		131.75 ms
14:33:47.648	0:0:0:0:0:0:0:1:56346	admin	REQUEST	[POST] http://localhost:8984/restancil/save/197886a4-83c4-44c2-bda7-8ca7281a8e64/9d1feca5-a98f-45ff-a485-734795d56fbe/b8a4cd2a-33b8-4ee2-950d-d81d4274efd6?req-id=26b9df27-9147-4076-a9c2-3750a4dd0a3a
14:33:47.758	0:0:0:0:0:0:0:1:56346	admin	200		110.64 ms
14:33:47.763	0:0:0:0:0:0:0:1:56346	admin	REQUEST	[GET] http://localhost:8984/requirements-manager/assist/197886a4-83c4-44c2-bda7-8ca7281a8e64/9d1feca5-a98f-45ff-a485-734795d56fbe/b8a4cd2a-33b8-4ee2-950d-d81d4274efd6
14:33:47.945	0:0:0:0:0:0:0:1:56346	admin	200		182.02 ms
14:33:55.315	0:0:0:0:0:0:0:1:56346	admin	REQUEST	[GET] http://localhost:8984/requirements-manager/assist/197886a4-83c4-44c2-bda7-8ca7281a8e64/9d1feca5-a98f-45ff-a485-734795d56fbe/b8a4cd2a-33b8-4ee2-950d-d81d4274efd6?req-id=26b9df27-9147-4076-a9c2-3750a4dd0a3a
14:33:55.437	0:0:0:0:0:0:0:1:56346	admin	200		122.73 ms
14:34:00.671	0:0:0:0:0:0:0:1:56346	admin	REQUEST	[POST] http://localhost:8984/restancil/save/197886a4-83c4-44c2-bda7-8ca7281a8e64/9d1feca5-a98f-45ff-a485-734795d56fbe/b8a4cd2a-33b8-4ee2-950d-d81d4274efd6?req-id=26b9df27-9147-4076-a9c2-3750a4dd0a3a
14:34:00.774	0:0:0:0:0:0:0:1:56346	admin	200		102.5 ms
14:34:00.779	0:0:0:0:0:0:0:1:56346	admin	REQUEST	[GET] http://localhost:8984/requirements-manager/assist/197886a4-83c4-44c2-bda7-8ca7281a8e64/9d1feca5-a98f-45ff-a485-734795d56fbe/b8a4cd2a-33b8-4ee2-950d-d81d4274efd6
14:34:00.937	0:0:0:0:0:0:0:1:56346	admin	200		158.11 ms
14:34:10.668	0:0:0:0:0:0:0:1:56346	admin	REQUEST	[GET] http://localhost:8984/requirements-manager/assist/197886a4-83c4-44c2-bda7-8ca7281a8e64/9d1feca5-a98f-45ff-a485-734795d56fbe/b8a4cd2a-33b8-4ee2-950d-d81d4274efd6?req-id=431213f3-7dc1-4f98-9e66-bd9ca18e837c
14:34:10.804	0:0:0:0:0:0:0:1:56346	admin	200		139.87 ms
14:34:26.167	0:0:0:0:0:0:0:1:56346	admin	REQUEST	[POST] http://localhost:8984/restancil/save/197886a4-83c4-44c2-bda7-8ca7281a8e64/9d1feca5-a98f-45ff-a485-734795d56fbe/b8a4cd2a-33b8-4ee2-950d-d81d4274efd6?req-id=431213f3-7dc1-4f98-9e66-bd9ca18e837c
14:34:26.259	0:0:0:0:0:0:0:1:56346	admin	200		92.61 ms
14:34:26.282	0:0:0:0:0:0:0:1:56346	admin	REQUEST	[GET] http://localhost:8984/requirements-manager/assist/197886a4-83c4-44c2-bda7-8ca7281a8e64/9d1feca5-a98f-45ff-a485-734795d56fbe/b8a4cd2a-33b8-4ee2-950d-d81d4274efd6
14:34:26.446	0:0:0:0:0:0:0:1:56346	admin	200		165.27 ms
14:43:21.065	0:0:0:0:0:0:0:1:56572	admin	REQUEST	[POST] http://localhost:8984/data/upload
14:43:21.386	0:0:0:0:0:0:0:1:56572	admin	200		321.62 ms
14:43:21.392	0:0:0:0:0:0:0:1:56572	admin	REQUEST	[GET] http://localhost:8984/requirements-manager
14:43:21.654	0:0:0:0:0:0:0:1:56572	admin	200		262.53 ms
14:43:25.793	0:0:0:0:0:0:0:1:56572	admin	REQUEST	[GET] http://localhost:8984/requirements-manager/delete-pkg/197886a4-83c4-44c2-bda7-8ca7281a8e64/9d1feca5-a98f-45ff-a485-734795d56fbe
14:43:25.849	0:0:0:0:0:0:0:1:56572	admin	200		57.01 ms
14:43:25.853	0:0:0:0:0:0:0:1:56572	admin	REQUEST	[GET] http://localhost:8984/requirements-manager
14:43:26.039	0:0:0:0:0:0:0:1:56572	admin	200		185.77 ms
14:43:27.970	0:0:0:0:0:0:0:1:56572	admin	REQUEST	[GET] http://localhost:8984/requirements-manager/delete-pkg/197886a4-83c4-44c2-bda7-8ca7281a8e64/2e4c45cf-4fd5-4e32-ba58-0f442919ce0c
14:43:28.028	0:0:0:0:0:0:0:1:56572	admin	200		58.18 ms
14:43:28.031	0:0:0:0:0:0:0:1:56572	admin	REQUEST	[GET] http://localhost:8984/requirements-manager
14:43:28.122	0:0:0:0:0:0:0:1:56572	admin	200		90.91 ms
14:43:31.128	0:0:0:0:0:0:0:1:56572	admin	REQUEST	[POST] http://localhost:8984/data/upload
14:43:31.568	0:0:0:0:0:0:0:1:56572	admin	200		440.84 ms
14:43:31.575	0:0:0:0:0:0:0:1:56572	admin	REQUEST	[GET] http://localhost:8984/requirements-manager
14:43:31.928	0:0:0:0:0:0:0:1:56572	admin	200		355.1 ms
14:43:34.294	0:0:0:0:0:0:0:1:56572	admin	REQUEST	[GET] http://localhost:8984/requirements-manager/package/197886a4-83c4-44c2-bda7-8ca7281a8e64/ac48603e-e3c1-46ef-894a-cd4b9b5f4846
14:43:34.399	0:0:0:0:0:0:0:1:56572	admin	200		104.95 ms
14:43:35.854	0:0:0:0:0:0:0:1:56572	admin	REQUEST	[GET] http://localhost:8984/requirements-manager/assist/197886a4-83c4-44c2-bda7-8ca7281a8e64/ac48603e-e3c1-46ef-894a-cd4b9b5f4846/b8a4cd2a-33b8-4ee2-950d-d81d4274efd6
14:43:36.005	0:0:0:0:0:0:0:1:56572	admin	200		150.98 ms
14:45:14.422	0:0:0:0:0:0:0:1:56640	admin	REQUEST	[GET] http://localhost:8984/requirements-manager
14:45:14.555	0:0:0:0:0:0:0:1:56640	admin	200		133.6 ms
14:45:16.126	0:0:0:0:0:0:0:1:56640	admin	REQUEST	[GET] http://localhost:8984/requirements-manager/delete-pkg/197886a4-83c4-44c2-bda7-8ca7281a8e64/ac48603e-e3c1-46ef-894a-cd4b9b5f4846
14:45:16.220	0:0:0:0:0:0:0:1:56640	admin	200		93.37 ms
14:45:16.224	0:0:0:0:0:0:0:1:56640	admin	REQUEST	[GET] http://localhost:8984/requirements-manager
14:45:16.424	0:0:0:0:0:0:0:1:56640	admin	200		199.92 ms
14:45:20.461	0:0:0:0:0:0:0:1:56640	admin	REQUEST	[POST] http://localhost:8984/data/upload
14:45:20.804	0:0:0:0:0:0:0:1:56640	admin	200		342.51 ms
14:45:23.752	0:0:0:0:0:0:0:1:56654	admin	REQUEST	[GET] http://localhost:8984/requirements-manager
14:45:23.876	0:0:0:0:0:0:0:1:56654	admin	200		124.39 ms
14:45:25.568	0:0:0:0:0:0:0:1:56654	admin	REQUEST	[GET] http://localhost:8984/requirements-manager/package/197886a4-83c4-44c2-bda7-8ca7281a8e64/ec52697f-df9a-4bd1-ba10-2e0c0f40f38c
14:45:25.667	0:0:0:0:0:0:0:1:56654	admin	200		99.47 ms
14:45:26.741	0:0:0:0:0:0:0:1:56654	admin	REQUEST	[GET] http://localhost:8984/requirements-manager/assist/197886a4-83c4-44c2-bda7-8ca7281a8e64/ec52697f-df9a-4bd1-ba10-2e0c0f40f38c/b8a4cd2a-33b8-4ee2-950d-d81d4274efd6
14:45:26.913	0:0:0:0:0:0:0:1:56654	admin	200		172.08 ms
14:45:33.141	0:0:0:0:0:0:0:1:56654	admin	REQUEST	[GET] http://localhost:8984/requirements-manager
14:45:33.278	0:0:0:0:0:0:0:1:56654	admin	200		137.18 ms
14:45:52.848	0:0:0:0:0:0:0:1:56669	admin	REQUEST	[GET] http://localhost:8984/requirements-manager/package/197886a4-83c4-44c2-bda7-8ca7281a8e64/ec52697f-df9a-4bd1-ba10-2e0c0f40f38c
14:45:52.975	0:0:0:0:0:0:0:1:56669	admin	200		127.01 ms
14:45:54.265	0:0:0:0:0:0:0:1:56669	admin	REQUEST	[GET] http://localhost:8984/requirements-manager/assist/197886a4-83c4-44c2-bda7-8ca7281a8e64/ec52697f-df9a-4bd1-ba10-2e0c0f40f38c/b8a4cd2a-33b8-4ee2-950d-d81d4274efd6
14:45:54.422	0:0:0:0:0:0:0:1:56669	admin	200		157.34 ms
14:46:02.268	0:0:0:0:0:0:0:1:56669	admin	REQUEST	[GET] http://localhost:8984/relist/delete/197886a4-83c4-44c2-bda7-8ca7281a8e64/ec52697f-df9a-4bd1-ba10-2e0c0f40f38c/b8a4cd2a-33b8-4ee2-950d-d81d4274efd6/26b9df27-9147-4076-a9c2-3750a4dd0a3a
14:46:10.470	0:0:0:0:0:0:0:1:56669	admin	200		8201.73 ms
14:46:10.477	0:0:0:0:0:0:0:1:56669	admin	REQUEST	[GET] http://localhost:8984/requirements-manager/assist/197886a4-83c4-44c2-bda7-8ca7281a8e64/ec52697f-df9a-4bd1-ba10-2e0c0f40f38c/b8a4cd2a-33b8-4ee2-950d-d81d4274efd6
14:46:10.741	0:0:0:0:0:0:0:1:56669	admin	200		264.1 ms
14:46:32.824	0:0:0:0:0:0:0:1:56669	admin	REQUEST	[POST] http://localhost:8984/restancil/save/197886a4-83c4-44c2-bda7-8ca7281a8e64/ec52697f-df9a-4bd1-ba10-2e0c0f40f38c/b8a4cd2a-33b8-4ee2-950d-d81d4274efd6?
14:46:32.922	0:0:0:0:0:0:0:1:56669	admin	200		97.98 ms
14:46:32.926	0:0:0:0:0:0:0:1:56669	admin	REQUEST	[GET] http://localhost:8984/requirements-manager/assist/197886a4-83c4-44c2-bda7-8ca7281a8e64/ec52697f-df9a-4bd1-ba10-2e0c0f40f38c/b8a4cd2a-33b8-4ee2-950d-d81d4274efd6
14:46:33.095	0:0:0:0:0:0:0:1:56669	admin	200		169.27 ms
14:47:51.162	0:0:0:0:0:0:0:1:56692	admin	REQUEST	[GET] http://localhost:8984/requirements-manager/assist/197886a4-83c4-44c2-bda7-8ca7281a8e64/9d1feca5-a98f-45ff-a485-734795d56fbe/b8a4cd2a-33b8-4ee2-950d-d81d4274efd6
14:47:51.260	0:0:0:0:0:0:0:1:56692	admin	400	Gestoppt in C:/Users/eckey/Google Drive/Masterarbeit/Software/Auslieferung/basex-8.2.1/basex/repo/org/basex/modules/care-manager.xqm, 203/16: [bxerr:BXDB0006] Database path 'care-packages/197886a4-83c4-44c2-bda7-8ca7281a8e64/9d1feca5-a98f-45ff-a485-734795d56fbe/References.care' yields no documents. Stack Trace: - C:/Users/eckey/Google Drive/Masterarbeit/Software/Auslieferung/basex-8.2.1/basex/webapp/restxq/elicitation-assist.xqm, 45/12	98.35 ms
14:47:51.472	0:0:0:0:0:0:0:1:56692	admin	REQUEST	[GET] http://localhost:8984/requirements-manager/assist/197886a4-83c4-44c2-bda7-8ca7281a8e64/9d1feca5-a98f-45ff-a485-734795d56fbe/b8a4cd2a-33b8-4ee2-950d-d81d4274efd6
14:47:51.564	0:0:0:0:0:0:0:1:56692	admin	400	Gestoppt in C:/Users/eckey/Google Drive/Masterarbeit/Software/Auslieferung/basex-8.2.1/basex/repo/org/basex/modules/care-manager.xqm, 203/16: [bxerr:BXDB0006] Database path 'care-packages/197886a4-83c4-44c2-bda7-8ca7281a8e64/9d1feca5-a98f-45ff-a485-734795d56fbe/References.care' yields no documents. Stack Trace: - C:/Users/eckey/Google Drive/Masterarbeit/Software/Auslieferung/basex-8.2.1/basex/webapp/restxq/elicitation-assist.xqm, 45/12	92.2 ms
14:48:04.130	0:0:0:0:0:0:0:1:56696	admin	REQUEST	[GET] http://localhost:8984/requirements-manager/assist/197886a4-83c4-44c2-bda7-8ca7281a8e64/ec52697f-df9a-4bd1-ba10-2e0c0f40f38c/b8a4cd2a-33b8-4ee2-950d-d81d4274efd6
14:48:04.262	0:0:0:0:0:0:0:1:56696	admin	200		132.4 ms
14:48:05.616	0:0:0:0:0:0:0:1:56700	admin	REQUEST	[GET] http://localhost:8984/requirements-manager/assist/197886a4-83c4-44c2-bda7-8ca7281a8e64/ec52697f-df9a-4bd1-ba10-2e0c0f40f38c/b8a4cd2a-33b8-4ee2-950d-d81d4274efd6
14:48:05.755	0:0:0:0:0:0:0:1:56700	admin	200		138.9 ms
14:57:46.832	0:0:0:0:0:0:0:1:56743	admin	REQUEST	[GET] http://localhost:8984/requirements-manager/assist/197886a4-83c4-44c2-bda7-8ca7281a8e64/ec52697f-df9a-4bd1-ba10-2e0c0f40f38c/b8a4cd2a-33b8-4ee2-950d-d81d4274efd6
14:57:47.005	0:0:0:0:0:0:0:1:56743	admin	200		172.47 ms
14:57:56.411	0:0:0:0:0:0:0:1:56744	admin	REQUEST	[POST] http://localhost:8984/restancil/save/197886a4-83c4-44c2-bda7-8ca7281a8e64/ec52697f-df9a-4bd1-ba10-2e0c0f40f38c/b8a4cd2a-33b8-4ee2-950d-d81d4274efd6?
14:57:56.518	0:0:0:0:0:0:0:1:56744	admin	200		107.51 ms
14:57:56.523	0:0:0:0:0:0:0:1:56744	admin	REQUEST	[GET] http://localhost:8984/requirements-manager/assist/197886a4-83c4-44c2-bda7-8ca7281a8e64/ec52697f-df9a-4bd1-ba10-2e0c0f40f38c/b8a4cd2a-33b8-4ee2-950d-d81d4274efd6
14:57:56.683	0:0:0:0:0:0:0:1:56744	admin	200		160.56 ms
14:59:05.533	0:0:0:0:0:0:0:1:56758	admin	REQUEST	[POST] http://localhost:8984/restancil/save/197886a4-83c4-44c2-bda7-8ca7281a8e64/ec52697f-df9a-4bd1-ba10-2e0c0f40f38c/b8a4cd2a-33b8-4ee2-950d-d81d4274efd6?
14:59:05.627	0:0:0:0:0:0:0:1:56758	admin	200		94.37 ms
14:59:05.631	0:0:0:0:0:0:0:1:56758	admin	REQUEST	[GET] http://localhost:8984/requirements-manager/assist/197886a4-83c4-44c2-bda7-8ca7281a8e64/ec52697f-df9a-4bd1-ba10-2e0c0f40f38c/b8a4cd2a-33b8-4ee2-950d-d81d4274efd6
14:59:05.805	0:0:0:0:0:0:0:1:56758	admin	200		175.09 ms
14:59:36.608	0:0:0:0:0:0:0:1:56758	admin	REQUEST	[GET] http://localhost:8984/requirements-manager
14:59:36.736	0:0:0:0:0:0:0:1:56758	admin	200		127.95 ms
14:59:38.147	0:0:0:0:0:0:0:1:56758	admin	REQUEST	[GET] http://localhost:8984/requirements-manager/delete-pkg/197886a4-83c4-44c2-bda7-8ca7281a8e64/ec52697f-df9a-4bd1-ba10-2e0c0f40f38c
14:59:38.198	0:0:0:0:0:0:0:1:56758	admin	200		51.5 ms
14:59:38.200	0:0:0:0:0:0:0:1:56758	admin	REQUEST	[GET] http://localhost:8984/requirements-manager
14:59:38.302	0:0:0:0:0:0:0:1:56758	admin	200		101.98 ms
14:59:40.340	0:0:0:0:0:0:0:1:56758	admin	REQUEST	[GET] http://localhost:8984/requirements-manager/package/197886a4-83c4-44c2-bda7-8ca7281a8e64/342a50da-b4fa-4031-a266-bb6662a2056f
14:59:40.425	0:0:0:0:0:0:0:1:56758	admin	200		84.7 ms
14:59:42.605	0:0:0:0:0:0:0:1:56758	admin	REQUEST	[GET] http://localhost:8984/requirements-manager
14:59:42.693	0:0:0:0:0:0:0:1:56758	admin	200		88.76 ms
14:59:45.010	0:0:0:0:0:0:0:1:56758	admin	REQUEST	[GET] http://localhost:8984/requirements-manager/delete-pkgs/197886a4-83c4-44c2-bda7-8ca7281a8e64
14:59:45.056	0:0:0:0:0:0:0:1:56758	admin	200		46.92 ms
14:59:45.060	0:0:0:0:0:0:0:1:56758	admin	REQUEST	[GET] http://localhost:8984/requirements-manager
14:59:45.144	0:0:0:0:0:0:0:1:56758	admin	200		83.67 ms
15:00:30.665	0:0:0:0:0:0:0:1:56758	admin	REQUEST	[POST] http://localhost:8984/data/upload
15:00:30.970	0:0:0:0:0:0:0:1:56758	admin	200		305.26 ms
15:00:30.974	0:0:0:0:0:0:0:1:56758	admin	REQUEST	[GET] http://localhost:8984/requirements-manager
15:00:31.118	0:0:0:0:0:0:0:1:56758	admin	200		143.73 ms
15:00:33.223	0:0:0:0:0:0:0:1:56758	admin	REQUEST	[GET] http://localhost:8984/requirements-manager/package/197886a4-83c4-44c2-bda7-8ca7281a8e64/bb86ec68-6f09-4ca3-a25a-af0fe42327d2
15:00:33.300	0:0:0:0:0:0:0:1:56758	admin	200		77.67 ms
15:00:34.604	0:0:0:0:0:0:0:1:56758	admin	REQUEST	[GET] http://localhost:8984/requirements-manager/assist/197886a4-83c4-44c2-bda7-8ca7281a8e64/bb86ec68-6f09-4ca3-a25a-af0fe42327d2/d15b0b06-d63e-4386-b154-01b897953786
15:00:34.718	0:0:0:0:0:0:0:1:56758	admin	200		113.67 ms
15:01:06.946	0:0:0:0:0:0:0:1:56758	admin	REQUEST	[POST] http://localhost:8984/restancil/save/197886a4-83c4-44c2-bda7-8ca7281a8e64/bb86ec68-6f09-4ca3-a25a-af0fe42327d2/d15b0b06-d63e-4386-b154-01b897953786?
15:01:07.031	0:0:0:0:0:0:0:1:56758	admin	200		85.38 ms
15:01:07.036	0:0:0:0:0:0:0:1:56758	admin	REQUEST	[GET] http://localhost:8984/requirements-manager/assist/197886a4-83c4-44c2-bda7-8ca7281a8e64/bb86ec68-6f09-4ca3-a25a-af0fe42327d2/d15b0b06-d63e-4386-b154-01b897953786
15:01:07.158	0:0:0:0:0:0:0:1:56758	admin	200		121.8 ms
15:01:08.936	0:0:0:0:0:0:0:1:56758	admin	REQUEST	[GET] http://localhost:8984/requirements-manager/assist/197886a4-83c4-44c2-bda7-8ca7281a8e64/bb86ec68-6f09-4ca3-a25a-af0fe42327d2/172bc894-eaab-49aa-bf32-40b947dede85
15:01:09.051	0:0:0:0:0:0:0:1:56758	admin	200		115.31 ms
15:01:27.214	0:0:0:0:0:0:0:1:56758	admin	REQUEST	[POST] http://localhost:8984/restancil/save/197886a4-83c4-44c2-bda7-8ca7281a8e64/bb86ec68-6f09-4ca3-a25a-af0fe42327d2/172bc894-eaab-49aa-bf32-40b947dede85?
15:01:27.302	0:0:0:0:0:0:0:1:56758	admin	200		88.25 ms
15:01:27.306	0:0:0:0:0:0:0:1:56758	admin	REQUEST	[GET] http://localhost:8984/requirements-manager/assist/197886a4-83c4-44c2-bda7-8ca7281a8e64/bb86ec68-6f09-4ca3-a25a-af0fe42327d2/172bc894-eaab-49aa-bf32-40b947dede85
15:01:27.428	0:0:0:0:0:0:0:1:56758	admin	200		121.5 ms
15:01:37.120	0:0:0:0:0:0:0:1:56758	admin	REQUEST	[POST] http://localhost:8984/restancil/save/197886a4-83c4-44c2-bda7-8ca7281a8e64/bb86ec68-6f09-4ca3-a25a-af0fe42327d2/172bc894-eaab-49aa-bf32-40b947dede85?
15:01:37.210	0:0:0:0:0:0:0:1:56758	admin	200		90.28 ms
15:01:37.216	0:0:0:0:0:0:0:1:56758	admin	REQUEST	[GET] http://localhost:8984/requirements-manager/assist/197886a4-83c4-44c2-bda7-8ca7281a8e64/bb86ec68-6f09-4ca3-a25a-af0fe42327d2/172bc894-eaab-49aa-bf32-40b947dede85
15:01:37.354	0:0:0:0:0:0:0:1:56758	admin	200		138.0 ms
15:01:39.305	0:0:0:0:0:0:0:1:56758	admin	REQUEST	[GET] http://localhost:8984/requirements-manager/assist/197886a4-83c4-44c2-bda7-8ca7281a8e64/bb86ec68-6f09-4ca3-a25a-af0fe42327d2/1a53812d-5be8-4ad0-9538-d214303dc8da
15:01:39.426	0:0:0:0:0:0:0:1:56758	admin	200		121.0 ms
15:01:41.173	0:0:0:0:0:0:0:1:56758	admin	REQUEST	[GET] http://localhost:8984/requirements-manager/package/197886a4-83c4-44c2-bda7-8ca7281a8e64/bb86ec68-6f09-4ca3-a25a-af0fe42327d2
15:01:41.252	0:0:0:0:0:0:0:1:56758	admin	200		78.19 ms
15:01:44.836	0:0:0:0:0:0:0:1:56758	admin	REQUEST	[GET] http://localhost:8984/requirements-manager
15:01:44.934	0:0:0:0:0:0:0:1:56758	admin	200		99.34 ms
15:03:24.947	0:0:0:0:0:0:0:1:56841	admin	REQUEST	[GET] http://localhost:8984/requirements-manager/download-requirements/197886a4-83c4-44c2-bda7-8ca7281a8e64/bb86ec68-6f09-4ca3-a25a-af0fe42327d2
15:03:24.989	0:0:0:0:0:0:0:1:56841	admin	200		42.9 ms
15:03:24.989	0:0:0:0:0:0:0:1:56841	admin	200		0.25 ms
15:03:53.769	SERVER	admin	OK	Server wurde gestoppt (Port: 1984).
15:03:53.770	SERVER	admin	OK	HTTP Server wurde gestoppt (Port: 8984).
15:06:24.173	SERVER	admin	OK	Server wurde gestartet (Port: 1984).
15:06:24.401	SERVER	admin	OK	HTTP Server wurde gestartet (Port: 8984).
15:06:33.235	127.0.0.1:56907	admin	REQUEST	[GET] http://127.0.0.1:8984/
15:06:37.145	127.0.0.1:56907	admin	200		3937.58 ms
15:06:38.318	127.0.0.1:56911	admin	REQUEST	[GET] http://127.0.0.1:8984/favicon.ico
15:06:38.327	127.0.0.1:56911	admin	404	No function found that matches the request.	9.96 ms
15:06:39.451	127.0.0.1:56911	admin	REQUEST	[GET] http://127.0.0.1:8984/requirements-manager
15:06:40.026	127.0.0.1:56911	admin	200		575.44 ms
15:06:51.807	127.0.0.1:56910	admin	REQUEST	[GET] http://127.0.0.1:8984/requirements-manager
15:06:52.191	127.0.0.1:56910	admin	200		385.42 ms
15:08:25.001	SERVER	admin	OK	Server wurde gestartet (Port: 1984).
15:08:25.199	SERVER	admin	OK	HTTP Server wurde gestartet (Port: 8984).
15:08:25.338	127.0.0.1:56941	admin	REQUEST	[GET] http://127.0.0.1:8984/
15:08:28.173	127.0.0.1:56941	admin	200		2841.61 ms
15:08:30.058	127.0.0.1:56941	admin	REQUEST	[GET] http://127.0.0.1:8984/requirements-manager
15:08:30.546	127.0.0.1:56941	admin	200		493.31 ms
15:08:56.723	127.0.0.1:56941	admin	REQUEST	[POST] http://127.0.0.1:8984/data/upload
15:08:58.460	127.0.0.1:56941	admin	200		1737.03 ms
15:08:58.465	127.0.0.1:56941	admin	REQUEST	[GET] http://127.0.0.1:8984/requirements-manager
15:08:58.943	127.0.0.1:56941	admin	200		478.96 ms
15:09:10.701	127.0.0.1:56941	admin	REQUEST	[GET] http://127.0.0.1:8984/requirements-manager
15:09:11.025	127.0.0.1:56941	admin	200		323.97 ms
15:09:17.350	127.0.0.1:56961	admin	REQUEST	[GET] http://127.0.0.1:8984/requirements-manager
15:09:17.520	127.0.0.1:56961	admin	400	Gestoppt in C:/Users/eckey/Google Drive/Masterarbeit/Software/Auslieferung/basex-8.2.1/basex/repo/org/basex/modules/care-manager.xqm, 224/32: [bxerr:BXDB0002] Die Datenbank 'care-packages' wurde nicht gefunden. Stack Trace: - C:/Users/eckey/Google Drive/Masterarbeit/Software/Auslieferung/basex-8.2.1/basex/webapp/restxq/process-list.xqm, 26/12	170.01 ms
15:09:24.303	127.0.0.1:56961	admin	REQUEST	[GET] http://127.0.0.1:8984/requirements-manager
15:09:24.512	127.0.0.1:56961	admin	200		210.31 ms
15:09:37.557	127.0.0.1:56960	admin	REQUEST	[POST] http://127.0.0.1:8984/data/upload
15:09:38.508	127.0.0.1:56960	admin	200		951.66 ms
15:09:38.517	127.0.0.1:56960	admin	REQUEST	[GET] http://127.0.0.1:8984/requirements-manager
15:09:39.004	127.0.0.1:56960	admin	200		487.3 ms
15:10:12.684	127.0.0.1:56960	admin	REQUEST	[GET] http://127.0.0.1:8984/requirements-manager/package/197886a4-83c4-44c2-bda7-8ca7281a8e64/71363663-690e-4417-b31a-47a8da279280
15:10:12.930	127.0.0.1:56960	admin	200		247.03 ms
15:10:14.100	127.0.0.1:56960	admin	REQUEST	[GET] http://127.0.0.1:8984/requirements-manager/assist/197886a4-83c4-44c2-bda7-8ca7281a8e64/71363663-690e-4417-b31a-47a8da279280/d15b0b06-d63e-4386-b154-01b897953786
15:10:14.709	127.0.0.1:56960	admin	200		608.22 ms
15:10:29.865	127.0.0.1:56960	admin	REQUEST	[POST] http://127.0.0.1:8984/restancil/save/197886a4-83c4-44c2-bda7-8ca7281a8e64/71363663-690e-4417-b31a-47a8da279280/d15b0b06-d63e-4386-b154-01b897953786?
15:10:30.194	127.0.0.1:56960	admin	200		330.6 ms
15:10:30.197	127.0.0.1:56960	admin	REQUEST	[GET] http://127.0.0.1:8984/requirements-manager/assist/197886a4-83c4-44c2-bda7-8ca7281a8e64/71363663-690e-4417-b31a-47a8da279280/d15b0b06-d63e-4386-b154-01b897953786
15:10:30.922	127.0.0.1:56960	admin	200		726.21 ms
15:10:32.508	127.0.0.1:56960	admin	REQUEST	[GET] http://127.0.0.1:8984/requirements-manager/assist/197886a4-83c4-44c2-bda7-8ca7281a8e64/71363663-690e-4417-b31a-47a8da279280/172bc894-eaab-49aa-bf32-40b947dede85
15:10:32.911	127.0.0.1:56960	admin	200		403.67 ms
15:10:43.087	127.0.0.1:56960	admin	REQUEST	[POST] http://127.0.0.1:8984/restancil/save/197886a4-83c4-44c2-bda7-8ca7281a8e64/71363663-690e-4417-b31a-47a8da279280/172bc894-eaab-49aa-bf32-40b947dede85?
15:10:43.265	127.0.0.1:56960	admin	200		178.75 ms
15:10:43.272	127.0.0.1:56960	admin	REQUEST	[GET] http://127.0.0.1:8984/requirements-manager/assist/197886a4-83c4-44c2-bda7-8ca7281a8e64/71363663-690e-4417-b31a-47a8da279280/172bc894-eaab-49aa-bf32-40b947dede85
15:10:43.759	127.0.0.1:56960	admin	200		487.83 ms
15:10:53.167	127.0.0.1:56960	admin	REQUEST	[POST] http://127.0.0.1:8984/restancil/save/197886a4-83c4-44c2-bda7-8ca7281a8e64/71363663-690e-4417-b31a-47a8da279280/172bc894-eaab-49aa-bf32-40b947dede85?
15:10:53.395	127.0.0.1:56960	admin	200		229.15 ms
15:10:53.397	127.0.0.1:56960	admin	REQUEST	[GET] http://127.0.0.1:8984/requirements-manager/assist/197886a4-83c4-44c2-bda7-8ca7281a8e64/71363663-690e-4417-b31a-47a8da279280/172bc894-eaab-49aa-bf32-40b947dede85
15:10:53.817	127.0.0.1:56960	admin	200		420.87 ms
15:10:57.762	127.0.0.1:56960	admin	REQUEST	[GET] http://127.0.0.1:8984/requirements-manager
15:10:57.896	127.0.0.1:56960	admin	200		135.13 ms
