08:31:59.634	0:0:0:0:0:0:0:1:51234	admin	REQUEST	[GET] http://localhost:8984/inspection/module/8A20D62C39ECF140AE5C2F60568ED0FF
08:32:00.360	0:0:0:0:0:0:0:1:51234	admin	200		711.91 ms
08:37:40.068	0:0:0:0:0:0:0:1:51287	admin	REQUEST	[GET] http://localhost:8984/inspection/module/8A20D62C39ECF140AE5C2F60568ED0FF
08:37:41.022	0:0:0:0:0:0:0:1:51287	admin	200		953.58 ms
08:38:05.946	0:0:0:0:0:0:0:1:51291	admin	REQUEST	[GET] http://localhost:8984/inspection/module/8A20D62C39ECF140AE5C2F60568ED0FF
08:38:06.758	0:0:0:0:0:0:0:1:51291	admin	200		813.51 ms
08:38:09.521	0:0:0:0:0:0:0:1:51289	admin	REQUEST	[GET] http://localhost:8984/inspection
08:38:10.498	0:0:0:0:0:0:0:1:51289	admin	200		977.36 ms
08:38:12.231	0:0:0:0:0:0:0:1:51289	admin	REQUEST	[GET] http://localhost:8984/inspection/module/8D6FA4E9BF066E576F3DAFE66004F69F
08:38:13.063	0:0:0:0:0:0:0:1:51289	admin	200		832.26 ms
08:52:28.402	0:0:0:0:0:0:0:1:51440	admin	REQUEST	[GET] http://localhost:8984/inspection/module/8D6FA4E9BF066E576F3DAFE66004F69F
08:52:29.364	0:0:0:0:0:0:0:1:51440	admin	200		962.66 ms
08:52:56.024	0:0:0:0:0:0:0:1:51440	admin	REQUEST	[GET] http://localhost:8984/inspection/module/8D6FA4E9BF066E576F3DAFE66004F69F
08:52:56.911	0:0:0:0:0:0:0:1:51440	admin	200		887.25 ms
08:53:00.326	0:0:0:0:0:0:0:1:51442	admin	REQUEST	[GET] http://localhost:8984/inspection
08:53:01.253	0:0:0:0:0:0:0:1:51442	admin	200		926.72 ms
08:53:05.637	0:0:0:0:0:0:0:1:51442	admin	REQUEST	[GET] http://localhost:8984/inspection/module/3E0C8E65EFBBD55CE1C32BDDEDB60728
08:53:06.536	0:0:0:0:0:0:0:1:51442	admin	200		895.33 ms
09:03:41.320	0:0:0:0:0:0:0:1:54170	admin	REQUEST	[GET] http://localhost:8984/inspection/module/3E0C8E65EFBBD55CE1C32BDDEDB60728
09:03:42.577	0:0:0:0:0:0:0:1:54170	admin	200		1258.93 ms
09:03:46.724	0:0:0:0:0:0:0:1:54171	admin	REQUEST	[GET] http://localhost:8984/inspection
09:03:47.773	0:0:0:0:0:0:0:1:54171	admin	200		1050.29 ms
09:03:49.949	0:0:0:0:0:0:0:1:54171	admin	REQUEST	[GET] http://localhost:8984/inspection/module/3FD5148ACD86851555BEA9521A70162D
09:03:50.827	0:0:0:0:0:0:0:1:54171	admin	200		879.06 ms
09:04:01.024	0:0:0:0:0:0:0:1:54171	admin	REQUEST	[GET] http://localhost:8984/inspection/module/3FD5148ACD86851555BEA9521A70162D
09:04:01.930	0:0:0:0:0:0:0:1:54171	admin	200		906.58 ms
09:04:04.316	0:0:0:0:0:0:0:1:54171	admin	REQUEST	[GET] http://localhost:8984/inspection
09:04:05.413	0:0:0:0:0:0:0:1:54171	admin	200		1098.33 ms
09:04:06.892	0:0:0:0:0:0:0:1:54171	admin	REQUEST	[GET] http://localhost:8984/inspection/module/38B5276D1172F3D3DFF73E57CD60BECF
09:04:07.857	0:0:0:0:0:0:0:1:54171	admin	200		964.89 ms
11:03:48.977	0:0:0:0:0:0:0:1:54557	admin	REQUEST	[GET] http://localhost:8984/inspection/module/38B5276D1172F3D3DFF73E57CD60BECF
11:03:50.004	0:0:0:0:0:0:0:1:54557	admin	200		1026.87 ms
11:04:00.329	0:0:0:0:0:0:0:1:54558	admin	REQUEST	[GET] http://localhost:8984/inspection/module/38B5276D1172F3D3DFF73E57CD60BECF
11:04:01.281	0:0:0:0:0:0:0:1:54558	admin	200		952.19 ms
11:04:04.468	0:0:0:0:0:0:0:1:54561	admin	REQUEST	[GET] http://localhost:8984/inspection
11:04:05.473	0:0:0:0:0:0:0:1:54561	admin	200		1005.78 ms
11:04:07.578	0:0:0:0:0:0:0:1:54561	admin	REQUEST	[GET] http://localhost:8984/inspection/module/B3CA944AF29E1779CC48BB9486995854
11:04:08.417	0:0:0:0:0:0:0:1:54561	admin	200		825.95 ms
11:06:15.152	0:0:0:0:0:0:0:1:54575	admin	REQUEST	[GET] http://localhost:8984/inspection/module/B3CA944AF29E1779CC48BB9486995854
11:06:16.083	0:0:0:0:0:0:0:1:54575	admin	200		931.92 ms
11:06:25.960	0:0:0:0:0:0:0:1:54580	admin	REQUEST	[GET] http://localhost:8984/inspection/module/B3CA944AF29E1779CC48BB9486995854
11:06:26.789	0:0:0:0:0:0:0:1:54580	admin	200		829.79 ms
11:06:28.723	0:0:0:0:0:0:0:1:54575	admin	REQUEST	[GET] http://localhost:8984/inspection
11:06:29.719	0:0:0:0:0:0:0:1:54575	admin	200		996.18 ms
11:06:32.898	0:0:0:0:0:0:0:1:54575	admin	REQUEST	[GET] http://localhost:8984/inspection/module/3BD2E6B08C8FCC45AB72DE4C6F1941FB
11:06:33.760	0:0:0:0:0:0:0:1:54575	admin	200		851.22 ms
11:06:43.548	0:0:0:0:0:0:0:1:54575	admin	REQUEST	[GET] http://localhost:8984/inspection/module/3BD2E6B08C8FCC45AB72DE4C6F1941FB
11:06:44.392	0:0:0:0:0:0:0:1:54575	admin	200		844.18 ms
11:06:46.444	0:0:0:0:0:0:0:1:54580	admin	REQUEST	[GET] http://localhost:8984/inspection
11:06:47.545	0:0:0:0:0:0:0:1:54580	admin	200		1101.19 ms
11:06:49.248	0:0:0:0:0:0:0:1:54580	admin	REQUEST	[GET] http://localhost:8984/inspection/module/AE46A88C7D5728F12A5A196A0DDF5249
11:06:50.093	0:0:0:0:0:0:0:1:54580	admin	200		844.53 ms
11:09:23.012	0:0:0:0:0:0:0:1:54598	admin	REQUEST	[GET] http://localhost:8984/requirements-manager
11:09:23.351	0:0:0:0:0:0:0:1:54598	admin	200		339.56 ms
11:10:13.732	0:0:0:0:0:0:0:1:54598	admin	REQUEST	[GET] http://localhost:8984/requirements-manager
11:10:13.898	0:0:0:0:0:0:0:1:54598	admin	200		166.67 ms
11:10:39.639	0:0:0:0:0:0:0:1:54604	admin	REQUEST	[GET] http://localhost:8984/requirements-manager
11:10:39.836	0:0:0:0:0:0:0:1:54604	admin	200		196.14 ms
11:12:13.712	0:0:0:0:0:0:0:1:54623	admin	REQUEST	[GET] http://localhost:8984/care
11:12:13.807	0:0:0:0:0:0:0:1:54623	admin	200		94.89 ms
11:12:15.644	0:0:0:0:0:0:0:1:54623	admin	REQUEST	[GET] http://localhost:8984/inspection
11:12:16.512	0:0:0:0:0:0:0:1:54623	admin	200		868.15 ms
11:12:18.369	0:0:0:0:0:0:0:1:54623	admin	REQUEST	[GET] http://localhost:8984/inspection/module/AE46A88C7D5728F12A5A196A0DDF5249
11:12:19.288	0:0:0:0:0:0:0:1:54623	admin	200		910.34 ms
11:12:28.654	0:0:0:0:0:0:0:1:54623	admin	REQUEST	[GET] http://localhost:8984/inspection/module/AE46A88C7D5728F12A5A196A0DDF5249
11:12:29.557	0:0:0:0:0:0:0:1:54623	admin	200		903.32 ms
11:12:31.765	0:0:0:0:0:0:0:1:54625	admin	REQUEST	[GET] http://localhost:8984/inspection
11:12:32.706	0:0:0:0:0:0:0:1:54625	admin	200		941.37 ms
11:12:34.646	0:0:0:0:0:0:0:1:54625	admin	REQUEST	[GET] http://localhost:8984/inspection/module/8D4F7F614D382D4C40DD997278228DF1
11:12:35.578	0:0:0:0:0:0:0:1:54625	admin	200		931.83 ms
11:13:47.869	0:0:0:0:0:0:0:1:54637	admin	REQUEST	[GET] http://localhost:8984/inspection/module/8D4F7F614D382D4C40DD997278228DF1
11:13:48.941	0:0:0:0:0:0:0:1:54637	admin	200		1072.59 ms
11:13:57.553	0:0:0:0:0:0:0:1:54637	admin	REQUEST	[GET] http://localhost:8984/inspection/module/8D4F7F614D382D4C40DD997278228DF1
11:13:58.573	0:0:0:0:0:0:0:1:54637	admin	200		1020.2 ms
11:14:00.311	0:0:0:0:0:0:0:1:54639	admin	REQUEST	[GET] http://localhost:8984/inspection
11:14:01.349	0:0:0:0:0:0:0:1:54639	admin	200		1038.02 ms
11:14:22.865	0:0:0:0:0:0:0:1:54639	admin	REQUEST	[GET] http://localhost:8984/inspection
11:14:24.117	0:0:0:0:0:0:0:1:54639	admin	200		1253.19 ms
11:14:44.899	0:0:0:0:0:0:0:1:54640	admin	REQUEST	[GET] http://localhost:8984/inspection
11:14:45.804	0:0:0:0:0:0:0:1:54640	admin	200		905.43 ms
11:14:50.370	0:0:0:0:0:0:0:1:54642	admin	REQUEST	[GET] http://localhost:8984/inspection
11:14:51.244	0:0:0:0:0:0:0:1:54642	admin	200		874.92 ms
11:14:57.558	0:0:0:0:0:0:0:1:54640	admin	REQUEST	[GET] http://localhost:8984/inspection
11:14:58.444	0:0:0:0:0:0:0:1:54640	admin	200		876.23 ms
11:15:12.275	0:0:0:0:0:0:0:1:54642	admin	REQUEST	[GET] http://localhost:8984/inspection
11:15:13.130	0:0:0:0:0:0:0:1:54642	admin	200		849.14 ms
11:15:20.929	0:0:0:0:0:0:0:1:54639	admin	REQUEST	[GET] http://localhost:8984/inspection/module/63353A9B40251CB61D3DDCBA9C2FE034
11:15:21.790	0:0:0:0:0:0:0:1:54639	admin	200		861.59 ms
11:16:32.770	0:0:0:0:0:0:0:1:54678	admin	REQUEST	[GET] http://localhost:8984/inspection/module/63353A9B40251CB61D3DDCBA9C2FE034
11:16:33.682	0:0:0:0:0:0:0:1:54678	admin	200		911.65 ms
11:23:20.833	0:0:0:0:0:0:0:1:54711	admin	REQUEST	[GET] http://localhost:8984/requirements-manager
11:23:20.980	0:0:0:0:0:0:0:1:54711	admin	200		147.28 ms
11:23:40.062	0:0:0:0:0:0:0:1:54711	admin	REQUEST	[GET] http://localhost:8984/requirements-manager/package/197886a4-83c4-44c2-bda7-8ca7281a8e64/81ae49fb-760c-43b6-ae39-b436bd200eb9
11:23:40.272	0:0:0:0:0:0:0:1:54711	admin	200		210.45 ms
11:23:43.832	0:0:0:0:0:0:0:1:54711	admin	REQUEST	[GET] http://localhost:8984/requirements-manager/assist/197886a4-83c4-44c2-bda7-8ca7281a8e64/81ae49fb-760c-43b6-ae39-b436bd200eb9/77e85ea9-c66a-44e5-8925-fc91ee4bf47d
11:23:44.163	0:0:0:0:0:0:0:1:54711	admin	200		319.41 ms
11:23:59.667	0:0:0:0:0:0:0:1:54711	admin	REQUEST	[GET] http://localhost:8984/requirements-manager/assist/197886a4-83c4-44c2-bda7-8ca7281a8e64/81ae49fb-760c-43b6-ae39-b436bd200eb9/77e85ea9-c66a-44e5-8925-fc91ee4bf47d?req-id=41e98992-27a8-4e50-92f6-ab5521c39001
11:23:59.913	0:0:0:0:0:0:0:1:54711	admin	200		247.0 ms
11:24:05.983	0:0:0:0:0:0:0:1:54711	admin	REQUEST	[POST] http://localhost:8984/restancil/save/197886a4-83c4-44c2-bda7-8ca7281a8e64/81ae49fb-760c-43b6-ae39-b436bd200eb9/77e85ea9-c66a-44e5-8925-fc91ee4bf47d?req-id=41e98992-27a8-4e50-92f6-ab5521c39001
11:24:06.207	0:0:0:0:0:0:0:1:54711	admin	200		224.89 ms
11:24:06.212	0:0:0:0:0:0:0:1:54711	admin	REQUEST	[GET] http://localhost:8984/requirements-manager/assist/197886a4-83c4-44c2-bda7-8ca7281a8e64/81ae49fb-760c-43b6-ae39-b436bd200eb9/77e85ea9-c66a-44e5-8925-fc91ee4bf47d
11:24:06.498	0:0:0:0:0:0:0:1:54711	admin	200		286.49 ms
11:24:17.410	0:0:0:0:0:0:0:1:54711	admin	REQUEST	[GET] http://localhost:8984/requirements-manager/package/197886a4-83c4-44c2-bda7-8ca7281a8e64/81ae49fb-760c-43b6-ae39-b436bd200eb9
11:24:17.567	0:0:0:0:0:0:0:1:54711	admin	200		157.18 ms
11:24:18.811	0:0:0:0:0:0:0:1:54711	admin	REQUEST	[GET] http://localhost:8984/requirements-manager
11:24:18.893	0:0:0:0:0:0:0:1:54711	admin	200		83.04 ms
11:25:37.497	0:0:0:0:0:0:0:1:54743	admin	REQUEST	[GET] http://localhost:8984/care
11:25:37.599	0:0:0:0:0:0:0:1:54743	admin	200		102.44 ms
11:25:39.984	0:0:0:0:0:0:0:1:54743	admin	REQUEST	[GET] http://localhost:8984/inspection
11:25:41.515	0:0:0:0:0:0:0:1:54743	admin	200		1530.26 ms
11:25:46.087	0:0:0:0:0:0:0:1:54743	admin	REQUEST	[GET] http://localhost:8984/inspection/module/AE46A88C7D5728F12A5A196A0DDF5249
11:25:46.945	0:0:0:0:0:0:0:1:54743	admin	200		858.26 ms
11:26:23.115	0:0:0:0:0:0:0:1:54743	admin	REQUEST	[GET] http://localhost:8984/inspection/module/AE46A88C7D5728F12A5A196A0DDF5249
11:26:23.979	0:0:0:0:0:0:0:1:54743	admin	200		858.16 ms
11:26:26.122	0:0:0:0:0:0:0:1:54750	admin	REQUEST	[GET] http://localhost:8984/requirements-manager
11:26:26.234	0:0:0:0:0:0:0:1:54750	admin	200		113.41 ms
11:26:30.945	0:0:0:0:0:0:0:1:54750	admin	REQUEST	[GET] http://localhost:8984/requirements-manager
11:26:31.080	0:0:0:0:0:0:0:1:54750	admin	400	Gestoppt in C:/Users/eckey/Google Drive/Masterarbeit/Software/Auslieferung/basex-8.2.1/basex/webapp/restxq/process-list.xqm, 39/36: [XPTY0004] Cannot promote element() to element(c:Packageh): element Package {...}. Stack Trace: - C:/Users/eckey/Google Drive/Masterarbeit/Software/Auslieferung/basex-8.2.1/basex/webapp/restxq/process-list.xqm, 39/36 - C:/Users/eckey/Google Drive/Masterarbeit/Software/Auslieferung/basex-8.2.1/basex/webapp/restxq/process-list.xqm, 26/12	136.07 ms
11:26:43.346	0:0:0:0:0:0:0:1:54750	admin	REQUEST	[GET] http://localhost:8984/requirements-manager
11:26:43.468	0:0:0:0:0:0:0:1:54750	admin	200		122.39 ms
11:27:20.540	0:0:0:0:0:0:0:1:54751	admin	REQUEST	[GET] http://localhost:8984/inspection/module/AE46A88C7D5728F12A5A196A0DDF5249
11:27:21.575	0:0:0:0:0:0:0:1:54751	admin	200		1034.85 ms
11:27:22.827	0:0:0:0:0:0:0:1:54749	admin	REQUEST	[GET] http://localhost:8984/requirements-manager
11:27:22.952	0:0:0:0:0:0:0:1:54749	admin	200		125.08 ms
11:27:39.334	0:0:0:0:0:0:0:1:54749	admin	REQUEST	[GET] http://localhost:8984/requirements-manager
11:27:39.486	0:0:0:0:0:0:0:1:54749	admin	400	Gestoppt in C:/Users/eckey/Google Drive/Masterarbeit/Software/Auslieferung/basex-8.2.1/basex/webapp/restxq/process-list.xqm, 54/18: [XPTY0004] Cannot promote element() to element(div): <div class="collapse-panel proce.... Stack Trace: - C:/Users/eckey/Google Drive/Masterarbeit/Software/Auslieferung/basex-8.2.1/basex/webapp/restxq/process-list.xqm, 39/36 - C:/Users/eckey/Google Drive/Masterarbeit/Software/Auslieferung/basex-8.2.1/basex/webapp/restxq/process-list.xqm, 26/12	152.33 ms
11:27:52.163	0:0:0:0:0:0:0:1:54749	admin	REQUEST	[GET] http://localhost:8984/requirements-manager
11:27:52.381	0:0:0:0:0:0:0:1:54749	admin	200		218.88 ms
11:32:45.205	0:0:0:0:0:0:0:1:54804	admin	REQUEST	[GET] http://localhost:8984/inspection/module/AE46A88C7D5728F12A5A196A0DDF5249
11:32:46.189	0:0:0:0:0:0:0:1:54804	admin	200		983.3 ms
11:33:35.820	0:0:0:0:0:0:0:1:54807	admin	REQUEST	[GET] http://localhost:8984/inspection/module/AE46A88C7D5728F12A5A196A0DDF5249
11:33:37.226	0:0:0:0:0:0:0:1:54807	admin	200		1406.74 ms
11:36:50.157	0:0:0:0:0:0:0:1:54831	admin	REQUEST	[GET] http://localhost:8984/inspection/module/AE46A88C7D5728F12A5A196A0DDF5249
11:36:51.090	0:0:0:0:0:0:0:1:54831	admin	200		932.96 ms
11:41:21.081	0:0:0:0:0:0:0:1:54849	admin	REQUEST	[GET] http://localhost:8984/inspection/module/AE46A88C7D5728F12A5A196A0DDF5249
11:41:22.062	0:0:0:0:0:0:0:1:54849	admin	200		981.63 ms
11:47:42.415	0:0:0:0:0:0:0:1:54875	admin	REQUEST	[GET] http://localhost:8984/inspection/module/AE46A88C7D5728F12A5A196A0DDF5249
11:47:43.625	0:0:0:0:0:0:0:1:54875	admin	200		1210.45 ms
11:48:03.108	0:0:0:0:0:0:0:1:54880	admin	REQUEST	[GET] http://localhost:8984/inspection/module/AE46A88C7D5728F12A5A196A0DDF5249
11:48:04.069	0:0:0:0:0:0:0:1:54880	admin	200		962.78 ms
11:48:31.915	0:0:0:0:0:0:0:1:54875	admin	REQUEST	[GET] http://localhost:8984/inspection/module/AE46A88C7D5728F12A5A196A0DDF5249
11:48:32.999	0:0:0:0:0:0:0:1:54875	admin	200		1073.02 ms
11:48:38.611	0:0:0:0:0:0:0:1:54875	admin	REQUEST	[GET] http://localhost:8984/inspection/module/AE46A88C7D5728F12A5A196A0DDF5249
11:48:39.477	0:0:0:0:0:0:0:1:54875	admin	200		867.01 ms
11:48:45.905	0:0:0:0:0:0:0:1:54875	admin	REQUEST	[GET] http://localhost:8984/inspection/module/AE46A88C7D5728F12A5A196A0DDF5249
11:48:46.782	0:0:0:0:0:0:0:1:54875	admin	200		876.35 ms
11:49:14.712	0:0:0:0:0:0:0:1:54877	admin	REQUEST	[GET] http://localhost:8984/inspection/module/AE46A88C7D5728F12A5A196A0DDF5249
11:49:15.587	0:0:0:0:0:0:0:1:54877	admin	200		876.49 ms
11:50:11.663	0:0:0:0:0:0:0:1:54877	admin	REQUEST	[GET] http://localhost:8984/inspection/module/AE46A88C7D5728F12A5A196A0DDF5249
11:50:12.822	0:0:0:0:0:0:0:1:54877	admin	200		1159.17 ms
12:28:33.605	0:0:0:0:0:0:0:1:55045	admin	REQUEST	[GET] http://localhost:8984/inspection/module/AE46A88C7D5728F12A5A196A0DDF5249
12:28:34.595	0:0:0:0:0:0:0:1:55045	admin	200		990.13 ms
12:29:17.287	0:0:0:0:0:0:0:1:55048	admin	REQUEST	[GET] http://localhost:8984/inspection/module/AE46A88C7D5728F12A5A196A0DDF5249
12:29:18.256	0:0:0:0:0:0:0:1:55048	admin	400	Gestoppt in C:/Users/eckey/Google Drive/Masterarbeit/Software/Auslieferung/basex-8.2.1/basex/repo/org/basex/modules/inspection/inspection.xqm, 148/41: [XPTY0004] Item expected, sequence found: (element xqdoc:name {...}, ...). Stack Trace: - C:/Users/eckey/Google Drive/Masterarbeit/Software/Auslieferung/basex-8.2.1/basex/webapp/restxq/inspection/inspection-module.xqm, 176/34 - C:/Users/eckey/Google Drive/Masterarbeit/Software/Auslieferung/basex-8.2.1/basex/webapp/restxq/inspection/inspection-module.xqm, 122/48 - C:/Users/eckey/Google Drive/Masterarbeit/Software/Auslieferung/basex-8.2.1/basex/webapp/restxq/inspection/inspection-module.xqm, 26/27	969.04 ms
12:31:03.598	0:0:0:0:0:0:0:1:55070	admin	REQUEST	[GET] http://localhost:8984/inspection/module/AE46A88C7D5728F12A5A196A0DDF5249
12:31:04.457	0:0:0:0:0:0:0:1:55070	admin	400	Gestoppt in C:/Users/eckey/Google Drive/Masterarbeit/Software/Auslieferung/basex-8.2.1/basex/repo/org/basex/modules/inspection/inspection.xqm, 148/41: [XPTY0004] Item expected, sequence found: (element xqdoc:name {...}, ...). Stack Trace: - C:/Users/eckey/Google Drive/Masterarbeit/Software/Auslieferung/basex-8.2.1/basex/webapp/restxq/inspection/inspection-module.xqm, 176/34 - C:/Users/eckey/Google Drive/Masterarbeit/Software/Auslieferung/basex-8.2.1/basex/webapp/restxq/inspection/inspection-module.xqm, 122/48 - C:/Users/eckey/Google Drive/Masterarbeit/Software/Auslieferung/basex-8.2.1/basex/webapp/restxq/inspection/inspection-module.xqm, 26/27	847.49 ms
12:31:08.692	0:0:0:0:0:0:0:1:55070	admin	REQUEST	[GET] http://localhost:8984/inspection/module/AE46A88C7D5728F12A5A196A0DDF5249
12:31:09.542	0:0:0:0:0:0:0:1:55070	admin	200		850.6 ms
12:31:21.204	0:0:0:0:0:0:0:1:55072	admin	REQUEST	[GET] http://localhost:8984/inspection/module/AE46A88C7D5728F12A5A196A0DDF5249
12:31:22.139	0:0:0:0:0:0:0:1:55072	admin	400	Gestoppt in C:/Users/eckey/Google Drive/Masterarbeit/Software/Auslieferung/basex-8.2.1/basex/repo/org/basex/modules/inspection/inspection.xqm, 148/41: [XPTY0004] Item expected, sequence found: (element xqdoc:name {...}, ...). Stack Trace: - C:/Users/eckey/Google Drive/Masterarbeit/Software/Auslieferung/basex-8.2.1/basex/webapp/restxq/inspection/inspection-module.xqm, 176/34 - C:/Users/eckey/Google Drive/Masterarbeit/Software/Auslieferung/basex-8.2.1/basex/webapp/restxq/inspection/inspection-module.xqm, 122/48 - C:/Users/eckey/Google Drive/Masterarbeit/Software/Auslieferung/basex-8.2.1/basex/webapp/restxq/inspection/inspection-module.xqm, 26/27	929.3 ms
12:31:52.775	0:0:0:0:0:0:0:1:55072	admin	REQUEST	[GET] http://localhost:8984/inspection/module/AE46A88C7D5728F12A5A196A0DDF5249
12:31:53.697	0:0:0:0:0:0:0:1:55072	admin	400	Gestoppt in C:/Users/eckey/Google Drive/Masterarbeit/Software/Auslieferung/basex-8.2.1/basex/repo/org/basex/modules/inspection/inspection.xqm, 148/41: [XPTY0004] Item expected, sequence found: (element xqdoc:name {...}, ...). Stack Trace: - C:/Users/eckey/Google Drive/Masterarbeit/Software/Auslieferung/basex-8.2.1/basex/webapp/restxq/inspection/inspection-module.xqm, 176/34 - C:/Users/eckey/Google Drive/Masterarbeit/Software/Auslieferung/basex-8.2.1/basex/webapp/restxq/inspection/inspection-module.xqm, 122/48 - C:/Users/eckey/Google Drive/Masterarbeit/Software/Auslieferung/basex-8.2.1/basex/webapp/restxq/inspection/inspection-module.xqm, 26/27	921.51 ms
12:32:07.214	0:0:0:0:0:0:0:1:55072	admin	REQUEST	[GET] http://localhost:8984/inspection/module/AE46A88C7D5728F12A5A196A0DDF5249
12:32:08.189	0:0:0:0:0:0:0:1:55072	admin	400	Gestoppt in C:/Users/eckey/Google Drive/Masterarbeit/Software/Auslieferung/basex-8.2.1/basex/repo/org/basex/modules/inspection/inspection.xqm, 148/41: [XPTY0004] Item expected, sequence found: (element xqdoc:name {...}, ...). Stack Trace: - C:/Users/eckey/Google Drive/Masterarbeit/Software/Auslieferung/basex-8.2.1/basex/webapp/restxq/inspection/inspection-module.xqm, 176/34 - C:/Users/eckey/Google Drive/Masterarbeit/Software/Auslieferung/basex-8.2.1/basex/webapp/restxq/inspection/inspection-module.xqm, 122/48 - C:/Users/eckey/Google Drive/Masterarbeit/Software/Auslieferung/basex-8.2.1/basex/webapp/restxq/inspection/inspection-module.xqm, 26/27	975.12 ms
12:32:13.181	0:0:0:0:0:0:0:1:55072	admin	REQUEST	[GET] http://localhost:8984/inspection/module/AE46A88C7D5728F12A5A196A0DDF5249
12:32:14.213	0:0:0:0:0:0:0:1:55072	admin	400	Gestoppt in C:/Users/eckey/Google Drive/Masterarbeit/Software/Auslieferung/basex-8.2.1/basex/repo/org/basex/modules/inspection/inspection.xqm, 148/41: [XPTY0004] Item expected, sequence found: (element xqdoc:name {...}, ...). Stack Trace: - C:/Users/eckey/Google Drive/Masterarbeit/Software/Auslieferung/basex-8.2.1/basex/webapp/restxq/inspection/inspection-module.xqm, 176/34 - C:/Users/eckey/Google Drive/Masterarbeit/Software/Auslieferung/basex-8.2.1/basex/webapp/restxq/inspection/inspection-module.xqm, 122/48 - C:/Users/eckey/Google Drive/Masterarbeit/Software/Auslieferung/basex-8.2.1/basex/webapp/restxq/inspection/inspection-module.xqm, 26/27	1032.6 ms
12:32:18.427	0:0:0:0:0:0:0:1:55072	admin	REQUEST	[GET] http://localhost:8984/inspection/module/AE46A88C7D5728F12A5A196A0DDF5249
12:32:19.313	0:0:0:0:0:0:0:1:55072	admin	400	Gestoppt in C:/Users/eckey/Google Drive/Masterarbeit/Software/Auslieferung/basex-8.2.1/basex/repo/org/basex/modules/inspection/inspection.xqm, 148/41: [XPTY0004] Item expected, sequence found: (element xqdoc:name {...}, ...). Stack Trace: - C:/Users/eckey/Google Drive/Masterarbeit/Software/Auslieferung/basex-8.2.1/basex/webapp/restxq/inspection/inspection-module.xqm, 176/34 - C:/Users/eckey/Google Drive/Masterarbeit/Software/Auslieferung/basex-8.2.1/basex/webapp/restxq/inspection/inspection-module.xqm, 122/48 - C:/Users/eckey/Google Drive/Masterarbeit/Software/Auslieferung/basex-8.2.1/basex/webapp/restxq/inspection/inspection-module.xqm, 26/27	877.27 ms
12:32:50.582	0:0:0:0:0:0:0:1:55072	admin	REQUEST	[GET] http://localhost:8984/inspection/module/AE46A88C7D5728F12A5A196A0DDF5249
12:32:51.466	0:0:0:0:0:0:0:1:55072	admin	400	Gestoppt in C:/Users/eckey/Google Drive/Masterarbeit/Software/Auslieferung/basex-8.2.1/basex/repo/org/basex/modules/inspection/inspection.xqm, 148/41: [XPTY0004] Item expected, sequence found: (element xqdoc:name {...}, ...). Stack Trace: - C:/Users/eckey/Google Drive/Masterarbeit/Software/Auslieferung/basex-8.2.1/basex/webapp/restxq/inspection/inspection-module.xqm, 176/34 - C:/Users/eckey/Google Drive/Masterarbeit/Software/Auslieferung/basex-8.2.1/basex/webapp/restxq/inspection/inspection-module.xqm, 122/48 - C:/Users/eckey/Google Drive/Masterarbeit/Software/Auslieferung/basex-8.2.1/basex/webapp/restxq/inspection/inspection-module.xqm, 26/27	883.98 ms
12:32:57.030	0:0:0:0:0:0:0:1:55072	admin	REQUEST	[GET] http://localhost:8984/inspection/module/AE46A88C7D5728F12A5A196A0DDF5249
12:32:57.822	0:0:0:0:0:0:0:1:55072	admin	400	Gestoppt in C:/Users/eckey/Google Drive/Masterarbeit/Software/Auslieferung/basex-8.2.1/basex/repo/org/basex/modules/inspection/inspection.xqm, 148/41: [XPTY0004] Item expected, sequence found: (element xqdoc:name {...}, ...). Stack Trace: - C:/Users/eckey/Google Drive/Masterarbeit/Software/Auslieferung/basex-8.2.1/basex/webapp/restxq/inspection/inspection-module.xqm, 176/34 - C:/Users/eckey/Google Drive/Masterarbeit/Software/Auslieferung/basex-8.2.1/basex/webapp/restxq/inspection/inspection-module.xqm, 122/48 - C:/Users/eckey/Google Drive/Masterarbeit/Software/Auslieferung/basex-8.2.1/basex/webapp/restxq/inspection/inspection-module.xqm, 26/27	791.46 ms
12:33:03.737	0:0:0:0:0:0:0:1:55072	admin	REQUEST	[GET] http://localhost:8984/inspection/module/AE46A88C7D5728F12A5A196A0DDF5249
12:33:04.577	0:0:0:0:0:0:0:1:55072	admin	400	Gestoppt in C:/Users/eckey/Google Drive/Masterarbeit/Software/Auslieferung/basex-8.2.1/basex/repo/org/basex/modules/inspection/inspection.xqm, 148/41: [XPTY0004] Item expected, sequence found: (element xqdoc:name {...}, ...). Stack Trace: - C:/Users/eckey/Google Drive/Masterarbeit/Software/Auslieferung/basex-8.2.1/basex/webapp/restxq/inspection/inspection-module.xqm, 176/34 - C:/Users/eckey/Google Drive/Masterarbeit/Software/Auslieferung/basex-8.2.1/basex/webapp/restxq/inspection/inspection-module.xqm, 122/48 - C:/Users/eckey/Google Drive/Masterarbeit/Software/Auslieferung/basex-8.2.1/basex/webapp/restxq/inspection/inspection-module.xqm, 26/27	841.22 ms
12:33:28.427	0:0:0:0:0:0:0:1:55072	admin	REQUEST	[GET] http://localhost:8984/inspection/module/AE46A88C7D5728F12A5A196A0DDF5249
12:33:29.256	0:0:0:0:0:0:0:1:55072	admin	200		829.92 ms
12:34:05.435	0:0:0:0:0:0:0:1:55115	admin	REQUEST	[GET] http://localhost:8984/inspection/module/AE46A88C7D5728F12A5A196A0DDF5249
12:34:06.284	0:0:0:0:0:0:0:1:55115	admin	200		848.58 ms
12:35:01.219	0:0:0:0:0:0:0:1:55118	admin	REQUEST	[GET] http://localhost:8984/inspection/module/AE46A88C7D5728F12A5A196A0DDF5249
12:35:02.101	0:0:0:0:0:0:0:1:55118	admin	200		881.47 ms
12:53:00.809	0:0:0:0:0:0:0:1:55628	admin	REQUEST	[GET] http://localhost:8984/inspection/module/AE46A88C7D5728F12A5A196A0DDF5249
12:53:01.826	0:0:0:0:0:0:0:1:55628	admin	400	Gestoppt in C:/Users/eckey/Google Drive/Masterarbeit/Software/Auslieferung/basex-8.2.1/basex/webapp/restxq/inspection/inspection-module.xqm, 222/18: [FODC0006] SAX: "file:///C:/Users/eckey/Google%20Drive/Masterarbeit/Software/Auslieferung/basex-8.2.1/basex/webapp/restxq/inspection/inspection-module.xqm" (Zeile 1): Content ist nicht zulässig in Prolog. Stack Trace: - C:/Users/eckey/Google Drive/Masterarbeit/Software/Auslieferung/basex-8.2.1/basex/webapp/restxq/inspection/inspection-module.xqm, 176/34 - C:/Users/eckey/Google Drive/Masterarbeit/Software/Auslieferung/basex-8.2.1/basex/webapp/restxq/inspection/inspection-module.xqm, 122/48 - C:/Users/eckey/Google Drive/Masterarbeit/Software/Auslieferung/basex-8.2.1/basex/webapp/restxq/inspection/inspection-module.xqm, 26/27	1016.77 ms
12:53:26.999	0:0:0:0:0:0:0:1:55628	admin	REQUEST	[GET] http://localhost:8984/inspection/module/AE46A88C7D5728F12A5A196A0DDF5249
12:53:27.983	0:0:0:0:0:0:0:1:55628	admin	200		984.04 ms
12:54:08.868	0:0:0:0:0:0:0:1:55634	admin	REQUEST	[GET] http://localhost:8984/inspection
12:54:10.057	0:0:0:0:0:0:0:1:55634	admin	200		1189.28 ms
12:54:17.974	0:0:0:0:0:0:0:1:55634	admin	REQUEST	[GET] http://localhost:8984/inspection/module/8D6FA4E9BF066E576F3DAFE66004F69F
12:54:19.249	0:0:0:0:0:0:0:1:55634	admin	200		1273.83 ms
12:56:09.813	0:0:0:0:0:0:0:1:55651	admin	REQUEST	[GET] http://localhost:8984/inspection/module/8D6FA4E9BF066E576F3DAFE66004F69F
12:56:10.879	0:0:0:0:0:0:0:1:55651	admin	200		1066.12 ms
12:56:13.191	0:0:0:0:0:0:0:1:55651	admin	REQUEST	[GET] http://localhost:8984/inspection
12:56:14.171	0:0:0:0:0:0:0:1:55651	admin	200		979.62 ms
12:56:25.321	0:0:0:0:0:0:0:1:55651	admin	REQUEST	[GET] http://localhost:8984/requirements-manager/delete-pkgs/197886a4-83c4-44c2-bda7-8ca7281a8e64
12:56:25.413	0:0:0:0:0:0:0:1:55651	admin	200		92.19 ms
12:56:25.419	0:0:0:0:0:0:0:1:55651	admin	REQUEST	[GET] http://localhost:8984/requirements-manager
12:56:25.535	0:0:0:0:0:0:0:1:55651	admin	200		114.96 ms
12:56:51.371	0:0:0:0:0:0:0:1:55651	admin	REQUEST	[POST] http://localhost:8984/data/upload
12:56:51.961	0:0:0:0:0:0:0:1:55651	admin	200		592.26 ms
12:56:51.975	0:0:0:0:0:0:0:1:55651	admin	REQUEST	[GET] http://localhost:8984/requirements-manager
12:56:52.177	0:0:0:0:0:0:0:1:55651	admin	200		202.73 ms
12:56:58.356	0:0:0:0:0:0:0:1:55651	admin	REQUEST	[POST] http://localhost:8984/data/upload
12:56:58.997	0:0:0:0:0:0:0:1:55651	admin	200		641.46 ms
12:56:59.002	0:0:0:0:0:0:0:1:55651	admin	REQUEST	[GET] http://localhost:8984/requirements-manager
12:56:59.500	0:0:0:0:0:0:0:1:55651	admin	200		498.83 ms
12:57:00.886	0:0:0:0:0:0:0:1:55651	admin	REQUEST	[GET] http://localhost:8984/requirements-manager/package/197886a4-83c4-44c2-bda7-8ca7281a8e64/1449a48a-669f-4c79-a5c7-2695676d0ac3
12:57:01.009	0:0:0:0:0:0:0:1:55651	admin	200		123.3 ms
12:57:02.947	0:0:0:0:0:0:0:1:55651	admin	REQUEST	[GET] http://localhost:8984/requirements-manager/assist/197886a4-83c4-44c2-bda7-8ca7281a8e64/1449a48a-669f-4c79-a5c7-2695676d0ac3/d15b0b06-d63e-4386-b154-01b897953786
12:57:03.157	0:0:0:0:0:0:0:1:55651	admin	200		210.14 ms
12:57:10.912	0:0:0:0:0:0:0:1:55651	admin	REQUEST	[GET] http://localhost:8984/requirements-manager
12:57:11.018	0:0:0:0:0:0:0:1:55651	admin	200		106.99 ms
12:57:12.794	0:0:0:0:0:0:0:1:55651	admin	REQUEST	[GET] http://localhost:8984/requirements-manager/package/197886a4-83c4-44c2-bda7-8ca7281a8e64/80f0a9cf-a477-43a5-bdff-d8bd8be5041b
12:57:12.870	0:0:0:0:0:0:0:1:55651	admin	200		76.02 ms
12:57:13.359	0:0:0:0:0:0:0:1:55651	admin	REQUEST	[GET] http://localhost:8984/requirements-manager/assist/197886a4-83c4-44c2-bda7-8ca7281a8e64/80f0a9cf-a477-43a5-bdff-d8bd8be5041b/1a53812d-5be8-4ad0-9538-d214303dc8da
12:57:13.565	0:0:0:0:0:0:0:1:55651	admin	200		206.99 ms
12:57:17.917	0:0:0:0:0:0:0:1:55651	admin	REQUEST	[GET] http://localhost:8984/requirements-manager/assist/197886a4-83c4-44c2-bda7-8ca7281a8e64/80f0a9cf-a477-43a5-bdff-d8bd8be5041b/d15b0b06-d63e-4386-b154-01b897953786
12:57:18.127	0:0:0:0:0:0:0:1:55651	admin	200		209.24 ms
12:57:47.269	0:0:0:0:0:0:0:1:55651	admin	REQUEST	[POST] http://localhost:8984/restancil/save/197886a4-83c4-44c2-bda7-8ca7281a8e64/80f0a9cf-a477-43a5-bdff-d8bd8be5041b/d15b0b06-d63e-4386-b154-01b897953786?
12:57:47.399	0:0:0:0:0:0:0:1:55651	admin	200		130.94 ms
12:57:47.406	0:0:0:0:0:0:0:1:55651	admin	REQUEST	[GET] http://localhost:8984/requirements-manager/assist/197886a4-83c4-44c2-bda7-8ca7281a8e64/80f0a9cf-a477-43a5-bdff-d8bd8be5041b/d15b0b06-d63e-4386-b154-01b897953786
12:57:47.713	0:0:0:0:0:0:0:1:55651	admin	200		307.56 ms
12:58:54.255	0:0:0:0:0:0:0:1:55726	admin	REQUEST	[GET] http://localhost:8984/requirements-manager/package/197886a4-83c4-44c2-bda7-8ca7281a8e64/80f0a9cf-a477-43a5-bdff-d8bd8be5041b
12:58:54.340	0:0:0:0:0:0:0:1:55726	admin	200		85.41 ms
12:58:55.808	0:0:0:0:0:0:0:1:55726	admin	REQUEST	[GET] http://localhost:8984/requirements-manager
12:58:55.906	0:0:0:0:0:0:0:1:55726	admin	200		98.81 ms
12:58:57.888	0:0:0:0:0:0:0:1:55726	admin	REQUEST	[GET] http://localhost:8984/requirements-manager/package/197886a4-83c4-44c2-bda7-8ca7281a8e64/80f0a9cf-a477-43a5-bdff-d8bd8be5041b
12:58:57.969	0:0:0:0:0:0:0:1:55726	admin	200		80.79 ms
12:58:59.782	0:0:0:0:0:0:0:1:55726	admin	REQUEST	[GET] http://localhost:8984/requirements-manager
12:58:59.857	0:0:0:0:0:0:0:1:55726	admin	200		75.66 ms
12:59:01.012	0:0:0:0:0:0:0:1:55726	admin	REQUEST	[GET] http://localhost:8984/requirements-manager/package/197886a4-83c4-44c2-bda7-8ca7281a8e64/1449a48a-669f-4c79-a5c7-2695676d0ac3
12:59:01.104	0:0:0:0:0:0:0:1:55726	admin	200		91.89 ms
12:59:02.445	0:0:0:0:0:0:0:1:55726	admin	REQUEST	[GET] http://localhost:8984/requirements-manager/assist/197886a4-83c4-44c2-bda7-8ca7281a8e64/1449a48a-669f-4c79-a5c7-2695676d0ac3/d15b0b06-d63e-4386-b154-01b897953786
12:59:02.616	0:0:0:0:0:0:0:1:55726	admin	200		171.22 ms
13:10:39.480	0:0:0:0:0:0:0:1:55769	admin	REQUEST	[GET] http://localhost:8984/requirements-manager/assist/197886a4-83c4-44c2-bda7-8ca7281a8e64/1449a48a-669f-4c79-a5c7-2695676d0ac3/d15b0b06-d63e-4386-b154-01b897953786
13:10:39.714	0:0:0:0:0:0:0:1:55769	admin	200		235.0 ms
13:13:34.045	0:0:0:0:0:0:0:1:55789	admin	REQUEST	[GET] http://localhost:8984/requirements-manager/assist/197886a4-83c4-44c2-bda7-8ca7281a8e64/1449a48a-669f-4c79-a5c7-2695676d0ac3/d15b0b06-d63e-4386-b154-01b897953786
13:13:34.266	0:0:0:0:0:0:0:1:55789	admin	200		221.79 ms
13:13:36.396	0:0:0:0:0:0:0:1:55793	admin	REQUEST	[GET] http://localhost:8984/requirements-manager/assist/197886a4-83c4-44c2-bda7-8ca7281a8e64/1449a48a-669f-4c79-a5c7-2695676d0ac3/d15b0b06-d63e-4386-b154-01b897953786
13:13:36.580	0:0:0:0:0:0:0:1:55793	admin	200		185.94 ms
13:13:48.028	0:0:0:0:0:0:0:1:55793	admin	REQUEST	[GET] http://localhost:8984/requirements-manager/assist/197886a4-83c4-44c2-bda7-8ca7281a8e64/1449a48a-669f-4c79-a5c7-2695676d0ac3/d15b0b06-d63e-4386-b154-01b897953786
13:13:48.193	0:0:0:0:0:0:0:1:55793	admin	200		164.88 ms
13:14:09.214	0:0:0:0:0:0:0:1:55793	admin	REQUEST	[GET] http://localhost:8984/requirements-manager/assist/197886a4-83c4-44c2-bda7-8ca7281a8e64/1449a48a-669f-4c79-a5c7-2695676d0ac3/d15b0b06-d63e-4386-b154-01b897953786
13:14:09.376	0:0:0:0:0:0:0:1:55793	admin	200		161.98 ms
13:14:45.351	0:0:0:0:0:0:0:1:55792	admin	REQUEST	[GET] http://localhost:8984/requirements-manager/assist/197886a4-83c4-44c2-bda7-8ca7281a8e64/1449a48a-669f-4c79-a5c7-2695676d0ac3/d15b0b06-d63e-4386-b154-01b897953786
13:14:45.492	0:0:0:0:0:0:0:1:55792	admin	200		141.63 ms
13:15:30.601	0:0:0:0:0:0:0:1:55789	admin	REQUEST	[GET] http://localhost:8984/requirements-manager/assist/197886a4-83c4-44c2-bda7-8ca7281a8e64/1449a48a-669f-4c79-a5c7-2695676d0ac3/d15b0b06-d63e-4386-b154-01b897953786
13:15:30.742	0:0:0:0:0:0:0:1:55789	admin	200		140.94 ms
13:15:58.901	0:0:0:0:0:0:0:1:55793	admin	REQUEST	[GET] http://localhost:8984/requirements-manager/assist/197886a4-83c4-44c2-bda7-8ca7281a8e64/1449a48a-669f-4c79-a5c7-2695676d0ac3/d15b0b06-d63e-4386-b154-01b897953786
13:15:59.064	0:0:0:0:0:0:0:1:55793	admin	200		156.31 ms
13:16:38.078	0:0:0:0:0:0:0:1:55790	admin	REQUEST	[GET] http://localhost:8984/requirements-manager/assist/197886a4-83c4-44c2-bda7-8ca7281a8e64/1449a48a-669f-4c79-a5c7-2695676d0ac3/d15b0b06-d63e-4386-b154-01b897953786
13:16:38.240	0:0:0:0:0:0:0:1:55790	admin	200		161.98 ms
13:19:33.151	0:0:0:0:0:0:0:1:55827	admin	REQUEST	[GET] http://localhost:8984/requirements-manager/assist/197886a4-83c4-44c2-bda7-8ca7281a8e64/1449a48a-669f-4c79-a5c7-2695676d0ac3/d15b0b06-d63e-4386-b154-01b897953786
13:19:33.303	0:0:0:0:0:0:0:1:55827	admin	200		149.12 ms
13:19:54.199	0:0:0:0:0:0:0:1:55827	admin	REQUEST	[GET] http://localhost:8984/requirements-manager/assist/197886a4-83c4-44c2-bda7-8ca7281a8e64/1449a48a-669f-4c79-a5c7-2695676d0ac3/d15b0b06-d63e-4386-b154-01b897953786
13:19:54.344	0:0:0:0:0:0:0:1:55827	admin	200		142.77 ms
13:20:39.685	0:0:0:0:0:0:0:1:55827	admin	REQUEST	[GET] http://localhost:8984/requirements-manager
13:20:39.776	0:0:0:0:0:0:0:1:55827	admin	200		91.14 ms
13:20:43.092	0:0:0:0:0:0:0:1:55827	admin	REQUEST	[GET] http://localhost:8984/requirements-manager/package/197886a4-83c4-44c2-bda7-8ca7281a8e64/80f0a9cf-a477-43a5-bdff-d8bd8be5041b
13:20:43.154	0:0:0:0:0:0:0:1:55827	admin	200		61.92 ms
13:20:44.616	0:0:0:0:0:0:0:1:55827	admin	REQUEST	[GET] http://localhost:8984/requirements-manager/assist/197886a4-83c4-44c2-bda7-8ca7281a8e64/80f0a9cf-a477-43a5-bdff-d8bd8be5041b/d15b0b06-d63e-4386-b154-01b897953786
13:20:44.741	0:0:0:0:0:0:0:1:55827	admin	200		124.93 ms
13:23:15.191	0:0:0:0:0:0:0:1:55851	admin	REQUEST	[GET] http://localhost:8984/requirements-manager/assist/197886a4-83c4-44c2-bda7-8ca7281a8e64/1449a48a-669f-4c79-a5c7-2695676d0ac3/d15b0b06-d63e-4386-b154-01b897953786
13:23:15.312	0:0:0:0:0:0:0:1:55851	admin	400	Gestoppt in C:/Users/eckey/Google Drive/Masterarbeit/Software/Auslieferung/basex-8.2.1/basex/repo/org/basex/modules/consistency-manager.xqm, 163/47: [XPTY0020] @Type: node expected as input, xs:string found: "brge: ". Stack Trace: - C:/Users/eckey/Google Drive/Masterarbeit/Software/Auslieferung/basex-8.2.1/basex/webapp/restxq/elicitation-assist.xqm, 51/66 - C:/Users/eckey/Google Drive/Masterarbeit/Software/Auslieferung/basex-8.2.1/basex/webapp/restxq/elicitation-assist.xqm, 45/12	121.78 ms
13:23:25.254	0:0:0:0:0:0:0:1:55851	admin	REQUEST	[GET] http://localhost:8984/requirements-manager/assist/197886a4-83c4-44c2-bda7-8ca7281a8e64/1449a48a-669f-4c79-a5c7-2695676d0ac3/d15b0b06-d63e-4386-b154-01b897953786
13:23:25.386	0:0:0:0:0:0:0:1:55851	admin	200		132.49 ms
13:29:36.371	0:0:0:0:0:0:0:1:55880	admin	REQUEST	[GET] http://localhost:8984/requirements-manager/assist/197886a4-83c4-44c2-bda7-8ca7281a8e64/1449a48a-669f-4c79-a5c7-2695676d0ac3/d15b0b06-d63e-4386-b154-01b897953786
13:29:36.522	0:0:0:0:0:0:0:1:55880	admin	200		150.3 ms
13:29:48.185	0:0:0:0:0:0:0:1:55885	admin	REQUEST	[GET] http://localhost:8984/requirements-manager/assist/197886a4-83c4-44c2-bda7-8ca7281a8e64/1449a48a-669f-4c79-a5c7-2695676d0ac3/d15b0b06-d63e-4386-b154-01b897953786
13:29:48.334	0:0:0:0:0:0:0:1:55885	admin	200		140.25 ms
13:30:00.904	0:0:0:0:0:0:0:1:55881	admin	REQUEST	[GET] http://localhost:8984/requirements-manager/assist/197886a4-83c4-44c2-bda7-8ca7281a8e64/1449a48a-669f-4c79-a5c7-2695676d0ac3/d15b0b06-d63e-4386-b154-01b897953786
13:30:01.052	0:0:0:0:0:0:0:1:55881	admin	200		148.86 ms
13:31:14.890	0:0:0:0:0:0:0:1:55900	admin	REQUEST	[GET] http://localhost:8984/requirements-manager/assist/197886a4-83c4-44c2-bda7-8ca7281a8e64/1449a48a-669f-4c79-a5c7-2695676d0ac3/d15b0b06-d63e-4386-b154-01b897953786
13:31:15.115	0:0:0:0:0:0:0:1:55900	admin	200		225.57 ms
13:32:17.566	0:0:0:0:0:0:0:1:55909	admin	REQUEST	[GET] http://localhost:8984/requirements-manager/assist/197886a4-83c4-44c2-bda7-8ca7281a8e64/1449a48a-669f-4c79-a5c7-2695676d0ac3/d15b0b06-d63e-4386-b154-01b897953786
13:32:17.865	0:0:0:0:0:0:0:1:55909	admin	200		284.96 ms
13:34:29.673	0:0:0:0:0:0:0:1:55921	admin	REQUEST	[GET] http://localhost:8984/requirements-manager/assist/197886a4-83c4-44c2-bda7-8ca7281a8e64/1449a48a-669f-4c79-a5c7-2695676d0ac3/d15b0b06-d63e-4386-b154-01b897953786
13:34:29.836	0:0:0:0:0:0:0:1:55921	admin	200		151.3 ms
13:35:05.440	0:0:0:0:0:0:0:1:55921	admin	REQUEST	[GET] http://localhost:8984/requirements-manager/assist/197886a4-83c4-44c2-bda7-8ca7281a8e64/1449a48a-669f-4c79-a5c7-2695676d0ac3/172bc894-eaab-49aa-bf32-40b947dede85
13:35:05.576	0:0:0:0:0:0:0:1:55921	admin	200		136.78 ms
13:35:08.332	0:0:0:0:0:0:0:1:55921	admin	REQUEST	[GET] http://localhost:8984/requirements-manager/assist/197886a4-83c4-44c2-bda7-8ca7281a8e64/1449a48a-669f-4c79-a5c7-2695676d0ac3/77e85ea9-c66a-44e5-8925-fc91ee4bf47d
13:35:08.495	0:0:0:0:0:0:0:1:55921	admin	200		162.73 ms
13:35:15.797	0:0:0:0:0:0:0:1:55921	admin	REQUEST	[GET] http://localhost:8984/requirements-manager/assist/197886a4-83c4-44c2-bda7-8ca7281a8e64/1449a48a-669f-4c79-a5c7-2695676d0ac3/1a53812d-5be8-4ad0-9538-d214303dc8da
13:35:15.959	0:0:0:0:0:0:0:1:55921	admin	200		162.31 ms
13:35:19.341	0:0:0:0:0:0:0:1:55921	admin	REQUEST	[GET] http://localhost:8984/requirements-manager/assist/197886a4-83c4-44c2-bda7-8ca7281a8e64/1449a48a-669f-4c79-a5c7-2695676d0ac3/77e85ea9-c66a-44e5-8925-fc91ee4bf47d
13:35:19.488	0:0:0:0:0:0:0:1:55921	admin	200		147.49 ms
13:35:21.201	0:0:0:0:0:0:0:1:55921	admin	REQUEST	[GET] http://localhost:8984/requirements-manager/assist/197886a4-83c4-44c2-bda7-8ca7281a8e64/1449a48a-669f-4c79-a5c7-2695676d0ac3/172bc894-eaab-49aa-bf32-40b947dede85
13:35:21.337	0:0:0:0:0:0:0:1:55921	admin	200		136.94 ms
13:35:25.952	0:0:0:0:0:0:0:1:55921	admin	REQUEST	[GET] http://localhost:8984/requirements-manager/assist/197886a4-83c4-44c2-bda7-8ca7281a8e64/1449a48a-669f-4c79-a5c7-2695676d0ac3/d15b0b06-d63e-4386-b154-01b897953786
13:35:26.102	0:0:0:0:0:0:0:1:55921	admin	200		151.06 ms
13:35:46.224	0:0:0:0:0:0:0:1:55921	admin	REQUEST	[GET] http://localhost:8984/requirements-manager/assist/197886a4-83c4-44c2-bda7-8ca7281a8e64/80f0a9cf-a477-43a5-bdff-d8bd8be5041b/172bc894-eaab-49aa-bf32-40b947dede85
13:35:46.376	0:0:0:0:0:0:0:1:55921	admin	200		152.1 ms
13:36:01.124	0:0:0:0:0:0:0:1:55921	admin	REQUEST	[POST] http://localhost:8984/restancil/save/197886a4-83c4-44c2-bda7-8ca7281a8e64/80f0a9cf-a477-43a5-bdff-d8bd8be5041b/172bc894-eaab-49aa-bf32-40b947dede85?
13:36:01.240	0:0:0:0:0:0:0:1:55921	admin	200		116.88 ms
13:36:01.245	0:0:0:0:0:0:0:1:55921	admin	REQUEST	[GET] http://localhost:8984/requirements-manager/assist/197886a4-83c4-44c2-bda7-8ca7281a8e64/80f0a9cf-a477-43a5-bdff-d8bd8be5041b/172bc894-eaab-49aa-bf32-40b947dede85
13:36:01.460	0:0:0:0:0:0:0:1:55921	admin	200		216.14 ms
13:36:10.071	0:0:0:0:0:0:0:1:55921	admin	REQUEST	[POST] http://localhost:8984/restancil/save/197886a4-83c4-44c2-bda7-8ca7281a8e64/80f0a9cf-a477-43a5-bdff-d8bd8be5041b/172bc894-eaab-49aa-bf32-40b947dede85?
13:36:10.250	0:0:0:0:0:0:0:1:55921	admin	200		179.37 ms
13:36:10.251	0:0:0:0:0:0:0:1:55921	admin	REQUEST	[GET] http://localhost:8984/requirements-manager/assist/197886a4-83c4-44c2-bda7-8ca7281a8e64/80f0a9cf-a477-43a5-bdff-d8bd8be5041b/172bc894-eaab-49aa-bf32-40b947dede85
13:36:10.480	0:0:0:0:0:0:0:1:55921	admin	200		229.7 ms
13:36:44.189	0:0:0:0:0:0:0:1:55921	admin	REQUEST	[GET] http://localhost:8984/requirements-manager/assist/197886a4-83c4-44c2-bda7-8ca7281a8e64/80f0a9cf-a477-43a5-bdff-d8bd8be5041b/172bc894-eaab-49aa-bf32-40b947dede85?req-id=55cbb541-e83a-44ed-af10-4d6fbf06f34e
13:36:44.397	0:0:0:0:0:0:0:1:55921	admin	200		208.99 ms
13:36:48.364	0:0:0:0:0:0:0:1:55921	admin	REQUEST	[POST] http://localhost:8984/restancil/save/197886a4-83c4-44c2-bda7-8ca7281a8e64/80f0a9cf-a477-43a5-bdff-d8bd8be5041b/172bc894-eaab-49aa-bf32-40b947dede85?req-id=55cbb541-e83a-44ed-af10-4d6fbf06f34e
13:36:48.488	0:0:0:0:0:0:0:1:55921	admin	200		123.62 ms
13:36:48.503	0:0:0:0:0:0:0:1:55921	admin	REQUEST	[GET] http://localhost:8984/requirements-manager/assist/197886a4-83c4-44c2-bda7-8ca7281a8e64/80f0a9cf-a477-43a5-bdff-d8bd8be5041b/172bc894-eaab-49aa-bf32-40b947dede85
13:36:48.812	0:0:0:0:0:0:0:1:55921	admin	200		309.17 ms
13:36:50.888	0:0:0:0:0:0:0:1:55921	admin	REQUEST	[GET] http://localhost:8984/requirements-manager/assist/197886a4-83c4-44c2-bda7-8ca7281a8e64/80f0a9cf-a477-43a5-bdff-d8bd8be5041b/1a53812d-5be8-4ad0-9538-d214303dc8da
13:36:51.120	0:0:0:0:0:0:0:1:55921	admin	200		231.3 ms
13:37:02.628	0:0:0:0:0:0:0:1:55921	admin	REQUEST	[POST] http://localhost:8984/restancil/save/197886a4-83c4-44c2-bda7-8ca7281a8e64/80f0a9cf-a477-43a5-bdff-d8bd8be5041b/1a53812d-5be8-4ad0-9538-d214303dc8da?
13:37:02.795	0:0:0:0:0:0:0:1:55921	admin	200		167.11 ms
13:37:02.797	0:0:0:0:0:0:0:1:55921	admin	REQUEST	[GET] http://localhost:8984/requirements-manager/assist/197886a4-83c4-44c2-bda7-8ca7281a8e64/80f0a9cf-a477-43a5-bdff-d8bd8be5041b/1a53812d-5be8-4ad0-9538-d214303dc8da
13:37:03.027	0:0:0:0:0:0:0:1:55921	admin	200		228.67 ms
13:37:15.072	0:0:0:0:0:0:0:1:55921	admin	REQUEST	[POST] http://localhost:8984/restancil/save/197886a4-83c4-44c2-bda7-8ca7281a8e64/80f0a9cf-a477-43a5-bdff-d8bd8be5041b/1a53812d-5be8-4ad0-9538-d214303dc8da?
13:37:15.180	0:0:0:0:0:0:0:1:55921	admin	200		107.18 ms
13:37:15.185	0:0:0:0:0:0:0:1:55921	admin	REQUEST	[GET] http://localhost:8984/requirements-manager/assist/197886a4-83c4-44c2-bda7-8ca7281a8e64/80f0a9cf-a477-43a5-bdff-d8bd8be5041b/1a53812d-5be8-4ad0-9538-d214303dc8da
13:37:15.330	0:0:0:0:0:0:0:1:55921	admin	200		145.61 ms
13:37:18.926	0:0:0:0:0:0:0:1:55921	admin	REQUEST	[GET] http://localhost:8984/requirements-manager/assist/197886a4-83c4-44c2-bda7-8ca7281a8e64/80f0a9cf-a477-43a5-bdff-d8bd8be5041b/1a53812d-5be8-4ad0-9538-d214303dc8da?req-id=ae560e2b-4904-4e4c-b0a4-0e491b4fbebb
13:37:19.051	0:0:0:0:0:0:0:1:55921	admin	200		125.95 ms
13:37:25.643	0:0:0:0:0:0:0:1:55921	admin	REQUEST	[POST] http://localhost:8984/restancil/save/197886a4-83c4-44c2-bda7-8ca7281a8e64/80f0a9cf-a477-43a5-bdff-d8bd8be5041b/1a53812d-5be8-4ad0-9538-d214303dc8da?req-id=ae560e2b-4904-4e4c-b0a4-0e491b4fbebb
13:37:25.757	0:0:0:0:0:0:0:1:55921	admin	200		113.33 ms
13:37:25.763	0:0:0:0:0:0:0:1:55921	admin	REQUEST	[GET] http://localhost:8984/requirements-manager/assist/197886a4-83c4-44c2-bda7-8ca7281a8e64/80f0a9cf-a477-43a5-bdff-d8bd8be5041b/1a53812d-5be8-4ad0-9538-d214303dc8da
13:37:26.043	0:0:0:0:0:0:0:1:55921	admin	200		281.15 ms
13:37:28.983	0:0:0:0:0:0:0:1:55921	admin	REQUEST	[GET] http://localhost:8984/requirements-manager/assist/197886a4-83c4-44c2-bda7-8ca7281a8e64/80f0a9cf-a477-43a5-bdff-d8bd8be5041b/1a53812d-5be8-4ad0-9538-d214303dc8da?req-id=9daf309f-6ffc-4310-88c2-beec697cffc2
13:37:29.131	0:0:0:0:0:0:0:1:55921	admin	200		148.36 ms
13:37:35.655	0:0:0:0:0:0:0:1:55921	admin	REQUEST	[POST] http://localhost:8984/restancil/save/197886a4-83c4-44c2-bda7-8ca7281a8e64/80f0a9cf-a477-43a5-bdff-d8bd8be5041b/1a53812d-5be8-4ad0-9538-d214303dc8da?req-id=9daf309f-6ffc-4310-88c2-beec697cffc2
13:37:35.754	0:0:0:0:0:0:0:1:55921	admin	200		99.17 ms
13:37:35.759	0:0:0:0:0:0:0:1:55921	admin	REQUEST	[GET] http://localhost:8984/requirements-manager/assist/197886a4-83c4-44c2-bda7-8ca7281a8e64/80f0a9cf-a477-43a5-bdff-d8bd8be5041b/1a53812d-5be8-4ad0-9538-d214303dc8da
13:37:35.945	0:0:0:0:0:0:0:1:55921	admin	200		186.79 ms
13:37:37.682	0:0:0:0:0:0:0:1:55921	admin	REQUEST	[GET] http://localhost:8984/requirements-manager/assist/197886a4-83c4-44c2-bda7-8ca7281a8e64/80f0a9cf-a477-43a5-bdff-d8bd8be5041b/b8a4cd2a-33b8-4ee2-950d-d81d4274efd6
13:37:37.810	0:0:0:0:0:0:0:1:55921	admin	200		127.76 ms
13:37:55.186	0:0:0:0:0:0:0:1:55921	admin	REQUEST	[POST] http://localhost:8984/restancil/save/197886a4-83c4-44c2-bda7-8ca7281a8e64/80f0a9cf-a477-43a5-bdff-d8bd8be5041b/b8a4cd2a-33b8-4ee2-950d-d81d4274efd6?
13:37:55.323	0:0:0:0:0:0:0:1:55921	admin	200		136.42 ms
13:37:55.327	0:0:0:0:0:0:0:1:55921	admin	REQUEST	[GET] http://localhost:8984/requirements-manager/assist/197886a4-83c4-44c2-bda7-8ca7281a8e64/80f0a9cf-a477-43a5-bdff-d8bd8be5041b/b8a4cd2a-33b8-4ee2-950d-d81d4274efd6
13:37:55.475	0:0:0:0:0:0:0:1:55921	admin	200		147.92 ms
13:37:57.485	0:0:0:0:0:0:0:1:55921	admin	REQUEST	[GET] http://localhost:8984/requirements-manager/package/197886a4-83c4-44c2-bda7-8ca7281a8e64/80f0a9cf-a477-43a5-bdff-d8bd8be5041b
13:37:57.541	0:0:0:0:0:0:0:1:55921	admin	200		56.7 ms
13:38:00.608	0:0:0:0:0:0:0:1:55921	admin	REQUEST	[GET] http://localhost:8984/requirements-manager
13:38:00.680	0:0:0:0:0:0:0:1:55921	admin	200		72.51 ms
13:38:04.493	0:0:0:0:0:0:0:1:55921	admin	REQUEST	[GET] http://localhost:8984/requirements-manager/assist/197886a4-83c4-44c2-bda7-8ca7281a8e64/1449a48a-669f-4c79-a5c7-2695676d0ac3/d15b0b06-d63e-4386-b154-01b897953786
13:38:04.633	0:0:0:0:0:0:0:1:55921	admin	200		138.88 ms
13:38:07.128	0:0:0:0:0:0:0:1:56016	admin	REQUEST	[GET] http://localhost:8984/requirements-manager/assist/197886a4-83c4-44c2-bda7-8ca7281a8e64/1449a48a-669f-4c79-a5c7-2695676d0ac3/172bc894-eaab-49aa-bf32-40b947dede85
13:38:07.272	0:0:0:0:0:0:0:1:56016	admin	200		144.54 ms
13:39:42.472	0:0:0:0:0:0:0:1:56030	admin	REQUEST	[GET] http://localhost:8984/requirements-manager/assist/197886a4-83c4-44c2-bda7-8ca7281a8e64/1449a48a-669f-4c79-a5c7-2695676d0ac3/172bc894-eaab-49aa-bf32-40b947dede85
13:39:42.784	0:0:0:0:0:0:0:1:56030	admin	200		311.33 ms
13:39:53.967	0:0:0:0:0:0:0:1:56033	admin	REQUEST	[GET] http://localhost:8984/requirements-manager/assist/197886a4-83c4-44c2-bda7-8ca7281a8e64/1449a48a-669f-4c79-a5c7-2695676d0ac3/172bc894-eaab-49aa-bf32-40b947dede85
13:39:54.149	0:0:0:0:0:0:0:1:56033	admin	200		181.5 ms
13:39:58.732	0:0:0:0:0:0:0:1:56032	admin	REQUEST	[GET] http://localhost:8984/glossary
13:39:58.779	0:0:0:0:0:0:0:1:56032	admin	200		47.18 ms
13:40:09.155	0:0:0:0:0:0:0:1:56032	admin	REQUEST	[POST] http://localhost:8984/glossary/insert
13:40:09.186	0:0:0:0:0:0:0:1:56032	admin	200		30.85 ms
13:40:09.192	0:0:0:0:0:0:0:1:56032	admin	REQUEST	[GET] http://localhost:8984/glossary
13:40:09.214	0:0:0:0:0:0:0:1:56032	admin	200		21.94 ms
13:40:10.602	0:0:0:0:0:0:0:1:56032	admin	REQUEST	[GET] http://localhost:8984/requirements-manager/assist/197886a4-83c4-44c2-bda7-8ca7281a8e64/1449a48a-669f-4c79-a5c7-2695676d0ac3/172bc894-eaab-49aa-bf32-40b947dede85
13:40:10.912	0:0:0:0:0:0:0:1:56032	admin	200		309.54 ms
13:40:28.395	0:0:0:0:0:0:0:1:56033	admin	REQUEST	[GET] http://localhost:8984/requirements-manager/assist/197886a4-83c4-44c2-bda7-8ca7281a8e64/1449a48a-669f-4c79-a5c7-2695676d0ac3/172bc894-eaab-49aa-bf32-40b947dede85
13:40:28.541	0:0:0:0:0:0:0:1:56033	admin	200		146.37 ms
13:41:21.643	0:0:0:0:0:0:0:1:56033	admin	REQUEST	[GET] http://localhost:8984/requirements-manager/assist/197886a4-83c4-44c2-bda7-8ca7281a8e64/1449a48a-669f-4c79-a5c7-2695676d0ac3/172bc894-eaab-49aa-bf32-40b947dede85
13:41:21.773	0:0:0:0:0:0:0:1:56033	admin	200		130.23 ms
13:42:01.713	0:0:0:0:0:0:0:1:56035	admin	REQUEST	[GET] http://localhost:8984/requirements-manager/assist/197886a4-83c4-44c2-bda7-8ca7281a8e64/1449a48a-669f-4c79-a5c7-2695676d0ac3/172bc894-eaab-49aa-bf32-40b947dede85
13:42:01.867	0:0:0:0:0:0:0:1:56035	admin	200		153.97 ms
13:45:03.259	0:0:0:0:0:0:0:1:56109	admin	REQUEST	[GET] http://localhost:8984/requirements-manager/assist/197886a4-83c4-44c2-bda7-8ca7281a8e64/1449a48a-669f-4c79-a5c7-2695676d0ac3/172bc894-eaab-49aa-bf32-40b947dede85
13:45:03.441	0:0:0:0:0:0:0:1:56109	admin	200		182.72 ms
13:51:11.610	0:0:0:0:0:0:0:1:56157	admin	REQUEST	[GET] http://localhost:8984/requirements-manager/assist/197886a4-83c4-44c2-bda7-8ca7281a8e64/1449a48a-669f-4c79-a5c7-2695676d0ac3/172bc894-eaab-49aa-bf32-40b947dede85
13:51:11.751	0:0:0:0:0:0:0:1:56157	admin	200		140.9 ms
13:52:15.718	0:0:0:0:0:0:0:1:56164	admin	REQUEST	[GET] http://localhost:8984/requirements-manager/assist/197886a4-83c4-44c2-bda7-8ca7281a8e64/1449a48a-669f-4c79-a5c7-2695676d0ac3/172bc894-eaab-49aa-bf32-40b947dede85
13:52:15.905	0:0:0:0:0:0:0:1:56164	admin	200		187.8 ms
13:52:22.507	0:0:0:0:0:0:0:1:56165	admin	REQUEST	[GET] http://localhost:8984/requirements-manager/assist/197886a4-83c4-44c2-bda7-8ca7281a8e64/1449a48a-669f-4c79-a5c7-2695676d0ac3/172bc894-eaab-49aa-bf32-40b947dede85
13:52:22.668	0:0:0:0:0:0:0:1:56165	admin	200		161.03 ms
13:57:25.645	0:0:0:0:0:0:0:1:56199	admin	REQUEST	[GET] http://localhost:8984/requirements-manager/assist/197886a4-83c4-44c2-bda7-8ca7281a8e64/1449a48a-669f-4c79-a5c7-2695676d0ac3/172bc894-eaab-49aa-bf32-40b947dede85
13:57:25.804	0:0:0:0:0:0:0:1:56199	admin	200		159.87 ms
13:58:35.293	0:0:0:0:0:0:0:1:56222	admin	REQUEST	[GET] http://localhost:8984/requirements-manager/assist/197886a4-83c4-44c2-bda7-8ca7281a8e64/1449a48a-669f-4c79-a5c7-2695676d0ac3/172bc894-eaab-49aa-bf32-40b947dede85
13:58:35.444	0:0:0:0:0:0:0:1:56222	admin	200		150.93 ms
14:02:55.931	0:0:0:0:0:0:0:1:56250	admin	REQUEST	[GET] http://localhost:8984/requirements-manager/assist/197886a4-83c4-44c2-bda7-8ca7281a8e64/1449a48a-669f-4c79-a5c7-2695676d0ac3/172bc894-eaab-49aa-bf32-40b947dede85
14:02:56.113	0:0:0:0:0:0:0:1:56250	admin	200		181.73 ms
14:03:34.182	0:0:0:0:0:0:0:1:56253	admin	REQUEST	[GET] http://localhost:8984/requirements-manager/assist/197886a4-83c4-44c2-bda7-8ca7281a8e64/1449a48a-669f-4c79-a5c7-2695676d0ac3/172bc894-eaab-49aa-bf32-40b947dede85
14:03:34.325	0:0:0:0:0:0:0:1:56253	admin	200		142.44 ms
14:09:44.752	0:0:0:0:0:0:0:1:56270	admin	REQUEST	[GET] http://localhost:8984/requirements-manager/assist/197886a4-83c4-44c2-bda7-8ca7281a8e64/1449a48a-669f-4c79-a5c7-2695676d0ac3/77e85ea9-c66a-44e5-8925-fc91ee4bf47d
14:09:44.903	0:0:0:0:0:0:0:1:56270	admin	200		151.15 ms
14:09:46.666	0:0:0:0:0:0:0:1:56270	admin	REQUEST	[GET] http://localhost:8984/requirements-manager/assist/197886a4-83c4-44c2-bda7-8ca7281a8e64/1449a48a-669f-4c79-a5c7-2695676d0ac3/1a53812d-5be8-4ad0-9538-d214303dc8da
14:09:46.803	0:0:0:0:0:0:0:1:56270	admin	400	Gestoppt in C:/Users/eckey/Google Drive/Masterarbeit/Software/Auslieferung/basex-8.2.1/basex/repo/org/basex/modules/care/view/info-view.xqm, 233/1: [XPTY0004] Item expected, sequence found: ( Operation="update", ...). Stack Trace: - C:/Users/eckey/Google Drive/Masterarbeit/Software/Auslieferung/basex-8.2.1/basex/repo/org/basex/modules/care/view/info-view.xqm, 33/28 - C:/Users/eckey/Google Drive/Masterarbeit/Software/Auslieferung/basex-8.2.1/basex/webapp/restxq/elicitation-assist.xqm, 45/12	137.61 ms
14:10:36.795	0:0:0:0:0:0:0:1:56270	admin	REQUEST	[GET] http://localhost:8984/requirements-manager/assist/197886a4-83c4-44c2-bda7-8ca7281a8e64/1449a48a-669f-4c79-a5c7-2695676d0ac3/1a53812d-5be8-4ad0-9538-d214303dc8da
14:10:36.932	0:0:0:0:0:0:0:1:56270	admin	400	Gestoppt in C:/Users/eckey/Google Drive/Masterarbeit/Software/Auslieferung/basex-8.2.1/basex/repo/org/basex/modules/care/view/info-view.xqm, 233/1: [XPTY0004] Item expected, sequence found: ( Operation="update", ...). Stack Trace: - C:/Users/eckey/Google Drive/Masterarbeit/Software/Auslieferung/basex-8.2.1/basex/repo/org/basex/modules/care/view/info-view.xqm, 33/28 - C:/Users/eckey/Google Drive/Masterarbeit/Software/Auslieferung/basex-8.2.1/basex/webapp/restxq/elicitation-assist.xqm, 45/12	137.02 ms
14:11:07.331	0:0:0:0:0:0:0:1:56270	admin	REQUEST	[GET] http://localhost:8984/requirements-manager/assist/197886a4-83c4-44c2-bda7-8ca7281a8e64/1449a48a-669f-4c79-a5c7-2695676d0ac3/1a53812d-5be8-4ad0-9538-d214303dc8da
14:11:07.484	0:0:0:0:0:0:0:1:56270	admin	400	Gestoppt in C:/Users/eckey/Google Drive/Masterarbeit/Software/Auslieferung/basex-8.2.1/basex/repo/org/basex/modules/care/view/info-view.xqm, 233/1: [XPTY0004] Item expected, sequence found: ( Operation="update", ...). Stack Trace: - C:/Users/eckey/Google Drive/Masterarbeit/Software/Auslieferung/basex-8.2.1/basex/repo/org/basex/modules/care/view/info-view.xqm, 33/28 - C:/Users/eckey/Google Drive/Masterarbeit/Software/Auslieferung/basex-8.2.1/basex/webapp/restxq/elicitation-assist.xqm, 45/12	153.16 ms
14:11:08.564	0:0:0:0:0:0:0:1:56270	admin	REQUEST	[GET] http://localhost:8984/requirements-manager/assist/197886a4-83c4-44c2-bda7-8ca7281a8e64/1449a48a-669f-4c79-a5c7-2695676d0ac3/1a53812d-5be8-4ad0-9538-d214303dc8da
14:11:08.703	0:0:0:0:0:0:0:1:56270	admin	400	Gestoppt in C:/Users/eckey/Google Drive/Masterarbeit/Software/Auslieferung/basex-8.2.1/basex/repo/org/basex/modules/care/view/info-view.xqm, 233/1: [XPTY0004] Item expected, sequence found: ( Operation="update", ...). Stack Trace: - C:/Users/eckey/Google Drive/Masterarbeit/Software/Auslieferung/basex-8.2.1/basex/repo/org/basex/modules/care/view/info-view.xqm, 33/28 - C:/Users/eckey/Google Drive/Masterarbeit/Software/Auslieferung/basex-8.2.1/basex/webapp/restxq/elicitation-assist.xqm, 45/12	131.7 ms
14:11:09.096	0:0:0:0:0:0:0:1:56270	admin	REQUEST	[GET] http://localhost:8984/requirements-manager/assist/197886a4-83c4-44c2-bda7-8ca7281a8e64/1449a48a-669f-4c79-a5c7-2695676d0ac3/1a53812d-5be8-4ad0-9538-d214303dc8da
14:11:09.240	0:0:0:0:0:0:0:1:56270	admin	400	Gestoppt in C:/Users/eckey/Google Drive/Masterarbeit/Software/Auslieferung/basex-8.2.1/basex/repo/org/basex/modules/care/view/info-view.xqm, 233/1: [XPTY0004] Item expected, sequence found: ( Operation="update", ...). Stack Trace: - C:/Users/eckey/Google Drive/Masterarbeit/Software/Auslieferung/basex-8.2.1/basex/repo/org/basex/modules/care/view/info-view.xqm, 33/28 - C:/Users/eckey/Google Drive/Masterarbeit/Software/Auslieferung/basex-8.2.1/basex/webapp/restxq/elicitation-assist.xqm, 45/12	135.86 ms
14:11:26.357	0:0:0:0:0:0:0:1:56270	admin	REQUEST	[GET] http://localhost:8984/requirements-manager/assist/197886a4-83c4-44c2-bda7-8ca7281a8e64/1449a48a-669f-4c79-a5c7-2695676d0ac3/1a53812d-5be8-4ad0-9538-d214303dc8da
14:11:26.495	0:0:0:0:0:0:0:1:56270	admin	400	Gestoppt in C:/Users/eckey/Google Drive/Masterarbeit/Software/Auslieferung/basex-8.2.1/basex/repo/org/basex/modules/care/view/info-view.xqm, 234/1: [XPTY0004] Item expected, sequence found: ( Operation="update", ...). Stack Trace: - C:/Users/eckey/Google Drive/Masterarbeit/Software/Auslieferung/basex-8.2.1/basex/repo/org/basex/modules/care/view/info-view.xqm, 33/28 - C:/Users/eckey/Google Drive/Masterarbeit/Software/Auslieferung/basex-8.2.1/basex/webapp/restxq/elicitation-assist.xqm, 45/12	131.03 ms
14:11:37.477	0:0:0:0:0:0:0:1:56270	admin	REQUEST	[GET] http://localhost:8984/requirements-manager/assist/197886a4-83c4-44c2-bda7-8ca7281a8e64/1449a48a-669f-4c79-a5c7-2695676d0ac3/1a53812d-5be8-4ad0-9538-d214303dc8da
14:11:37.626	0:0:0:0:0:0:0:1:56270	admin	400	Gestoppt in C:/Users/eckey/Google Drive/Masterarbeit/Software/Auslieferung/basex-8.2.1/basex/repo/org/basex/modules/care/view/info-view.xqm, 234/1: [XPTY0004] Item expected, sequence found: ( Operation="update", ...). Stack Trace: - C:/Users/eckey/Google Drive/Masterarbeit/Software/Auslieferung/basex-8.2.1/basex/repo/org/basex/modules/care/view/info-view.xqm, 33/28 - C:/Users/eckey/Google Drive/Masterarbeit/Software/Auslieferung/basex-8.2.1/basex/webapp/restxq/elicitation-assist.xqm, 45/12	149.39 ms
14:12:12.751	0:0:0:0:0:0:0:1:56270	admin	REQUEST	[GET] http://localhost:8984/requirements-manager/package/197886a4-83c4-44c2-bda7-8ca7281a8e64/1449a48a-669f-4c79-a5c7-2695676d0ac3
14:12:12.842	0:0:0:0:0:0:0:1:56270	admin	200		91.0 ms
14:12:14.049	0:0:0:0:0:0:0:1:56270	admin	REQUEST	[GET] http://localhost:8984/requirements-manager/assist/197886a4-83c4-44c2-bda7-8ca7281a8e64/1449a48a-669f-4c79-a5c7-2695676d0ac3/b8a4cd2a-33b8-4ee2-950d-d81d4274efd6
14:12:14.185	0:0:0:0:0:0:0:1:56270	admin	200		128.41 ms
14:12:15.827	0:0:0:0:0:0:0:1:56270	admin	REQUEST	[GET] http://localhost:8984/requirements-manager/package/197886a4-83c4-44c2-bda7-8ca7281a8e64/1449a48a-669f-4c79-a5c7-2695676d0ac3
14:12:15.897	0:0:0:0:0:0:0:1:56270	admin	200		68.62 ms
14:12:17.867	0:0:0:0:0:0:0:1:56270	admin	REQUEST	[GET] http://localhost:8984/requirements-manager/assist/197886a4-83c4-44c2-bda7-8ca7281a8e64/1449a48a-669f-4c79-a5c7-2695676d0ac3/77e85ea9-c66a-44e5-8925-fc91ee4bf47d
14:12:18.012	0:0:0:0:0:0:0:1:56270	admin	200		134.23 ms
14:12:19.369	0:0:0:0:0:0:0:1:56270	admin	REQUEST	[GET] http://localhost:8984/requirements-manager/package/197886a4-83c4-44c2-bda7-8ca7281a8e64/1449a48a-669f-4c79-a5c7-2695676d0ac3
14:12:19.454	0:0:0:0:0:0:0:1:56270	admin	200		84.92 ms
14:12:20.446	0:0:0:0:0:0:0:1:56270	admin	REQUEST	[GET] http://localhost:8984/requirements-manager/assist/197886a4-83c4-44c2-bda7-8ca7281a8e64/1449a48a-669f-4c79-a5c7-2695676d0ac3/d15b0b06-d63e-4386-b154-01b897953786
14:12:20.583	0:0:0:0:0:0:0:1:56270	admin	400	Gestoppt in C:/Users/eckey/Google Drive/Masterarbeit/Software/Auslieferung/basex-8.2.1/basex/repo/org/basex/modules/care/view/info-view.xqm, 233/1: [XPTY0004] Item expected, sequence found: ( Operation="update", ...). Stack Trace: - C:/Users/eckey/Google Drive/Masterarbeit/Software/Auslieferung/basex-8.2.1/basex/repo/org/basex/modules/care/view/info-view.xqm, 33/28 - C:/Users/eckey/Google Drive/Masterarbeit/Software/Auslieferung/basex-8.2.1/basex/webapp/restxq/elicitation-assist.xqm, 45/12	137.98 ms
14:12:34.033	0:0:0:0:0:0:0:1:56270	admin	REQUEST	[GET] http://localhost:8984/requirements-manager/package/197886a4-83c4-44c2-bda7-8ca7281a8e64/1449a48a-669f-4c79-a5c7-2695676d0ac3
14:12:34.120	0:0:0:0:0:0:0:1:56270	admin	200		87.54 ms
14:12:35.390	0:0:0:0:0:0:0:1:56301	admin	REQUEST	[GET] http://localhost:8984/requirements-manager/assist/197886a4-83c4-44c2-bda7-8ca7281a8e64/1449a48a-669f-4c79-a5c7-2695676d0ac3/d15b0b06-d63e-4386-b154-01b897953786
14:12:35.542	0:0:0:0:0:0:0:1:56301	admin	200		141.54 ms
14:14:33.591	0:0:0:0:0:0:0:1:56311	admin	REQUEST	[GET] http://localhost:8984/requirements-manager/assist/197886a4-83c4-44c2-bda7-8ca7281a8e64/1449a48a-669f-4c79-a5c7-2695676d0ac3/d15b0b06-d63e-4386-b154-01b897953786
14:14:33.747	0:0:0:0:0:0:0:1:56311	admin	200		156.1 ms
14:15:06.785	0:0:0:0:0:0:0:1:56312	admin	REQUEST	[GET] http://localhost:8984/requirements-manager/assist/197886a4-83c4-44c2-bda7-8ca7281a8e64/1449a48a-669f-4c79-a5c7-2695676d0ac3/d15b0b06-d63e-4386-b154-01b897953786
14:15:06.938	0:0:0:0:0:0:0:1:56312	admin	200		152.62 ms
14:15:16.938	0:0:0:0:0:0:0:1:56313	admin	REQUEST	[GET] http://localhost:8984/requirements-manager/assist/197886a4-83c4-44c2-bda7-8ca7281a8e64/1449a48a-669f-4c79-a5c7-2695676d0ac3/d15b0b06-d63e-4386-b154-01b897953786
14:15:17.076	0:0:0:0:0:0:0:1:56313	admin	200		132.37 ms
14:15:17.865	0:0:0:0:0:0:0:1:56311	admin	REQUEST	[GET] http://localhost:8984/requirements-manager/assist/197886a4-83c4-44c2-bda7-8ca7281a8e64/1449a48a-669f-4c79-a5c7-2695676d0ac3/d15b0b06-d63e-4386-b154-01b897953786
14:15:18.004	0:0:0:0:0:0:0:1:56311	admin	200		139.73 ms
14:15:18.703	0:0:0:0:0:0:0:1:56311	admin	REQUEST	[GET] http://localhost:8984/requirements-manager/assist/197886a4-83c4-44c2-bda7-8ca7281a8e64/1449a48a-669f-4c79-a5c7-2695676d0ac3/d15b0b06-d63e-4386-b154-01b897953786
14:15:18.852	0:0:0:0:0:0:0:1:56311	admin	200		150.08 ms
14:15:19.464	0:0:0:0:0:0:0:1:56315	admin	REQUEST	[GET] http://localhost:8984/requirements-manager/assist/197886a4-83c4-44c2-bda7-8ca7281a8e64/1449a48a-669f-4c79-a5c7-2695676d0ac3/d15b0b06-d63e-4386-b154-01b897953786
14:15:19.604	0:0:0:0:0:0:0:1:56315	admin	200		140.38 ms
14:15:21.746	0:0:0:0:0:0:0:1:56315	admin	REQUEST	[GET] http://localhost:8984/requirements-manager/assist/197886a4-83c4-44c2-bda7-8ca7281a8e64/1449a48a-669f-4c79-a5c7-2695676d0ac3/d15b0b06-d63e-4386-b154-01b897953786
14:15:21.920	0:0:0:0:0:0:0:1:56315	admin	200		174.76 ms
14:16:24.199	0:0:0:0:0:0:0:1:56327	admin	REQUEST	[GET] http://localhost:8984/requirements-manager/assist/197886a4-83c4-44c2-bda7-8ca7281a8e64/1449a48a-669f-4c79-a5c7-2695676d0ac3/d15b0b06-d63e-4386-b154-01b897953786
14:16:24.344	0:0:0:0:0:0:0:1:56327	admin	200		145.45 ms
14:16:47.915	0:0:0:0:0:0:0:1:56327	admin	REQUEST	[GET] http://localhost:8984/requirements-manager/assist/197886a4-83c4-44c2-bda7-8ca7281a8e64/1449a48a-669f-4c79-a5c7-2695676d0ac3/d15b0b06-d63e-4386-b154-01b897953786
14:16:48.043	0:0:0:0:0:0:0:1:56327	admin	200		128.68 ms
14:17:34.981	0:0:0:0:0:0:0:1:56332	admin	REQUEST	[GET] http://localhost:8984/requirements-manager/assist/197886a4-83c4-44c2-bda7-8ca7281a8e64/1449a48a-669f-4c79-a5c7-2695676d0ac3/172bc894-eaab-49aa-bf32-40b947dede85
14:17:35.113	0:0:0:0:0:0:0:1:56332	admin	200		131.54 ms
14:17:37.072	0:0:0:0:0:0:0:1:56332	admin	REQUEST	[GET] http://localhost:8984/requirements-manager/assist/197886a4-83c4-44c2-bda7-8ca7281a8e64/1449a48a-669f-4c79-a5c7-2695676d0ac3/77e85ea9-c66a-44e5-8925-fc91ee4bf47d
14:17:37.199	0:0:0:0:0:0:0:1:56332	admin	200		127.54 ms
14:17:38.836	0:0:0:0:0:0:0:1:56332	admin	REQUEST	[GET] http://localhost:8984/requirements-manager/assist/197886a4-83c4-44c2-bda7-8ca7281a8e64/1449a48a-669f-4c79-a5c7-2695676d0ac3/1a53812d-5be8-4ad0-9538-d214303dc8da
14:17:38.979	0:0:0:0:0:0:0:1:56332	admin	200		142.6 ms
14:21:11.696	0:0:0:0:0:0:0:1:56354	admin	REQUEST	[GET] http://localhost:8984/requirements-manager/assist/197886a4-83c4-44c2-bda7-8ca7281a8e64/1449a48a-669f-4c79-a5c7-2695676d0ac3/1a53812d-5be8-4ad0-9538-d214303dc8da
14:21:11.938	0:0:0:0:0:0:0:1:56354	admin	200		227.35 ms
14:23:12.674	0:0:0:0:0:0:0:1:56360	admin	REQUEST	[GET] http://localhost:8984/requirements-manager/assist/197886a4-83c4-44c2-bda7-8ca7281a8e64/1449a48a-669f-4c79-a5c7-2695676d0ac3/1a53812d-5be8-4ad0-9538-d214303dc8da
14:23:12.799	0:0:0:0:0:0:0:1:56360	admin	200		124.82 ms
14:25:20.818	0:0:0:0:0:0:0:1:56381	admin	REQUEST	[GET] http://localhost:8984/requirements-manager/assist/197886a4-83c4-44c2-bda7-8ca7281a8e64/1449a48a-669f-4c79-a5c7-2695676d0ac3/1a53812d-5be8-4ad0-9538-d214303dc8da
14:25:20.953	0:0:0:0:0:0:0:1:56381	admin	200		135.78 ms
14:26:54.479	0:0:0:0:0:0:0:1:56391	admin	REQUEST	[GET] http://localhost:8984/requirements-manager/assist/197886a4-83c4-44c2-bda7-8ca7281a8e64/1449a48a-669f-4c79-a5c7-2695676d0ac3/1a53812d-5be8-4ad0-9538-d214303dc8da
14:26:54.602	0:0:0:0:0:0:0:1:56391	admin	200		123.11 ms
14:27:29.158	0:0:0:0:0:0:0:1:56391	admin	REQUEST	[GET] http://localhost:8984/requirements-manager/assist/197886a4-83c4-44c2-bda7-8ca7281a8e64/1449a48a-669f-4c79-a5c7-2695676d0ac3/1a53812d-5be8-4ad0-9538-d214303dc8da
14:27:29.283	0:0:0:0:0:0:0:1:56391	admin	200		125.47 ms
14:27:34.853	0:0:0:0:0:0:0:1:56396	admin	REQUEST	[GET] http://localhost:8984/requirements-manager/assist/197886a4-83c4-44c2-bda7-8ca7281a8e64/1449a48a-669f-4c79-a5c7-2695676d0ac3/1a53812d-5be8-4ad0-9538-d214303dc8da?req-id=ae560e2b-4904-4e4c-b0a4-0e491b4fbebb
14:27:34.974	0:0:0:0:0:0:0:1:56396	admin	200		120.88 ms
14:27:43.877	0:0:0:0:0:0:0:1:56396	admin	REQUEST	[POST] http://localhost:8984/restancil/save/197886a4-83c4-44c2-bda7-8ca7281a8e64/1449a48a-669f-4c79-a5c7-2695676d0ac3/1a53812d-5be8-4ad0-9538-d214303dc8da?req-id=ae560e2b-4904-4e4c-b0a4-0e491b4fbebb
14:27:43.963	0:0:0:0:0:0:0:1:56396	admin	200		86.14 ms
14:27:43.968	0:0:0:0:0:0:0:1:56396	admin	REQUEST	[GET] http://localhost:8984/requirements-manager/assist/197886a4-83c4-44c2-bda7-8ca7281a8e64/1449a48a-669f-4c79-a5c7-2695676d0ac3/1a53812d-5be8-4ad0-9538-d214303dc8da
14:27:44.158	0:0:0:0:0:0:0:1:56396	admin	200		191.07 ms
14:27:48.127	0:0:0:0:0:0:0:1:56396	admin	REQUEST	[GET] http://localhost:8984/requirements-manager/assist/197886a4-83c4-44c2-bda7-8ca7281a8e64/1449a48a-669f-4c79-a5c7-2695676d0ac3/1a53812d-5be8-4ad0-9538-d214303dc8da?req-id=ae560e2b-4904-4e4c-b0a4-0e491b4fbebb
14:27:48.256	0:0:0:0:0:0:0:1:56396	admin	200		130.4 ms
14:27:50.941	0:0:0:0:0:0:0:1:56396	admin	REQUEST	[POST] http://localhost:8984/restancil/save/197886a4-83c4-44c2-bda7-8ca7281a8e64/1449a48a-669f-4c79-a5c7-2695676d0ac3/1a53812d-5be8-4ad0-9538-d214303dc8da?req-id=ae560e2b-4904-4e4c-b0a4-0e491b4fbebb
14:27:51.017	0:0:0:0:0:0:0:1:56396	admin	200		75.71 ms
14:27:51.021	0:0:0:0:0:0:0:1:56396	admin	REQUEST	[GET] http://localhost:8984/requirements-manager/assist/197886a4-83c4-44c2-bda7-8ca7281a8e64/1449a48a-669f-4c79-a5c7-2695676d0ac3/1a53812d-5be8-4ad0-9538-d214303dc8da
14:27:51.143	0:0:0:0:0:0:0:1:56396	admin	200		122.0 ms
14:27:55.471	0:0:0:0:0:0:0:1:56396	admin	REQUEST	[GET] http://localhost:8984/requirements-manager/assist/197886a4-83c4-44c2-bda7-8ca7281a8e64/1449a48a-669f-4c79-a5c7-2695676d0ac3/1a53812d-5be8-4ad0-9538-d214303dc8da?req-id=ae560e2b-4904-4e4c-b0a4-0e491b4fbebb
14:27:55.599	0:0:0:0:0:0:0:1:56396	admin	200		127.43 ms
14:28:00.670	0:0:0:0:0:0:0:1:56396	admin	REQUEST	[POST] http://localhost:8984/restancil/save/197886a4-83c4-44c2-bda7-8ca7281a8e64/1449a48a-669f-4c79-a5c7-2695676d0ac3/1a53812d-5be8-4ad0-9538-d214303dc8da?req-id=ae560e2b-4904-4e4c-b0a4-0e491b4fbebb
14:28:00.758	0:0:0:0:0:0:0:1:56396	admin	200		87.91 ms
14:28:00.763	0:0:0:0:0:0:0:1:56396	admin	REQUEST	[GET] http://localhost:8984/requirements-manager/assist/197886a4-83c4-44c2-bda7-8ca7281a8e64/1449a48a-669f-4c79-a5c7-2695676d0ac3/1a53812d-5be8-4ad0-9538-d214303dc8da
14:28:00.912	0:0:0:0:0:0:0:1:56396	admin	200		150.03 ms
14:28:03.897	0:0:0:0:0:0:0:1:56396	admin	REQUEST	[GET] http://localhost:8984/requirements-manager/assist/197886a4-83c4-44c2-bda7-8ca7281a8e64/1449a48a-669f-4c79-a5c7-2695676d0ac3/1a53812d-5be8-4ad0-9538-d214303dc8da?req-id=9daf309f-6ffc-4310-88c2-beec697cffc2
14:28:04.009	0:0:0:0:0:0:0:1:56396	admin	200		112.6 ms
14:28:18.257	0:0:0:0:0:0:0:1:56396	admin	REQUEST	[POST] http://localhost:8984/restancil/save/197886a4-83c4-44c2-bda7-8ca7281a8e64/1449a48a-669f-4c79-a5c7-2695676d0ac3/1a53812d-5be8-4ad0-9538-d214303dc8da?req-id=9daf309f-6ffc-4310-88c2-beec697cffc2
14:28:18.356	0:0:0:0:0:0:0:1:56396	admin	200		99.31 ms
14:28:18.361	0:0:0:0:0:0:0:1:56396	admin	REQUEST	[GET] http://localhost:8984/requirements-manager/assist/197886a4-83c4-44c2-bda7-8ca7281a8e64/1449a48a-669f-4c79-a5c7-2695676d0ac3/1a53812d-5be8-4ad0-9538-d214303dc8da
14:28:18.516	0:0:0:0:0:0:0:1:56396	admin	200		154.74 ms
14:29:41.558	0:0:0:0:0:0:0:1:56447	admin	REQUEST	[GET] http://localhost:8984/requirements-manager/assist/197886a4-83c4-44c2-bda7-8ca7281a8e64/1449a48a-669f-4c79-a5c7-2695676d0ac3/1a53812d-5be8-4ad0-9538-d214303dc8da
14:29:41.679	0:0:0:0:0:0:0:1:56447	admin	200		120.66 ms
14:29:48.076	0:0:0:0:0:0:0:1:56447	admin	REQUEST	[GET] http://localhost:8984/requirements-manager/assist/197886a4-83c4-44c2-bda7-8ca7281a8e64/1449a48a-669f-4c79-a5c7-2695676d0ac3/1a53812d-5be8-4ad0-9538-d214303dc8da?req-id=ae560e2b-4904-4e4c-b0a4-0e491b4fbebb
14:29:48.183	0:0:0:0:0:0:0:1:56447	admin	200		106.99 ms
14:29:54.049	0:0:0:0:0:0:0:1:56447	admin	REQUEST	[POST] http://localhost:8984/restancil/save/197886a4-83c4-44c2-bda7-8ca7281a8e64/1449a48a-669f-4c79-a5c7-2695676d0ac3/1a53812d-5be8-4ad0-9538-d214303dc8da?req-id=ae560e2b-4904-4e4c-b0a4-0e491b4fbebb
14:29:54.173	0:0:0:0:0:0:0:1:56447	admin	200		124.31 ms
14:29:54.174	0:0:0:0:0:0:0:1:56447	admin	REQUEST	[GET] http://localhost:8984/requirements-manager/assist/197886a4-83c4-44c2-bda7-8ca7281a8e64/1449a48a-669f-4c79-a5c7-2695676d0ac3/1a53812d-5be8-4ad0-9538-d214303dc8da
14:29:54.327	0:0:0:0:0:0:0:1:56447	admin	200		153.47 ms
14:51:09.608	0:0:0:0:0:0:0:1:56514	admin	REQUEST	[GET] http://localhost:8984/inspection
14:51:10.305	0:0:0:0:0:0:0:1:56514	admin	200		684.02 ms
14:55:26.545	0:0:0:0:0:0:0:1:56568	admin	REQUEST	[GET] http://localhost:8984/inspection/module/C9342A9C9C44B65D186545C1AA688039
14:55:27.165	0:0:0:0:0:0:0:1:56568	admin	200		620.17 ms
14:55:35.633	0:0:0:0:0:0:0:1:56568	admin	REQUEST	[GET] http://localhost:8984/inspection/module/C84A0A415D337E38688C2CE14F992BFC
14:55:36.402	0:0:0:0:0:0:0:1:56568	admin	200		768.91 ms
15:53:43.199	0:0:0:0:0:0:0:1:57083	admin	REQUEST	[GET] http://localhost:8984/requirements-manager
15:53:43.274	0:0:0:0:0:0:0:1:57083	admin	200		75.43 ms
16:01:26.786	0:0:0:0:0:0:0:1:57157	admin	REQUEST	[GET] http://localhost:8984/requirements-manager
16:01:26.901	0:0:0:0:0:0:0:1:57157	admin	200		100.47 ms
16:01:42.075	0:0:0:0:0:0:0:1:57159	admin	REQUEST	[GET] http://localhost:8984/requirements-manager
16:01:42.173	0:0:0:0:0:0:0:1:57159	admin	200		98.22 ms
16:01:51.190	0:0:0:0:0:0:0:1:57157	admin	REQUEST	[GET] http://localhost:8984/requirements-manager/download-requirements/197886a4-83c4-44c2-bda7-8ca7281a8e64/80f0a9cf-a477-43a5-bdff-d8bd8be5041b
16:01:51.231	0:0:0:0:0:0:0:1:57157	admin	200		41.5 ms
16:06:11.209	0:0:0:0:0:0:0:1:57214	admin	REQUEST	[GET] http://localhost:8984/requirements-manager/download-requirements/197886a4-83c4-44c2-bda7-8ca7281a8e64/1449a48a-669f-4c79-a5c7-2695676d0ac3
16:06:11.296	0:0:0:0:0:0:0:1:57214	admin	200		87.06 ms
16:06:11.296	0:0:0:0:0:0:0:1:57214	admin	200		0.2 ms
16:06:32.919	0:0:0:0:0:0:0:1:57214	admin	REQUEST	[GET] http://localhost:8984/requirements-manager/download-requirements/197886a4-83c4-44c2-bda7-8ca7281a8e64/1449a48a-669f-4c79-a5c7-2695676d0ac3
16:06:33.014	0:0:0:0:0:0:0:1:57214	admin	200		95.32 ms
16:06:33.015	0:0:0:0:0:0:0:1:57214	admin	200		0.25 ms
16:07:29.847	0:0:0:0:0:0:0:1:57214	admin	REQUEST	[GET] http://localhost:8984/requirements-manager/download-requirements/197886a4-83c4-44c2-bda7-8ca7281a8e64/1449a48a-669f-4c79-a5c7-2695676d0ac3
16:07:29.951	0:0:0:0:0:0:0:1:57214	admin	200		104.78 ms
16:07:29.951	0:0:0:0:0:0:0:1:57214	admin	200		0.17 ms
16:08:26.659	0:0:0:0:0:0:0:1:57214	admin	REQUEST	[GET] http://localhost:8984/requirements-manager/download-requirements/197886a4-83c4-44c2-bda7-8ca7281a8e64/1449a48a-669f-4c79-a5c7-2695676d0ac3
16:08:26.745	0:0:0:0:0:0:0:1:57214	admin	200		86.42 ms
16:08:26.745	0:0:0:0:0:0:0:1:57214	admin	200		0.15 ms
16:09:09.777	0:0:0:0:0:0:0:1:57214	admin	REQUEST	[GET] http://localhost:8984/requirements-manager/download-requirements/197886a4-83c4-44c2-bda7-8ca7281a8e64/80f0a9cf-a477-43a5-bdff-d8bd8be5041b
16:09:09.824	0:0:0:0:0:0:0:1:57214	admin	200		47.01 ms
16:09:09.824	0:0:0:0:0:0:0:1:57214	admin	200		0.24 ms
