10:39:46.650	SERVER	admin	OK	Server wurde gestartet (Port: 1984).
10:39:46.928	SERVER	admin	OK	HTTP Server wurde gestartet (Port: 8984).
10:40:01.680	0:0:0:0:0:0:0:1:49935	admin	REQUEST	[GET] http://localhost:8984/
10:40:08.092	0:0:0:0:0:0:0:1:49935	admin	200		6432.0 ms
10:45:03.409	0:0:0:0:0:0:0:1:49953	admin	REQUEST	[GET] http://localhost:8984/inspection
10:45:11.336	0:0:0:0:0:0:0:1:49953	admin	200		7927.04 ms
10:45:18.243	0:0:0:0:0:0:0:1:49953	admin	REQUEST	[GET] http://localhost:8984/inspection/modules/generate
10:45:21.675	0:0:0:0:0:0:0:1:49953	admin	200		3432.76 ms
10:45:21.679	0:0:0:0:0:0:0:1:49953	admin	200		5.93 ms
10:54:07.471	0:0:0:0:0:0:0:1:49983	admin	REQUEST	[GET] http://localhost:8984/inspection/modules/generate
10:54:10.029	0:0:0:0:0:0:0:1:49983	admin	200		2558.51 ms
10:54:10.036	0:0:0:0:0:0:0:1:49983	admin	200		7.29 ms
10:55:35.475	0:0:0:0:0:0:0:1:50000	admin	REQUEST	[GET] http://localhost:8984/inspection/modules/generate
10:55:38.565	0:0:0:0:0:0:0:1:50000	admin	200		3089.74 ms
10:55:38.569	0:0:0:0:0:0:0:1:50000	admin	200		5.79 ms
10:56:31.737	0:0:0:0:0:0:0:1:50000	admin	REQUEST	[GET] http://localhost:8984/inspection/modules/generate
10:56:34.143	0:0:0:0:0:0:0:1:50000	admin	200		2406.35 ms
10:56:34.147	0:0:0:0:0:0:0:1:50000	admin	200		4.25 ms
11:18:52.795	0:0:0:0:0:0:0:1:50089	admin	REQUEST	[GET] http://localhost:8984/inspection/modules/generate
11:18:55.102	0:0:0:0:0:0:0:1:50089	admin	200		2307.48 ms
11:18:55.119	0:0:0:0:0:0:0:1:50089	admin	200		17.42 ms
11:20:00.809	0:0:0:0:0:0:0:1:50102	admin	REQUEST	[GET] http://localhost:8984/inspection/modules/generate
11:20:02.997	0:0:0:0:0:0:0:1:50102	admin	200		2188.01 ms
11:20:03.010	0:0:0:0:0:0:0:1:50102	admin	200		13.55 ms
11:22:07.690	0:0:0:0:0:0:0:1:50119	admin	REQUEST	[GET] http://localhost:8984/inspection/modules/generate
11:22:09.351	0:0:0:0:0:0:0:1:50119	admin	200		1664.74 ms
11:22:09.358	0:0:0:0:0:0:0:1:50119	admin	200		5.03 ms
11:23:31.540	0:0:0:0:0:0:0:1:50126	admin	REQUEST	[GET] http://localhost:8984/inspection/modules/generate
11:23:33.731	0:0:0:0:0:0:0:1:50126	admin	200		2193.82 ms
11:23:33.737	0:0:0:0:0:0:0:1:50126	admin	200		3.94 ms
11:36:39.229	0:0:0:0:0:0:0:1:50237	admin	REQUEST	[GET] http://localhost:8984/inspection/modules/generate
11:36:41.846	0:0:0:0:0:0:0:1:50237	admin	200		2618.21 ms
11:36:41.849	0:0:0:0:0:0:0:1:50237	admin	200		2.13 ms
12:47:53.549	0:0:0:0:0:0:0:1:59234	admin	REQUEST	[GET] http://localhost:8984/inspection/module/63353A9B40251CB61D3DDCBA9C2FE034
12:47:55.273	0:0:0:0:0:0:0:1:59234	admin	200		1724.98 ms
12:52:19.004	0:0:0:0:0:0:0:1:59278	admin	REQUEST	[GET] http://localhost:8984/inspection/module/63353A9B40251CB61D3DDCBA9C2FE034
12:52:20.559	0:0:0:0:0:0:0:1:59278	admin	200		1555.98 ms
12:57:51.558	0:0:0:0:0:0:0:1:59306	admin	REQUEST	[GET] http://localhost:8984/inspection/module/63353A9B40251CB61D3DDCBA9C2FE034
12:57:53.090	0:0:0:0:0:0:0:1:59306	admin	200		1533.38 ms
12:58:23.742	0:0:0:0:0:0:0:1:59307	admin	REQUEST	[GET] http://localhost:8984/inspection/module/63353A9B40251CB61D3DDCBA9C2FE034
12:58:25.065	0:0:0:0:0:0:0:1:59307	admin	200		1323.49 ms
12:58:42.854	0:0:0:0:0:0:0:1:59307	admin	REQUEST	[GET] http://localhost:8984/inspection/module/63353A9B40251CB61D3DDCBA9C2FE034
12:58:44.782	0:0:0:0:0:0:0:1:59307	admin	200		1928.14 ms
13:46:40.627	0:0:0:0:0:0:0:1:53141	admin	REQUEST	[GET] http://localhost:8984/inspection/module/63353A9B40251CB61D3DDCBA9C2FE034
13:46:41.949	0:0:0:0:0:0:0:1:53141	admin	200		1322.92 ms
13:49:54.552	0:0:0:0:0:0:0:1:53164	admin	REQUEST	[GET] http://localhost:8984/inspection/module/63353A9B40251CB61D3DDCBA9C2FE034
13:49:55.871	0:0:0:0:0:0:0:1:53164	admin	200		1319.32 ms
13:50:19.775	0:0:0:0:0:0:0:1:53169	admin	REQUEST	[GET] http://localhost:8984/inspection/module/63353A9B40251CB61D3DDCBA9C2FE034
13:50:20.995	0:0:0:0:0:0:0:1:53169	admin	200		1219.95 ms
13:50:50.832	0:0:0:0:0:0:0:1:53167	admin	REQUEST	[GET] http://localhost:8984/inspection/module/63353A9B40251CB61D3DDCBA9C2FE034
13:50:52.366	0:0:0:0:0:0:0:1:53167	admin	400	Gestoppt in C:/Users/eckey/Google Drive/Masterarbeit/Software/Auslieferung/basex-8.2.1/basex/webapp/restxq/inspection/inspection-module.xqm, 185/39: [XPTY0004] Item expected, sequence found: (element xqdoc:param {...}, ...). Stack Trace: - C:/Users/eckey/Google Drive/Masterarbeit/Software/Auslieferung/basex-8.2.1/basex/webapp/restxq/inspection/inspection-module.xqm, 152/37 - C:/Users/eckey/Google Drive/Masterarbeit/Software/Auslieferung/basex-8.2.1/basex/webapp/restxq/inspection/inspection-module.xqm, 124/34 - C:/Users/eckey/Google Drive/Masterarbeit/Software/Auslieferung/basex-8.2.1/basex/webapp/restxq/inspection/inspection-module.xqm, 95/44 - C:/Users/eckey/Google Drive/Masterarbeit/Software/Auslieferung/basex-8.2.1/basex/webapp/restxq/inspection/inspection-module.xqm, 15/27	1534.0 ms
13:51:26.862	0:0:0:0:0:0:0:1:53167	admin	REQUEST	[GET] http://localhost:8984/inspection/module/63353A9B40251CB61D3DDCBA9C2FE034
13:51:28.618	0:0:0:0:0:0:0:1:53167	admin	200		1757.41 ms
13:51:58.640	0:0:0:0:0:0:0:1:53181	admin	REQUEST	[GET] http://localhost:8984/inspection/module/63353A9B40251CB61D3DDCBA9C2FE034
13:51:59.766	0:0:0:0:0:0:0:1:53181	admin	200		1125.98 ms
13:53:23.095	0:0:0:0:0:0:0:1:53202	admin	REQUEST	[GET] http://localhost:8984/inspection/module/63353A9B40251CB61D3DDCBA9C2FE034
13:53:24.454	0:0:0:0:0:0:0:1:53202	admin	200		1359.38 ms
13:53:42.042	0:0:0:0:0:0:0:1:53208	admin	REQUEST	[GET] http://localhost:8984/inspection/module/63353A9B40251CB61D3DDCBA9C2FE034
13:53:43.378	0:0:0:0:0:0:0:1:53208	admin	200		1336.32 ms
13:55:37.391	0:0:0:0:0:0:0:1:53226	admin	REQUEST	[GET] http://localhost:8984/inspection/module/63353A9B40251CB61D3DDCBA9C2FE034
13:55:38.567	0:0:0:0:0:0:0:1:53226	admin	200		1176.64 ms
13:56:21.486	0:0:0:0:0:0:0:1:53231	admin	REQUEST	[GET] http://localhost:8984/inspection/module/38B5276D1172F3D3DFF73E57CD60BECF
13:56:22.294	0:0:0:0:0:0:0:1:53231	admin	400	Gestoppt in C:/Users/eckey/Google Drive/Masterarbeit/Software/Auslieferung/basex-8.2.1/basex/webapp/restxq/inspection/inspection-module.xqm, 185/39: [XPTY0004] Item expected, sequence found: (element xqdoc:param {...}, ...). Stack Trace: - C:/Users/eckey/Google Drive/Masterarbeit/Software/Auslieferung/basex-8.2.1/basex/webapp/restxq/inspection/inspection-module.xqm, 152/37 - C:/Users/eckey/Google Drive/Masterarbeit/Software/Auslieferung/basex-8.2.1/basex/webapp/restxq/inspection/inspection-module.xqm, 124/34 - C:/Users/eckey/Google Drive/Masterarbeit/Software/Auslieferung/basex-8.2.1/basex/webapp/restxq/inspection/inspection-module.xqm, 95/44 - C:/Users/eckey/Google Drive/Masterarbeit/Software/Auslieferung/basex-8.2.1/basex/webapp/restxq/inspection/inspection-module.xqm, 15/27	808.11 ms
13:56:48.667	0:0:0:0:0:0:0:1:53231	admin	REQUEST	[GET] http://localhost:8984/inspection/module/38B5276D1172F3D3DFF73E57CD60BECF
13:56:49.992	0:0:0:0:0:0:0:1:53231	admin	400	Gestoppt in C:/Users/eckey/Google Drive/Masterarbeit/Software/Auslieferung/basex-8.2.1/basex/webapp/restxq/inspection/inspection-module.xqm, 185/39: [XPTY0004] Item expected, sequence found: (element xqdoc:param {...}, ...). Stack Trace: - C:/Users/eckey/Google Drive/Masterarbeit/Software/Auslieferung/basex-8.2.1/basex/webapp/restxq/inspection/inspection-module.xqm, 152/37 - C:/Users/eckey/Google Drive/Masterarbeit/Software/Auslieferung/basex-8.2.1/basex/webapp/restxq/inspection/inspection-module.xqm, 124/34 - C:/Users/eckey/Google Drive/Masterarbeit/Software/Auslieferung/basex-8.2.1/basex/webapp/restxq/inspection/inspection-module.xqm, 95/44 - C:/Users/eckey/Google Drive/Masterarbeit/Software/Auslieferung/basex-8.2.1/basex/webapp/restxq/inspection/inspection-module.xqm, 15/27	1325.65 ms
13:57:39.509	0:0:0:0:0:0:0:1:53231	admin	REQUEST	[GET] http://localhost:8984/inspection/module/38B5276D1172F3D3DFF73E57CD60BECF
13:57:40.998	0:0:0:0:0:0:0:1:53231	admin	400	Gestoppt in C:/Users/eckey/Google Drive/Masterarbeit/Software/Auslieferung/basex-8.2.1/basex/webapp/restxq/inspection/inspection-module.xqm, 186/39: [XPTY0004] Item expected, sequence found: (element xqdoc:param {...}, ...). Stack Trace: - C:/Users/eckey/Google Drive/Masterarbeit/Software/Auslieferung/basex-8.2.1/basex/webapp/restxq/inspection/inspection-module.xqm, 152/37 - C:/Users/eckey/Google Drive/Masterarbeit/Software/Auslieferung/basex-8.2.1/basex/webapp/restxq/inspection/inspection-module.xqm, 124/34 - C:/Users/eckey/Google Drive/Masterarbeit/Software/Auslieferung/basex-8.2.1/basex/webapp/restxq/inspection/inspection-module.xqm, 95/44 - C:/Users/eckey/Google Drive/Masterarbeit/Software/Auslieferung/basex-8.2.1/basex/webapp/restxq/inspection/inspection-module.xqm, 15/27	1490.82 ms
13:57:58.593	0:0:0:0:0:0:0:1:53231	admin	REQUEST	[GET] http://localhost:8984/inspection/module/38B5276D1172F3D3DFF73E57CD60BECF
13:58:00.225	0:0:0:0:0:0:0:1:53231	admin	200		1633.03 ms
13:58:26.716	0:0:0:0:0:0:0:1:53243	admin	REQUEST	[GET] http://localhost:8984/inspection/module/38B5276D1172F3D3DFF73E57CD60BECF
13:58:27.891	0:0:0:0:0:0:0:1:53243	admin	200		1175.51 ms
14:00:58.499	0:0:0:0:0:0:0:1:53263	admin	REQUEST	[GET] http://localhost:8984/inspection/module/38B5276D1172F3D3DFF73E57CD60BECF
14:01:00.343	0:0:0:0:0:0:0:1:53263	admin	200		1843.84 ms
14:01:25.574	0:0:0:0:0:0:0:1:53263	admin	REQUEST	[GET] http://localhost:8984/inspection/module/38B5276D1172F3D3DFF73E57CD60BECF
14:01:26.725	0:0:0:0:0:0:0:1:53263	admin	200		1150.77 ms
14:02:29.871	0:0:0:0:0:0:0:1:53279	admin	REQUEST	[GET] http://localhost:8984/inspection/module/38B5276D1172F3D3DFF73E57CD60BECF
14:02:31.136	0:0:0:0:0:0:0:1:53279	admin	200		1265.23 ms
14:02:46.371	0:0:0:0:0:0:0:1:53284	admin	REQUEST	[GET] http://localhost:8984/inspection/module/38B5276D1172F3D3DFF73E57CD60BECF
14:02:47.651	0:0:0:0:0:0:0:1:53284	admin	200		1280.79 ms
14:03:11.883	0:0:0:0:0:0:0:1:53284	admin	REQUEST	[GET] http://localhost:8984/inspection/module/38B5276D1172F3D3DFF73E57CD60BECF
14:03:13.331	0:0:0:0:0:0:0:1:53284	admin	200		1449.41 ms
14:05:07.033	0:0:0:0:0:0:0:1:53313	admin	REQUEST	[GET] http://localhost:8984/inspection/module/38B5276D1172F3D3DFF73E57CD60BECF
14:05:08.328	0:0:0:0:0:0:0:1:53313	admin	200		1295.27 ms
14:07:37.644	0:0:0:0:0:0:0:1:53355	admin	REQUEST	[GET] http://localhost:8984/inspection/module/38B5276D1172F3D3DFF73E57CD60BECF
14:07:38.895	0:0:0:0:0:0:0:1:53355	admin	400	Gestoppt in C:/Users/eckey/Google Drive/Masterarbeit/Software/Auslieferung/basex-8.2.1/basex/repo/http-www.functx.com-1.0/functx/functx.xql, 1069/31: [FORX0003] Pattern matches empty string. Stack Trace: - C:/Users/eckey/Google Drive/Masterarbeit/Software/Auslieferung/basex-8.2.1/basex/repo/http-www.functx.com-1.0/functx/functx.xql, 912/39 - C:/Users/eckey/Google Drive/Masterarbeit/Software/Auslieferung/basex-8.2.1/basex/webapp/restxq/inspection/inspection-module.xqm, 96/44 - C:/Users/eckey/Google Drive/Masterarbeit/Software/Auslieferung/basex-8.2.1/basex/webapp/restxq/inspection/inspection-module.xqm, 16/27	1251.41 ms
14:07:47.796	0:0:0:0:0:0:0:1:53355	admin	REQUEST	[GET] http://localhost:8984/inspection/module/38B5276D1172F3D3DFF73E57CD60BECF
14:07:48.956	0:0:0:0:0:0:0:1:53355	admin	400	Gestoppt in C:/Users/eckey/Google Drive/Masterarbeit/Software/Auslieferung/basex-8.2.1/basex/webapp/restxq/inspection/inspection-module.xqm, 118/182: [XPTY0004] Item expected, sequence found: ("<br/>", " <br/>", ...). Stack Trace: - C:/Users/eckey/Google Drive/Masterarbeit/Software/Auslieferung/basex-8.2.1/basex/webapp/restxq/inspection/inspection-module.xqm, 96/44 - C:/Users/eckey/Google Drive/Masterarbeit/Software/Auslieferung/basex-8.2.1/basex/webapp/restxq/inspection/inspection-module.xqm, 16/27	1159.88 ms
14:08:06.595	0:0:0:0:0:0:0:1:53355	admin	REQUEST	[GET] http://localhost:8984/inspection/module/38B5276D1172F3D3DFF73E57CD60BECF
14:08:07.971	0:0:0:0:0:0:0:1:53355	admin	200		1376.44 ms
14:08:24.157	0:0:0:0:0:0:0:1:53367	admin	REQUEST	[GET] http://localhost:8984/inspection/module/38B5276D1172F3D3DFF73E57CD60BECF
14:08:25.568	0:0:0:0:0:0:0:1:53367	admin	200		1411.34 ms
14:19:07.986	0:0:0:0:0:0:0:1:53434	admin	REQUEST	[GET] http://localhost:8984/inspection/module/38B5276D1172F3D3DFF73E57CD60BECF
14:19:09.342	0:0:0:0:0:0:0:1:53434	admin	400	Gestoppt in C:/Users/eckey/Google Drive/Masterarbeit/Software/Auslieferung/basex-8.2.1/basex/webapp/restxq/inspection/inspection-module.xqm, 119/182: [XPTY0004] Item expected, sequence found: ("declare ", <br/>, ...). Stack Trace: - C:/Users/eckey/Google Drive/Masterarbeit/Software/Auslieferung/basex-8.2.1/basex/webapp/restxq/inspection/inspection-module.xqm, 96/44 - C:/Users/eckey/Google Drive/Masterarbeit/Software/Auslieferung/basex-8.2.1/basex/webapp/restxq/inspection/inspection-module.xqm, 16/27	1356.35 ms
14:20:14.976	0:0:0:0:0:0:0:1:53461	admin	REQUEST	[GET] http://localhost:8984/inspection/module/38B5276D1172F3D3DFF73E57CD60BECF
14:20:16.121	0:0:0:0:0:0:0:1:53461	admin	400	Gestoppt in C:/Users/eckey/Google Drive/Masterarbeit/Software/Auslieferung/basex-8.2.1/basex/webapp/restxq/inspection/inspection-module.xqm, 119/182: [FORG0006] String or binary expected, xs:untypedAtomic found: "declare % restxq:path(""require.... Stack Trace: - C:/Users/eckey/Google Drive/Masterarbeit/Software/Auslieferung/basex-8.2.1/basex/webapp/restxq/inspection/inspection-module.xqm, 96/44 - C:/Users/eckey/Google Drive/Masterarbeit/Software/Auslieferung/basex-8.2.1/basex/webapp/restxq/inspection/inspection-module.xqm, 16/27	1145.23 ms
14:21:25.611	0:0:0:0:0:0:0:1:53464	admin	REQUEST	[GET] http://localhost:8984/inspection/module/38B5276D1172F3D3DFF73E57CD60BECF
14:21:26.673	0:0:0:0:0:0:0:1:53464	admin	400	Gestoppt in C:/Users/eckey/Google Drive/Masterarbeit/Software/Auslieferung/basex-8.2.1/basex/webapp/restxq/inspection/inspection-module.xqm, 119/192: [FORG0006] String or binary expected, xs:untypedAtomic found: "declare % restxq:path(""require.... Stack Trace: - C:/Users/eckey/Google Drive/Masterarbeit/Software/Auslieferung/basex-8.2.1/basex/webapp/restxq/inspection/inspection-module.xqm, 96/44 - C:/Users/eckey/Google Drive/Masterarbeit/Software/Auslieferung/basex-8.2.1/basex/webapp/restxq/inspection/inspection-module.xqm, 16/27	1062.71 ms
14:21:45.087	0:0:0:0:0:0:0:1:53464	admin	REQUEST	[GET] http://localhost:8984/inspection/module/38B5276D1172F3D3DFF73E57CD60BECF
14:21:46.646	0:0:0:0:0:0:0:1:53464	admin	400	Gestoppt in C:/Users/eckey/Google Drive/Masterarbeit/Software/Auslieferung/basex-8.2.1/basex/webapp/restxq/inspection/inspection-module.xqm, 130/83: [FORG0006] String or binary expected, xs:untypedAtomic found: "declare % restxq:path(""require.... Stack Trace: - C:/Users/eckey/Google Drive/Masterarbeit/Software/Auslieferung/basex-8.2.1/basex/webapp/restxq/inspection/inspection-module.xqm, 96/44 - C:/Users/eckey/Google Drive/Masterarbeit/Software/Auslieferung/basex-8.2.1/basex/webapp/restxq/inspection/inspection-module.xqm, 16/27	1559.01 ms
14:21:53.967	0:0:0:0:0:0:0:1:53464	admin	REQUEST	[GET] http://localhost:8984/inspection/module/38B5276D1172F3D3DFF73E57CD60BECF
14:21:55.642	0:0:0:0:0:0:0:1:53464	admin	400	Gestoppt in C:/Users/eckey/Google Drive/Masterarbeit/Software/Auslieferung/basex-8.2.1/basex/webapp/restxq/inspection/inspection-module.xqm, 119/173: [FORG0001] Cannot cast to xs:hexBinary: "<". Stack Trace: - C:/Users/eckey/Google Drive/Masterarbeit/Software/Auslieferung/basex-8.2.1/basex/webapp/restxq/inspection/inspection-module.xqm, 96/44 - C:/Users/eckey/Google Drive/Masterarbeit/Software/Auslieferung/basex-8.2.1/basex/webapp/restxq/inspection/inspection-module.xqm, 16/27	1679.24 ms
14:22:13.489	0:0:0:0:0:0:0:1:53464	admin	REQUEST	[GET] http://localhost:8984/inspection/module/38B5276D1172F3D3DFF73E57CD60BECF
14:22:14.572	0:0:0:0:0:0:0:1:53464	admin	400	Gestoppt in C:/Users/eckey/Google Drive/Masterarbeit/Software/Auslieferung/basex-8.2.1/basex/webapp/restxq/inspection/inspection-module.xqm, 130/83: [FORG0006] String or binary expected, xs:untypedAtomic found: "declare % restxq:path(""require.... Stack Trace: - C:/Users/eckey/Google Drive/Masterarbeit/Software/Auslieferung/basex-8.2.1/basex/webapp/restxq/inspection/inspection-module.xqm, 96/44 - C:/Users/eckey/Google Drive/Masterarbeit/Software/Auslieferung/basex-8.2.1/basex/webapp/restxq/inspection/inspection-module.xqm, 16/27	1083.56 ms
14:22:41.536	0:0:0:0:0:0:0:1:53464	admin	REQUEST	[GET] http://localhost:8984/inspection/module/38B5276D1172F3D3DFF73E57CD60BECF
14:22:43.406	0:0:0:0:0:0:0:1:53464	admin	400	Gestoppt in C:/Users/eckey/Google Drive/Masterarbeit/Software/Auslieferung/basex-8.2.1/basex/webapp/restxq/inspection/inspection-module.xqm, 130/83: [FORG0006] String or binary expected, xs:untypedAtomic found: "declare % restxq:path(""require.... Stack Trace: - C:/Users/eckey/Google Drive/Masterarbeit/Software/Auslieferung/basex-8.2.1/basex/webapp/restxq/inspection/inspection-module.xqm, 96/44 - C:/Users/eckey/Google Drive/Masterarbeit/Software/Auslieferung/basex-8.2.1/basex/webapp/restxq/inspection/inspection-module.xqm, 16/27	1871.02 ms
14:23:09.272	0:0:0:0:0:0:0:1:53464	admin	REQUEST	[GET] http://localhost:8984/inspection/module/38B5276D1172F3D3DFF73E57CD60BECF
14:23:10.662	0:0:0:0:0:0:0:1:53464	admin	400	Gestoppt in C:/Users/eckey/Google Drive/Masterarbeit/Software/Auslieferung/basex-8.2.1/basex/webapp/restxq/inspection/inspection-module.xqm, 119/173: [FORG0001] Cannot cast to xs:hexBinary: "d". Stack Trace: - C:/Users/eckey/Google Drive/Masterarbeit/Software/Auslieferung/basex-8.2.1/basex/webapp/restxq/inspection/inspection-module.xqm, 96/44 - C:/Users/eckey/Google Drive/Masterarbeit/Software/Auslieferung/basex-8.2.1/basex/webapp/restxq/inspection/inspection-module.xqm, 16/27	1389.97 ms
14:23:32.201	0:0:0:0:0:0:0:1:53464	admin	REQUEST	[GET] http://localhost:8984/inspection/module/38B5276D1172F3D3DFF73E57CD60BECF
14:23:33.439	0:0:0:0:0:0:0:1:53464	admin	400	Gestoppt in C:/Users/eckey/Google Drive/Masterarbeit/Software/Auslieferung/basex-8.2.1/basex/webapp/restxq/inspection/inspection-module.xqm, 130/83: [FORG0006] String or binary expected, xs:untypedAtomic found: "declare % restxq:path(""require.... Stack Trace: - C:/Users/eckey/Google Drive/Masterarbeit/Software/Auslieferung/basex-8.2.1/basex/webapp/restxq/inspection/inspection-module.xqm, 96/44 - C:/Users/eckey/Google Drive/Masterarbeit/Software/Auslieferung/basex-8.2.1/basex/webapp/restxq/inspection/inspection-module.xqm, 16/27	1238.69 ms
14:24:54.029	0:0:0:0:0:0:0:1:53509	admin	REQUEST	[GET] http://localhost:8984/inspection/module/38B5276D1172F3D3DFF73E57CD60BECF
14:24:55.375	0:0:0:0:0:0:0:1:53509	admin	200		1346.42 ms
14:26:48.039	0:0:0:0:0:0:0:1:53525	admin	REQUEST	[GET] http://localhost:8984/inspection/module/38B5276D1172F3D3DFF73E57CD60BECF
14:26:49.225	0:0:0:0:0:0:0:1:53525	admin	200		1185.95 ms
14:29:01.928	0:0:0:0:0:0:0:1:53559	admin	REQUEST	[GET] http://localhost:8984/inspection/module/38B5276D1172F3D3DFF73E57CD60BECF
14:29:03.600	0:0:0:0:0:0:0:1:53559	admin	400	Gestoppt in C:/Users/eckey/Google Drive/Masterarbeit/Software/Auslieferung/basex-8.2.1/basex/webapp/restxq/inspection/inspection-module.xqm, 107/57: [XPTY0004] Item expected, sequence found: ("%", " function "). Stack Trace: - C:/Users/eckey/Google Drive/Masterarbeit/Software/Auslieferung/basex-8.2.1/basex/webapp/restxq/inspection/inspection-module.xqm, 143/34 - C:/Users/eckey/Google Drive/Masterarbeit/Software/Auslieferung/basex-8.2.1/basex/webapp/restxq/inspection/inspection-module.xqm, 96/44 - C:/Users/eckey/Google Drive/Masterarbeit/Software/Auslieferung/basex-8.2.1/basex/webapp/restxq/inspection/inspection-module.xqm, 16/27	1672.13 ms
14:35:54.825	0:0:0:0:0:0:0:1:53593	admin	REQUEST	[GET] http://localhost:8984/inspection/module/38B5276D1172F3D3DFF73E57CD60BECF
14:35:56.052	0:0:0:0:0:0:0:1:53593	admin	200		1239.39 ms
14:36:32.729	0:0:0:0:0:0:0:1:53597	admin	REQUEST	[GET] http://localhost:8984/inspection/module/38B5276D1172F3D3DFF73E57CD60BECF
14:36:33.911	0:0:0:0:0:0:0:1:53597	admin	200		1182.94 ms
14:37:38.725	0:0:0:0:0:0:0:1:53616	admin	REQUEST	[GET] http://localhost:8984/inspection/module/38B5276D1172F3D3DFF73E57CD60BECF
14:37:40.146	0:0:0:0:0:0:0:1:53616	admin	200		1420.52 ms
14:38:00.811	0:0:0:0:0:0:0:1:53616	admin	REQUEST	[GET] http://localhost:8984/inspection/module/38B5276D1172F3D3DFF73E57CD60BECF
14:38:02.060	0:0:0:0:0:0:0:1:53616	admin	200		1249.52 ms
14:38:20.489	0:0:0:0:0:0:0:1:53616	admin	REQUEST	[GET] http://localhost:8984/inspection/module/38B5276D1172F3D3DFF73E57CD60BECF
14:38:21.942	0:0:0:0:0:0:0:1:53616	admin	200		1452.38 ms
14:38:40.774	0:0:0:0:0:0:0:1:53618	admin	REQUEST	[GET] http://localhost:8984/inspection/module/38B5276D1172F3D3DFF73E57CD60BECF
14:38:42.218	0:0:0:0:0:0:0:1:53618	admin	200		1444.49 ms
14:38:48.532	0:0:0:0:0:0:0:1:53616	admin	REQUEST	[GET] http://localhost:8984/inspection/module/38B5276D1172F3D3DFF73E57CD60BECF
14:38:50.279	0:0:0:0:0:0:0:1:53616	admin	200		1747.63 ms
14:39:14.933	0:0:0:0:0:0:0:1:53617	admin	REQUEST	[GET] http://localhost:8984/inspection/module/38B5276D1172F3D3DFF73E57CD60BECF
14:39:16.078	0:0:0:0:0:0:0:1:53617	admin	200		1145.83 ms
14:40:02.060	0:0:0:0:0:0:0:1:53619	admin	REQUEST	[GET] http://localhost:8984/inspection/module/38B5276D1172F3D3DFF73E57CD60BECF
14:40:03.291	0:0:0:0:0:0:0:1:53619	admin	200		1230.65 ms
14:43:02.845	0:0:0:0:0:0:0:1:57047	admin	REQUEST	[GET] http://localhost:8984/inspection/module/38B5276D1172F3D3DFF73E57CD60BECF
14:43:03.980	0:0:0:0:0:0:0:1:57047	admin	200		1135.42 ms
14:43:17.380	0:0:0:0:0:0:0:1:57052	admin	REQUEST	[GET] http://localhost:8984/inspection/module/38B5276D1172F3D3DFF73E57CD60BECF
14:43:18.482	0:0:0:0:0:0:0:1:57052	admin	200		1101.48 ms
14:43:40.220	0:0:0:0:0:0:0:1:57052	admin	REQUEST	[GET] http://localhost:8984/inspection/module/38B5276D1172F3D3DFF73E57CD60BECF
14:43:41.473	0:0:0:0:0:0:0:1:57052	admin	200		1253.44 ms
14:46:04.603	0:0:0:0:0:0:0:1:57083	admin	REQUEST	[GET] http://localhost:8984/inspection/module/38B5276D1172F3D3DFF73E57CD60BECF
14:46:05.807	0:0:0:0:0:0:0:1:57083	admin	200		1204.78 ms
14:47:02.495	0:0:0:0:0:0:0:1:57088	admin	REQUEST	[GET] http://localhost:8984/inspection/module/38B5276D1172F3D3DFF73E57CD60BECF
14:47:03.698	0:0:0:0:0:0:0:1:57088	admin	200		1202.69 ms
14:48:37.426	0:0:0:0:0:0:0:1:57113	admin	REQUEST	[GET] http://localhost:8984/inspection/module/38B5276D1172F3D3DFF73E57CD60BECF
14:48:38.959	0:0:0:0:0:0:0:1:57113	admin	200		1532.26 ms
14:48:54.137	0:0:0:0:0:0:0:1:57120	admin	REQUEST	[GET] http://localhost:8984/inspection/module/38B5276D1172F3D3DFF73E57CD60BECF
14:48:55.351	0:0:0:0:0:0:0:1:57120	admin	200		1214.25 ms
14:49:19.769	0:0:0:0:0:0:0:1:57113	admin	REQUEST	[GET] http://localhost:8984/inspection/module/38B5276D1172F3D3DFF73E57CD60BECF
14:49:20.754	0:0:0:0:0:0:0:1:57113	admin	200		984.87 ms
14:49:26.919	0:0:0:0:0:0:0:1:57117	admin	REQUEST	[GET] http://localhost:8984/inspection/module/38B5276D1172F3D3DFF73E57CD60BECF
14:49:27.646	0:0:0:0:0:0:0:1:57117	admin	200		726.33 ms
14:49:30.759	0:0:0:0:0:0:0:1:57118	admin	REQUEST	[GET] http://localhost:8984/inspection/module/38B5276D1172F3D3DFF73E57CD60BECF
14:49:31.562	0:0:0:0:0:0:0:1:57118	admin	200		803.32 ms
14:49:36.755	0:0:0:0:0:0:0:1:57120	admin	REQUEST	[GET] http://localhost:8984/inspection/module/38B5276D1172F3D3DFF73E57CD60BECF
14:49:37.882	0:0:0:0:0:0:0:1:57120	admin	200		1127.55 ms
15:07:59.297	0:0:0:0:0:0:0:1:57314	admin	REQUEST	[GET] http://localhost:8984/inspection/module/38B5276D1172F3D3DFF73E57CD60BECF
15:08:00.537	0:0:0:0:0:0:0:1:57314	admin	200		1241.05 ms
15:08:23.410	0:0:0:0:0:0:0:1:57318	admin	REQUEST	[GET] http://localhost:8984/inspection/module/38B5276D1172F3D3DFF73E57CD60BECF
15:08:24.629	0:0:0:0:0:0:0:1:57318	admin	200		1220.08 ms
15:08:40.819	0:0:0:0:0:0:0:1:57314	admin	REQUEST	[GET] http://localhost:8984/inspection/module/38B5276D1172F3D3DFF73E57CD60BECF
15:08:42.064	0:0:0:0:0:0:0:1:57314	admin	200		1248.48 ms
15:08:52.097	0:0:0:0:0:0:0:1:57318	admin	REQUEST	[GET] http://localhost:8984/inspection/module/38B5276D1172F3D3DFF73E57CD60BECF
15:08:53.228	0:0:0:0:0:0:0:1:57318	admin	200		1132.09 ms
15:10:16.720	0:0:0:0:0:0:0:1:57338	admin	REQUEST	[GET] http://localhost:8984/inspection/module/38B5276D1172F3D3DFF73E57CD60BECF
15:10:18.041	0:0:0:0:0:0:0:1:57338	admin	200		1321.12 ms
15:12:28.736	0:0:0:0:0:0:0:1:57357	admin	REQUEST	[GET] http://localhost:8984/inspection
15:12:29.811	0:0:0:0:0:0:0:1:57357	admin	200		1078.35 ms
15:12:42.119	0:0:0:0:0:0:0:1:57357	admin	REQUEST	[GET] http://localhost:8984/inspection/module/3FD5148ACD86851555BEA9521A70162D
15:12:43.095	0:0:0:0:0:0:0:1:57357	admin	200		976.24 ms
15:14:38.669	0:0:0:0:0:0:0:1:57362	admin	REQUEST	[GET] http://localhost:8984/inspection/module/3FD5148ACD86851555BEA9521A70162D
15:14:40.248	0:0:0:0:0:0:0:1:57362	admin	200		1580.87 ms
15:16:42.001	0:0:0:0:0:0:0:1:57373	admin	REQUEST	[GET] http://localhost:8984/inspection/module/63353A9B40251CB61D3DDCBA9C2FE034
15:16:43.890	0:0:0:0:0:0:0:1:57373	admin	200		1889.26 ms
15:17:31.060	0:0:0:0:0:0:0:1:57373	admin	REQUEST	[GET] http://localhost:8984/inspection/module/63353A9B40251CB61D3DDCBA9C2FE034
15:17:32.053	0:0:0:0:0:0:0:1:57373	admin	200		993.67 ms
15:18:32.995	0:0:0:0:0:0:0:1:57391	admin	REQUEST	[GET] http://localhost:8984/inspection/module/63353A9B40251CB61D3DDCBA9C2FE034
15:18:34.088	0:0:0:0:0:0:0:1:57391	admin	200		1093.87 ms
15:19:26.682	0:0:0:0:0:0:0:1:57395	admin	REQUEST	[GET] http://localhost:8984/inspection/module/63353A9B40251CB61D3DDCBA9C2FE034
15:19:27.776	0:0:0:0:0:0:0:1:57395	admin	200		1093.43 ms
15:20:57.126	0:0:0:0:0:0:0:1:57406	admin	REQUEST	[GET] http://localhost:8984/inspection/module/63353A9B40251CB61D3DDCBA9C2FE034
15:20:58.110	0:0:0:0:0:0:0:1:57406	admin	200		985.41 ms
15:21:20.757	0:0:0:0:0:0:0:1:57410	admin	REQUEST	[GET] http://localhost:8984/inspection/module/63353A9B40251CB61D3DDCBA9C2FE034
15:21:21.744	0:0:0:0:0:0:0:1:57410	admin	200		987.74 ms
15:21:35.266	0:0:0:0:0:0:0:1:57406	admin	REQUEST	[GET] http://localhost:8984/inspection/module/63353A9B40251CB61D3DDCBA9C2FE034
15:21:36.340	0:0:0:0:0:0:0:1:57406	admin	200		1074.8 ms
15:22:14.407	0:0:0:0:0:0:0:1:57411	admin	REQUEST	[GET] http://localhost:8984/inspection/module/63353A9B40251CB61D3DDCBA9C2FE034
15:22:15.550	0:0:0:0:0:0:0:1:57411	admin	200		1143.84 ms
15:23:58.312	0:0:0:0:0:0:0:1:57447	admin	REQUEST	[GET] http://localhost:8984/inspection/module/63353A9B40251CB61D3DDCBA9C2FE034
15:23:59.611	0:0:0:0:0:0:0:1:57447	admin	200		1299.9 ms
15:24:48.165	0:0:0:0:0:0:0:1:57448	admin	REQUEST	[GET] http://localhost:8984/inspection/module/63353A9B40251CB61D3DDCBA9C2FE034
15:24:49.325	0:0:0:0:0:0:0:1:57448	admin	200		1160.91 ms
15:29:11.395	0:0:0:0:0:0:0:1:57481	admin	REQUEST	[GET] http://localhost:8984/inspection/module/63353A9B40251CB61D3DDCBA9C2FE034
15:29:12.468	0:0:0:0:0:0:0:1:57481	admin	200		1072.95 ms
15:29:35.475	0:0:0:0:0:0:0:1:57487	admin	REQUEST	[GET] http://localhost:8984/inspection/module/63353A9B40251CB61D3DDCBA9C2FE034
15:29:36.613	0:0:0:0:0:0:0:1:57487	admin	200		1138.73 ms
15:29:55.075	0:0:0:0:0:0:0:1:57487	admin	REQUEST	[GET] http://localhost:8984/inspection/module/63353A9B40251CB61D3DDCBA9C2FE034
15:29:56.195	0:0:0:0:0:0:0:1:57487	admin	200		1120.84 ms
15:30:13.958	0:0:0:0:0:0:0:1:57485	admin	REQUEST	[GET] http://localhost:8984/inspection/module/63353A9B40251CB61D3DDCBA9C2FE034
15:30:14.898	0:0:0:0:0:0:0:1:57485	admin	200		943.66 ms
15:30:20.644	0:0:0:0:0:0:0:1:57485	admin	REQUEST	[GET] http://localhost:8984/inspection/module/63353A9B40251CB61D3DDCBA9C2FE034
15:30:21.532	0:0:0:0:0:0:0:1:57485	admin	200		888.33 ms
15:31:09.408	0:0:0:0:0:0:0:1:57485	admin	REQUEST	[GET] http://localhost:8984/inspection
15:31:10.359	0:0:0:0:0:0:0:1:57485	admin	200		951.9 ms
15:31:16.689	0:0:0:0:0:0:0:1:57485	admin	REQUEST	[GET] http://localhost:8984/inspection/module/3BD48E9C6C43E46399962ED48A956F9D
15:31:17.777	0:0:0:0:0:0:0:1:57485	admin	200		1087.55 ms
15:32:47.813	0:0:0:0:0:0:0:1:57513	admin	REQUEST	[GET] http://localhost:8984/inspection/module/3BD48E9C6C43E46399962ED48A956F9D
15:32:49.005	0:0:0:0:0:0:0:1:57513	admin	200		1192.41 ms
15:35:59.348	0:0:0:0:0:0:0:1:57532	admin	REQUEST	[GET] http://localhost:8984/inspection/module/3BD48E9C6C43E46399962ED48A956F9D
15:36:01.256	0:0:0:0:0:0:0:1:57532	admin	200		1909.02 ms
15:37:06.567	0:0:0:0:0:0:0:1:57543	admin	REQUEST	[GET] http://localhost:8984/inspection/module/C9342A9C9C44B65D186545C1AA688039
15:37:07.634	0:0:0:0:0:0:0:1:57543	admin	200		1067.15 ms
15:39:17.267	0:0:0:0:0:0:0:1:57774	admin	REQUEST	[GET] http://localhost:8984/inspection/module/C9342A9C9C44B65D186545C1AA688039
15:39:18.340	0:0:0:0:0:0:0:1:57774	admin	200		1072.67 ms
15:39:27.122	0:0:0:0:0:0:0:1:57777	admin	REQUEST	[GET] http://localhost:8984/inspection/module/C9342A9C9C44B65D186545C1AA688039
15:39:28.427	0:0:0:0:0:0:0:1:57777	admin	200		1305.63 ms
15:40:33.726	0:0:0:0:0:0:0:1:57792	admin	REQUEST	[GET] http://localhost:8984/inspection/module/C9342A9C9C44B65D186545C1AA688039
15:40:34.983	0:0:0:0:0:0:0:1:57792	admin	200		1257.23 ms
15:41:05.717	0:0:0:0:0:0:0:1:57793	admin	REQUEST	[GET] http://localhost:8984/inspection/module/C9342A9C9C44B65D186545C1AA688039
15:41:06.904	0:0:0:0:0:0:0:1:57793	admin	200		1188.09 ms
15:41:13.777	0:0:0:0:0:0:0:1:57797	admin	REQUEST	[GET] http://localhost:8984/inspection
15:41:15.569	0:0:0:0:0:0:0:1:57797	admin	200		1792.36 ms
15:41:17.608	0:0:0:0:0:0:0:1:57797	admin	REQUEST	[GET] http://localhost:8984/inspection/module/C9342A9C9C44B65D186545C1AA688039
15:41:18.746	0:0:0:0:0:0:0:1:57797	admin	200		1137.63 ms
15:43:27.567	0:0:0:0:0:0:0:1:57812	admin	REQUEST	[GET] http://localhost:8984/inspection/module/C9342A9C9C44B65D186545C1AA688039
15:43:28.280	0:0:0:0:0:0:0:1:57812	admin	200		712.66 ms
15:44:19.754	0:0:0:0:0:0:0:1:57813	admin	REQUEST	[GET] http://localhost:8984/inspection/module/C9342A9C9C44B65D186545C1AA688039
15:44:20.783	0:0:0:0:0:0:0:1:57813	admin	200		1028.8 ms
15:45:48.165	0:0:0:0:0:0:0:1:57843	admin	REQUEST	[GET] http://localhost:8984/inspection/module/C9342A9C9C44B65D186545C1AA688039
15:45:48.421	0:0:0:0:0:0:0:1:57844	admin	REQUEST	[GET] http://localhost:8984/inspection/module/C9342A9C9C44B65D186545C1AA688039
15:45:49.137	0:0:0:0:0:0:0:1:57843	admin	200		972.38 ms
15:45:49.265	0:0:0:0:0:0:0:1:57844	admin	200		844.09 ms
15:46:47.309	0:0:0:0:0:0:0:1:57844	admin	REQUEST	[GET] http://localhost:8984/inspection/module/C9342A9C9C44B65D186545C1AA688039
15:46:48.347	0:0:0:0:0:0:0:1:57844	admin	200		1037.59 ms
15:48:46.778	0:0:0:0:0:0:0:1:57886	admin	REQUEST	[GET] http://localhost:8984/inspection/module/C9342A9C9C44B65D186545C1AA688039
15:48:47.434	0:0:0:0:0:0:0:1:57886	admin	200		656.14 ms
15:49:46.678	0:0:0:0:0:0:0:1:57889	admin	REQUEST	[GET] http://localhost:8984/inspection/module/C9342A9C9C44B65D186545C1AA688039
15:49:47.599	0:0:0:0:0:0:0:1:57889	admin	200		920.9 ms
15:49:51.931	0:0:0:0:0:0:0:1:57891	admin	REQUEST	[GET] http://localhost:8984/inspection
15:49:53.170	0:0:0:0:0:0:0:1:57891	admin	200		1239.98 ms
15:50:48.854	0:0:0:0:0:0:0:1:57891	admin	REQUEST	[GET] http://localhost:8984/inspection/module/2F5F4E59FCC05E11EE0B4CF146284180
15:50:49.482	0:0:0:0:0:0:0:1:57891	admin	200		629.4 ms
15:55:01.291	0:0:0:0:0:0:0:1:57928	admin	REQUEST	[GET] http://localhost:8984/inspection/module/2F5F4E59FCC05E11EE0B4CF146284180
15:55:02.104	0:0:0:0:0:0:0:1:57928	admin	200		814.45 ms
15:55:14.243	0:0:0:0:0:0:0:1:57930	admin	REQUEST	[GET] http://localhost:8984/inspection
15:55:15.122	0:0:0:0:0:0:0:1:57930	admin	200		878.93 ms
16:02:41.548	0:0:0:0:0:0:0:1:57990	admin	REQUEST	[GET] http://localhost:8984/inspection/module/38B5276D1172F3D3DFF73E57CD60BECF
16:02:42.193	0:0:0:0:0:0:0:1:57990	admin	200		645.52 ms
16:05:30.267	0:0:0:0:0:0:0:1:58004	admin	REQUEST	[GET] http://localhost:8984/inspection/module/38B5276D1172F3D3DFF73E57CD60BECF
16:05:31.077	0:0:0:0:0:0:0:1:58004	admin	200		810.94 ms
16:07:03.075	0:0:0:0:0:0:0:1:58021	admin	REQUEST	[GET] http://localhost:8984/inspection/module/38B5276D1172F3D3DFF73E57CD60BECF
16:07:03.761	0:0:0:0:0:0:0:1:58021	admin	200		686.74 ms
16:08:01.865	0:0:0:0:0:0:0:1:58023	admin	REQUEST	[GET] http://localhost:8984/inspection/module/38B5276D1172F3D3DFF73E57CD60BECF
16:08:02.538	0:0:0:0:0:0:0:1:58023	admin	200		674.0 ms
16:10:26.603	0:0:0:0:0:0:0:1:58041	admin	REQUEST	[GET] http://localhost:8984/inspection/module/38B5276D1172F3D3DFF73E57CD60BECF
16:10:27.280	0:0:0:0:0:0:0:1:58041	admin	200		688.13 ms
16:10:37.061	0:0:0:0:0:0:0:1:58044	admin	REQUEST	[GET] http://localhost:8984/inspection
16:10:37.723	0:0:0:0:0:0:0:1:58044	admin	200		661.33 ms
