15:10:55.233	SERVER	admin	OK	Server wurde gestartet (Port: 1984).
15:10:55.442	SERVER	admin	OK	HTTP Server wurde gestartet (Port: 8984).
15:11:12.911	0:0:0:0:0:0:0:1:56604	admin	REQUEST	[GET] http://localhost:8984/
15:11:16.612	0:0:0:0:0:0:0:1:56604	admin	200		3735.18 ms
15:11:18.494	0:0:0:0:0:0:0:1:56605	admin	REQUEST	[GET] http://localhost:8984/favicon.ico
15:11:18.502	0:0:0:0:0:0:0:1:56605	admin	404	No function found that matches the request.	9.8 ms
15:11:24.685	0:0:0:0:0:0:0:1:56605	admin	REQUEST	[GET] http://localhost:8984/requirements-manager
15:11:25.595	0:0:0:0:0:0:0:1:56605	admin	200		910.3 ms
15:11:34.027	0:0:0:0:0:0:0:1:56606	admin	REQUEST	[GET] http://localhost:8984/care
15:11:34.062	0:0:0:0:0:0:0:1:56606	admin	200		36.09 ms
15:11:36.546	0:0:0:0:0:0:0:1:56606	admin	REQUEST	[GET] http://localhost:8984/setup
15:11:36.890	0:0:0:0:0:0:0:1:56606	admin	200		344.09 ms
15:11:36.895	0:0:0:0:0:0:0:1:56606	admin	REQUEST	[GET] http://localhost:8984/care
15:11:36.920	0:0:0:0:0:0:0:1:56606	admin	200		25.35 ms
15:11:38.850	0:0:0:0:0:0:0:1:56606	admin	REQUEST	[GET] http://localhost:8984/requirements-manager
15:11:39.142	0:0:0:0:0:0:0:1:56606	admin	200		292.56 ms
15:12:02.415	0:0:0:0:0:0:0:1:56606	admin	REQUEST	[POST] http://localhost:8984/data/upload
15:12:04.586	0:0:0:0:0:0:0:1:56606	admin	200		2170.73 ms
15:12:04.592	0:0:0:0:0:0:0:1:56606	admin	REQUEST	[GET] http://localhost:8984/requirements-manager
15:12:04.830	0:0:0:0:0:0:0:1:56606	admin	200		238.19 ms
15:12:12.044	0:0:0:0:0:0:0:1:56606	admin	REQUEST	[GET] http://localhost:8984/requirements-manager/package/197886a4-83c4-44c2-bda7-8ca7281a8e64/b85edbdf-225b-46d2-8282-446832b5c195
15:12:12.233	0:0:0:0:0:0:0:1:56606	admin	200		189.63 ms
15:24:56.021	0:0:0:0:0:0:0:1:56658	admin	REQUEST	[GET] http://localhost:8984/requirements-manager/assist/197886a4-83c4-44c2-bda7-8ca7281a8e64/b85edbdf-225b-46d2-8282-446832b5c195/d15b0b06-d63e-4386-b154-01b897953786
15:24:56.512	0:0:0:0:0:0:0:1:56658	admin	200		492.19 ms
15:25:51.937	0:0:0:0:0:0:0:1:56658	admin	REQUEST	[POST] http://localhost:8984/restancil/save/197886a4-83c4-44c2-bda7-8ca7281a8e64/b85edbdf-225b-46d2-8282-446832b5c195/d15b0b06-d63e-4386-b154-01b897953786?
15:25:52.143	0:0:0:0:0:0:0:1:56658	admin	200		207.02 ms
15:25:52.165	0:0:0:0:0:0:0:1:56658	admin	REQUEST	[GET] http://localhost:8984/requirements-manager/assist/197886a4-83c4-44c2-bda7-8ca7281a8e64/b85edbdf-225b-46d2-8282-446832b5c195/d15b0b06-d63e-4386-b154-01b897953786
15:25:52.531	0:0:0:0:0:0:0:1:56658	admin	200		366.55 ms
15:25:57.938	0:0:0:0:0:0:0:1:56658	admin	REQUEST	[GET] http://localhost:8984/requirements-manager/assist/197886a4-83c4-44c2-bda7-8ca7281a8e64/b85edbdf-225b-46d2-8282-446832b5c195/172bc894-eaab-49aa-bf32-40b947dede85
15:25:58.250	0:0:0:0:0:0:0:1:56658	admin	200		311.5 ms
15:26:19.895	0:0:0:0:0:0:0:1:56658	admin	REQUEST	[POST] http://localhost:8984/restancil/save/197886a4-83c4-44c2-bda7-8ca7281a8e64/b85edbdf-225b-46d2-8282-446832b5c195/172bc894-eaab-49aa-bf32-40b947dede85?
15:26:20.068	0:0:0:0:0:0:0:1:56658	admin	200		173.48 ms
15:26:20.084	0:0:0:0:0:0:0:1:56658	admin	REQUEST	[GET] http://localhost:8984/requirements-manager/assist/197886a4-83c4-44c2-bda7-8ca7281a8e64/b85edbdf-225b-46d2-8282-446832b5c195/172bc894-eaab-49aa-bf32-40b947dede85
15:26:20.479	0:0:0:0:0:0:0:1:56658	admin	200		395.22 ms
15:26:34.535	0:0:0:0:0:0:0:1:56658	admin	REQUEST	[POST] http://localhost:8984/restancil/save/197886a4-83c4-44c2-bda7-8ca7281a8e64/b85edbdf-225b-46d2-8282-446832b5c195/172bc894-eaab-49aa-bf32-40b947dede85?
15:26:34.664	0:0:0:0:0:0:0:1:56658	admin	200		129.43 ms
15:26:34.670	0:0:0:0:0:0:0:1:56658	admin	REQUEST	[GET] http://localhost:8984/requirements-manager/assist/197886a4-83c4-44c2-bda7-8ca7281a8e64/b85edbdf-225b-46d2-8282-446832b5c195/172bc894-eaab-49aa-bf32-40b947dede85
15:26:35.094	0:0:0:0:0:0:0:1:56658	admin	200		424.27 ms
15:27:08.659	0:0:0:0:0:0:0:1:56658	admin	REQUEST	[GET] http://localhost:8984/requirements-manager/assist/197886a4-83c4-44c2-bda7-8ca7281a8e64/b85edbdf-225b-46d2-8282-446832b5c195/172bc894-eaab-49aa-bf32-40b947dede85?req-id=a03bdfd2-1372-49fa-bd82-29d916791fd0
15:27:08.957	0:0:0:0:0:0:0:1:56658	admin	200		297.99 ms
15:27:13.707	0:0:0:0:0:0:0:1:56658	admin	REQUEST	[POST] http://localhost:8984/restancil/save/197886a4-83c4-44c2-bda7-8ca7281a8e64/b85edbdf-225b-46d2-8282-446832b5c195/172bc894-eaab-49aa-bf32-40b947dede85?req-id=a03bdfd2-1372-49fa-bd82-29d916791fd0
15:27:13.895	0:0:0:0:0:0:0:1:56658	admin	200		190.14 ms
15:27:13.901	0:0:0:0:0:0:0:1:56658	admin	REQUEST	[GET] http://localhost:8984/requirements-manager/assist/197886a4-83c4-44c2-bda7-8ca7281a8e64/b85edbdf-225b-46d2-8282-446832b5c195/172bc894-eaab-49aa-bf32-40b947dede85
15:27:14.336	0:0:0:0:0:0:0:1:56658	admin	200		434.67 ms
15:27:21.930	0:0:0:0:0:0:0:1:56658	admin	REQUEST	[GET] http://localhost:8984/requirements-manager/assist/197886a4-83c4-44c2-bda7-8ca7281a8e64/b85edbdf-225b-46d2-8282-446832b5c195/1a53812d-5be8-4ad0-9538-d214303dc8da
15:27:22.199	0:0:0:0:0:0:0:1:56658	admin	200		269.34 ms
15:27:53.234	0:0:0:0:0:0:0:1:56658	admin	REQUEST	[POST] http://localhost:8984/restancil/save/197886a4-83c4-44c2-bda7-8ca7281a8e64/b85edbdf-225b-46d2-8282-446832b5c195/1a53812d-5be8-4ad0-9538-d214303dc8da?
15:27:53.397	0:0:0:0:0:0:0:1:56658	admin	200		163.59 ms
15:27:53.403	0:0:0:0:0:0:0:1:56658	admin	REQUEST	[GET] http://localhost:8984/requirements-manager/assist/197886a4-83c4-44c2-bda7-8ca7281a8e64/b85edbdf-225b-46d2-8282-446832b5c195/1a53812d-5be8-4ad0-9538-d214303dc8da
15:27:53.618	0:0:0:0:0:0:0:1:56658	admin	200		215.52 ms
15:28:04.589	0:0:0:0:0:0:0:1:56658	admin	REQUEST	[POST] http://localhost:8984/restancil/save/197886a4-83c4-44c2-bda7-8ca7281a8e64/b85edbdf-225b-46d2-8282-446832b5c195/1a53812d-5be8-4ad0-9538-d214303dc8da?
15:28:04.700	0:0:0:0:0:0:0:1:56658	admin	200		111.3 ms
15:28:04.701	0:0:0:0:0:0:0:1:56658	admin	REQUEST	[GET] http://localhost:8984/requirements-manager/assist/197886a4-83c4-44c2-bda7-8ca7281a8e64/b85edbdf-225b-46d2-8282-446832b5c195/1a53812d-5be8-4ad0-9538-d214303dc8da
15:28:05.203	0:0:0:0:0:0:0:1:56658	admin	200		502.11 ms
15:28:08.979	0:0:0:0:0:0:0:1:56658	admin	REQUEST	[GET] http://localhost:8984/requirements-manager/assist/197886a4-83c4-44c2-bda7-8ca7281a8e64/b85edbdf-225b-46d2-8282-446832b5c195/1a53812d-5be8-4ad0-9538-d214303dc8da?req-id=655db5f6-2d7f-4a18-a5d9-0e7375c9cbe6
15:28:09.173	0:0:0:0:0:0:0:1:56658	admin	200		193.71 ms
15:28:16.054	0:0:0:0:0:0:0:1:56658	admin	REQUEST	[POST] http://localhost:8984/restancil/save/197886a4-83c4-44c2-bda7-8ca7281a8e64/b85edbdf-225b-46d2-8282-446832b5c195/1a53812d-5be8-4ad0-9538-d214303dc8da?req-id=655db5f6-2d7f-4a18-a5d9-0e7375c9cbe6
15:28:16.165	0:0:0:0:0:0:0:1:56658	admin	200		111.91 ms
15:28:16.169	0:0:0:0:0:0:0:1:56658	admin	REQUEST	[GET] http://localhost:8984/requirements-manager/assist/197886a4-83c4-44c2-bda7-8ca7281a8e64/b85edbdf-225b-46d2-8282-446832b5c195/1a53812d-5be8-4ad0-9538-d214303dc8da
15:28:16.405	0:0:0:0:0:0:0:1:56658	admin	200		235.86 ms
15:28:19.287	0:0:0:0:0:0:0:1:56658	admin	REQUEST	[GET] http://localhost:8984/requirements-manager/assist/197886a4-83c4-44c2-bda7-8ca7281a8e64/b85edbdf-225b-46d2-8282-446832b5c195/b8a4cd2a-33b8-4ee2-950d-d81d4274efd6
15:28:19.438	0:0:0:0:0:0:0:1:56658	admin	200		151.47 ms
15:29:26.966	0:0:0:0:0:0:0:1:56661	admin	REQUEST	[POST] http://localhost:8984/restancil/save/197886a4-83c4-44c2-bda7-8ca7281a8e64/b85edbdf-225b-46d2-8282-446832b5c195/b8a4cd2a-33b8-4ee2-950d-d81d4274efd6?
15:29:27.075	0:0:0:0:0:0:0:1:56661	admin	200		110.19 ms
15:29:27.084	0:0:0:0:0:0:0:1:56661	admin	REQUEST	[GET] http://localhost:8984/requirements-manager/assist/197886a4-83c4-44c2-bda7-8ca7281a8e64/b85edbdf-225b-46d2-8282-446832b5c195/b8a4cd2a-33b8-4ee2-950d-d81d4274efd6
15:29:27.471	0:0:0:0:0:0:0:1:56661	admin	200		387.58 ms
15:29:30.402	0:0:0:0:0:0:0:1:56661	admin	REQUEST	[GET] http://localhost:8984/requirements-manager/assist/197886a4-83c4-44c2-bda7-8ca7281a8e64/b85edbdf-225b-46d2-8282-446832b5c195/b8a4cd2a-33b8-4ee2-950d-d81d4274efd6?req-id=1a960f11-e384-4b90-85d1-e0843d0ded9a
15:29:30.528	0:0:0:0:0:0:0:1:56661	admin	200		126.66 ms
15:29:40.371	0:0:0:0:0:0:0:1:56661	admin	REQUEST	[GET] http://localhost:8984/requirements-manager/assist/197886a4-83c4-44c2-bda7-8ca7281a8e64/b85edbdf-225b-46d2-8282-446832b5c195/b8a4cd2a-33b8-4ee2-950d-d81d4274efd6
15:29:40.561	0:0:0:0:0:0:0:1:56661	admin	200		190.88 ms
15:29:42.920	0:0:0:0:0:0:0:1:56661	admin	REQUEST	[GET] http://localhost:8984/requirements-manager/assist/197886a4-83c4-44c2-bda7-8ca7281a8e64/b85edbdf-225b-46d2-8282-446832b5c195/b8a4cd2a-33b8-4ee2-950d-d81d4274efd6?req-id=1a960f11-e384-4b90-85d1-e0843d0ded9a
15:29:43.052	0:0:0:0:0:0:0:1:56661	admin	200		131.43 ms
15:29:49.572	0:0:0:0:0:0:0:1:56661	admin	REQUEST	[POST] http://localhost:8984/restancil/save/197886a4-83c4-44c2-bda7-8ca7281a8e64/b85edbdf-225b-46d2-8282-446832b5c195/b8a4cd2a-33b8-4ee2-950d-d81d4274efd6?req-id=1a960f11-e384-4b90-85d1-e0843d0ded9a
15:29:49.684	0:0:0:0:0:0:0:1:56661	admin	200		113.17 ms
15:29:49.690	0:0:0:0:0:0:0:1:56661	admin	REQUEST	[GET] http://localhost:8984/requirements-manager/assist/197886a4-83c4-44c2-bda7-8ca7281a8e64/b85edbdf-225b-46d2-8282-446832b5c195/b8a4cd2a-33b8-4ee2-950d-d81d4274efd6
15:29:49.918	0:0:0:0:0:0:0:1:56661	admin	200		227.86 ms
15:30:01.489	0:0:0:0:0:0:0:1:56661	admin	REQUEST	[POST] http://localhost:8984/restancil/save/197886a4-83c4-44c2-bda7-8ca7281a8e64/b85edbdf-225b-46d2-8282-446832b5c195/b8a4cd2a-33b8-4ee2-950d-d81d4274efd6?
15:30:01.586	0:0:0:0:0:0:0:1:56661	admin	200		97.62 ms
15:30:01.592	0:0:0:0:0:0:0:1:56661	admin	REQUEST	[GET] http://localhost:8984/requirements-manager/assist/197886a4-83c4-44c2-bda7-8ca7281a8e64/b85edbdf-225b-46d2-8282-446832b5c195/b8a4cd2a-33b8-4ee2-950d-d81d4274efd6
15:30:01.790	0:0:0:0:0:0:0:1:56661	admin	200		197.59 ms
15:30:08.145	0:0:0:0:0:0:0:1:56661	admin	REQUEST	[GET] http://localhost:8984/requirements-manager/package/197886a4-83c4-44c2-bda7-8ca7281a8e64/b85edbdf-225b-46d2-8282-446832b5c195
15:30:08.230	0:0:0:0:0:0:0:1:56661	admin	200		86.19 ms
15:30:12.499	0:0:0:0:0:0:0:1:56661	admin	REQUEST	[GET] http://localhost:8984/requirements-manager
15:30:12.596	0:0:0:0:0:0:0:1:56661	admin	200		97.84 ms
15:30:25.564	0:0:0:0:0:0:0:1:56661	admin	REQUEST	[POST] http://localhost:8984/data/upload
15:30:26.023	0:0:0:0:0:0:0:1:56661	admin	200		458.75 ms
15:30:26.031	0:0:0:0:0:0:0:1:56661	admin	REQUEST	[GET] http://localhost:8984/requirements-manager
15:30:26.606	0:0:0:0:0:0:0:1:56661	admin	200		575.85 ms
15:30:31.393	0:0:0:0:0:0:0:1:56661	admin	REQUEST	[GET] http://localhost:8984/requirements-manager/package/197886a4-83c4-44c2-bda7-8ca7281a8e64/786d9542-6ce2-4edf-8fc1-cbd07a6501cc
15:30:31.533	0:0:0:0:0:0:0:1:56661	admin	200		139.2 ms
15:30:33.859	0:0:0:0:0:0:0:1:56661	admin	REQUEST	[GET] http://localhost:8984/requirements-manager/assist/197886a4-83c4-44c2-bda7-8ca7281a8e64/786d9542-6ce2-4edf-8fc1-cbd07a6501cc/d15b0b06-d63e-4386-b154-01b897953786
15:30:34.025	0:0:0:0:0:0:0:1:56661	admin	200		165.62 ms
15:30:46.939	0:0:0:0:0:0:0:1:56661	admin	REQUEST	[GET] http://localhost:8984/requirements-manager/assist/197886a4-83c4-44c2-bda7-8ca7281a8e64/786d9542-6ce2-4edf-8fc1-cbd07a6501cc/d15b0b06-d63e-4386-b154-01b897953786?req-id=fb461de0-00d1-41a0-ba61-a4cbe114be9e
15:30:47.075	0:0:0:0:0:0:0:1:56661	admin	200		137.5 ms
15:30:50.071	0:0:0:0:0:0:0:1:56661	admin	REQUEST	[POST] http://localhost:8984/restancil/save/197886a4-83c4-44c2-bda7-8ca7281a8e64/786d9542-6ce2-4edf-8fc1-cbd07a6501cc/d15b0b06-d63e-4386-b154-01b897953786?req-id=fb461de0-00d1-41a0-ba61-a4cbe114be9e
15:30:50.169	0:0:0:0:0:0:0:1:56661	admin	200		99.41 ms
15:30:50.171	0:0:0:0:0:0:0:1:56661	admin	REQUEST	[GET] http://localhost:8984/requirements-manager/assist/197886a4-83c4-44c2-bda7-8ca7281a8e64/786d9542-6ce2-4edf-8fc1-cbd07a6501cc/d15b0b06-d63e-4386-b154-01b897953786
15:30:50.341	0:0:0:0:0:0:0:1:56661	admin	200		169.15 ms
15:31:05.782	0:0:0:0:0:0:0:1:56661	admin	REQUEST	[GET] http://localhost:8984/requirements-manager/assist/197886a4-83c4-44c2-bda7-8ca7281a8e64/786d9542-6ce2-4edf-8fc1-cbd07a6501cc/d15b0b06-d63e-4386-b154-01b897953786?req-id=fb461de0-00d1-41a0-ba61-a4cbe114be9e
15:31:05.958	0:0:0:0:0:0:0:1:56661	admin	200		177.43 ms
15:31:11.528	0:0:0:0:0:0:0:1:56661	admin	REQUEST	[POST] http://localhost:8984/restancil/save/197886a4-83c4-44c2-bda7-8ca7281a8e64/786d9542-6ce2-4edf-8fc1-cbd07a6501cc/d15b0b06-d63e-4386-b154-01b897953786?req-id=fb461de0-00d1-41a0-ba61-a4cbe114be9e
15:31:11.611	0:0:0:0:0:0:0:1:56661	admin	200		83.66 ms
15:31:11.617	0:0:0:0:0:0:0:1:56661	admin	REQUEST	[GET] http://localhost:8984/requirements-manager/assist/197886a4-83c4-44c2-bda7-8ca7281a8e64/786d9542-6ce2-4edf-8fc1-cbd07a6501cc/d15b0b06-d63e-4386-b154-01b897953786
15:31:11.863	0:0:0:0:0:0:0:1:56661	admin	200		246.57 ms
15:31:25.476	0:0:0:0:0:0:0:1:56661	admin	REQUEST	[GET] http://localhost:8984/requirements-manager/assist/197886a4-83c4-44c2-bda7-8ca7281a8e64/786d9542-6ce2-4edf-8fc1-cbd07a6501cc/172bc894-eaab-49aa-bf32-40b947dede85
15:31:25.639	0:0:0:0:0:0:0:1:56661	admin	200		163.49 ms
15:31:30.371	0:0:0:0:0:0:0:1:56661	admin	REQUEST	[GET] http://localhost:8984/requirements-manager/assist/197886a4-83c4-44c2-bda7-8ca7281a8e64/786d9542-6ce2-4edf-8fc1-cbd07a6501cc/d15b0b06-d63e-4386-b154-01b897953786
15:31:30.501	0:0:0:0:0:0:0:1:56661	admin	200		130.56 ms
15:31:48.661	0:0:0:0:0:0:0:1:56661	admin	REQUEST	[POST] http://localhost:8984/restancil/save/197886a4-83c4-44c2-bda7-8ca7281a8e64/786d9542-6ce2-4edf-8fc1-cbd07a6501cc/d15b0b06-d63e-4386-b154-01b897953786?
15:31:48.773	0:0:0:0:0:0:0:1:56661	admin	200		112.72 ms
15:31:48.785	0:0:0:0:0:0:0:1:56661	admin	REQUEST	[GET] http://localhost:8984/requirements-manager/assist/197886a4-83c4-44c2-bda7-8ca7281a8e64/786d9542-6ce2-4edf-8fc1-cbd07a6501cc/d15b0b06-d63e-4386-b154-01b897953786
15:31:49.194	0:0:0:0:0:0:0:1:56661	admin	200		409.46 ms
15:32:29.630	0:0:0:0:0:0:0:1:56661	admin	REQUEST	[GET] http://localhost:8984/requirements-manager/assist/197886a4-83c4-44c2-bda7-8ca7281a8e64/786d9542-6ce2-4edf-8fc1-cbd07a6501cc/172bc894-eaab-49aa-bf32-40b947dede85
15:32:29.788	0:0:0:0:0:0:0:1:56661	admin	200		157.83 ms
15:33:13.067	0:0:0:0:0:0:0:1:56661	admin	REQUEST	[GET] http://localhost:8984/requirements-manager/assist/197886a4-83c4-44c2-bda7-8ca7281a8e64/786d9542-6ce2-4edf-8fc1-cbd07a6501cc/172bc894-eaab-49aa-bf32-40b947dede85?req-id=e0030099-2762-4131-ab99-1717a399ad9a
15:33:13.204	0:0:0:0:0:0:0:1:56661	admin	200		137.85 ms
15:33:16.740	0:0:0:0:0:0:0:1:56661	admin	REQUEST	[POST] http://localhost:8984/restancil/save/197886a4-83c4-44c2-bda7-8ca7281a8e64/786d9542-6ce2-4edf-8fc1-cbd07a6501cc/172bc894-eaab-49aa-bf32-40b947dede85?req-id=e0030099-2762-4131-ab99-1717a399ad9a
15:33:16.826	0:0:0:0:0:0:0:1:56661	admin	200		87.06 ms
15:33:16.832	0:0:0:0:0:0:0:1:56661	admin	REQUEST	[GET] http://localhost:8984/requirements-manager/assist/197886a4-83c4-44c2-bda7-8ca7281a8e64/786d9542-6ce2-4edf-8fc1-cbd07a6501cc/172bc894-eaab-49aa-bf32-40b947dede85
15:33:17.014	0:0:0:0:0:0:0:1:56661	admin	200		182.33 ms
15:33:24.772	0:0:0:0:0:0:0:1:56661	admin	REQUEST	[GET] http://localhost:8984/requirements-manager/assist/197886a4-83c4-44c2-bda7-8ca7281a8e64/786d9542-6ce2-4edf-8fc1-cbd07a6501cc/172bc894-eaab-49aa-bf32-40b947dede85?req-id=a03bdfd2-1372-49fa-bd82-29d916791fd0
15:33:24.912	0:0:0:0:0:0:0:1:56661	admin	200		140.49 ms
15:33:42.721	0:0:0:0:0:0:0:1:56661	admin	REQUEST	[GET] http://localhost:8984/requirements-manager/assist/197886a4-83c4-44c2-bda7-8ca7281a8e64/786d9542-6ce2-4edf-8fc1-cbd07a6501cc/172bc894-eaab-49aa-bf32-40b947dede85
15:33:42.860	0:0:0:0:0:0:0:1:56661	admin	200		139.56 ms
15:33:45.251	0:0:0:0:0:0:0:1:56661	admin	REQUEST	[GET] http://localhost:8984/requirements-manager/assist/197886a4-83c4-44c2-bda7-8ca7281a8e64/786d9542-6ce2-4edf-8fc1-cbd07a6501cc/172bc894-eaab-49aa-bf32-40b947dede85?req-id=a03bdfd2-1372-49fa-bd82-29d916791fd0
15:33:45.383	0:0:0:0:0:0:0:1:56661	admin	200		131.55 ms
15:34:05.370	0:0:0:0:0:0:0:1:56661	admin	REQUEST	[GET] http://localhost:8984/requirements-manager/assist/197886a4-83c4-44c2-bda7-8ca7281a8e64/786d9542-6ce2-4edf-8fc1-cbd07a6501cc/172bc894-eaab-49aa-bf32-40b947dede85
15:34:05.530	0:0:0:0:0:0:0:1:56661	admin	200		160.58 ms
15:34:08.356	0:0:0:0:0:0:0:1:56661	admin	REQUEST	[GET] http://localhost:8984/requirements-manager/assist/197886a4-83c4-44c2-bda7-8ca7281a8e64/786d9542-6ce2-4edf-8fc1-cbd07a6501cc/172bc894-eaab-49aa-bf32-40b947dede85?req-id=a03bdfd2-1372-49fa-bd82-29d916791fd0
15:34:08.497	0:0:0:0:0:0:0:1:56661	admin	200		142.11 ms
15:34:17.536	0:0:0:0:0:0:0:1:56661	admin	REQUEST	[POST] http://localhost:8984/restancil/save/197886a4-83c4-44c2-bda7-8ca7281a8e64/786d9542-6ce2-4edf-8fc1-cbd07a6501cc/172bc894-eaab-49aa-bf32-40b947dede85?req-id=a03bdfd2-1372-49fa-bd82-29d916791fd0
15:34:17.615	0:0:0:0:0:0:0:1:56661	admin	200		79.47 ms
15:34:17.621	0:0:0:0:0:0:0:1:56661	admin	REQUEST	[GET] http://localhost:8984/requirements-manager/assist/197886a4-83c4-44c2-bda7-8ca7281a8e64/786d9542-6ce2-4edf-8fc1-cbd07a6501cc/172bc894-eaab-49aa-bf32-40b947dede85
15:34:17.787	0:0:0:0:0:0:0:1:56661	admin	200		165.61 ms
15:34:24.338	0:0:0:0:0:0:0:1:56661	admin	REQUEST	[GET] http://localhost:8984/requirements-manager/assist/197886a4-83c4-44c2-bda7-8ca7281a8e64/786d9542-6ce2-4edf-8fc1-cbd07a6501cc/77e85ea9-c66a-44e5-8925-fc91ee4bf47d
15:34:24.475	0:0:0:0:0:0:0:1:56661	admin	200		136.84 ms
15:34:52.945	0:0:0:0:0:0:0:1:56661	admin	REQUEST	[POST] http://localhost:8984/restancil/save/197886a4-83c4-44c2-bda7-8ca7281a8e64/786d9542-6ce2-4edf-8fc1-cbd07a6501cc/77e85ea9-c66a-44e5-8925-fc91ee4bf47d?
15:34:53.034	0:0:0:0:0:0:0:1:56661	admin	200		88.57 ms
15:34:53.040	0:0:0:0:0:0:0:1:56661	admin	REQUEST	[GET] http://localhost:8984/requirements-manager/assist/197886a4-83c4-44c2-bda7-8ca7281a8e64/786d9542-6ce2-4edf-8fc1-cbd07a6501cc/77e85ea9-c66a-44e5-8925-fc91ee4bf47d
15:34:53.214	0:0:0:0:0:0:0:1:56661	admin	200		175.12 ms
15:34:57.124	0:0:0:0:0:0:0:1:56661	admin	REQUEST	[GET] http://localhost:8984/requirements-manager/assist/197886a4-83c4-44c2-bda7-8ca7281a8e64/786d9542-6ce2-4edf-8fc1-cbd07a6501cc/77e85ea9-c66a-44e5-8925-fc91ee4bf47d?req-id=96c8edfd-990b-426e-9560-cea876ba7a43
15:34:57.233	0:0:0:0:0:0:0:1:56661	admin	200		109.0 ms
15:35:02.745	0:0:0:0:0:0:0:1:56661	admin	REQUEST	[POST] http://localhost:8984/restancil/save/197886a4-83c4-44c2-bda7-8ca7281a8e64/786d9542-6ce2-4edf-8fc1-cbd07a6501cc/77e85ea9-c66a-44e5-8925-fc91ee4bf47d?req-id=96c8edfd-990b-426e-9560-cea876ba7a43
15:35:02.836	0:0:0:0:0:0:0:1:56661	admin	200		92.04 ms
15:35:02.842	0:0:0:0:0:0:0:1:56661	admin	REQUEST	[GET] http://localhost:8984/requirements-manager/assist/197886a4-83c4-44c2-bda7-8ca7281a8e64/786d9542-6ce2-4edf-8fc1-cbd07a6501cc/77e85ea9-c66a-44e5-8925-fc91ee4bf47d
15:35:03.314	0:0:0:0:0:0:0:1:56661	admin	200		473.6 ms
15:35:17.833	0:0:0:0:0:0:0:1:56661	admin	REQUEST	[POST] http://localhost:8984/restancil/save/197886a4-83c4-44c2-bda7-8ca7281a8e64/786d9542-6ce2-4edf-8fc1-cbd07a6501cc/77e85ea9-c66a-44e5-8925-fc91ee4bf47d?
15:35:17.934	0:0:0:0:0:0:0:1:56661	admin	200		102.33 ms
15:35:17.943	0:0:0:0:0:0:0:1:56661	admin	REQUEST	[GET] http://localhost:8984/requirements-manager/assist/197886a4-83c4-44c2-bda7-8ca7281a8e64/786d9542-6ce2-4edf-8fc1-cbd07a6501cc/77e85ea9-c66a-44e5-8925-fc91ee4bf47d
15:35:18.179	0:0:0:0:0:0:0:1:56661	admin	200		235.58 ms
15:35:34.769	0:0:0:0:0:0:0:1:56661	admin	REQUEST	[POST] http://localhost:8984/restancil/save/197886a4-83c4-44c2-bda7-8ca7281a8e64/786d9542-6ce2-4edf-8fc1-cbd07a6501cc/77e85ea9-c66a-44e5-8925-fc91ee4bf47d?
15:35:34.874	0:0:0:0:0:0:0:1:56661	admin	200		104.78 ms
15:35:34.879	0:0:0:0:0:0:0:1:56661	admin	REQUEST	[GET] http://localhost:8984/requirements-manager/assist/197886a4-83c4-44c2-bda7-8ca7281a8e64/786d9542-6ce2-4edf-8fc1-cbd07a6501cc/77e85ea9-c66a-44e5-8925-fc91ee4bf47d
15:35:35.061	0:0:0:0:0:0:0:1:56661	admin	200		182.47 ms
15:35:41.163	0:0:0:0:0:0:0:1:56661	admin	REQUEST	[GET] http://localhost:8984/requirements-manager/assist/197886a4-83c4-44c2-bda7-8ca7281a8e64/786d9542-6ce2-4edf-8fc1-cbd07a6501cc/1a53812d-5be8-4ad0-9538-d214303dc8da
15:35:41.301	0:0:0:0:0:0:0:1:56661	admin	200		137.64 ms
15:35:59.703	0:0:0:0:0:0:0:1:56661	admin	REQUEST	[GET] http://localhost:8984/requirements-manager/assist/197886a4-83c4-44c2-bda7-8ca7281a8e64/786d9542-6ce2-4edf-8fc1-cbd07a6501cc/1a53812d-5be8-4ad0-9538-d214303dc8da?req-id=655db5f6-2d7f-4a18-a5d9-0e7375c9cbe6
15:35:59.837	0:0:0:0:0:0:0:1:56661	admin	200		134.38 ms
15:36:13.993	0:0:0:0:0:0:0:1:56661	admin	REQUEST	[POST] http://localhost:8984/restancil/save/197886a4-83c4-44c2-bda7-8ca7281a8e64/786d9542-6ce2-4edf-8fc1-cbd07a6501cc/1a53812d-5be8-4ad0-9538-d214303dc8da?req-id=655db5f6-2d7f-4a18-a5d9-0e7375c9cbe6
15:36:14.102	0:0:0:0:0:0:0:1:56661	admin	200		109.03 ms
15:36:14.108	0:0:0:0:0:0:0:1:56661	admin	REQUEST	[GET] http://localhost:8984/requirements-manager/assist/197886a4-83c4-44c2-bda7-8ca7281a8e64/786d9542-6ce2-4edf-8fc1-cbd07a6501cc/1a53812d-5be8-4ad0-9538-d214303dc8da
15:36:14.290	0:0:0:0:0:0:0:1:56661	admin	200		181.5 ms
15:36:17.159	0:0:0:0:0:0:0:1:56661	admin	REQUEST	[GET] http://localhost:8984/requirements-manager/assist/197886a4-83c4-44c2-bda7-8ca7281a8e64/786d9542-6ce2-4edf-8fc1-cbd07a6501cc/1a53812d-5be8-4ad0-9538-d214303dc8da?req-id=eb649033-c82a-485b-b49a-78bd17cec7d3
15:36:17.319	0:0:0:0:0:0:0:1:56661	admin	200		159.86 ms
15:36:28.365	0:0:0:0:0:0:0:1:56661	admin	REQUEST	[POST] http://localhost:8984/restancil/save/197886a4-83c4-44c2-bda7-8ca7281a8e64/786d9542-6ce2-4edf-8fc1-cbd07a6501cc/1a53812d-5be8-4ad0-9538-d214303dc8da?req-id=eb649033-c82a-485b-b49a-78bd17cec7d3
15:36:28.480	0:0:0:0:0:0:0:1:56661	admin	200		115.6 ms
15:36:28.491	0:0:0:0:0:0:0:1:56661	admin	REQUEST	[GET] http://localhost:8984/requirements-manager/assist/197886a4-83c4-44c2-bda7-8ca7281a8e64/786d9542-6ce2-4edf-8fc1-cbd07a6501cc/1a53812d-5be8-4ad0-9538-d214303dc8da
15:36:29.013	0:0:0:0:0:0:0:1:56661	admin	200		520.93 ms
15:36:33.415	0:0:0:0:0:0:0:1:56661	admin	REQUEST	[GET] http://localhost:8984/requirements-manager/assist/197886a4-83c4-44c2-bda7-8ca7281a8e64/786d9542-6ce2-4edf-8fc1-cbd07a6501cc/b8a4cd2a-33b8-4ee2-950d-d81d4274efd6
15:36:33.575	0:0:0:0:0:0:0:1:56661	admin	200		160.55 ms
15:36:47.148	0:0:0:0:0:0:0:1:56661	admin	REQUEST	[GET] http://localhost:8984/requirements-manager
15:36:47.317	0:0:0:0:0:0:0:1:56661	admin	200		168.54 ms
15:36:49.583	0:0:0:0:0:0:0:1:56661	admin	REQUEST	[GET] http://localhost:8984/requirements-manager/package/197886a4-83c4-44c2-bda7-8ca7281a8e64/b85edbdf-225b-46d2-8282-446832b5c195
15:36:49.651	0:0:0:0:0:0:0:1:56661	admin	200		68.87 ms
15:36:52.697	0:0:0:0:0:0:0:1:56661	admin	REQUEST	[GET] http://localhost:8984/care
15:36:52.710	0:0:0:0:0:0:0:1:56661	admin	200		13.64 ms
15:36:53.978	0:0:0:0:0:0:0:1:56661	admin	REQUEST	[GET] http://localhost:8984/setup
15:36:54.138	0:0:0:0:0:0:0:1:56661	admin	200		161.15 ms
15:36:54.143	0:0:0:0:0:0:0:1:56661	admin	REQUEST	[GET] http://localhost:8984/care
15:36:54.152	0:0:0:0:0:0:0:1:56661	admin	200		9.48 ms
15:36:58.346	0:0:0:0:0:0:0:1:56661	admin	REQUEST	[GET] http://localhost:8984/inspection
15:37:00.386	0:0:0:0:0:0:0:1:56661	admin	200		2040.94 ms
15:37:04.811	0:0:0:0:0:0:0:1:56661	admin	REQUEST	[GET] http://localhost:8984/inspection/module/69DD978896CB35B8BA7E5C7571A6D4DD
15:37:06.264	0:0:0:0:0:0:0:1:56661	admin	200		1452.39 ms
15:38:17.146	0:0:0:0:0:0:0:1:56785	admin	REQUEST	[GET] http://localhost:8984/requirements-manager
15:38:17.210	0:0:0:0:0:0:0:1:56785	admin	200		64.17 ms
15:38:21.921	0:0:0:0:0:0:0:1:56785	admin	REQUEST	[POST] http://localhost:8984/data/upload
15:38:22.414	0:0:0:0:0:0:0:1:56785	admin	200		491.9 ms
15:38:22.418	0:0:0:0:0:0:0:1:56785	admin	REQUEST	[GET] http://localhost:8984/requirements-manager
15:38:22.485	0:0:0:0:0:0:0:1:56785	admin	200		67.6 ms
15:38:24.694	0:0:0:0:0:0:0:1:56785	admin	REQUEST	[GET] http://localhost:8984/requirements-manager/package/197886a4-83c4-44c2-bda7-8ca7281a8e64/7a8c4402-0e43-4912-b2de-3b3f16763058
15:38:24.815	0:0:0:0:0:0:0:1:56785	admin	200		121.4 ms
15:38:31.126	0:0:0:0:0:0:0:1:56785	admin	REQUEST	[GET] http://localhost:8984/requirements-manager/assist/197886a4-83c4-44c2-bda7-8ca7281a8e64/7a8c4402-0e43-4912-b2de-3b3f16763058/172bc894-eaab-49aa-bf32-40b947dede85
15:38:31.223	0:0:0:0:0:0:0:1:56785	admin	200		97.78 ms
15:38:46.266	0:0:0:0:0:0:0:1:56785	admin	REQUEST	[POST] http://localhost:8984/restancil/save/197886a4-83c4-44c2-bda7-8ca7281a8e64/7a8c4402-0e43-4912-b2de-3b3f16763058/172bc894-eaab-49aa-bf32-40b947dede85?
15:38:46.362	0:0:0:0:0:0:0:1:56785	admin	200		95.09 ms
15:38:46.365	0:0:0:0:0:0:0:1:56785	admin	REQUEST	[GET] http://localhost:8984/requirements-manager/assist/197886a4-83c4-44c2-bda7-8ca7281a8e64/7a8c4402-0e43-4912-b2de-3b3f16763058/172bc894-eaab-49aa-bf32-40b947dede85
15:38:46.522	0:0:0:0:0:0:0:1:56785	admin	200		157.01 ms
15:38:57.575	0:0:0:0:0:0:0:1:56785	admin	REQUEST	[POST] http://localhost:8984/restancil/save/197886a4-83c4-44c2-bda7-8ca7281a8e64/7a8c4402-0e43-4912-b2de-3b3f16763058/172bc894-eaab-49aa-bf32-40b947dede85?
15:38:57.668	0:0:0:0:0:0:0:1:56785	admin	200		93.04 ms
15:38:57.674	0:0:0:0:0:0:0:1:56785	admin	REQUEST	[GET] http://localhost:8984/requirements-manager/assist/197886a4-83c4-44c2-bda7-8ca7281a8e64/7a8c4402-0e43-4912-b2de-3b3f16763058/172bc894-eaab-49aa-bf32-40b947dede85
15:38:57.906	0:0:0:0:0:0:0:1:56785	admin	200		232.92 ms
15:39:09.488	0:0:0:0:0:0:0:1:56785	admin	REQUEST	[GET] http://localhost:8984/requirements-manager/assist/197886a4-83c4-44c2-bda7-8ca7281a8e64/7a8c4402-0e43-4912-b2de-3b3f16763058/172bc894-eaab-49aa-bf32-40b947dede85?req-id=257ad32c-a5ad-4a85-b74b-38534fd9900f
15:39:09.605	0:0:0:0:0:0:0:1:56785	admin	200		115.71 ms
15:39:17.908	0:0:0:0:0:0:0:1:56785	admin	REQUEST	[POST] http://localhost:8984/restancil/save/197886a4-83c4-44c2-bda7-8ca7281a8e64/7a8c4402-0e43-4912-b2de-3b3f16763058/172bc894-eaab-49aa-bf32-40b947dede85?req-id=257ad32c-a5ad-4a85-b74b-38534fd9900f
15:39:18.024	0:0:0:0:0:0:0:1:56785	admin	200		116.44 ms
15:39:18.029	0:0:0:0:0:0:0:1:56785	admin	REQUEST	[GET] http://localhost:8984/requirements-manager/assist/197886a4-83c4-44c2-bda7-8ca7281a8e64/7a8c4402-0e43-4912-b2de-3b3f16763058/172bc894-eaab-49aa-bf32-40b947dede85
15:39:18.176	0:0:0:0:0:0:0:1:56785	admin	200		147.24 ms
15:39:22.285	0:0:0:0:0:0:0:1:56785	admin	REQUEST	[GET] http://localhost:8984/requirements-manager
15:39:22.341	0:0:0:0:0:0:0:1:56785	admin	200		57.11 ms
15:39:26.018	0:0:0:0:0:0:0:1:56785	admin	REQUEST	[POST] http://localhost:8984/data/upload
15:39:26.315	0:0:0:0:0:0:0:1:56785	admin	200		296.5 ms
15:39:26.335	0:0:0:0:0:0:0:1:56785	admin	REQUEST	[GET] http://localhost:8984/requirements-manager
15:39:26.541	0:0:0:0:0:0:0:1:56785	admin	200		206.23 ms
15:39:28.412	0:0:0:0:0:0:0:1:56785	admin	REQUEST	[GET] http://localhost:8984/requirements-manager/package/197886a4-83c4-44c2-bda7-8ca7281a8e64/c84a6168-9489-4724-bf09-701172cc47d3
15:39:28.495	0:0:0:0:0:0:0:1:56785	admin	200		83.04 ms
15:39:33.807	0:0:0:0:0:0:0:1:56785	admin	REQUEST	[GET] http://localhost:8984/requirements-manager/assist/197886a4-83c4-44c2-bda7-8ca7281a8e64/c84a6168-9489-4724-bf09-701172cc47d3/d15b0b06-d63e-4386-b154-01b897953786
15:39:33.924	0:0:0:0:0:0:0:1:56785	admin	200		117.27 ms
15:39:38.635	0:0:0:0:0:0:0:1:56785	admin	REQUEST	[GET] http://localhost:8984/requirements-manager/assist/197886a4-83c4-44c2-bda7-8ca7281a8e64/c84a6168-9489-4724-bf09-701172cc47d3/172bc894-eaab-49aa-bf32-40b947dede85
15:39:38.744	0:0:0:0:0:0:0:1:56785	admin	200		109.39 ms
15:39:42.086	0:0:0:0:0:0:0:1:56785	admin	REQUEST	[GET] http://localhost:8984/requirements-manager/assist/197886a4-83c4-44c2-bda7-8ca7281a8e64/c84a6168-9489-4724-bf09-701172cc47d3/77e85ea9-c66a-44e5-8925-fc91ee4bf47d
15:39:42.196	0:0:0:0:0:0:0:1:56785	admin	200		110.4 ms
15:39:44.247	0:0:0:0:0:0:0:1:56785	admin	REQUEST	[GET] http://localhost:8984/requirements-manager/assist/197886a4-83c4-44c2-bda7-8ca7281a8e64/c84a6168-9489-4724-bf09-701172cc47d3/1a53812d-5be8-4ad0-9538-d214303dc8da
15:39:44.360	0:0:0:0:0:0:0:1:56785	admin	200		113.03 ms
15:40:03.533	0:0:0:0:0:0:0:1:56785	admin	REQUEST	[GET] http://localhost:8984/requirements-manager/assist/197886a4-83c4-44c2-bda7-8ca7281a8e64/c84a6168-9489-4724-bf09-701172cc47d3/172bc894-eaab-49aa-bf32-40b947dede85
15:40:03.644	0:0:0:0:0:0:0:1:56785	admin	200		110.98 ms
15:40:21.641	0:0:0:0:0:0:0:1:56785	admin	REQUEST	[GET] http://localhost:8984/requirements-manager/assist/197886a4-83c4-44c2-bda7-8ca7281a8e64/c84a6168-9489-4724-bf09-701172cc47d3/172bc894-eaab-49aa-bf32-40b947dede85?req-id=257ad32c-a5ad-4a85-b74b-38534fd9900f
15:40:21.767	0:0:0:0:0:0:0:1:56785	admin	200		126.59 ms
15:40:27.086	0:0:0:0:0:0:0:1:56785	admin	REQUEST	[GET] http://localhost:8984/relist/delete/197886a4-83c4-44c2-bda7-8ca7281a8e64/c84a6168-9489-4724-bf09-701172cc47d3/172bc894-eaab-49aa-bf32-40b947dede85/257ad32c-a5ad-4a85-b74b-38534fd9900f
15:40:27.155	0:0:0:0:0:0:0:1:56785	admin	200		69.47 ms
15:40:27.161	0:0:0:0:0:0:0:1:56785	admin	REQUEST	[GET] http://localhost:8984/requirements-manager/assist/197886a4-83c4-44c2-bda7-8ca7281a8e64/c84a6168-9489-4724-bf09-701172cc47d3/172bc894-eaab-49aa-bf32-40b947dede85
15:40:27.295	0:0:0:0:0:0:0:1:56785	admin	200		134.87 ms
15:40:44.150	0:0:0:0:0:0:0:1:56785	admin	REQUEST	[POST] http://localhost:8984/restancil/save/197886a4-83c4-44c2-bda7-8ca7281a8e64/c84a6168-9489-4724-bf09-701172cc47d3/172bc894-eaab-49aa-bf32-40b947dede85?
15:40:44.240	0:0:0:0:0:0:0:1:56785	admin	200		90.31 ms
15:40:44.246	0:0:0:0:0:0:0:1:56785	admin	REQUEST	[GET] http://localhost:8984/requirements-manager/assist/197886a4-83c4-44c2-bda7-8ca7281a8e64/c84a6168-9489-4724-bf09-701172cc47d3/172bc894-eaab-49aa-bf32-40b947dede85
15:40:44.408	0:0:0:0:0:0:0:1:56785	admin	200		161.13 ms
15:40:56.190	0:0:0:0:0:0:0:1:56785	admin	REQUEST	[GET] http://localhost:8984/requirements-manager/assist/197886a4-83c4-44c2-bda7-8ca7281a8e64/c84a6168-9489-4724-bf09-701172cc47d3/172bc894-eaab-49aa-bf32-40b947dede85?req-id=84314a20-e693-4287-bad4-32ae35823625
15:40:56.314	0:0:0:0:0:0:0:1:56785	admin	200		124.74 ms
15:40:59.300	0:0:0:0:0:0:0:1:56785	admin	REQUEST	[POST] http://localhost:8984/restancil/save/197886a4-83c4-44c2-bda7-8ca7281a8e64/c84a6168-9489-4724-bf09-701172cc47d3/172bc894-eaab-49aa-bf32-40b947dede85?req-id=84314a20-e693-4287-bad4-32ae35823625
15:40:59.397	0:0:0:0:0:0:0:1:56785	admin	200		97.16 ms
15:40:59.403	0:0:0:0:0:0:0:1:56785	admin	REQUEST	[GET] http://localhost:8984/requirements-manager/assist/197886a4-83c4-44c2-bda7-8ca7281a8e64/c84a6168-9489-4724-bf09-701172cc47d3/172bc894-eaab-49aa-bf32-40b947dede85
15:40:59.544	0:0:0:0:0:0:0:1:56785	admin	200		141.5 ms
