11:37:10.647	SERVER	admin	OK	Server wurde gestartet (Port: 1984)
11:37:10.819	SERVER	admin	OK	HTTP Server wurde gestartet (Port: 8984)
11:37:14.267	0:0:0:0:0:0:0:1:57571	admin	REQUEST	[GET] http://localhost:8984/care
11:37:18.483	0:0:0:0:0:0:0:1:57571	admin	200		4222.73 ms
11:37:18.601	0:0:0:0:0:0:0:1:57571	admin	REQUEST	[GET] http://localhost:8984/care-webapp/static/bootstrap-3.3.4-dist/css/bootstrap.min.css
11:37:18.617	0:0:0:0:0:0:0:1:57571	admin	404	No function found that matches the request.	16.93 ms
11:37:18.618	0:0:0:0:0:0:0:1:57572	admin	REQUEST	[GET] http://localhost:8984/care-webapp/static/flat-ui/css/flat-ui.min.css
11:37:18.623	0:0:0:0:0:0:0:1:57572	admin	404	No function found that matches the request.	4.35 ms
11:37:18.631	0:0:0:0:0:0:0:1:57572	admin	REQUEST	[GET] http://localhost:8984/care-webapp/static/flat-ui/js/vendor/jquery.min.js
11:37:18.636	0:0:0:0:0:0:0:1:57572	admin	404	No function found that matches the request.	5.09 ms
11:37:18.647	0:0:0:0:0:0:0:1:57572	admin	REQUEST	[GET] http://localhost:8984/care-webapp/static/flat-ui/js/vendor/video.js
11:37:18.655	0:0:0:0:0:0:0:1:57572	admin	404	No function found that matches the request.	8.32 ms
11:37:18.663	0:0:0:0:0:0:0:1:57572	admin	REQUEST	[GET] http://localhost:8984/care-webapp/static/flat-ui/js/flat-ui.min.js
11:37:18.667	0:0:0:0:0:0:0:1:57572	admin	404	No function found that matches the request.	4.59 ms
11:37:18.670	0:0:0:0:0:0:0:1:57572	admin	REQUEST	[GET] http://localhost:8984/care-webapp/static/care/js/ajax.js
11:37:18.674	0:0:0:0:0:0:0:1:57572	admin	404	No function found that matches the request.	4.24 ms
11:37:18.681	0:0:0:0:0:0:0:1:57572	admin	REQUEST	[GET] http://localhost:8984/care-webapp/static/immybox-master/jquery.immybox.js
11:37:18.684	0:0:0:0:0:0:0:1:57576	admin	REQUEST	[GET] http://localhost:8984/care-webapp/static/care/css/requirements.css
11:37:18.689	0:0:0:0:0:0:0:1:57571	admin	REQUEST	[GET] http://localhost:8984/care-webapp/static/bootstrap-3.3.4-dist/js/bootstrap.min.js
11:37:18.698	0:0:0:0:0:0:0:1:57575	admin	REQUEST	[GET] http://localhost:8984/care-webapp/static/care/css/care-ui.css
11:37:18.702	0:0:0:0:0:0:0:1:57574	admin	REQUEST	[GET] http://localhost:8984/care-webapp/static/immybox-master/immybox.css
11:37:18.705	0:0:0:0:0:0:0:1:57573	admin	REQUEST	[GET] http://localhost:8984/care-webapp/static/care/css/flat-ui-custom.css
11:37:18.735	0:0:0:0:0:0:0:1:57573	admin	404	No function found that matches the request.	30.75 ms
11:37:18.739	0:0:0:0:0:0:0:1:57573	admin	REQUEST	[GET] http://localhost:8984/care-webapp/static/care/js/requirements.js
11:37:18.743	0:0:0:0:0:0:0:1:57574	admin	404	No function found that matches the request.	41.2 ms
11:37:18.748	0:0:0:0:0:0:0:1:57575	admin	404	No function found that matches the request.	50.87 ms
11:37:18.748	0:0:0:0:0:0:0:1:57574	admin	REQUEST	[GET] http://localhost:8984/care-webapp/static/care/js/inspections.js
11:37:18.752	0:0:0:0:0:0:0:1:57575	admin	REQUEST	[GET] http://localhost:8984/care-webapp/static/bpmn-js-seed-master/bower_components/bpmn-js/dist/bpmn-viewer.js
11:37:18.753	0:0:0:0:0:0:0:1:57574	admin	404	No function found that matches the request.	5.38 ms
11:37:18.757	0:0:0:0:0:0:0:1:57572	admin	404	No function found that matches the request.	98.68 ms
11:37:18.779	0:0:0:0:0:0:0:1:57573	admin	404	No function found that matches the request.	41.04 ms
11:37:18.783	0:0:0:0:0:0:0:1:57575	admin	404	No function found that matches the request.	32.15 ms
11:37:18.790	0:0:0:0:0:0:0:1:57576	admin	404	No function found that matches the request.	106.74 ms
11:37:18.804	0:0:0:0:0:0:0:1:57571	admin	404	No function found that matches the request.	115.65 ms
11:38:07.412	0:0:0:0:0:0:0:1:57572	admin	REQUEST	[GET] http://localhost:8984/care
11:38:07.462	0:0:0:0:0:0:0:1:57572	admin	200		50.04 ms
11:38:09.341	0:0:0:0:0:0:0:1:57575	admin	REQUEST	[GET] http://localhost:8984/requirements-manager
11:38:10.027	0:0:0:0:0:0:0:1:57575	admin	200		686.37 ms
11:38:16.031	0:0:0:0:0:0:0:1:57575	admin	REQUEST	[GET] http://localhost:8984/requirements-manager/delete-pkg/197886a4-83c4-44c2-bda7-8ca7281a8e64/589dc1c5-7d27-49ca-8130-3aed2df80e7f
11:38:16.240	0:0:0:0:0:0:0:1:57575	admin	200		210.61 ms
11:38:16.259	0:0:0:0:0:0:0:1:57575	admin	REQUEST	[GET] http://localhost:8984/requirements-manager
11:38:16.565	0:0:0:0:0:0:0:1:57575	admin	200		306.11 ms
11:38:17.873	0:0:0:0:0:0:0:1:57575	admin	REQUEST	[GET] http://localhost:8984/glossary
11:38:17.959	0:0:0:0:0:0:0:1:57575	admin	200		86.55 ms
11:38:19.333	0:0:0:0:0:0:0:1:57575	admin	REQUEST	[GET] http://localhost:8984/requirements-manager
11:38:19.597	0:0:0:0:0:0:0:1:57575	admin	200		268.55 ms
11:38:20.661	0:0:0:0:0:0:0:1:57575	admin	REQUEST	[GET] http://localhost:8984/care
11:38:20.706	0:0:0:0:0:0:0:1:57575	admin	200		45.79 ms
11:40:20.035	0:0:0:0:0:0:0:1:57624	admin	REQUEST	[GET] http://localhost:8984/care
11:40:20.057	0:0:0:0:0:0:0:1:57624	admin	200		22.73 ms
11:40:22.151	0:0:0:0:0:0:0:1:57625	admin	REQUEST	[GET] http://localhost:8984/requirements-manager
11:40:22.292	0:0:0:0:0:0:0:1:57625	admin	200		141.73 ms
11:40:26.295	0:0:0:0:0:0:0:1:57625	admin	REQUEST	[GET] http://localhost:8984/glossary
11:40:26.335	0:0:0:0:0:0:0:1:57625	admin	200		40.63 ms
11:40:29.804	0:0:0:0:0:0:0:1:57625	admin	REQUEST	[POST] http://localhost:8984/glossary/insert
11:40:30.237	0:0:0:0:0:0:0:1:57625	admin	200		433.88 ms
11:40:30.242	0:0:0:0:0:0:0:1:57625	admin	REQUEST	[GET] http://localhost:8984/glossary
11:40:30.294	0:0:0:0:0:0:0:1:57625	admin	200		54.29 ms
11:40:31.556	0:0:0:0:0:0:0:1:57625	admin	REQUEST	[GET] http://localhost:8984/glossary/delete/5272170d-2c60-4632-baa2-ddf60798ac9e
11:40:31.591	0:0:0:0:0:0:0:1:57625	admin	200		35.74 ms
11:40:31.598	0:0:0:0:0:0:0:1:57625	admin	REQUEST	[GET] http://localhost:8984/glossary
11:40:31.635	0:0:0:0:0:0:0:1:57625	admin	200		38.16 ms
11:40:32.408	0:0:0:0:0:0:0:1:57625	admin	REQUEST	[GET] http://localhost:8984/care
11:40:32.421	0:0:0:0:0:0:0:1:57625	admin	200		13.83 ms
11:41:46.015	SERVER	admin	OK	Server wurde gestoppt (Port: 1984)
11:41:46.015	SERVER	admin	OK	HTTP Server wurde gestoppt (Port: 8984)
11:42:38.982	SERVER	admin	OK	Server was started (port: 1984).
11:42:39.138	SERVER	admin	OK	HTTP Server was started (port: 8984).
11:42:57.093	0:0:0:0:0:0:0:1:57739	admin	REQUEST	[GET] http://localhost:8984/care
11:43:00.579	0:0:0:0:0:0:0:1:57739	admin	200		3491.93 ms
11:43:02.866	0:0:0:0:0:0:0:1:57741	admin	REQUEST	[GET] http://localhost:8984/requirements-manager
11:43:03.195	0:0:0:0:0:0:0:1:57741	admin	200		330.19 ms
11:43:04.739	0:0:0:0:0:0:0:1:57741	admin	REQUEST	[GET] http://localhost:8984/care
11:43:04.801	0:0:0:0:0:0:0:1:57741	admin	200		62.52 ms
11:43:05.557	0:0:0:0:0:0:0:1:57741	admin	REQUEST	[GET] http://localhost:8984/glossary
11:43:05.639	0:0:0:0:0:0:0:1:57741	admin	200		83.01 ms
11:43:06.547	0:0:0:0:0:0:0:1:57741	admin	REQUEST	[GET] http://localhost:8984/care
11:43:06.572	0:0:0:0:0:0:0:1:57741	admin	200		26.06 ms
11:43:48.289	SERVER	admin	OK	Server was stopped (port: 1984).
11:43:48.289	SERVER	admin	OK	HTTP Server was stopped (port: 8984).
12:02:09.386	SERVER	admin	OK	Server wurde gestartet (Port: 1984).
12:02:09.590	SERVER	admin	OK	HTTP Server wurde gestartet (Port: 8984).
12:02:13.418	0:0:0:0:0:0:0:1:65334	admin	REQUEST	[GET] http://localhost:8984/care
12:02:16.993	0:0:0:0:0:0:0:1:65334	admin	200		3584.2 ms
12:02:21.099	0:0:0:0:0:0:0:1:65334	admin	REQUEST	[GET] http://localhost:8984/inspections
12:02:21.108	0:0:0:0:0:0:0:1:65334	admin	404	No function found that matches the request.	9.69 ms
12:02:23.753	0:0:0:0:0:0:0:1:65334	admin	REQUEST	[GET] http://localhost:8984/inspection
12:02:24.029	0:0:0:0:0:0:0:1:65334	admin	200		276.99 ms
12:02:26.722	0:0:0:0:0:0:0:1:65334	admin	REQUEST	[GET] http://localhost:8984/generate/inspections?random=0.09002431994304061
12:02:29.171	0:0:0:0:0:0:0:1:65334	admin	200		2456.6 ms
12:02:29.203	0:0:0:0:0:0:0:1:65334	admin	REQUEST	[GET] http://localhost:8984/module-list
12:02:29.361	0:0:0:0:0:0:0:1:65334	admin	200		162.89 ms
12:02:32.523	0:0:0:0:0:0:0:1:65334	admin	REQUEST	[GET] http://localhost:8984/inspection/modules
12:02:32.905	0:0:0:0:0:0:0:1:65334	admin	200		382.61 ms
12:02:34.515	0:0:0:0:0:0:0:1:65340	admin	REQUEST	[GET] http://localhost:8984/switchChoosenModule/e112ac53-ef83-47d1-802e-7d568b829fbf?random=0.8826227767858654&_=1435831353100
12:02:34.515	0:0:0:0:0:0:0:1:65334	admin	REQUEST	[GET] http://localhost:8984/switchChoosenModule/53826f9f-ef1b-40a9-88f3-7e97aa78c0e1?random=0.9421453115064651&_=1435831353099
12:02:34.573	0:0:0:0:0:0:0:1:65341	admin	REQUEST	[GET] http://localhost:8984/switchChoosenModule/239c53db-929e-4681-8bb5-208fcc447daf?random=0.792064962675795&_=1435831353101
12:02:34.702	0:0:0:0:0:0:0:1:65342	admin	REQUEST	[GET] http://localhost:8984/switchChoosenModule/ff60b2de-f673-40f6-a884-327a1a721c2c?random=0.9624182633124292&_=1435831353102
12:02:34.976	0:0:0:0:0:0:0:1:65343	admin	REQUEST	[GET] http://localhost:8984/switchChoosenModule/3d235b77-46d7-4f1c-8f55-0cbf9e2ba64d?random=0.6072747190482914&_=1435831353103
12:02:34.979	0:0:0:0:0:0:0:1:65334	admin	200		464.33 ms
12:02:34.985	0:0:0:0:0:0:0:1:65334	admin	REQUEST	[GET] http://localhost:8984/switchChoosenModule/32ba6224-3e30-4289-b0f7-dd813e457063?random=0.3752035691868514&_=1435831353105
12:02:35.035	0:0:0:0:0:0:0:1:65355	admin	REQUEST	[GET] http://localhost:8984/switchChoosenModule/fbc18711-20a1-4654-957c-1e8faf0999db?random=0.3300251483451575&_=1435831353104
12:02:35.036	0:0:0:0:0:0:0:1:65340	admin	200		521.48 ms
12:02:35.038	0:0:0:0:0:0:0:1:65341	admin	200		464.83 ms
12:02:35.040	0:0:0:0:0:0:0:1:65340	admin	REQUEST	[GET] http://localhost:8984/switchChoosenModule/1e756200-d087-44a5-9a81-bfaff2386111?random=0.9173096006270498&_=1435831353106
12:02:35.064	0:0:0:0:0:0:0:1:65341	admin	REQUEST	[GET] http://localhost:8984/switchChoosenModule/a0773e6b-9b1e-41ab-9c00-b21cacf9b831?random=0.9746832048986107&_=1435831353107
12:02:35.157	0:0:0:0:0:0:0:1:65342	admin	200		455.89 ms
12:02:35.161	0:0:0:0:0:0:0:1:65342	admin	REQUEST	[GET] http://localhost:8984/switchChoosenModule/019e20c0-950a-44ef-9abc-bd32a1842f68?random=0.5598535018507391&_=1435831353108
12:02:35.686	0:0:0:0:0:0:0:1:65341	admin	200		623.24 ms
12:02:35.689	0:0:0:0:0:0:0:1:65341	admin	REQUEST	[GET] http://localhost:8984/switchChoosenModule/ab03f390-b686-4682-a67f-8a0e22ff0205?random=0.27297578006982803&_=1435831353109
12:02:35.692	0:0:0:0:0:0:0:1:65343	admin	200		717.94 ms
12:02:35.699	0:0:0:0:0:0:0:1:65343	admin	REQUEST	[GET] http://localhost:8984/switchChoosenModule/ca8de2fd-85f3-4646-8535-566ebea1e193?random=0.7035536386538297&_=1435831353110
12:02:35.762	0:0:0:0:0:0:0:1:65340	admin	200		722.5 ms
12:02:35.765	0:0:0:0:0:0:0:1:65340	admin	REQUEST	[GET] http://localhost:8984/switchChoosenModule/af7a31f8-a66e-41a0-a466-1cf918638fe6?random=0.1220903464127332&_=1435831353111
12:02:35.791	0:0:0:0:0:0:0:1:65342	admin	200		630.23 ms
12:02:35.792	0:0:0:0:0:0:0:1:65334	admin	200		810.32 ms
12:02:35.809	0:0:0:0:0:0:0:1:65342	admin	REQUEST	[GET] http://localhost:8984/switchChoosenModule/c07e9fee-0385-4220-ab92-7d5ccdf2784a?random=0.3964114829432219&_=1435831353112
12:02:35.812	0:0:0:0:0:0:0:1:65334	admin	REQUEST	[GET] http://localhost:8984/switchChoosenModule/6498a3e2-1ab8-4268-b2cd-e82a570f64b8?random=0.2712901821359992&_=1435831353113
12:02:35.813	0:0:0:0:0:0:0:1:65355	admin	200		779.86 ms
12:02:35.822	0:0:0:0:0:0:0:1:65355	admin	REQUEST	[GET] http://localhost:8984/switchChoosenModule/c0999475-0378-4cc4-be0c-59e885c41da1?random=0.39583710161969066&_=1435831353114
12:02:36.078	0:0:0:0:0:0:0:1:65355	admin	200		265.0 ms
12:02:36.078	0:0:0:0:0:0:0:1:65355	admin	REQUEST	[GET] http://localhost:8984/switchChoosenModule/69e5717d-78f1-4ec5-829f-c1121fcf46a2?random=0.8579400610178709&_=1435831353115
12:02:36.125	0:0:0:0:0:0:0:1:65342	admin	200		317.99 ms
12:02:36.125	0:0:0:0:0:0:0:1:65342	admin	REQUEST	[GET] http://localhost:8984/switchChoosenModule/346ca48d-39a9-4e10-b9b1-327105249cde?random=0.5041291872039437&_=1435831353116
12:02:36.141	0:0:0:0:0:0:0:1:65334	admin	200		334.79 ms
12:02:36.141	0:0:0:0:0:0:0:1:65334	admin	REQUEST	[GET] http://localhost:8984/switchChoosenModule/b1cd1c03-b185-4c5d-b809-86ecb608cd71?random=0.5173474848270416&_=1435831353117
12:02:36.141	0:0:0:0:0:0:0:1:65343	admin	200		450.37 ms
12:02:36.141	0:0:0:0:0:0:0:1:65343	admin	REQUEST	[GET] http://localhost:8984/switchChoosenModule/08d238ff-a0f7-4897-b5cf-200ea4d3f3bf?random=0.6704291491769254&_=1435831353118
12:02:36.172	0:0:0:0:0:0:0:1:65341	admin	200		485.93 ms
12:02:36.172	0:0:0:0:0:0:0:1:65341	admin	REQUEST	[GET] http://localhost:8984/switchChoosenModule/90d8723d-15f8-4463-a5c0-bb1103f943ac?random=0.9125605735462159&_=1435831353119
12:02:36.219	0:0:0:0:0:0:0:1:65340	admin	200		465.25 ms
12:02:36.234	0:0:0:0:0:0:0:1:65340	admin	REQUEST	[GET] http://localhost:8984/switchChoosenModule/ce89d402-5b29-47c6-9329-ab5df7f44122?random=0.494829545263201&_=1435831353120
12:02:36.406	0:0:0:0:0:0:0:1:65334	admin	200		264.53 ms
12:02:36.406	0:0:0:0:0:0:0:1:65343	admin	200		260.24 ms
12:02:36.406	0:0:0:0:0:0:0:1:65343	admin	REQUEST	[GET] http://localhost:8984/switchChoosenModule/b8647531-0ef1-4782-ae36-379035047b35?random=0.060357775539159775&_=1435831353122
12:02:36.422	0:0:0:0:0:0:0:1:65334	admin	REQUEST	[GET] http://localhost:8984/switchChoosenModule/e78d72f2-85a4-416a-b162-fea3dd2fd404?random=0.9867492618504912&_=1435831353121
12:02:36.531	0:0:0:0:0:0:0:1:65340	admin	200		308.97 ms
12:02:36.547	0:0:0:0:0:0:0:1:65342	admin	200		432.77 ms
12:02:36.562	0:0:0:0:0:0:0:1:65340	admin	REQUEST	[GET] http://localhost:8984/switchChoosenModule/623190d5-23fd-4aa0-bcbf-06c35f6a73ee?random=0.3551192001905292&_=1435831353123
12:02:36.562	0:0:0:0:0:0:0:1:65342	admin	REQUEST	[GET] http://localhost:8984/switchChoosenModule/3a0280e6-bbe8-4a88-a861-1fa697b0a19a?random=0.7905110153369606&_=1435831353124
12:02:36.578	0:0:0:0:0:0:0:1:65355	admin	200		501.31 ms
12:02:36.641	0:0:0:0:0:0:0:1:65341	admin	200		462.28 ms
12:02:36.641	0:0:0:0:0:0:0:1:65334	admin	200		224.3 ms
12:02:36.750	0:0:0:0:0:0:0:1:65340	admin	200		191.49 ms
12:02:36.750	0:0:0:0:0:0:0:1:65342	admin	200		185.39 ms
12:02:36.766	0:0:0:0:0:0:0:1:65343	admin	200		351.5 ms
12:02:44.015	0:0:0:0:0:0:0:1:65343	admin	REQUEST	[GET] http://localhost:8984/inspection/modules
12:02:44.213	0:0:0:0:0:0:0:1:65343	admin	200		189.8 ms
12:02:46.076	0:0:0:0:0:0:0:1:65343	admin	REQUEST	[GET] http://localhost:8984/switchChoosenModule/3d235b77-46d7-4f1c-8f55-0cbf9e2ba64d?random=0.7023252330254763&_=1435831364597
12:02:46.124	0:0:0:0:0:0:0:1:65342	admin	REQUEST	[GET] http://localhost:8984/switchChoosenModule/32ba6224-3e30-4289-b0f7-dd813e457063?random=0.8539348435588181&_=1435831364598
12:02:46.147	0:0:0:0:0:0:0:1:65340	admin	REQUEST	[GET] http://localhost:8984/switchChoosenModule/1e756200-d087-44a5-9a81-bfaff2386111?random=0.5080599382054061&_=1435831364599
12:02:46.241	0:0:0:0:0:0:0:1:65343	admin	200		165.54 ms
12:02:46.269	0:0:0:0:0:0:0:1:65343	admin	REQUEST	[GET] http://localhost:8984/switchChoosenModule/a0773e6b-9b1e-41ab-9c00-b21cacf9b831?random=0.4961646485608071&_=1435831364600
12:02:46.319	0:0:0:0:0:0:0:1:65340	admin	200		173.94 ms
12:02:46.350	0:0:0:0:0:0:0:1:65342	admin	200		226.29 ms
12:02:46.357	0:0:0:0:0:0:0:1:65342	admin	REQUEST	[GET] http://localhost:8984/switchChoosenModule/019e20c0-950a-44ef-9abc-bd32a1842f68?random=0.8105496559292078&_=1435831364601
12:02:46.429	0:0:0:0:0:0:0:1:65343	admin	200		169.41 ms
12:02:46.445	0:0:0:0:0:0:0:1:65342	admin	200		103.81 ms
12:02:48.534	0:0:0:0:0:0:0:1:65342	admin	REQUEST	[GET] http://localhost:8984/inspection/modules
12:02:48.712	0:0:0:0:0:0:0:1:65342	admin	200		170.21 ms
12:02:52.251	0:0:0:0:0:0:0:1:65343	admin	REQUEST	[GET] http://localhost:8984/inspection/modules/generate/false
12:02:53.696	0:0:0:0:0:0:0:1:65343	admin	200		1446.13 ms
12:02:53.706	0:0:0:0:0:0:0:1:65343	admin	200		10.2 ms
15:07:05.068	SERVER	admin	OK	Server wurde gestoppt (Port: 1984).
15:07:05.068	SERVER	admin	OK	HTTP Server wurde gestoppt (Port: 8984).
15:59:48.297	SERVER	admin	OK	Server wurde gestartet (Port: 1984).
15:59:48.594	SERVER	admin	OK	HTTP Server wurde gestartet (Port: 8984).
16:00:06.377	0:0:0:0:0:0:0:1:50208	admin	REQUEST	[GET] http://localhost:8984/care
16:00:09.947	0:0:0:0:0:0:0:1:50208	admin	200		3575.19 ms
17:11:17.177	0:0:0:0:0:0:0:1:50230	admin	REQUEST	[GET] http://localhost:8984/requirements-manager
17:11:17.580	0:0:0:0:0:0:0:1:50230	admin	200		403.87 ms
17:11:24.812	0:0:0:0:0:0:0:1:50230	admin	REQUEST	[POST] http://localhost:8984/data/upload
17:11:26.453	0:0:0:0:0:0:0:1:50230	admin	200		1641.62 ms
17:11:26.458	0:0:0:0:0:0:0:1:50230	admin	REQUEST	[GET] http://localhost:8984/requirements-manager
17:11:26.721	0:0:0:0:0:0:0:1:50230	admin	200		262.62 ms
17:11:28.644	0:0:0:0:0:0:0:1:50230	admin	REQUEST	[GET] http://localhost:8984/requirements-manager/package/197886a4-83c4-44c2-bda7-8ca7281a8e64/214fa164-5343-4059-af6b-ef92c5010d96
17:11:28.919	0:0:0:0:0:0:0:1:50230	admin	200		274.09 ms
17:11:30.620	0:0:0:0:0:0:0:1:50230	admin	REQUEST	[GET] http://localhost:8984/requirements-manager/assist/197886a4-83c4-44c2-bda7-8ca7281a8e64/214fa164-5343-4059-af6b-ef92c5010d96/172bc894-eaab-49aa-bf32-40b947dede85
17:11:31.042	0:0:0:0:0:0:0:1:50230	admin	200		421.91 ms
17:11:54.016	0:0:0:0:0:0:0:1:50230	admin	REQUEST	[POST] http://localhost:8984/restancil/save/197886a4-83c4-44c2-bda7-8ca7281a8e64/214fa164-5343-4059-af6b-ef92c5010d96/172bc894-eaab-49aa-bf32-40b947dede85?
17:11:54.314	0:0:0:0:0:0:0:1:50230	admin	200		298.04 ms
17:11:54.321	0:0:0:0:0:0:0:1:50230	admin	REQUEST	[GET] http://localhost:8984/requirements-manager/assist/197886a4-83c4-44c2-bda7-8ca7281a8e64/214fa164-5343-4059-af6b-ef92c5010d96/172bc894-eaab-49aa-bf32-40b947dede85?compare-pkg-version=
17:11:54.661	0:0:0:0:0:0:0:1:50230	admin	200		340.14 ms
17:12:25.448	0:0:0:0:0:0:0:1:50230	admin	REQUEST	[POST] http://localhost:8984/restancil/save/197886a4-83c4-44c2-bda7-8ca7281a8e64/214fa164-5343-4059-af6b-ef92c5010d96/172bc894-eaab-49aa-bf32-40b947dede85?
17:12:25.737	0:0:0:0:0:0:0:1:50230	admin	200		289.29 ms
17:12:25.745	0:0:0:0:0:0:0:1:50230	admin	REQUEST	[GET] http://localhost:8984/requirements-manager/assist/197886a4-83c4-44c2-bda7-8ca7281a8e64/214fa164-5343-4059-af6b-ef92c5010d96/172bc894-eaab-49aa-bf32-40b947dede85?compare-pkg-version=
17:12:26.090	0:0:0:0:0:0:0:1:50230	admin	200		346.28 ms
17:13:07.126	0:0:0:0:0:0:0:1:50230	admin	REQUEST	[GET] http://localhost:8984/requirements-manager/assist/197886a4-83c4-44c2-bda7-8ca7281a8e64/214fa164-5343-4059-af6b-ef92c5010d96/172bc894-eaab-49aa-bf32-40b947dede85?req-id=7c014a20-4fd3-4971-9269-2d59bd58ce66
17:13:07.494	0:0:0:0:0:0:0:1:50230	admin	200		369.03 ms
17:13:33.999	0:0:0:0:0:0:0:1:50230	admin	REQUEST	[POST] http://localhost:8984/restancil/save/197886a4-83c4-44c2-bda7-8ca7281a8e64/214fa164-5343-4059-af6b-ef92c5010d96/172bc894-eaab-49aa-bf32-40b947dede85?req-id=7c014a20-4fd3-4971-9269-2d59bd58ce66
17:13:34.231	0:0:0:0:0:0:0:1:50230	admin	200		233.55 ms
17:13:34.239	0:0:0:0:0:0:0:1:50230	admin	REQUEST	[GET] http://localhost:8984/requirements-manager/assist/197886a4-83c4-44c2-bda7-8ca7281a8e64/214fa164-5343-4059-af6b-ef92c5010d96/172bc894-eaab-49aa-bf32-40b947dede85?compare-pkg-version=
17:13:34.512	0:0:0:0:0:0:0:1:50230	admin	200		275.37 ms
17:14:00.272	0:0:0:0:0:0:0:1:50230	admin	REQUEST	[GET] http://localhost:8984/requirements-manager/assist/197886a4-83c4-44c2-bda7-8ca7281a8e64/214fa164-5343-4059-af6b-ef92c5010d96/172bc894-eaab-49aa-bf32-40b947dede85?req-id=7c014a20-4fd3-4971-9269-2d59bd58ce66
17:14:00.565	0:0:0:0:0:0:0:1:50230	admin	200		292.97 ms
17:14:40.520	0:0:0:0:0:0:0:1:50230	admin	REQUEST	[POST] http://localhost:8984/restancil/save/197886a4-83c4-44c2-bda7-8ca7281a8e64/214fa164-5343-4059-af6b-ef92c5010d96/172bc894-eaab-49aa-bf32-40b947dede85?req-id=7c014a20-4fd3-4971-9269-2d59bd58ce66
17:14:40.735	0:0:0:0:0:0:0:1:50230	admin	200		214.44 ms
17:14:40.740	0:0:0:0:0:0:0:1:50230	admin	REQUEST	[GET] http://localhost:8984/requirements-manager/assist/197886a4-83c4-44c2-bda7-8ca7281a8e64/214fa164-5343-4059-af6b-ef92c5010d96/172bc894-eaab-49aa-bf32-40b947dede85?compare-pkg-version=
17:14:41.002	0:0:0:0:0:0:0:1:50230	admin	200		262.1 ms
17:16:04.415	0:0:0:0:0:0:0:1:50231	admin	REQUEST	[GET] http://localhost:8984/requirements-manager/assist/197886a4-83c4-44c2-bda7-8ca7281a8e64/214fa164-5343-4059-af6b-ef92c5010d96/172bc894-eaab-49aa-bf32-40b947dede85?req-id=be5c18c7-296a-4204-8acb-b510afebbad2
17:16:04.668	0:0:0:0:0:0:0:1:50231	admin	200		253.48 ms
17:17:21.416	0:0:0:0:0:0:0:1:50232	admin	REQUEST	[POST] http://localhost:8984/restancil/save/197886a4-83c4-44c2-bda7-8ca7281a8e64/214fa164-5343-4059-af6b-ef92c5010d96/172bc894-eaab-49aa-bf32-40b947dede85?req-id=be5c18c7-296a-4204-8acb-b510afebbad2
17:17:21.663	0:0:0:0:0:0:0:1:50232	admin	200		248.49 ms
17:17:21.677	0:0:0:0:0:0:0:1:50232	admin	REQUEST	[GET] http://localhost:8984/requirements-manager/assist/197886a4-83c4-44c2-bda7-8ca7281a8e64/214fa164-5343-4059-af6b-ef92c5010d96/172bc894-eaab-49aa-bf32-40b947dede85?compare-pkg-version=
17:17:21.892	0:0:0:0:0:0:0:1:50232	admin	200		215.5 ms
17:20:46.774	0:0:0:0:0:0:0:1:50233	admin	REQUEST	[GET] http://localhost:8984/requirements-manager/assist/197886a4-83c4-44c2-bda7-8ca7281a8e64/214fa164-5343-4059-af6b-ef92c5010d96/1a53812d-5be8-4ad0-9538-d214303dc8da
17:20:47.008	0:0:0:0:0:0:0:1:50233	admin	200		233.9 ms
17:21:24.107	0:0:0:0:0:0:0:1:50233	admin	REQUEST	[POST] http://localhost:8984/restancil/save/197886a4-83c4-44c2-bda7-8ca7281a8e64/214fa164-5343-4059-af6b-ef92c5010d96/1a53812d-5be8-4ad0-9538-d214303dc8da?
17:21:24.266	0:0:0:0:0:0:0:1:50233	admin	200		158.54 ms
17:21:24.273	0:0:0:0:0:0:0:1:50233	admin	REQUEST	[GET] http://localhost:8984/requirements-manager/assist/197886a4-83c4-44c2-bda7-8ca7281a8e64/214fa164-5343-4059-af6b-ef92c5010d96/1a53812d-5be8-4ad0-9538-d214303dc8da?compare-pkg-version=
17:21:24.565	0:0:0:0:0:0:0:1:50233	admin	200		293.21 ms
17:22:22.653	0:0:0:0:0:0:0:1:50233	admin	REQUEST	[POST] http://localhost:8984/restancil/save/197886a4-83c4-44c2-bda7-8ca7281a8e64/214fa164-5343-4059-af6b-ef92c5010d96/1a53812d-5be8-4ad0-9538-d214303dc8da?
17:22:22.856	0:0:0:0:0:0:0:1:50233	admin	200		203.32 ms
17:22:22.861	0:0:0:0:0:0:0:1:50233	admin	REQUEST	[GET] http://localhost:8984/requirements-manager/assist/197886a4-83c4-44c2-bda7-8ca7281a8e64/214fa164-5343-4059-af6b-ef92c5010d96/1a53812d-5be8-4ad0-9538-d214303dc8da?compare-pkg-version=
17:22:23.125	0:0:0:0:0:0:0:1:50233	admin	200		266.28 ms
17:23:24.396	0:0:0:0:0:0:0:1:50234	admin	REQUEST	[POST] http://localhost:8984/restancil/save/197886a4-83c4-44c2-bda7-8ca7281a8e64/214fa164-5343-4059-af6b-ef92c5010d96/1a53812d-5be8-4ad0-9538-d214303dc8da?
17:23:24.507	0:0:0:0:0:0:0:1:50234	admin	200		110.95 ms
17:23:24.512	0:0:0:0:0:0:0:1:50234	admin	REQUEST	[GET] http://localhost:8984/requirements-manager/assist/197886a4-83c4-44c2-bda7-8ca7281a8e64/214fa164-5343-4059-af6b-ef92c5010d96/1a53812d-5be8-4ad0-9538-d214303dc8da?compare-pkg-version=
17:23:24.760	0:0:0:0:0:0:0:1:50234	admin	200		247.16 ms
17:23:31.074	0:0:0:0:0:0:0:1:50234	admin	REQUEST	[GET] http://localhost:8984/requirements-manager/assist/197886a4-83c4-44c2-bda7-8ca7281a8e64/214fa164-5343-4059-af6b-ef92c5010d96/b8a4cd2a-33b8-4ee2-950d-d81d4274efd6
17:23:31.282	0:0:0:0:0:0:0:1:50234	admin	200		207.03 ms
17:24:34.234	0:0:0:0:0:0:0:1:50235	admin	REQUEST	[POST] http://localhost:8984/restancil/save/197886a4-83c4-44c2-bda7-8ca7281a8e64/214fa164-5343-4059-af6b-ef92c5010d96/b8a4cd2a-33b8-4ee2-950d-d81d4274efd6?
17:24:34.352	0:0:0:0:0:0:0:1:50235	admin	200		118.19 ms
17:24:34.357	0:0:0:0:0:0:0:1:50235	admin	REQUEST	[GET] http://localhost:8984/requirements-manager/assist/197886a4-83c4-44c2-bda7-8ca7281a8e64/214fa164-5343-4059-af6b-ef92c5010d96/b8a4cd2a-33b8-4ee2-950d-d81d4274efd6?compare-pkg-version=
17:24:34.592	0:0:0:0:0:0:0:1:50235	admin	200		235.26 ms
17:24:41.383	0:0:0:0:0:0:0:1:50235	admin	REQUEST	[GET] http://localhost:8984/requirements-manager/package/197886a4-83c4-44c2-bda7-8ca7281a8e64/214fa164-5343-4059-af6b-ef92c5010d96
17:24:41.467	0:0:0:0:0:0:0:1:50235	admin	200		84.4 ms
17:24:43.717	0:0:0:0:0:0:0:1:50235	admin	REQUEST	[GET] http://localhost:8984/requirements-manager/assist/197886a4-83c4-44c2-bda7-8ca7281a8e64/214fa164-5343-4059-af6b-ef92c5010d96/d15b0b06-d63e-4386-b154-01b897953786
17:24:43.899	0:0:0:0:0:0:0:1:50235	admin	200		183.2 ms
17:25:56.929	0:0:0:0:0:0:0:1:50236	admin	REQUEST	[POST] http://localhost:8984/restancil/save/197886a4-83c4-44c2-bda7-8ca7281a8e64/214fa164-5343-4059-af6b-ef92c5010d96/d15b0b06-d63e-4386-b154-01b897953786?
17:25:57.049	0:0:0:0:0:0:0:1:50236	admin	200		120.99 ms
17:25:57.054	0:0:0:0:0:0:0:1:50236	admin	REQUEST	[GET] http://localhost:8984/requirements-manager/assist/197886a4-83c4-44c2-bda7-8ca7281a8e64/214fa164-5343-4059-af6b-ef92c5010d96/d15b0b06-d63e-4386-b154-01b897953786?compare-pkg-version=
17:25:57.265	0:0:0:0:0:0:0:1:50236	admin	200		210.78 ms
17:26:45.984	0:0:0:0:0:0:0:1:50236	admin	REQUEST	[GET] http://localhost:8984/requirements-manager
17:26:46.124	0:0:0:0:0:0:0:1:50236	admin	200		140.27 ms
17:26:56.403	0:0:0:0:0:0:0:1:50236	admin	REQUEST	[POST] http://localhost:8984/data/upload
17:26:56.895	0:0:0:0:0:0:0:1:50236	admin	200		492.92 ms
17:26:56.901	0:0:0:0:0:0:0:1:50236	admin	REQUEST	[GET] http://localhost:8984/requirements-manager
17:26:57.028	0:0:0:0:0:0:0:1:50236	admin	200		127.43 ms
17:27:23.773	0:0:0:0:0:0:0:1:50236	admin	REQUEST	[GET] http://localhost:8984/requirements-manager/list/197886a4-83c4-44c2-bda7-8ca7281a8e64/81ae49fb-760c-43b6-ae39-b436bd200eb9
17:27:23.848	0:0:0:0:0:0:0:1:50236	admin	200		74.98 ms
17:27:37.401	0:0:0:0:0:0:0:1:50236	admin	REQUEST	[GET] http://localhost:8984/requirements-manager
17:27:37.539	0:0:0:0:0:0:0:1:50236	admin	200		138.06 ms
17:27:40.539	0:0:0:0:0:0:0:1:50236	admin	REQUEST	[GET] http://localhost:8984/requirements-manager/package/197886a4-83c4-44c2-bda7-8ca7281a8e64/81ae49fb-760c-43b6-ae39-b436bd200eb9
17:27:40.648	0:0:0:0:0:0:0:1:50236	admin	200		109.64 ms
17:28:04.405	0:0:0:0:0:0:0:1:50236	admin	REQUEST	[GET] http://localhost:8984/requirements-manager/assist/197886a4-83c4-44c2-bda7-8ca7281a8e64/81ae49fb-760c-43b6-ae39-b436bd200eb9/77e85ea9-c66a-44e5-8925-fc91ee4bf47d
17:28:04.556	0:0:0:0:0:0:0:1:50236	admin	200		151.92 ms
17:28:24.954	0:0:0:0:0:0:0:1:50236	admin	REQUEST	[GET] http://localhost:8984/requirements-manager/assist/197886a4-83c4-44c2-bda7-8ca7281a8e64/81ae49fb-760c-43b6-ae39-b436bd200eb9/77e85ea9-c66a-44e5-8925-fc91ee4bf47d
17:28:25.122	0:0:0:0:0:0:0:1:50236	admin	200		170.16 ms
17:28:55.394	0:0:0:0:0:0:0:1:50237	admin	REQUEST	[POST] http://localhost:8984/restancil/save/197886a4-83c4-44c2-bda7-8ca7281a8e64/81ae49fb-760c-43b6-ae39-b436bd200eb9/77e85ea9-c66a-44e5-8925-fc91ee4bf47d?
17:28:55.507	0:0:0:0:0:0:0:1:50237	admin	200		112.91 ms
17:28:55.511	0:0:0:0:0:0:0:1:50237	admin	REQUEST	[GET] http://localhost:8984/requirements-manager/assist/197886a4-83c4-44c2-bda7-8ca7281a8e64/81ae49fb-760c-43b6-ae39-b436bd200eb9/77e85ea9-c66a-44e5-8925-fc91ee4bf47d?compare-pkg-version=
17:28:55.683	0:0:0:0:0:0:0:1:50237	admin	200		171.48 ms
17:29:44.838	0:0:0:0:0:0:0:1:50237	admin	REQUEST	[POST] http://localhost:8984/restancil/save/197886a4-83c4-44c2-bda7-8ca7281a8e64/81ae49fb-760c-43b6-ae39-b436bd200eb9/77e85ea9-c66a-44e5-8925-fc91ee4bf47d?
17:29:44.969	0:0:0:0:0:0:0:1:50237	admin	200		133.19 ms
17:29:44.976	0:0:0:0:0:0:0:1:50237	admin	REQUEST	[GET] http://localhost:8984/requirements-manager/assist/197886a4-83c4-44c2-bda7-8ca7281a8e64/81ae49fb-760c-43b6-ae39-b436bd200eb9/77e85ea9-c66a-44e5-8925-fc91ee4bf47d?compare-pkg-version=
17:29:45.227	0:0:0:0:0:0:0:1:50237	admin	200		251.9 ms
17:30:03.607	0:0:0:0:0:0:0:1:50237	admin	REQUEST	[GET] http://localhost:8984/requirements-manager
17:30:03.694	0:0:0:0:0:0:0:1:50237	admin	200		86.19 ms
17:30:06.496	0:0:0:0:0:0:0:1:50237	admin	REQUEST	[GET] http://localhost:8984/requirements-manager/package/197886a4-83c4-44c2-bda7-8ca7281a8e64/81ae49fb-760c-43b6-ae39-b436bd200eb9
17:30:06.617	0:0:0:0:0:0:0:1:50237	admin	200		121.46 ms
17:30:07.560	0:0:0:0:0:0:0:1:50237	admin	REQUEST	[GET] http://localhost:8984/requirements-manager/assist/197886a4-83c4-44c2-bda7-8ca7281a8e64/81ae49fb-760c-43b6-ae39-b436bd200eb9/172bc894-eaab-49aa-bf32-40b947dede85
17:30:07.711	0:0:0:0:0:0:0:1:50237	admin	200		151.74 ms
17:30:18.794	0:0:0:0:0:0:0:1:50237	admin	REQUEST	[GET] http://localhost:8984/requirements-manager
17:30:18.923	0:0:0:0:0:0:0:1:50237	admin	200		129.22 ms
17:30:24.709	0:0:0:0:0:0:0:1:50237	admin	REQUEST	[GET] http://localhost:8984/requirements-manager/package/197886a4-83c4-44c2-bda7-8ca7281a8e64/81ae49fb-760c-43b6-ae39-b436bd200eb9
17:30:24.820	0:0:0:0:0:0:0:1:50237	admin	200		111.18 ms
17:30:35.221	0:0:0:0:0:0:0:1:50237	admin	REQUEST	[GET] http://localhost:8984/requirements-manager/assist/197886a4-83c4-44c2-bda7-8ca7281a8e64/81ae49fb-760c-43b6-ae39-b436bd200eb9/172bc894-eaab-49aa-bf32-40b947dede85
17:30:35.373	0:0:0:0:0:0:0:1:50237	admin	200		152.26 ms
17:31:02.240	0:0:0:0:0:0:0:1:50237	admin	REQUEST	[GET] http://localhost:8984/requirements-manager/assist/197886a4-83c4-44c2-bda7-8ca7281a8e64/81ae49fb-760c-43b6-ae39-b436bd200eb9/172bc894-eaab-49aa-bf32-40b947dede85?req-id=be5c18c7-296a-4204-8acb-b510afebbad2
17:31:02.378	0:0:0:0:0:0:0:1:50237	admin	200		138.31 ms
17:31:52.105	0:0:0:0:0:0:0:1:50237	admin	REQUEST	[POST] http://localhost:8984/restancil/save/197886a4-83c4-44c2-bda7-8ca7281a8e64/81ae49fb-760c-43b6-ae39-b436bd200eb9/172bc894-eaab-49aa-bf32-40b947dede85?req-id=be5c18c7-296a-4204-8acb-b510afebbad2
17:31:52.215	0:0:0:0:0:0:0:1:50237	admin	200		110.98 ms
17:31:52.220	0:0:0:0:0:0:0:1:50237	admin	REQUEST	[GET] http://localhost:8984/requirements-manager/assist/197886a4-83c4-44c2-bda7-8ca7281a8e64/81ae49fb-760c-43b6-ae39-b436bd200eb9/172bc894-eaab-49aa-bf32-40b947dede85?compare-pkg-version=
17:31:52.388	0:0:0:0:0:0:0:1:50237	admin	200		168.12 ms
17:32:35.923	0:0:0:0:0:0:0:1:50237	admin	REQUEST	[GET] http://localhost:8984/requirements-manager/assist/197886a4-83c4-44c2-bda7-8ca7281a8e64/81ae49fb-760c-43b6-ae39-b436bd200eb9/172bc894-eaab-49aa-bf32-40b947dede85?req-id=7c014a20-4fd3-4971-9269-2d59bd58ce66
17:32:36.042	0:0:0:0:0:0:0:1:50237	admin	200		118.66 ms
17:32:43.307	0:0:0:0:0:0:0:1:50237	admin	REQUEST	[POST] http://localhost:8984/restancil/save/197886a4-83c4-44c2-bda7-8ca7281a8e64/81ae49fb-760c-43b6-ae39-b436bd200eb9/172bc894-eaab-49aa-bf32-40b947dede85?req-id=7c014a20-4fd3-4971-9269-2d59bd58ce66
17:32:43.419	0:0:0:0:0:0:0:1:50237	admin	200		112.62 ms
17:32:43.424	0:0:0:0:0:0:0:1:50237	admin	REQUEST	[GET] http://localhost:8984/requirements-manager/assist/197886a4-83c4-44c2-bda7-8ca7281a8e64/81ae49fb-760c-43b6-ae39-b436bd200eb9/172bc894-eaab-49aa-bf32-40b947dede85?compare-pkg-version=
17:32:43.573	0:0:0:0:0:0:0:1:50237	admin	200		150.15 ms
17:32:48.776	0:0:0:0:0:0:0:1:50237	admin	REQUEST	[GET] http://localhost:8984/requirements-manager/package/197886a4-83c4-44c2-bda7-8ca7281a8e64/81ae49fb-760c-43b6-ae39-b436bd200eb9
17:32:48.874	0:0:0:0:0:0:0:1:50237	admin	200		98.22 ms
17:32:57.313	0:0:0:0:0:0:0:1:50237	admin	REQUEST	[GET] http://localhost:8984/requirements-manager/assist/197886a4-83c4-44c2-bda7-8ca7281a8e64/81ae49fb-760c-43b6-ae39-b436bd200eb9/d15b0b06-d63e-4386-b154-01b897953786
17:32:57.442	0:0:0:0:0:0:0:1:50237	admin	200		129.09 ms
17:33:02.928	0:0:0:0:0:0:0:1:50237	admin	REQUEST	[GET] http://localhost:8984/requirements-manager/assist/197886a4-83c4-44c2-bda7-8ca7281a8e64/81ae49fb-760c-43b6-ae39-b436bd200eb9/d15b0b06-d63e-4386-b154-01b897953786?req-id=94b23225-4526-4f66-964f-1592bf55ba63
17:33:03.046	0:0:0:0:0:0:0:1:50237	admin	200		118.79 ms
17:33:18.404	0:0:0:0:0:0:0:1:50237	admin	REQUEST	[POST] http://localhost:8984/restancil/save/197886a4-83c4-44c2-bda7-8ca7281a8e64/81ae49fb-760c-43b6-ae39-b436bd200eb9/d15b0b06-d63e-4386-b154-01b897953786?req-id=94b23225-4526-4f66-964f-1592bf55ba63
17:33:18.499	0:0:0:0:0:0:0:1:50237	admin	200		95.84 ms
17:33:18.504	0:0:0:0:0:0:0:1:50237	admin	REQUEST	[GET] http://localhost:8984/requirements-manager/assist/197886a4-83c4-44c2-bda7-8ca7281a8e64/81ae49fb-760c-43b6-ae39-b436bd200eb9/d15b0b06-d63e-4386-b154-01b897953786?compare-pkg-version=
17:33:18.629	0:0:0:0:0:0:0:1:50237	admin	200		125.43 ms
17:33:28.102	0:0:0:0:0:0:0:1:50237	admin	REQUEST	[GET] http://localhost:8984/requirements-manager/package/197886a4-83c4-44c2-bda7-8ca7281a8e64/81ae49fb-760c-43b6-ae39-b436bd200eb9
17:33:28.216	0:0:0:0:0:0:0:1:50237	admin	200		114.46 ms
17:33:31.396	0:0:0:0:0:0:0:1:50237	admin	REQUEST	[GET] http://localhost:8984/requirements-manager/assist/197886a4-83c4-44c2-bda7-8ca7281a8e64/81ae49fb-760c-43b6-ae39-b436bd200eb9/d15b0b06-d63e-4386-b154-01b897953786
17:33:31.513	0:0:0:0:0:0:0:1:50237	admin	200		117.59 ms
17:33:44.332	0:0:0:0:0:0:0:1:50237	admin	REQUEST	[GET] http://localhost:8984/requirements-manager/package/197886a4-83c4-44c2-bda7-8ca7281a8e64/81ae49fb-760c-43b6-ae39-b436bd200eb9
17:33:44.436	0:0:0:0:0:0:0:1:50237	admin	200		102.82 ms
17:33:50.285	0:0:0:0:0:0:0:1:50237	admin	REQUEST	[GET] http://localhost:8984/requirements-manager/assist/197886a4-83c4-44c2-bda7-8ca7281a8e64/81ae49fb-760c-43b6-ae39-b436bd200eb9/1a53812d-5be8-4ad0-9538-d214303dc8da
17:33:50.486	0:0:0:0:0:0:0:1:50237	admin	200		202.22 ms
17:33:55.140	0:0:0:0:0:0:0:1:50237	admin	REQUEST	[GET] http://localhost:8984/requirements-manager/assist/197886a4-83c4-44c2-bda7-8ca7281a8e64/81ae49fb-760c-43b6-ae39-b436bd200eb9/1a53812d-5be8-4ad0-9538-d214303dc8da?req-id=9e4593bd-a81d-4886-9500-1782871e45c8
17:33:55.311	0:0:0:0:0:0:0:1:50237	admin	200		171.68 ms
17:34:36.812	0:0:0:0:0:0:0:1:50237	admin	REQUEST	[POST] http://localhost:8984/restancil/save/197886a4-83c4-44c2-bda7-8ca7281a8e64/81ae49fb-760c-43b6-ae39-b436bd200eb9/1a53812d-5be8-4ad0-9538-d214303dc8da?req-id=9e4593bd-a81d-4886-9500-1782871e45c8
17:34:36.915	0:0:0:0:0:0:0:1:50237	admin	200		103.39 ms
17:34:36.977	0:0:0:0:0:0:0:1:50237	admin	REQUEST	[GET] http://localhost:8984/requirements-manager/assist/197886a4-83c4-44c2-bda7-8ca7281a8e64/81ae49fb-760c-43b6-ae39-b436bd200eb9/1a53812d-5be8-4ad0-9538-d214303dc8da?compare-pkg-version=
17:34:37.107	0:0:0:0:0:0:0:1:50237	admin	200		130.27 ms
17:35:01.515	0:0:0:0:0:0:0:1:50237	admin	REQUEST	[GET] http://localhost:8984/requirements-manager/assist/197886a4-83c4-44c2-bda7-8ca7281a8e64/81ae49fb-760c-43b6-ae39-b436bd200eb9/1a53812d-5be8-4ad0-9538-d214303dc8da?req-id=0771e7f2-e24b-4808-8b6f-f48bab95d975
17:35:01.691	0:0:0:0:0:0:0:1:50237	admin	200		176.39 ms
17:35:23.395	0:0:0:0:0:0:0:1:50237	admin	REQUEST	[POST] http://localhost:8984/restancil/save/197886a4-83c4-44c2-bda7-8ca7281a8e64/81ae49fb-760c-43b6-ae39-b436bd200eb9/1a53812d-5be8-4ad0-9538-d214303dc8da?req-id=0771e7f2-e24b-4808-8b6f-f48bab95d975
17:35:23.498	0:0:0:0:0:0:0:1:50237	admin	200		103.87 ms
17:35:23.504	0:0:0:0:0:0:0:1:50237	admin	REQUEST	[GET] http://localhost:8984/requirements-manager/assist/197886a4-83c4-44c2-bda7-8ca7281a8e64/81ae49fb-760c-43b6-ae39-b436bd200eb9/1a53812d-5be8-4ad0-9538-d214303dc8da?compare-pkg-version=
17:35:23.644	0:0:0:0:0:0:0:1:50237	admin	200		139.12 ms
17:36:02.688	0:0:0:0:0:0:0:1:50237	admin	REQUEST	[GET] http://localhost:8984/requirements-manager/assist/197886a4-83c4-44c2-bda7-8ca7281a8e64/81ae49fb-760c-43b6-ae39-b436bd200eb9/1a53812d-5be8-4ad0-9538-d214303dc8da?req-id=9e4593bd-a81d-4886-9500-1782871e45c8
17:36:02.839	0:0:0:0:0:0:0:1:50237	admin	200		150.96 ms
17:36:29.203	0:0:0:0:0:0:0:1:50237	admin	REQUEST	[GET] http://localhost:8984/glossary
17:36:29.225	0:0:0:0:0:0:0:1:50237	admin	200		22.09 ms
17:36:54.109	0:0:0:0:0:0:0:1:50237	admin	REQUEST	[POST] http://localhost:8984/glossary/insert
17:36:54.151	0:0:0:0:0:0:0:1:50237	admin	200		42.52 ms
17:36:54.163	0:0:0:0:0:0:0:1:50237	admin	REQUEST	[GET] http://localhost:8984/glossary
17:36:54.210	0:0:0:0:0:0:0:1:50237	admin	200		47.9 ms
17:37:09.061	0:0:0:0:0:0:0:1:50237	admin	REQUEST	[GET] http://localhost:8984/requirements-manager
17:37:09.129	0:0:0:0:0:0:0:1:50237	admin	200		68.25 ms
17:37:14.384	0:0:0:0:0:0:0:1:50237	admin	REQUEST	[GET] http://localhost:8984/requirements-manager/package/197886a4-83c4-44c2-bda7-8ca7281a8e64/81ae49fb-760c-43b6-ae39-b436bd200eb9
17:37:14.478	0:0:0:0:0:0:0:1:50237	admin	200		93.86 ms
17:37:17.265	0:0:0:0:0:0:0:1:50237	admin	REQUEST	[GET] http://localhost:8984/requirements-manager/assist/197886a4-83c4-44c2-bda7-8ca7281a8e64/81ae49fb-760c-43b6-ae39-b436bd200eb9/77e85ea9-c66a-44e5-8925-fc91ee4bf47d
17:37:17.405	0:0:0:0:0:0:0:1:50237	admin	200		138.74 ms
