10:41:09.552	SERVER	admin	OK	Server wurde gestoppt (Port: 1984).
10:41:09.552	SERVER	admin	OK	HTTP Server wurde gestoppt (Port: 8984).
10:41:20.981	SERVER	admin	OK	Server wurde gestartet (Port: 1984).
10:41:21.262	SERVER	admin	OK	HTTP Server wurde gestartet (Port: 8984).
14:04:20.623	0:0:0:0:0:0:0:1:53387	admin	REQUEST	[GET] http://localhost:8984/inspections
14:04:25.303	0:0:0:0:0:0:0:1:53387	admin	404	No function found that matches the request.	4685.47 ms
14:04:28.360	0:0:0:0:0:0:0:1:53387	admin	REQUEST	[GET] http://localhost:8984/inspection
14:04:29.192	0:0:0:0:0:0:0:1:53387	admin	200		832.53 ms
14:04:33.353	0:0:0:0:0:0:0:1:53387	admin	REQUEST	[GET] http://localhost:8984/delete/inspections?random=0.8659691929351538
14:04:33.800	0:0:0:0:0:0:0:1:53387	admin	200		446.17 ms
14:04:33.805	0:0:0:0:0:0:0:1:53387	admin	REQUEST	[GET] http://localhost:8984/module-list
14:04:34.169	0:0:0:0:0:0:0:1:53387	admin	200		361.72 ms
14:04:34.924	0:0:0:0:0:0:0:1:53387	admin	REQUEST	[GET] http://localhost:8984/generate/inspections?random=0.4288593588862568
14:04:37.966	0:0:0:0:0:0:0:1:53387	admin	200		3046.02 ms
14:04:37.966	0:0:0:0:0:0:0:1:53387	admin	REQUEST	[GET] http://localhost:8984/module-list
14:04:38.122	0:0:0:0:0:0:0:1:53387	admin	200		164.15 ms
14:04:39.162	0:0:0:0:0:0:0:1:53387	admin	REQUEST	[GET] http://localhost:8984/inspection/module/63353A9B40251CB61D3DDCBA9C2FE034
14:04:39.605	0:0:0:0:0:0:0:1:53387	admin	200		443.49 ms
14:04:51.152	0:0:0:0:0:0:0:1:53387	admin	REQUEST	[GET] http://localhost:8984/inspection/module/C84A0A415D337E38688C2CE14F992BFC
14:04:51.638	0:0:0:0:0:0:0:1:53387	admin	200		479.88 ms
14:05:00.976	0:0:0:0:0:0:0:1:53387	admin	REQUEST	[GET] http://localhost:8984/inspection/module/2F5F4E59FCC05E11EE0B4CF146284180
14:05:01.200	0:0:0:0:0:0:0:1:53387	admin	200		222.57 ms
14:05:53.919	0:0:0:0:0:0:0:1:53387	admin	REQUEST	[GET] http://localhost:8984/inspection/module/3BD2E6B08C8FCC45AB72DE4C6F1941FB
14:05:54.201	0:0:0:0:0:0:0:1:53387	admin	200		282.91 ms
14:07:11.713	0:0:0:0:0:0:0:1:53420	admin	REQUEST	[GET] http://localhost:8984/care
14:07:11.744	0:0:0:0:0:0:0:1:53420	admin	200		31.28 ms
14:07:42.050	0:0:0:0:0:0:0:1:53420	admin	REQUEST	[GET] http://localhost:8984/care
14:07:42.081	0:0:0:0:0:0:0:1:53420	admin	200		31.1 ms
14:07:53.801	0:0:0:0:0:0:0:1:53420	admin	REQUEST	[GET] http://localhost:8984/care
14:07:53.831	0:0:0:0:0:0:0:1:53420	admin	200		30.48 ms
14:08:09.395	0:0:0:0:0:0:0:1:53428	admin	REQUEST	[GET] http://localhost:8984/care
14:08:09.444	0:0:0:0:0:0:0:1:53428	admin	200		36.52 ms
14:08:11.882	0:0:0:0:0:0:0:1:53428	admin	REQUEST	[GET] http://localhost:8984/inspection
14:08:11.996	0:0:0:0:0:0:0:1:53428	admin	200		114.7 ms
14:08:23.399	0:0:0:0:0:0:0:1:53428	admin	REQUEST	[GET] http://localhost:8984/care
14:08:23.421	0:0:0:0:0:0:0:1:53428	admin	200		23.07 ms
14:09:16.376	0:0:0:0:0:0:0:1:53428	admin	REQUEST	[GET] http://localhost:8984/inspection
14:09:16.620	0:0:0:0:0:0:0:1:53428	admin	200		246.5 ms
14:09:24.283	0:0:0:0:0:0:0:1:53428	admin	REQUEST	[GET] http://localhost:8984/inspection
14:09:24.401	0:0:0:0:0:0:0:1:53428	admin	200		118.35 ms
14:09:47.253	0:0:0:0:0:0:0:1:53428	admin	REQUEST	[GET] http://localhost:8984/inspection/module/38B5276D1172F3D3DFF73E57CD60BECF
14:09:47.568	0:0:0:0:0:0:0:1:53428	admin	200		314.94 ms
14:11:10.218	0:0:0:0:0:0:0:1:53455	admin	REQUEST	[GET] http://localhost:8984/inspection/module/38B5276D1172F3D3DFF73E57CD60BECF
14:11:10.998	0:0:0:0:0:0:0:1:53455	admin	200		772.99 ms
14:12:06.384	0:0:0:0:0:0:0:1:53458	admin	REQUEST	[GET] http://localhost:8984/inspection/module/C42314FBE23018937B30695EF33E0E8D
14:12:06.549	0:0:0:0:0:0:0:1:53458	admin	200		159.52 ms
14:15:42.351	0:0:0:0:0:0:0:1:53483	admin	REQUEST	[GET] http://localhost:8984/inspection/module/38B5276D1172F3D3DFF73E57CD60BECF
14:15:42.696	0:0:0:0:0:0:0:1:53483	admin	200		344.88 ms
14:55:40.401	0:0:0:0:0:0:0:1:54036	admin	REQUEST	[GET] http://localhost:8984/inspection
14:55:42.652	0:0:0:0:0:0:0:1:54036	admin	200		2251.12 ms
14:55:57.949	0:0:0:0:0:0:0:1:54036	admin	REQUEST	[GET] http://localhost:8984/inspection/module/54C8C9D425F06403243F6CD4330D40B8
14:55:58.159	0:0:0:0:0:0:0:1:54036	admin	200		196.85 ms
14:56:02.186	0:0:0:0:0:0:0:1:54036	admin	REQUEST	[GET] http://localhost:8984/inspection/module/AB801A6A0F484C8058AB11A0220169D2
14:56:02.348	0:0:0:0:0:0:0:1:54036	admin	200		148.91 ms
14:56:05.770	0:0:0:0:0:0:0:1:54036	admin	REQUEST	[GET] http://localhost:8984/inspection/module/3BD48E9C6C43E46399962ED48A956F9D
14:56:05.909	0:0:0:0:0:0:0:1:54036	admin	200		131.03 ms
14:56:23.004	0:0:0:0:0:0:0:1:54036	admin	REQUEST	[GET] http://localhost:8984/inspection
14:56:25.081	0:0:0:0:0:0:0:1:54036	admin	200		2065.38 ms
14:56:27.475	0:0:0:0:0:0:0:1:54036	admin	REQUEST	[GET] http://localhost:8984/delete/inspections?random=0.5243642195127904
14:56:27.592	0:0:0:0:0:0:0:1:54036	admin	200		118.05 ms
14:56:27.603	0:0:0:0:0:0:0:1:54036	admin	REQUEST	[GET] http://localhost:8984/module-list
14:56:28.873	0:0:0:0:0:0:0:1:54036	admin	200		1270.21 ms
14:56:35.656	0:0:0:0:0:0:0:1:54036	admin	REQUEST	[GET] http://localhost:8984/inspection
14:56:37.031	0:0:0:0:0:0:0:1:54036	admin	200		1377.02 ms
14:56:38.509	0:0:0:0:0:0:0:1:54044	admin	REQUEST	[GET] http://localhost:8984/inspection/module/3BD48E9C6C43E46399962ED48A956F9D
14:56:38.596	0:0:0:0:0:0:0:1:54044	admin	200		85.59 ms
14:59:18.666	0:0:0:0:0:0:0:1:52670	admin	REQUEST	[GET] http://localhost:8984/inspection/module/63353A9B40251CB61D3DDCBA9C2FE034
14:59:18.826	0:0:0:0:0:0:0:1:52670	admin	200		147.15 ms
14:59:19.882	0:0:0:0:0:0:0:1:52670	admin	REQUEST	[GET] http://localhost:8984/inspection/module/63353A9B40251CB61D3DDCBA9C2FE034
14:59:19.969	0:0:0:0:0:0:0:1:52670	admin	200		79.97 ms
14:59:23.859	0:0:0:0:0:0:0:1:52672	admin	REQUEST	[GET] http://localhost:8984/inspection
14:59:25.066	0:0:0:0:0:0:0:1:52672	admin	200		1201.8 ms
14:59:58.425	0:0:0:0:0:0:0:1:52670	admin	REQUEST	[GET] http://localhost:8984/inspection/module/54C8C9D425F06403243F6CD4330D40B8
14:59:59.452	0:0:0:0:0:0:0:1:52670	admin	200		1024.15 ms
15:00:27.459	0:0:0:0:0:0:0:1:52670	admin	REQUEST	[GET] http://localhost:8984/inspection/module/54C8C9D425F06403243F6CD4330D40B8
15:00:28.578	0:0:0:0:0:0:0:1:52670	admin	200		1108.85 ms
15:00:45.364	0:0:0:0:0:0:0:1:52670	admin	REQUEST	[GET] http://localhost:8984/inspection/module/54C8C9D425F06403243F6CD4330D40B8
15:00:46.555	0:0:0:0:0:0:0:1:52670	admin	200		1177.33 ms
15:00:54.592	0:0:0:0:0:0:0:1:52697	admin	REQUEST	[GET] http://localhost:8984/inspection
15:00:55.494	0:0:0:0:0:0:0:1:52697	admin	200		902.71 ms
15:00:58.832	0:0:0:0:0:0:0:1:52697	admin	REQUEST	[GET] http://localhost:8984/inspection/module/C42314FBE23018937B30695EF33E0E8D
15:00:59.658	0:0:0:0:0:0:0:1:52697	admin	200		827.6 ms
15:01:18.992	0:0:0:0:0:0:0:1:52697	admin	REQUEST	[GET] http://localhost:8984/inspection/module/3BD48E9C6C43E46399962ED48A956F9D
15:01:20.197	0:0:0:0:0:0:0:1:52697	admin	200		1192.2 ms
15:01:47.616	0:0:0:0:0:0:0:1:52697	admin	REQUEST	[GET] http://localhost:8984/inspection/modules
15:01:47.787	0:0:0:0:0:0:0:1:52697	admin	200		171.79 ms
15:02:05.389	0:0:0:0:0:0:0:1:52697	admin	REQUEST	[GET] http://localhost:8984/inspection/modules
15:02:05.559	0:0:0:0:0:0:0:1:52697	admin	200		164.11 ms
15:02:30.577	0:0:0:0:0:0:0:1:52705	admin	REQUEST	[GET] http://localhost:8984/inspection/modules
15:02:31.532	0:0:0:0:0:0:0:1:52705	admin	200		942.38 ms
15:02:34.556	0:0:0:0:0:0:0:1:52709	admin	REQUEST	[GET] http://localhost:8984/switchChoosenModule/0c2ec27c-3a89-4be2-b768-9a4c5dbf5bb1?random=0.8982924637384713&_=1435928551868
15:02:34.565	0:0:0:0:0:0:0:1:52697	admin	REQUEST	[GET] http://localhost:8984/switchChoosenModule/c9ff2339-7963-4c4d-969b-fd44dc89551a?random=0.11028313124552369&_=1435928551869
15:02:34.600	0:0:0:0:0:0:0:1:52707	admin	REQUEST	[GET] http://localhost:8984/switchChoosenModule/deac4425-4c7f-4577-9bd6-c8fb48469ada?random=0.5102235344238579&_=1435928551870
15:02:34.614	0:0:0:0:0:0:0:1:52706	admin	REQUEST	[GET] http://localhost:8984/switchChoosenModule/23c1925b-42f3-4d19-b6c5-359161c28e5c?random=0.3580386145040393&_=1435928551871
15:02:34.626	0:0:0:0:0:0:0:1:52705	admin	REQUEST	[GET] http://localhost:8984/switchChoosenModule/b45e6b7b-31ab-4912-ac2d-0dc92ebc3cd4?random=0.4614213958848268&_=1435928551872
15:02:34.686	0:0:0:0:0:0:0:1:52708	admin	REQUEST	[GET] http://localhost:8984/switchChoosenModule/d10addd0-f32e-4589-93c8-37668a15ec2f?random=0.33022112608887255&_=1435928551873
15:02:34.741	0:0:0:0:0:0:0:1:52697	admin	200		176.02 ms
15:02:34.744	0:0:0:0:0:0:0:1:52709	admin	200		188.66 ms
15:02:34.777	0:0:0:0:0:0:0:1:52705	admin	200		152.0 ms
15:02:34.782	0:0:0:0:0:0:0:1:52707	admin	200		183.42 ms
15:02:34.796	0:0:0:0:0:0:0:1:52706	admin	200		181.74 ms
15:02:34.813	0:0:0:0:0:0:0:1:52708	admin	200		127.74 ms
15:02:34.831	0:0:0:0:0:0:0:1:52705	admin	REQUEST	[GET] http://localhost:8984/switchChoosenModule/c04a7798-fbf7-4f78-a3d7-d5a6a193dc1a?random=0.7938117717858404&_=1435928551875
15:02:34.831	0:0:0:0:0:0:0:1:52707	admin	REQUEST	[GET] http://localhost:8984/switchChoosenModule/1c2bd69a-fcd8-4d4d-85b2-12baa41b6544?random=0.9115828706417233&_=1435928551874
15:02:34.831	0:0:0:0:0:0:0:1:52709	admin	REQUEST	[GET] http://localhost:8984/switchChoosenModule/15cfc28b-c595-40fe-87f9-873fc01de71b?random=0.6087308607529849&_=1435928551876
15:02:34.832	0:0:0:0:0:0:0:1:52697	admin	REQUEST	[GET] http://localhost:8984/switchChoosenModule/8e3134bb-20b6-484a-b869-7729f753838b?random=0.41965217632241547&_=1435928551877
15:02:34.836	0:0:0:0:0:0:0:1:52708	admin	REQUEST	[GET] http://localhost:8984/switchChoosenModule/bfa7e9e8-471a-4816-a48a-b0648c06d776?random=0.4067899107467383&_=1435928551878
15:02:34.913	0:0:0:0:0:0:0:1:52706	admin	REQUEST	[GET] http://localhost:8984/switchChoosenModule/410c29c4-8bcd-45fa-b902-112975963532?random=0.43200909229926765&_=1435928551879
15:02:35.031	0:0:0:0:0:0:0:1:52705	admin	200		200.11 ms
15:02:35.034	0:0:0:0:0:0:0:1:52705	admin	REQUEST	[GET] http://localhost:8984/switchChoosenModule/5dcef07a-d665-4462-9234-e4b45169de77?random=0.1951741110533476&_=1435928551880
15:02:35.051	0:0:0:0:0:0:0:1:52708	admin	200		215.35 ms
15:02:35.056	0:0:0:0:0:0:0:1:52708	admin	REQUEST	[GET] http://localhost:8984/switchChoosenModule/155a3bf6-881f-4909-bd92-1cdd1213ed2b?random=0.8520704698748887&_=1435928551881
15:02:35.074	0:0:0:0:0:0:0:1:52706	admin	200		160.88 ms
15:02:35.074	0:0:0:0:0:0:0:1:52709	admin	200		242.66 ms
15:02:35.080	0:0:0:0:0:0:0:1:52697	admin	200		248.04 ms
15:02:35.088	0:0:0:0:0:0:0:1:52707	admin	200		257.24 ms
15:02:35.093	0:0:0:0:0:0:0:1:52706	admin	REQUEST	[GET] http://localhost:8984/switchChoosenModule/29f0c367-ed55-43b2-b1eb-f45989d50388?random=0.8043843514751643&_=1435928551882
15:02:35.095	0:0:0:0:0:0:0:1:52709	admin	REQUEST	[GET] http://localhost:8984/switchChoosenModule/3da3d752-9c92-4a65-9237-13b3bd8575b4?random=0.2477234099060297&_=1435928551883
15:02:35.096	0:0:0:0:0:0:0:1:52697	admin	REQUEST	[GET] http://localhost:8984/switchChoosenModule/93a05bee-8f91-4957-a77c-59fb5500f846?random=0.45391420065425336&_=1435928551884
15:02:35.147	0:0:0:0:0:0:0:1:52707	admin	REQUEST	[GET] http://localhost:8984/switchChoosenModule/35a9aea6-19b5-44e4-a593-5de6ec27e91c?random=0.9428115880582482&_=1435928551885
15:02:35.256	0:0:0:0:0:0:0:1:52709	admin	200		161.44 ms
15:02:35.262	0:0:0:0:0:0:0:1:52709	admin	REQUEST	[GET] http://localhost:8984/switchChoosenModule/e07cc674-9e37-4774-8cc1-f7c66e8ffbfb?random=0.9902342823334038&_=1435928551886
15:02:35.321	0:0:0:0:0:0:0:1:52705	admin	200		287.53 ms
15:02:35.327	0:0:0:0:0:0:0:1:52705	admin	REQUEST	[GET] http://localhost:8984/switchChoosenModule/810f9aea-e189-4a41-9adb-3b8142a7ebd7?random=0.9100424784701318&_=1435928551887
15:02:35.330	0:0:0:0:0:0:0:1:52697	admin	200		234.47 ms
15:02:35.334	0:0:0:0:0:0:0:1:52697	admin	REQUEST	[GET] http://localhost:8984/switchChoosenModule/b98f5a30-396a-4cf8-b5bf-d0d1df45f2a3?random=0.1886879641097039&_=1435928551888
15:02:35.355	0:0:0:0:0:0:0:1:52707	admin	200		208.73 ms
15:02:35.359	0:0:0:0:0:0:0:1:52707	admin	REQUEST	[GET] http://localhost:8984/switchChoosenModule/af10f94a-f540-4f5d-9531-5d2e459aa6b8?random=0.05929882754571736&_=1435928551889
15:02:35.390	0:0:0:0:0:0:0:1:52708	admin	200		334.2 ms
15:02:35.395	0:0:0:0:0:0:0:1:52708	admin	REQUEST	[GET] http://localhost:8984/switchChoosenModule/5ee93749-a283-4627-ba71-2823589cb028?random=0.15256699360907078&_=1435928551890
15:02:35.431	0:0:0:0:0:0:0:1:52706	admin	200		338.6 ms
15:02:35.444	0:0:0:0:0:0:0:1:52706	admin	REQUEST	[GET] http://localhost:8984/switchChoosenModule/189a1537-1e6a-4446-b73e-2e92f4f75625?random=0.6257601790130138&_=1435928551891
15:02:35.474	0:0:0:0:0:0:0:1:52709	admin	200		221.52 ms
15:02:35.474	0:0:0:0:0:0:0:1:52709	admin	REQUEST	[GET] http://localhost:8984/switchChoosenModule/eb934e7e-aba9-40fb-9d4d-e01661faa08d?random=0.27264954056590796&_=1435928551892
15:02:35.552	0:0:0:0:0:0:0:1:52697	admin	200		222.27 ms
15:02:35.552	0:0:0:0:0:0:0:1:52705	admin	200		230.15 ms
15:02:35.552	0:0:0:0:0:0:0:1:52697	admin	REQUEST	[GET] http://localhost:8984/switchChoosenModule/3dc59ff0-d4df-4102-8492-5cf54f1fa94c?random=0.9442450341302902&_=1435928551893
15:02:35.567	0:0:0:0:0:0:0:1:52707	admin	200		221.35 ms
15:02:35.614	0:0:0:0:0:0:0:1:52706	admin	200		182.55 ms
15:02:35.614	0:0:0:0:0:0:0:1:52708	admin	200		232.76 ms
15:02:35.630	0:0:0:0:0:0:0:1:52709	admin	200		144.88 ms
15:02:35.661	0:0:0:0:0:0:0:1:52697	admin	200		110.18 ms
15:02:39.731	0:0:0:0:0:0:0:1:52697	admin	REQUEST	[GET] http://localhost:8984/inspection/modules
15:02:40.544	0:0:0:0:0:0:0:1:52697	admin	200		812.48 ms
15:02:42.385	0:0:0:0:0:0:0:1:52708	admin	REQUEST	[GET] http://localhost:8984/switchChoosenModule/8c4b0530-939a-4ba3-9c0b-9a6f0296527d?random=0.8117816934827715&_=1435928560729
15:02:42.407	0:0:0:0:0:0:0:1:52707	admin	REQUEST	[GET] http://localhost:8984/switchChoosenModule/e72b5be8-fd16-4e01-a9ad-c2c0ce201911?random=0.3497738807927817&_=1435928560730
15:02:42.426	0:0:0:0:0:0:0:1:52697	admin	REQUEST	[GET] http://localhost:8984/switchChoosenModule/2665771a-00dc-4afa-85d3-6725d16b5ef9?random=0.43152190768159926&_=1435928560731
15:02:42.472	0:0:0:0:0:0:0:1:52705	admin	REQUEST	[GET] http://localhost:8984/switchChoosenModule/7841e228-00c3-40f6-ad04-c7efd1dfebf5?random=0.3757640989497304&_=1435928560732
15:02:42.524	0:0:0:0:0:0:0:1:52706	admin	REQUEST	[GET] http://localhost:8984/switchChoosenModule/8934c040-a822-4552-8bab-0f0ad9235983?random=0.12451710179448128&_=1435928560733
15:02:42.552	0:0:0:0:0:0:0:1:52709	admin	REQUEST	[GET] http://localhost:8984/switchChoosenModule/11a8c674-8c85-49c6-baf2-836a8ecbfc24?random=0.04966865689493716&_=1435928560734
15:02:42.617	0:0:0:0:0:0:0:1:52707	admin	200		210.41 ms
15:02:42.624	0:0:0:0:0:0:0:1:52707	admin	REQUEST	[GET] http://localhost:8984/switchChoosenModule/87a21c3a-a9ab-4b6b-afba-bd39b9ea5195?random=0.53673090855591&_=1435928560735
15:02:42.655	0:0:0:0:0:0:0:1:52697	admin	200		229.1 ms
15:02:42.658	0:0:0:0:0:0:0:1:52697	admin	REQUEST	[GET] http://localhost:8984/switchChoosenModule/d7be5a72-9452-48a0-989a-c91c79520799?random=0.217794829281047&_=1435928560736
15:02:42.678	0:0:0:0:0:0:0:1:52705	admin	200		206.55 ms
15:02:42.687	0:0:0:0:0:0:0:1:52708	admin	200		302.64 ms
15:02:42.700	0:0:0:0:0:0:0:1:52708	admin	REQUEST	[GET] http://localhost:8984/switchChoosenModule/cdecd3c3-f8c2-44aa-b00b-b5f57945dbc0?random=0.8778553216252476&_=1435928560737
15:02:42.714	0:0:0:0:0:0:0:1:52705	admin	REQUEST	[GET] http://localhost:8984/switchChoosenModule/0b51f73b-b57a-49ed-a68e-e5b9d012f7f3?random=0.7566002933308482&_=1435928560738
15:02:42.756	0:0:0:0:0:0:0:1:52709	admin	200		204.0 ms
15:02:42.760	0:0:0:0:0:0:0:1:52709	admin	REQUEST	[GET] http://localhost:8984/switchChoosenModule/7d7e5835-7b5e-4363-8817-1e72697341b6?random=0.5916029016952962&_=1435928560739
15:02:42.804	0:0:0:0:0:0:0:1:52706	admin	200		282.13 ms
15:02:42.849	0:0:0:0:0:0:0:1:52706	admin	REQUEST	[GET] http://localhost:8984/switchChoosenModule/90ae450a-4d97-40ef-96e5-53a2ba0de450?random=0.7293047634884715&_=1435928560740
15:02:42.902	0:0:0:0:0:0:0:1:52708	admin	200		201.27 ms
15:02:42.905	0:0:0:0:0:0:0:1:52708	admin	REQUEST	[GET] http://localhost:8984/switchChoosenModule/d5687be2-e036-4a4f-8ec3-3726a039dccf?random=0.3303862796165049&_=1435928560741
15:02:42.971	0:0:0:0:0:0:0:1:52697	admin	200		312.45 ms
15:02:42.976	0:0:0:0:0:0:0:1:52705	admin	200		260.76 ms
15:02:42.978	0:0:0:0:0:0:0:1:52697	admin	REQUEST	[GET] http://localhost:8984/switchChoosenModule/e6737d2d-83e8-42d8-b47f-1cef91253298?random=0.01155895460397005&_=1435928560742
15:02:42.979	0:0:0:0:0:0:0:1:52705	admin	REQUEST	[GET] http://localhost:8984/switchChoosenModule/8dfdd2bd-73ff-4f65-9c77-8e7b59dafcd3?random=0.3536951181013137&_=1435928560743
15:02:43.030	0:0:0:0:0:0:0:1:52709	admin	200		271.0 ms
15:02:43.033	0:0:0:0:0:0:0:1:52709	admin	REQUEST	[GET] http://localhost:8984/switchChoosenModule/471146ac-6085-4e24-9d7c-9ffaabf21ecb?random=0.916172064607963&_=1435928560744
15:02:43.051	0:0:0:0:0:0:0:1:52706	admin	200		201.96 ms
15:02:43.055	0:0:0:0:0:0:0:1:52706	admin	REQUEST	[GET] http://localhost:8984/switchChoosenModule/0656a448-d0da-443f-9560-82838cbadb35?random=0.6101741455495358&_=1435928560745
15:02:43.056	0:0:0:0:0:0:0:1:52707	admin	200		431.4 ms
15:02:43.058	0:0:0:0:0:0:0:1:52707	admin	REQUEST	[GET] http://localhost:8984/switchChoosenModule/ed1dcb74-f8aa-4910-a0c7-44fb8ee53ca9?random=0.589329325594008&_=1435928560746
15:02:43.136	0:0:0:0:0:0:0:1:52708	admin	200		231.38 ms
15:02:43.139	0:0:0:0:0:0:0:1:52708	admin	REQUEST	[GET] http://localhost:8984/switchChoosenModule/bc2fd21e-c7c2-4873-a703-46c761badbf6?random=0.6967401416040957&_=1435928560747
15:02:43.270	0:0:0:0:0:0:0:1:52705	admin	200		291.76 ms
15:02:43.283	0:0:0:0:0:0:0:1:52705	admin	REQUEST	[GET] http://localhost:8984/switchChoosenModule/ad5a1e8b-4024-4036-a765-b675d45ad03e?random=0.23229657486081123&_=1435928560748
15:02:43.290	0:0:0:0:0:0:0:1:52707	admin	200		232.05 ms
15:02:43.293	0:0:0:0:0:0:0:1:52707	admin	REQUEST	[GET] http://localhost:8984/switchChoosenModule/c41255c5-5954-4bab-93ef-4d4c2f752587?random=0.28204485517926514&_=1435928560749
15:02:43.299	0:0:0:0:0:0:0:1:52706	admin	200		244.45 ms
15:02:43.302	0:0:0:0:0:0:0:1:52706	admin	REQUEST	[GET] http://localhost:8984/switchChoosenModule/e2671d3a-f95f-4d31-bf9d-fed44077b3a2?random=0.3074474830646068&_=1435928560750
15:02:43.329	0:0:0:0:0:0:0:1:52709	admin	200		296.52 ms
15:02:43.332	0:0:0:0:0:0:0:1:52709	admin	REQUEST	[GET] http://localhost:8984/switchChoosenModule/064b7e76-107e-42d0-9ee2-c507135720cf?random=0.11409119330346584&_=1435928560751
15:02:43.335	0:0:0:0:0:0:0:1:52697	admin	200		361.8 ms
15:02:43.338	0:0:0:0:0:0:0:1:52697	admin	REQUEST	[GET] http://localhost:8984/switchChoosenModule/8f0e85bb-b4c7-4c88-93dd-985db3b0546c?random=0.12666995357722044&_=1435928560752
15:02:43.391	0:0:0:0:0:0:0:1:52708	admin	200		251.87 ms
15:02:43.394	0:0:0:0:0:0:0:1:52708	admin	REQUEST	[GET] http://localhost:8984/switchChoosenModule/98ab8d5a-f6c7-4f6e-9d5c-8192d3ec3d6a?random=0.7690309681929648&_=1435928560753
15:02:43.430	0:0:0:0:0:0:0:1:52705	admin	200		147.32 ms
15:02:43.458	0:0:0:0:0:0:0:1:52705	admin	REQUEST	[GET] http://localhost:8984/switchChoosenModule/65466456-9215-4ff6-a5af-912d5f952963?random=0.604450915241614&_=1435928560754
15:02:43.485	0:0:0:0:0:0:0:1:52697	admin	200		146.57 ms
15:02:43.485	0:0:0:0:0:0:0:1:52707	admin	200		199.39 ms
15:02:43.500	0:0:0:0:0:0:0:1:52709	admin	200		174.32 ms
15:02:43.532	0:0:0:0:0:0:0:1:52706	admin	200		236.99 ms
15:02:43.547	0:0:0:0:0:0:0:1:52708	admin	200		165.09 ms
15:02:43.547	0:0:0:0:0:0:0:1:52705	admin	200		103.53 ms
15:02:57.342	0:0:0:0:0:0:0:1:52705	admin	REQUEST	[GET] http://localhost:8984/inspection/modules/generate/false
15:02:57.543	0:0:0:0:0:0:0:1:52705	admin	200		200.94 ms
15:02:57.543	0:0:0:0:0:0:0:1:52705	admin	200		0.35 ms
