10:59:26.707	SERVER	admin	OK	Server wurde gestartet (Port: 1984).
10:59:27.403	SERVER	admin	OK	HTTP Server wurde gestartet (Port: 8984).
10:59:38.617	0:0:0:0:0:0:0:1:53858	admin	REQUEST	[GET] http://localhost:8984/
10:59:42.708	0:0:0:0:0:0:0:1:53858	admin	200		4121.21 ms
10:59:51.966	0:0:0:0:0:0:0:1:53858	admin	REQUEST	[GET] http://localhost:8984/requirements-manager
10:59:52.954	0:0:0:0:0:0:0:1:53858	admin	200		988.48 ms
11:06:54.971	0:0:0:0:0:0:0:1:53981	admin	REQUEST	[GET] http://localhost:8984/requirements-manager/package/197886a4-83c4-44c2-bda7-8ca7281a8e64/71363663-690e-4417-b31a-47a8da279280
11:06:55.468	0:0:0:0:0:0:0:1:53981	admin	200		496.67 ms
11:07:00.368	0:0:0:0:0:0:0:1:53981	admin	REQUEST	[GET] http://localhost:8984/requirements-manager/assist/197886a4-83c4-44c2-bda7-8ca7281a8e64/71363663-690e-4417-b31a-47a8da279280/d15b0b06-d63e-4386-b154-01b897953786
11:07:02.068	0:0:0:0:0:0:0:1:53981	admin	200		1701.04 ms
12:16:43.554	0:0:0:0:0:0:0:1:54537	admin	REQUEST	[GET] http://localhost:8984/care
12:16:43.589	0:0:0:0:0:0:0:1:54537	admin	200		36.59 ms
12:16:44.860	0:0:0:0:0:0:0:1:54537	admin	REQUEST	[GET] http://localhost:8984/requirements-manager
12:16:45.515	0:0:0:0:0:0:0:1:54537	admin	200		658.25 ms
12:16:48.098	0:0:0:0:0:0:0:1:54537	admin	REQUEST	[GET] http://localhost:8984/requirements-manager/delete-pkgs/197886a4-83c4-44c2-bda7-8ca7281a8e64
12:16:48.745	0:0:0:0:0:0:0:1:54537	admin	200		654.44 ms
12:16:48.765	0:0:0:0:0:0:0:1:54537	admin	REQUEST	[GET] http://localhost:8984/requirements-manager
12:16:49.061	0:0:0:0:0:0:0:1:54537	admin	200		300.24 ms
12:16:52.526	0:0:0:0:0:0:0:1:54537	admin	REQUEST	[GET] http://localhost:8984/care
12:16:52.610	0:0:0:0:0:0:0:1:54537	admin	200		84.47 ms
12:16:55.859	0:0:0:0:0:0:0:1:54537	admin	REQUEST	[GET] http://localhost:8984/requirements-manager
12:16:56.161	0:0:0:0:0:0:0:1:54537	admin	200		303.3 ms
12:17:06.441	0:0:0:0:0:0:0:1:54537	admin	REQUEST	[POST] http://localhost:8984/data/upload
12:17:08.369	0:0:0:0:0:0:0:1:54537	admin	200		1933.96 ms
12:17:08.387	0:0:0:0:0:0:0:1:54537	admin	REQUEST	[GET] http://localhost:8984/requirements-manager
12:17:09.083	0:0:0:0:0:0:0:1:54537	admin	200		695.84 ms
12:17:32.110	0:0:0:0:0:0:0:1:54537	admin	REQUEST	[GET] http://localhost:8984/requirements-manager/package/197886a4-83c4-44c2-bda7-8ca7281a8e64/40cb0b84-160c-4b34-9807-e8316219ceb9
12:17:32.348	0:0:0:0:0:0:0:1:54537	admin	200		239.39 ms
12:18:01.094	0:0:0:0:0:0:0:1:54537	admin	REQUEST	[GET] http://localhost:8984/requirements-manager/assist/197886a4-83c4-44c2-bda7-8ca7281a8e64/40cb0b84-160c-4b34-9807-e8316219ceb9/d15b0b06-d63e-4386-b154-01b897953786
12:18:01.558	0:0:0:0:0:0:0:1:54537	admin	200		465.19 ms
12:20:03.115	0:0:0:0:0:0:0:1:54586	admin	REQUEST	[POST] http://localhost:8984/restancil/save/197886a4-83c4-44c2-bda7-8ca7281a8e64/40cb0b84-160c-4b34-9807-e8316219ceb9/d15b0b06-d63e-4386-b154-01b897953786?
12:20:03.408	0:0:0:0:0:0:0:1:54586	admin	200		293.47 ms
12:20:03.440	0:0:0:0:0:0:0:1:54586	admin	REQUEST	[GET] http://localhost:8984/requirements-manager/assist/197886a4-83c4-44c2-bda7-8ca7281a8e64/40cb0b84-160c-4b34-9807-e8316219ceb9/d15b0b06-d63e-4386-b154-01b897953786
12:20:04.021	0:0:0:0:0:0:0:1:54586	admin	200		580.85 ms
12:20:19.638	0:0:0:0:0:0:0:1:54586	admin	REQUEST	[GET] http://localhost:8984/requirements-manager/assist/197886a4-83c4-44c2-bda7-8ca7281a8e64/40cb0b84-160c-4b34-9807-e8316219ceb9/172bc894-eaab-49aa-bf32-40b947dede85
12:20:20.041	0:0:0:0:0:0:0:1:54586	admin	200		403.61 ms
12:21:43.067	0:0:0:0:0:0:0:1:55582	admin	REQUEST	[POST] http://localhost:8984/restancil/save/197886a4-83c4-44c2-bda7-8ca7281a8e64/40cb0b84-160c-4b34-9807-e8316219ceb9/172bc894-eaab-49aa-bf32-40b947dede85?
12:21:49.428	0:0:0:0:0:0:0:1:55585	admin	REQUEST	[POST] http://localhost:8984/restancil/save/197886a4-83c4-44c2-bda7-8ca7281a8e64/40cb0b84-160c-4b34-9807-e8316219ceb9/172bc894-eaab-49aa-bf32-40b947dede85?
12:21:52.294	0:0:0:0:0:0:0:1:55582	admin	200		9227.62 ms
12:21:52.333	0:0:0:0:0:0:0:1:55585	admin	200		2905.37 ms
12:21:52.349	0:0:0:0:0:0:0:1:55585	admin	REQUEST	[GET] http://localhost:8984/requirements-manager/assist/197886a4-83c4-44c2-bda7-8ca7281a8e64/40cb0b84-160c-4b34-9807-e8316219ceb9/172bc894-eaab-49aa-bf32-40b947dede85
12:21:52.933	0:0:0:0:0:0:0:1:55585	admin	200		584.32 ms
12:21:55.668	0:0:0:0:0:0:0:1:55585	admin	REQUEST	[GET] http://localhost:8984/relist/delete/197886a4-83c4-44c2-bda7-8ca7281a8e64/40cb0b84-160c-4b34-9807-e8316219ceb9/172bc894-eaab-49aa-bf32-40b947dede85/64c3da06-902f-425d-a217-b630494d6de6
12:21:56.153	0:0:0:0:0:0:0:1:55585	admin	200		485.84 ms
12:21:56.158	0:0:0:0:0:0:0:1:55585	admin	REQUEST	[GET] http://localhost:8984/requirements-manager/assist/197886a4-83c4-44c2-bda7-8ca7281a8e64/40cb0b84-160c-4b34-9807-e8316219ceb9/172bc894-eaab-49aa-bf32-40b947dede85
12:21:57.093	0:0:0:0:0:0:0:1:55585	admin	200		937.53 ms
12:22:14.804	0:0:0:0:0:0:0:1:55585	admin	REQUEST	[POST] http://localhost:8984/restancil/save/197886a4-83c4-44c2-bda7-8ca7281a8e64/40cb0b84-160c-4b34-9807-e8316219ceb9/172bc894-eaab-49aa-bf32-40b947dede85?
12:22:15.083	0:0:0:0:0:0:0:1:55585	admin	200		278.96 ms
12:22:15.090	0:0:0:0:0:0:0:1:55585	admin	REQUEST	[GET] http://localhost:8984/requirements-manager/assist/197886a4-83c4-44c2-bda7-8ca7281a8e64/40cb0b84-160c-4b34-9807-e8316219ceb9/172bc894-eaab-49aa-bf32-40b947dede85
12:22:15.662	0:0:0:0:0:0:0:1:55585	admin	200		572.22 ms
12:22:59.643	0:0:0:0:0:0:0:1:55585	admin	REQUEST	[GET] http://localhost:8984/requirements-manager/assist/197886a4-83c4-44c2-bda7-8ca7281a8e64/40cb0b84-160c-4b34-9807-e8316219ceb9/172bc894-eaab-49aa-bf32-40b947dede85?req-id=f9807d7e-b0b4-425e-99d0-f7f289779c0c
12:22:59.980	0:0:0:0:0:0:0:1:55585	admin	200		337.46 ms
12:23:08.275	0:0:0:0:0:0:0:1:55585	admin	REQUEST	[POST] http://localhost:8984/restancil/save/197886a4-83c4-44c2-bda7-8ca7281a8e64/40cb0b84-160c-4b34-9807-e8316219ceb9/172bc894-eaab-49aa-bf32-40b947dede85?req-id=f9807d7e-b0b4-425e-99d0-f7f289779c0c
12:23:08.704	0:0:0:0:0:0:0:1:55585	admin	200		429.18 ms
12:23:08.712	0:0:0:0:0:0:0:1:55585	admin	REQUEST	[GET] http://localhost:8984/requirements-manager/assist/197886a4-83c4-44c2-bda7-8ca7281a8e64/40cb0b84-160c-4b34-9807-e8316219ceb9/172bc894-eaab-49aa-bf32-40b947dede85
12:23:09.266	0:0:0:0:0:0:0:1:55585	admin	200		554.22 ms
12:23:25.312	0:0:0:0:0:0:0:1:55585	admin	REQUEST	[GET] http://localhost:8984/requirements-manager/assist/197886a4-83c4-44c2-bda7-8ca7281a8e64/40cb0b84-160c-4b34-9807-e8316219ceb9/1a53812d-5be8-4ad0-9538-d214303dc8da
12:23:25.571	0:0:0:0:0:0:0:1:55585	admin	200		259.32 ms
12:23:48.061	0:0:0:0:0:0:0:1:55585	admin	REQUEST	[POST] http://localhost:8984/restancil/save/197886a4-83c4-44c2-bda7-8ca7281a8e64/40cb0b84-160c-4b34-9807-e8316219ceb9/1a53812d-5be8-4ad0-9538-d214303dc8da?
12:23:48.277	0:0:0:0:0:0:0:1:55585	admin	200		219.05 ms
12:23:48.284	0:0:0:0:0:0:0:1:55585	admin	REQUEST	[GET] http://localhost:8984/requirements-manager/assist/197886a4-83c4-44c2-bda7-8ca7281a8e64/40cb0b84-160c-4b34-9807-e8316219ceb9/1a53812d-5be8-4ad0-9538-d214303dc8da
12:23:48.785	0:0:0:0:0:0:0:1:55585	admin	200		501.12 ms
12:23:55.588	0:0:0:0:0:0:0:1:55585	admin	REQUEST	[POST] http://localhost:8984/restancil/save/197886a4-83c4-44c2-bda7-8ca7281a8e64/40cb0b84-160c-4b34-9807-e8316219ceb9/1a53812d-5be8-4ad0-9538-d214303dc8da?
12:23:55.814	0:0:0:0:0:0:0:1:55585	admin	200		225.86 ms
12:23:55.821	0:0:0:0:0:0:0:1:55585	admin	REQUEST	[GET] http://localhost:8984/requirements-manager/assist/197886a4-83c4-44c2-bda7-8ca7281a8e64/40cb0b84-160c-4b34-9807-e8316219ceb9/1a53812d-5be8-4ad0-9538-d214303dc8da
12:23:56.255	0:0:0:0:0:0:0:1:55585	admin	200		435.25 ms
12:23:58.710	0:0:0:0:0:0:0:1:55585	admin	REQUEST	[GET] http://localhost:8984/requirements-manager/assist/197886a4-83c4-44c2-bda7-8ca7281a8e64/40cb0b84-160c-4b34-9807-e8316219ceb9/b8a4cd2a-33b8-4ee2-950d-d81d4274efd6
12:23:59.058	0:0:0:0:0:0:0:1:55585	admin	200		347.35 ms
12:24:02.111	0:0:0:0:0:0:0:1:55585	admin	REQUEST	[GET] http://localhost:8984/requirements-manager/assist/197886a4-83c4-44c2-bda7-8ca7281a8e64/40cb0b84-160c-4b34-9807-e8316219ceb9/1a53812d-5be8-4ad0-9538-d214303dc8da
12:24:02.340	0:0:0:0:0:0:0:1:55585	admin	200		229.42 ms
12:24:09.733	0:0:0:0:0:0:0:1:55585	admin	REQUEST	[GET] http://localhost:8984/requirements-manager/assist/197886a4-83c4-44c2-bda7-8ca7281a8e64/40cb0b84-160c-4b34-9807-e8316219ceb9/b8a4cd2a-33b8-4ee2-950d-d81d4274efd6
12:24:10.007	0:0:0:0:0:0:0:1:55585	admin	200		273.75 ms
12:24:36.156	0:0:0:0:0:0:0:1:55585	admin	REQUEST	[POST] http://localhost:8984/restancil/save/197886a4-83c4-44c2-bda7-8ca7281a8e64/40cb0b84-160c-4b34-9807-e8316219ceb9/b8a4cd2a-33b8-4ee2-950d-d81d4274efd6?
12:24:36.427	0:0:0:0:0:0:0:1:55585	admin	200		271.74 ms
12:24:36.433	0:0:0:0:0:0:0:1:55585	admin	REQUEST	[GET] http://localhost:8984/requirements-manager/assist/197886a4-83c4-44c2-bda7-8ca7281a8e64/40cb0b84-160c-4b34-9807-e8316219ceb9/b8a4cd2a-33b8-4ee2-950d-d81d4274efd6
12:24:37.000	0:0:0:0:0:0:0:1:55585	admin	200		567.72 ms
12:24:42.776	0:0:0:0:0:0:0:1:55585	admin	REQUEST	[GET] http://localhost:8984/requirements-manager/package/197886a4-83c4-44c2-bda7-8ca7281a8e64/40cb0b84-160c-4b34-9807-e8316219ceb9
12:24:42.901	0:0:0:0:0:0:0:1:55585	admin	200		126.01 ms
12:24:45.788	0:0:0:0:0:0:0:1:55585	admin	REQUEST	[GET] http://localhost:8984/requirements-manager
12:24:45.903	0:0:0:0:0:0:0:1:55585	admin	200		115.56 ms
12:24:47.880	0:0:0:0:0:0:0:1:55585	admin	REQUEST	[GET] http://localhost:8984/requirements-manager/list/197886a4-83c4-44c2-bda7-8ca7281a8e64/40cb0b84-160c-4b34-9807-e8316219ceb9
12:24:47.965	0:0:0:0:0:0:0:1:55585	admin	200		85.4 ms
12:25:00.889	0:0:0:0:0:0:0:1:55585	admin	REQUEST	[GET] http://localhost:8984/glossary
12:25:00.920	0:0:0:0:0:0:0:1:55585	admin	200		30.79 ms
12:25:11.357	0:0:0:0:0:0:0:1:55585	admin	REQUEST	[POST] http://localhost:8984/glossary/insert
12:25:11.474	0:0:0:0:0:0:0:1:55585	admin	200		118.78 ms
12:25:11.495	0:0:0:0:0:0:0:1:55585	admin	REQUEST	[GET] http://localhost:8984/glossary
12:25:11.522	0:0:0:0:0:0:0:1:55585	admin	200		28.55 ms
12:25:12.820	0:0:0:0:0:0:0:1:55585	admin	REQUEST	[GET] http://localhost:8984/requirements-manager
12:25:13.023	0:0:0:0:0:0:0:1:55585	admin	200		203.9 ms
12:25:14.702	0:0:0:0:0:0:0:1:55585	admin	REQUEST	[GET] http://localhost:8984/requirements-manager/package/197886a4-83c4-44c2-bda7-8ca7281a8e64/40cb0b84-160c-4b34-9807-e8316219ceb9
12:25:14.811	0:0:0:0:0:0:0:1:55585	admin	200		108.97 ms
12:25:16.384	0:0:0:0:0:0:0:1:55585	admin	REQUEST	[GET] http://localhost:8984/requirements-manager/assist/197886a4-83c4-44c2-bda7-8ca7281a8e64/40cb0b84-160c-4b34-9807-e8316219ceb9/172bc894-eaab-49aa-bf32-40b947dede85
12:25:16.626	0:0:0:0:0:0:0:1:55585	admin	200		242.34 ms
12:25:39.713	0:0:0:0:0:0:0:1:55585	admin	REQUEST	[GET] http://localhost:8984/requirements-manager
12:25:39.840	0:0:0:0:0:0:0:1:55585	admin	200		127.62 ms
12:26:30.853	0:0:0:0:0:0:0:1:55585	admin	REQUEST	[POST] http://localhost:8984/data/upload
12:26:31.945	0:0:0:0:0:0:0:1:55585	admin	200		1091.16 ms
12:26:31.963	0:0:0:0:0:0:0:1:55585	admin	REQUEST	[GET] http://localhost:8984/requirements-manager
12:26:32.617	0:0:0:0:0:0:0:1:55585	admin	200		654.76 ms
12:26:38.315	0:0:0:0:0:0:0:1:55585	admin	REQUEST	[GET] http://localhost:8984/requirements-manager/package/197886a4-83c4-44c2-bda7-8ca7281a8e64/9bacd7d2-4932-4aba-a1d1-25a7dc570eda
12:26:38.640	0:0:0:0:0:0:0:1:55585	admin	200		325.84 ms
12:26:48.462	0:0:0:0:0:0:0:1:55585	admin	REQUEST	[GET] http://localhost:8984/requirements-manager/assist/197886a4-83c4-44c2-bda7-8ca7281a8e64/9bacd7d2-4932-4aba-a1d1-25a7dc570eda/d15b0b06-d63e-4386-b154-01b897953786
12:26:48.718	0:0:0:0:0:0:0:1:55585	admin	200		255.9 ms
12:27:05.405	0:0:0:0:0:0:0:1:55585	admin	REQUEST	[GET] http://localhost:8984/requirements-manager/assist/197886a4-83c4-44c2-bda7-8ca7281a8e64/9bacd7d2-4932-4aba-a1d1-25a7dc570eda/d15b0b06-d63e-4386-b154-01b897953786?req-id=5790ed2b-6a4e-4559-8172-6feca4ca9b4f
12:27:05.623	0:0:0:0:0:0:0:1:55585	admin	200		219.93 ms
12:27:25.622	0:0:0:0:0:0:0:1:55585	admin	REQUEST	[POST] http://localhost:8984/restancil/save/197886a4-83c4-44c2-bda7-8ca7281a8e64/9bacd7d2-4932-4aba-a1d1-25a7dc570eda/d15b0b06-d63e-4386-b154-01b897953786?req-id=5790ed2b-6a4e-4559-8172-6feca4ca9b4f
12:27:26.252	0:0:0:0:0:0:0:1:55585	admin	200		629.67 ms
12:27:26.253	0:0:0:0:0:0:0:1:55585	admin	REQUEST	[GET] http://localhost:8984/requirements-manager/assist/197886a4-83c4-44c2-bda7-8ca7281a8e64/9bacd7d2-4932-4aba-a1d1-25a7dc570eda/d15b0b06-d63e-4386-b154-01b897953786
12:27:26.772	0:0:0:0:0:0:0:1:55585	admin	200		519.05 ms
12:27:37.255	0:0:0:0:0:0:0:1:55585	admin	REQUEST	[GET] http://localhost:8984/requirements-manager/assist/197886a4-83c4-44c2-bda7-8ca7281a8e64/9bacd7d2-4932-4aba-a1d1-25a7dc570eda/172bc894-eaab-49aa-bf32-40b947dede85
12:27:37.588	0:0:0:0:0:0:0:1:55585	admin	200		334.41 ms
12:28:10.687	0:0:0:0:0:0:0:1:55585	admin	REQUEST	[GET] http://localhost:8984/requirements-manager/assist/197886a4-83c4-44c2-bda7-8ca7281a8e64/9bacd7d2-4932-4aba-a1d1-25a7dc570eda/172bc894-eaab-49aa-bf32-40b947dede85?req-id=f9807d7e-b0b4-425e-99d0-f7f289779c0c
12:28:11.095	0:0:0:0:0:0:0:1:55585	admin	200		408.99 ms
12:28:30.638	0:0:0:0:0:0:0:1:55585	admin	REQUEST	[GET] http://localhost:8984/relist/delete/197886a4-83c4-44c2-bda7-8ca7281a8e64/9bacd7d2-4932-4aba-a1d1-25a7dc570eda/172bc894-eaab-49aa-bf32-40b947dede85/f9807d7e-b0b4-425e-99d0-f7f289779c0c
12:28:30.769	0:0:0:0:0:0:0:1:55585	admin	200		131.14 ms
12:28:30.777	0:0:0:0:0:0:0:1:55585	admin	REQUEST	[GET] http://localhost:8984/requirements-manager/assist/197886a4-83c4-44c2-bda7-8ca7281a8e64/9bacd7d2-4932-4aba-a1d1-25a7dc570eda/172bc894-eaab-49aa-bf32-40b947dede85
12:28:31.117	0:0:0:0:0:0:0:1:55585	admin	200		340.03 ms
12:28:43.101	0:0:0:0:0:0:0:1:55585	admin	REQUEST	[POST] http://localhost:8984/restancil/save/197886a4-83c4-44c2-bda7-8ca7281a8e64/9bacd7d2-4932-4aba-a1d1-25a7dc570eda/172bc894-eaab-49aa-bf32-40b947dede85?
12:28:43.331	0:0:0:0:0:0:0:1:55585	admin	200		231.4 ms
12:28:43.338	0:0:0:0:0:0:0:1:55585	admin	REQUEST	[GET] http://localhost:8984/requirements-manager/assist/197886a4-83c4-44c2-bda7-8ca7281a8e64/9bacd7d2-4932-4aba-a1d1-25a7dc570eda/172bc894-eaab-49aa-bf32-40b947dede85
12:28:43.734	0:0:0:0:0:0:0:1:55585	admin	200		397.15 ms
12:28:46.583	0:0:0:0:0:0:0:1:55585	admin	REQUEST	[GET] http://localhost:8984/requirements-manager/assist/197886a4-83c4-44c2-bda7-8ca7281a8e64/9bacd7d2-4932-4aba-a1d1-25a7dc570eda/172bc894-eaab-49aa-bf32-40b947dede85?req-id=c240640f-6364-4957-93ab-18790eed542a
12:28:46.988	0:0:0:0:0:0:0:1:55585	admin	200		405.87 ms
12:28:49.965	0:0:0:0:0:0:0:1:55585	admin	REQUEST	[POST] http://localhost:8984/restancil/save/197886a4-83c4-44c2-bda7-8ca7281a8e64/9bacd7d2-4932-4aba-a1d1-25a7dc570eda/172bc894-eaab-49aa-bf32-40b947dede85?req-id=c240640f-6364-4957-93ab-18790eed542a
12:28:50.099	0:0:0:0:0:0:0:1:55585	admin	200		135.1 ms
12:28:50.105	0:0:0:0:0:0:0:1:55585	admin	REQUEST	[GET] http://localhost:8984/requirements-manager/assist/197886a4-83c4-44c2-bda7-8ca7281a8e64/9bacd7d2-4932-4aba-a1d1-25a7dc570eda/172bc894-eaab-49aa-bf32-40b947dede85
12:28:50.716	0:0:0:0:0:0:0:1:55585	admin	200		610.85 ms
12:29:28.499	0:0:0:0:0:0:0:1:55585	admin	REQUEST	[GET] http://localhost:8984/requirements-manager
12:29:28.670	0:0:0:0:0:0:0:1:55585	admin	200		172.64 ms
12:29:30.385	0:0:0:0:0:0:0:1:55585	admin	REQUEST	[GET] http://localhost:8984/requirements-manager/download-requirements/197886a4-83c4-44c2-bda7-8ca7281a8e64/40cb0b84-160c-4b34-9807-e8316219ceb9
12:29:30.460	0:0:0:0:0:0:0:1:55585	admin	200		75.47 ms
12:29:30.460	0:0:0:0:0:0:0:1:55585	admin	200		0.38 ms
