11:48:44.727	SERVER	admin	OK	Server wurde gestartet (Port: 1984).
11:48:44.962	SERVER	admin	OK	HTTP Server wurde gestartet (Port: 8984).
11:49:43.935	0:0:0:0:0:0:0:1:51990	admin	REQUEST	[GET] http://localhost:8984/
11:49:47.599	0:0:0:0:0:0:0:1:51990	admin	200		3688.74 ms
11:49:52.076	0:0:0:0:0:0:0:1:51994	admin	REQUEST	[GET] http://localhost:8984/requirements-manager
11:49:52.911	0:0:0:0:0:0:0:1:51994	admin	200		835.36 ms
11:49:56.075	0:0:0:0:0:0:0:1:51991	admin	REQUEST	[GET] http://localhost:8984/requirements-manager/package/197886a4-83c4-44c2-bda7-8ca7281a8e64/81ae49fb-760c-43b6-ae39-b436bd200eb9
11:49:56.520	0:0:0:0:0:0:0:1:51991	admin	200		444.92 ms
11:50:13.935	0:0:0:0:0:0:0:1:51991	admin	REQUEST	[GET] http://localhost:8984/requirements-manager
11:50:14.229	0:0:0:0:0:0:0:1:51991	admin	200		294.62 ms
11:50:16.158	0:0:0:0:0:0:0:1:51991	admin	REQUEST	[GET] http://localhost:8984/requirements-manager/package/197886a4-83c4-44c2-bda7-8ca7281a8e64/214fa164-5343-4059-af6b-ef92c5010d96
11:50:16.324	0:0:0:0:0:0:0:1:51991	admin	200		166.06 ms
11:50:18.495	0:0:0:0:0:0:0:1:51991	admin	REQUEST	[GET] http://localhost:8984/requirements-manager/assist/197886a4-83c4-44c2-bda7-8ca7281a8e64/214fa164-5343-4059-af6b-ef92c5010d96/172bc894-eaab-49aa-bf32-40b947dede85
11:50:19.248	0:0:0:0:0:0:0:1:51991	admin	200		754.13 ms
15:41:15.941	0:0:0:0:0:0:0:1:55566	admin	REQUEST	[GET] http://localhost:8984/care
15:41:15.963	0:0:0:0:0:0:0:1:55566	admin	200		23.33 ms
15:41:18.132	0:0:0:0:0:0:0:1:55566	admin	REQUEST	[GET] http://localhost:8984/inspection
15:41:21.547	0:0:0:0:0:0:0:1:55566	admin	200		3415.61 ms
15:41:27.084	0:0:0:0:0:0:0:1:55566	admin	REQUEST	[GET] http://localhost:8984/inspection/module/3BD48E9C6C43E46399962ED48A956F9D
15:41:29.605	0:0:0:0:0:0:0:1:55566	admin	200		2518.75 ms
15:43:18.117	0:0:0:0:0:0:0:1:55580	admin	REQUEST	[GET] http://localhost:8984/inspection/module/3BD48E9C6C43E46399962ED48A956F9D
15:43:20.286	0:0:0:0:0:0:0:1:55580	admin	200		2169.33 ms
15:43:21.206	0:0:0:0:0:0:0:1:55585	admin	REQUEST	[GET] http://localhost:8984/favicon.ico
15:43:21.217	0:0:0:0:0:0:0:1:55585	admin	404	No function found that matches the request.	11.84 ms
15:56:36.781	0:0:0:0:0:0:0:1:55691	admin	REQUEST	[GET] http://localhost:8984/inspection/module/3BD48E9C6C43E46399962ED48A956F9D
15:56:39.073	0:0:0:0:0:0:0:1:55691	admin	200		2279.68 ms
15:58:32.884	0:0:0:0:0:0:0:1:55709	admin	REQUEST	[GET] http://localhost:8984/inspection/module/3BD48E9C6C43E46399962ED48A956F9D
15:58:34.305	0:0:0:0:0:0:0:1:55709	admin	200		1410.05 ms
15:58:39.031	0:0:0:0:0:0:0:1:55713	admin	REQUEST	[GET] http://localhost:8984/inspection
15:58:40.124	0:0:0:0:0:0:0:1:55713	admin	200		1093.34 ms
15:58:42.743	0:0:0:0:0:0:0:1:55713	admin	REQUEST	[GET] http://localhost:8984/inspection/module/AB801A6A0F484C8058AB11A0220169D2
15:58:44.081	0:0:0:0:0:0:0:1:55713	admin	200		1329.48 ms
16:09:46.096	0:0:0:0:0:0:0:1:55815	admin	REQUEST	[GET] http://localhost:8984/inspection/module/AB801A6A0F484C8058AB11A0220169D2
16:09:47.147	0:0:0:0:0:0:0:1:55815	admin	200		1051.22 ms
16:11:53.336	0:0:0:0:0:0:0:1:55840	admin	REQUEST	[GET] http://localhost:8984/inspection/module/AB801A6A0F484C8058AB11A0220169D2
16:11:54.479	0:0:0:0:0:0:0:1:55840	admin	200		1129.8 ms
16:13:09.136	0:0:0:0:0:0:0:1:55853	admin	REQUEST	[GET] http://localhost:8984/inspection/module/AB801A6A0F484C8058AB11A0220169D2
16:13:10.080	0:0:0:0:0:0:0:1:55853	admin	400	Gestoppt in C:/Users/eckey/Google Drive/Masterarbeit/Software/Auslieferung/basex-8.2.1/basex/repo/org/basex/modules/inspection/inspection.xqm, 38/22: [XPTY0004] Item expected, sequence found: (element xqdoc:param {...}, ...). Stack Trace: - C:/Users/eckey/Google Drive/Masterarbeit/Software/Auslieferung/basex-8.2.1/basex/webapp/restxq/inspection/inspection-module.xqm, 98/48 - C:/Users/eckey/Google Drive/Masterarbeit/Software/Auslieferung/basex-8.2.1/basex/webapp/restxq/inspection/inspection-module.xqm, 16/27	944.1 ms
16:13:14.615	0:0:0:0:0:0:0:1:55853	admin	REQUEST	[GET] http://localhost:8984/inspection/module/AB801A6A0F484C8058AB11A0220169D2
16:13:16.048	0:0:0:0:0:0:0:1:55853	admin	400	Gestoppt in C:/Users/eckey/Google Drive/Masterarbeit/Software/Auslieferung/basex-8.2.1/basex/repo/org/basex/modules/inspection/inspection.xqm, 38/22: [XPTY0004] Item expected, sequence found: (element xqdoc:param {...}, ...). Stack Trace: - C:/Users/eckey/Google Drive/Masterarbeit/Software/Auslieferung/basex-8.2.1/basex/webapp/restxq/inspection/inspection-module.xqm, 98/48 - C:/Users/eckey/Google Drive/Masterarbeit/Software/Auslieferung/basex-8.2.1/basex/webapp/restxq/inspection/inspection-module.xqm, 16/27	1422.6 ms
16:13:30.649	0:0:0:0:0:0:0:1:55853	admin	REQUEST	[GET] http://localhost:8984/inspection/module/AB801A6A0F484C8058AB11A0220169D2
16:13:31.749	0:0:0:0:0:0:0:1:55853	admin	200		1090.39 ms
16:13:35.141	0:0:0:0:0:0:0:1:55859	admin	REQUEST	[GET] http://localhost:8984/inspection
16:13:36.162	0:0:0:0:0:0:0:1:55859	admin	200		1021.46 ms
16:13:38.751	0:0:0:0:0:0:0:1:55859	admin	REQUEST	[GET] http://localhost:8984/inspection/module/54C8C9D425F06403243F6CD4330D40B8
16:13:39.778	0:0:0:0:0:0:0:1:55859	admin	200		1018.08 ms
16:24:08.688	0:0:0:0:0:0:0:1:55946	admin	REQUEST	[GET] http://localhost:8984/inspection/module/54C8C9D425F06403243F6CD4330D40B8
16:24:09.705	0:0:0:0:0:0:0:1:55946	admin	200		1017.28 ms
16:25:49.195	0:0:0:0:0:0:0:1:55960	admin	REQUEST	[GET] http://localhost:8984/inspection/module/54C8C9D425F06403243F6CD4330D40B8
16:25:50.018	0:0:0:0:0:0:0:1:55960	admin	200		816.83 ms
16:25:52.874	0:0:0:0:0:0:0:1:55965	admin	REQUEST	[GET] http://localhost:8984/inspection
16:25:54.136	0:0:0:0:0:0:0:1:55965	admin	200		1262.64 ms
16:25:56.409	0:0:0:0:0:0:0:1:55965	admin	REQUEST	[GET] http://localhost:8984/inspection/module/BB677C816CB024DB4D94AD02AE448C91
16:25:57.274	0:0:0:0:0:0:0:1:55965	admin	200		861.43 ms
16:38:30.466	0:0:0:0:0:0:0:1:55910	admin	REQUEST	[GET] http://localhost:8984/inspection/module/BB677C816CB024DB4D94AD02AE448C91
16:38:31.736	0:0:0:0:0:0:0:1:55910	admin	200		1270.5 ms
16:38:56.871	0:0:0:0:0:0:0:1:55910	admin	REQUEST	[GET] http://localhost:8984/inspection/module/BB677C816CB024DB4D94AD02AE448C91
16:38:57.978	0:0:0:0:0:0:0:1:55910	admin	200		1106.73 ms
16:39:02.522	0:0:0:0:0:0:0:1:55917	admin	REQUEST	[GET] http://localhost:8984/inspection
16:39:04.121	0:0:0:0:0:0:0:1:55917	admin	200		1599.19 ms
17:13:54.744	0:0:0:0:0:0:0:1:56324	admin	REQUEST	[GET] http://localhost:8984/inspection/module/C84A0A415D337E38688C2CE14F992BFC
17:13:55.687	0:0:0:0:0:0:0:1:56324	admin	200		943.14 ms
17:15:59.803	0:0:0:0:0:0:0:1:56341	admin	REQUEST	[GET] http://localhost:8984/inspection/module/C84A0A415D337E38688C2CE14F992BFC
17:16:00.806	0:0:0:0:0:0:0:1:56341	admin	200		1003.07 ms
17:16:24.719	0:0:0:0:0:0:0:1:56343	admin	REQUEST	[GET] http://localhost:8984/inspection/module/C84A0A415D337E38688C2CE14F992BFC
17:16:25.659	0:0:0:0:0:0:0:1:56343	admin	200		941.27 ms
17:17:06.688	0:0:0:0:0:0:0:1:56343	admin	REQUEST	[GET] http://localhost:8984/inspection/module/C84A0A415D337E38688C2CE14F992BFC
17:17:07.623	0:0:0:0:0:0:0:1:56343	admin	200		927.35 ms
17:17:42.058	0:0:0:0:0:0:0:1:56355	admin	REQUEST	[GET] http://localhost:8984/inspection/module/C84A0A415D337E38688C2CE14F992BFC
17:17:42.953	0:0:0:0:0:0:0:1:56355	admin	200		895.41 ms
17:17:45.797	0:0:0:0:0:0:0:1:56343	admin	REQUEST	[GET] http://localhost:8984/inspection
17:17:46.849	0:0:0:0:0:0:0:1:56343	admin	200		1052.7 ms
17:20:04.451	0:0:0:0:0:0:0:1:56390	admin	REQUEST	[GET] http://localhost:8984/inspection
17:20:05.232	0:0:0:0:0:0:0:1:56390	admin	200		782.09 ms
17:20:07.255	0:0:0:0:0:0:0:1:56394	admin	REQUEST	[GET] http://localhost:8984/inspection/module/69DD978896CB35B8BA7E5C7571A6D4DD
17:20:08.097	0:0:0:0:0:0:0:1:56394	admin	200		842.6 ms
17:20:26.086	0:0:0:0:0:0:0:1:56394	admin	REQUEST	[GET] http://localhost:8984/inspection/module/69DD978896CB35B8BA7E5C7571A6D4DD
17:20:26.927	0:0:0:0:0:0:0:1:56394	admin	200		833.22 ms
17:20:45.135	0:0:0:0:0:0:0:1:56392	admin	REQUEST	[GET] http://localhost:8984/inspection/module/69DD978896CB35B8BA7E5C7571A6D4DD
17:20:46.145	0:0:0:0:0:0:0:1:56392	admin	200		1004.18 ms
17:20:49.497	0:0:0:0:0:0:0:1:56390	admin	REQUEST	[GET] http://localhost:8984/inspection
17:20:50.744	0:0:0:0:0:0:0:1:56390	admin	200		1246.79 ms
17:20:52.483	0:0:0:0:0:0:0:1:56390	admin	REQUEST	[GET] http://localhost:8984/inspection/module/D0677FDFB02341B93792D09A9099531E
17:20:53.596	0:0:0:0:0:0:0:1:56390	admin	200		1112.25 ms
17:29:55.293	0:0:0:0:0:0:0:1:56481	admin	REQUEST	[GET] http://localhost:8984/inspection/module/D0677FDFB02341B93792D09A9099531E
17:29:55.392	0:0:0:0:0:0:0:1:56481	admin	400	Gestoppt in C:/Users/eckey/Google Drive/Masterarbeit/Software/Auslieferung/basex-8.2.1/basex/repo/org/basex/modules/inspection/inspection.xqm, 94/68: [XPST0017] Unknown function 'graphml:generic-node'.	100.08 ms
17:32:00.785	0:0:0:0:0:0:0:1:56503	admin	REQUEST	[GET] http://localhost:8984/inspection/module/D0677FDFB02341B93792D09A9099531E
17:32:01.772	0:0:0:0:0:0:0:1:56503	admin	200		988.17 ms
17:32:19.638	0:0:0:0:0:0:0:1:56504	admin	REQUEST	[GET] http://localhost:8984/inspection/module/D0677FDFB02341B93792D09A9099531E
17:32:20.455	0:0:0:0:0:0:0:1:56504	admin	200		817.19 ms
17:32:41.592	0:0:0:0:0:0:0:1:56505	admin	REQUEST	[GET] http://localhost:8984/inspection
17:32:42.858	0:0:0:0:0:0:0:1:56505	admin	200		1266.77 ms
17:33:21.458	0:0:0:0:0:0:0:1:56505	admin	REQUEST	[GET] http://localhost:8984/inspection/module/C2EF4C0B7E0F5725154CEBAF0DA0D1BB
17:33:22.418	0:0:0:0:0:0:0:1:56505	admin	200		958.22 ms
17:37:09.061	0:0:0:0:0:0:0:1:63519	admin	REQUEST	[GET] http://localhost:8984/inspection/module/C2EF4C0B7E0F5725154CEBAF0DA0D1BB
17:37:09.949	0:0:0:0:0:0:0:1:63519	admin	200		888.34 ms
17:39:09.233	0:0:0:0:0:0:0:1:63542	admin	REQUEST	[GET] http://localhost:8984/inspection/module/C2EF4C0B7E0F5725154CEBAF0DA0D1BB
17:39:10.225	0:0:0:0:0:0:0:1:63542	admin	200		992.4 ms
17:39:24.539	0:0:0:0:0:0:0:1:63547	admin	REQUEST	[GET] http://localhost:8984/inspection
17:39:25.556	0:0:0:0:0:0:0:1:63547	admin	200		1016.96 ms
17:39:27.413	0:0:0:0:0:0:0:1:63547	admin	REQUEST	[GET] http://localhost:8984/inspection/module/C2EF4C0B7E0F5725154CEBAF0DA0D1BB
17:39:28.640	0:0:0:0:0:0:0:1:63547	admin	200		1212.09 ms
17:53:27.637	0:0:0:0:0:0:0:1:63669	admin	REQUEST	[GET] http://localhost:8984/inspection/module/C2EF4C0B7E0F5725154CEBAF0DA0D1BB
17:53:28.750	0:0:0:0:0:0:0:1:63669	admin	200		1113.81 ms
17:53:32.139	0:0:0:0:0:0:0:1:63671	admin	REQUEST	[GET] http://localhost:8984/inspection
17:53:33.070	0:0:0:0:0:0:0:1:63671	admin	200		930.72 ms
17:53:35.908	0:0:0:0:0:0:0:1:63671	admin	REQUEST	[GET] http://localhost:8984/inspection/module/168799DB18FF3728A7448BE34E56A861
17:53:36.763	0:0:0:0:0:0:0:1:63671	admin	200		840.63 ms
17:54:51.706	0:0:0:0:0:0:0:1:63684	admin	REQUEST	[GET] http://localhost:8984/inspection/module/168799DB18FF3728A7448BE34E56A861
17:54:52.527	0:0:0:0:0:0:0:1:63684	admin	200		822.81 ms
17:55:03.987	0:0:0:0:0:0:0:1:63685	admin	REQUEST	[GET] http://localhost:8984/inspection
17:55:04.998	0:0:0:0:0:0:0:1:63685	admin	200		1017.26 ms
17:55:07.690	0:0:0:0:0:0:0:1:63685	admin	REQUEST	[GET] http://localhost:8984/inspection/module/168799DB18FF3728A7448BE34E56A861
17:55:08.477	0:0:0:0:0:0:0:1:63685	admin	200		774.11 ms
17:55:19.874	0:0:0:0:0:0:0:1:63685	admin	REQUEST	[GET] http://localhost:8984/inspection
17:55:21.122	0:0:0:0:0:0:0:1:63685	admin	200		1248.37 ms
17:55:26.068	0:0:0:0:0:0:0:1:63685	admin	REQUEST	[GET] http://localhost:8984/inspection/module/9F165C72A4B717978CFA1859E37AEEC5
17:55:26.874	0:0:0:0:0:0:0:1:63685	admin	200		799.11 ms
18:09:12.172	0:0:0:0:0:0:0:1:64074	admin	REQUEST	[GET] http://localhost:8984/inspection/module/9F165C72A4B717978CFA1859E37AEEC5
18:09:13.298	0:0:0:0:0:0:0:1:64074	admin	200		1126.0 ms
18:11:00.342	0:0:0:0:0:0:0:1:64098	admin	REQUEST	[GET] http://localhost:8984/inspection/module/9F165C72A4B717978CFA1859E37AEEC5
18:11:01.480	0:0:0:0:0:0:0:1:64098	admin	200		1129.96 ms
18:11:22.379	0:0:0:0:0:0:0:1:64101	admin	REQUEST	[GET] http://localhost:8984/inspection/module/9F165C72A4B717978CFA1859E37AEEC5
18:11:23.338	0:0:0:0:0:0:0:1:64101	admin	200		958.88 ms
18:11:26.099	0:0:0:0:0:0:0:1:64101	admin	REQUEST	[GET] http://localhost:8984/inspection
18:11:27.152	0:0:0:0:0:0:0:1:64101	admin	200		1053.45 ms
18:11:31.709	0:0:0:0:0:0:0:1:64101	admin	REQUEST	[GET] http://localhost:8984/inspection/module/A3FB27573505B146FED3A5FF2F0B998C
18:11:32.504	0:0:0:0:0:0:0:1:64101	admin	200		789.95 ms
18:13:51.729	0:0:0:0:0:0:0:1:64137	admin	REQUEST	[GET] http://localhost:8984/inspection/module/A3FB27573505B146FED3A5FF2F0B998C
18:13:52.551	0:0:0:0:0:0:0:1:64137	admin	200		824.51 ms
18:14:16.946	0:0:0:0:0:0:0:1:64140	admin	REQUEST	[GET] http://localhost:8984/inspection/module/A3FB27573505B146FED3A5FF2F0B998C
18:14:17.973	0:0:0:0:0:0:0:1:64140	admin	200		1019.59 ms
18:14:19.930	0:0:0:0:0:0:0:1:64142	admin	REQUEST	[GET] http://localhost:8984/inspection
18:14:20.937	0:0:0:0:0:0:0:1:64142	admin	200		1007.16 ms
18:14:36.277	0:0:0:0:0:0:0:1:64142	admin	REQUEST	[GET] http://localhost:8984/inspection/module/C42314FBE23018937B30695EF33E0E8D
18:14:37.034	0:0:0:0:0:0:0:1:64142	admin	200		750.05 ms
18:18:32.684	0:0:0:0:0:0:0:1:64183	admin	REQUEST	[GET] http://localhost:8984/inspection/module/C42314FBE23018937B30695EF33E0E8D
18:18:33.450	0:0:0:0:0:0:0:1:64183	admin	200		766.31 ms
18:21:44.261	0:0:0:0:0:0:0:1:64217	admin	REQUEST	[GET] http://localhost:8984/inspection/module/C42314FBE23018937B30695EF33E0E8D
18:21:45.140	0:0:0:0:0:0:0:1:64217	admin	200		865.41 ms
18:21:48.110	0:0:0:0:0:0:0:1:64222	admin	REQUEST	[GET] http://localhost:8984/inspection
18:21:49.023	0:0:0:0:0:0:0:1:64222	admin	200		912.62 ms
