11:12:59.395	SERVER	admin	OK	Server wurde gestartet (Port: 1984).
11:12:59.692	SERVER	admin	OK	HTTP Server wurde gestartet (Port: 8984).
11:13:01.351	0:0:0:0:0:0:0:1:61132	admin	REQUEST	[GET] http://localhost:8984/
11:13:24.483	0:0:0:0:0:0:0:1:61132	admin	200		23285.54 ms
11:13:33.762	0:0:0:0:0:0:0:1:61155	admin	REQUEST	[GET] http://localhost:8984/inspection
11:13:40.347	0:0:0:0:0:0:0:1:61155	admin	200		6597.43 ms
11:13:50.231	0:0:0:0:0:0:0:1:61155	admin	REQUEST	[GET] http://localhost:8984/inspection/module/63353A9B40251CB61D3DDCBA9C2FE034
11:13:52.831	0:0:0:0:0:0:0:1:61155	admin	200		2604.55 ms
12:05:48.347	0:0:0:0:0:0:0:1:60169	admin	REQUEST	[GET] http://localhost:8984/inspection/module/63353A9B40251CB61D3DDCBA9C2FE034
12:05:51.236	0:0:0:0:0:0:0:1:60169	admin	200		2889.36 ms
12:06:11.666	0:0:0:0:0:0:0:1:60169	admin	REQUEST	[GET] http://localhost:8984/inspection/module/3BD48E9C6C43E46399962ED48A956F9D
12:06:14.280	0:0:0:0:0:0:0:1:60169	admin	200		2613.34 ms
12:06:23.029	0:0:0:0:0:0:0:1:60169	admin	REQUEST	[GET] http://localhost:8984/inspection/module/BB677C816CB024DB4D94AD02AE448C91
12:06:25.030	0:0:0:0:0:0:0:1:60169	admin	200		1999.8 ms
12:06:38.498	0:0:0:0:0:0:0:1:60169	admin	REQUEST	[GET] http://localhost:8984/inspection/module/69DD978896CB35B8BA7E5C7571A6D4DD
12:06:39.897	0:0:0:0:0:0:0:1:60169	admin	200		1399.76 ms
12:08:17.558	0:0:0:0:0:0:0:1:60179	admin	REQUEST	[GET] http://localhost:8984/inspection/module/9F165C72A4B717978CFA1859E37AEEC5
12:08:18.717	0:0:0:0:0:0:0:1:60179	admin	200		1147.44 ms
12:12:20.303	0:0:0:0:0:0:0:1:60212	admin	REQUEST	[GET] http://localhost:8984/inspection/module/9F165C72A4B717978CFA1859E37AEEC5
12:12:22.816	0:0:0:0:0:0:0:1:60212	admin	200		2511.69 ms
12:22:06.873	0:0:0:0:0:0:0:1:60292	admin	REQUEST	[GET] http://localhost:8984/inspection/module/9F165C72A4B717978CFA1859E37AEEC5
12:22:08.522	0:0:0:0:0:0:0:1:60292	admin	200		1637.04 ms
12:22:23.454	0:0:0:0:0:0:0:1:60294	admin	REQUEST	[GET] http://localhost:8984/inspection/module/9F165C72A4B717978CFA1859E37AEEC5
12:22:24.626	0:0:0:0:0:0:0:1:60294	admin	200		1164.42 ms
12:42:45.878	0:0:0:0:0:0:0:1:62396	admin	REQUEST	[GET] http://localhost:8984/inspection/module/9F165C72A4B717978CFA1859E37AEEC5
12:42:47.040	0:0:0:0:0:0:0:1:62396	admin	200		1162.82 ms
12:42:59.446	0:0:0:0:0:0:0:1:62403	admin	REQUEST	[GET] http://localhost:8984/inspection/module/AE46A88C7D5728F12A5A196A0DDF5249
12:43:00.542	0:0:0:0:0:0:0:1:62403	admin	200		1095.55 ms
12:44:28.155	0:0:0:0:0:0:0:1:62426	admin	REQUEST	[GET] http://localhost:8984/inspection/module/BB677C816CB024DB4D94AD02AE448C91
12:44:29.160	0:0:0:0:0:0:0:1:62426	admin	200		1002.75 ms
12:46:29.284	0:0:0:0:0:0:0:1:62436	admin	REQUEST	[GET] http://localhost:8984/inspection
12:46:30.638	0:0:0:0:0:0:0:1:62436	admin	200		1343.25 ms
12:46:41.217	0:0:0:0:0:0:0:1:62442	admin	REQUEST	[GET] http://localhost:8984/inspection
12:46:42.313	0:0:0:0:0:0:0:1:62442	admin	200		1096.02 ms
12:46:59.190	0:0:0:0:0:0:0:1:62439	admin	REQUEST	[GET] http://localhost:8984/inspection
12:47:00.250	0:0:0:0:0:0:0:1:62439	admin	200		1054.27 ms
12:47:10.501	0:0:0:0:0:0:0:1:62436	admin	REQUEST	[GET] http://localhost:8984/inspection
12:47:11.618	0:0:0:0:0:0:0:1:62436	admin	200		1118.49 ms
12:47:24.743	0:0:0:0:0:0:0:1:62436	admin	REQUEST	[GET] http://localhost:8984/inspection
12:47:25.719	0:0:0:0:0:0:0:1:62436	admin	200		972.89 ms
12:47:36.508	0:0:0:0:0:0:0:1:62438	admin	REQUEST	[GET] http://localhost:8984/inspection
12:47:37.800	0:0:0:0:0:0:0:1:62438	admin	200		1281.57 ms
12:47:47.469	0:0:0:0:0:0:0:1:62439	admin	REQUEST	[GET] http://localhost:8984/inspection
12:47:48.455	0:0:0:0:0:0:0:1:62439	admin	200		986.74 ms
12:47:55.080	0:0:0:0:0:0:0:1:62439	admin	REQUEST	[GET] http://localhost:8984/inspection
12:47:56.015	0:0:0:0:0:0:0:1:62439	admin	200		923.81 ms
12:48:07.334	0:0:0:0:0:0:0:1:62441	admin	REQUEST	[GET] http://localhost:8984/inspection
12:48:08.308	0:0:0:0:0:0:0:1:62441	admin	200		967.61 ms
12:48:16.775	0:0:0:0:0:0:0:1:62439	admin	REQUEST	[GET] http://localhost:8984/inspection
12:48:17.893	0:0:0:0:0:0:0:1:62439	admin	200		1119.0 ms
12:48:22.810	0:0:0:0:0:0:0:1:62442	admin	REQUEST	[GET] http://localhost:8984/inspection
12:48:24.066	0:0:0:0:0:0:0:1:62442	admin	200		1255.6 ms
12:48:57.027	0:0:0:0:0:0:0:1:62439	admin	REQUEST	[GET] http://localhost:8984/inspection
12:48:58.012	0:0:0:0:0:0:0:1:62439	admin	200		988.11 ms
12:49:34.353	0:0:0:0:0:0:0:1:62440	admin	REQUEST	[GET] http://localhost:8984/inspection
12:49:35.638	0:0:0:0:0:0:0:1:62440	admin	200		1284.69 ms
12:49:57.372	0:0:0:0:0:0:0:1:62440	admin	REQUEST	[GET] http://localhost:8984/inspection
12:49:58.288	0:0:0:0:0:0:0:1:62440	admin	200		909.65 ms
12:53:36.529	0:0:0:0:0:0:0:1:62575	admin	REQUEST	[GET] http://localhost:8984/inspection
12:53:37.637	0:0:0:0:0:0:0:1:62575	admin	200		1100.38 ms
12:53:51.923	0:0:0:0:0:0:0:1:62576	admin	REQUEST	[GET] http://localhost:8984/inspection
12:53:53.103	0:0:0:0:0:0:0:1:62576	admin	200		1180.41 ms
12:54:12.748	0:0:0:0:0:0:0:1:62576	admin	REQUEST	[GET] http://localhost:8984/inspection
12:54:13.732	0:0:0:0:0:0:0:1:62576	admin	200		983.86 ms
12:54:45.452	0:0:0:0:0:0:0:1:62580	admin	REQUEST	[GET] http://localhost:8984/inspection/module/9F165C72A4B717978CFA1859E37AEEC5
12:54:46.416	0:0:0:0:0:0:0:1:62580	admin	200		960.84 ms
13:53:54.492	0:0:0:0:0:0:0:1:61064	admin	REQUEST	[GET] http://localhost:8984/inspection/module/9F165C72A4B717978CFA1859E37AEEC5
13:53:55.506	0:0:0:0:0:0:0:1:61064	admin	200		1004.22 ms
14:19:25.141	0:0:0:0:0:0:0:1:61345	admin	REQUEST	[GET] http://localhost:8984/inspection/modules
14:19:26.308	0:0:0:0:0:0:0:1:61345	admin	200		1167.87 ms
14:19:31.187	0:0:0:0:0:0:0:1:61345	admin	REQUEST	[GET] http://localhost:8984/switchChoosenModule/479713b5-fb60-4af2-a5b2-7c6e14791848?random=0.7988331345841289&_=1436444366484
14:19:31.204	0:0:0:0:0:0:0:1:61346	admin	REQUEST	[GET] http://localhost:8984/switchChoosenModule/77381fea-48de-4db2-bd8a-cc3ff0ce9ad7?random=0.09201569412834942&_=1436444366485
14:19:31.283	0:0:0:0:0:0:0:1:61347	admin	REQUEST	[GET] http://localhost:8984/switchChoosenModule/14bade83-19a1-4166-8b75-60505140456e?random=0.16905599040910602&_=1436444366486
14:19:31.293	0:0:0:0:0:0:0:1:61348	admin	REQUEST	[GET] http://localhost:8984/switchChoosenModule/5375d557-01df-4024-9fc1-91ee160aa5f7?random=0.03512073936872184&_=1436444366487
14:19:31.338	0:0:0:0:0:0:0:1:61349	admin	REQUEST	[GET] http://localhost:8984/switchChoosenModule/f8e4bc98-6a8f-42ba-bd6c-2124f2c760e3?random=0.08836321765556931&_=1436444366488
14:19:31.361	0:0:0:0:0:0:0:1:61350	admin	REQUEST	[GET] http://localhost:8984/switchChoosenModule/c190be7a-94da-401d-853f-5a717484b3a9?random=0.9311072828713804&_=1436444366489
14:19:31.380	0:0:0:0:0:0:0:1:61345	admin	200		193.93 ms
14:19:31.395	0:0:0:0:0:0:0:1:61346	admin	200		191.24 ms
14:19:31.402	0:0:0:0:0:0:0:1:61345	admin	REQUEST	[GET] http://localhost:8984/switchChoosenModule/55705e36-49cc-492e-b8da-b15ad650f829?random=0.8757024260703474&_=1436444366490
14:19:31.439	0:0:0:0:0:0:0:1:61346	admin	REQUEST	[GET] http://localhost:8984/switchChoosenModule/714789d3-5fb0-4178-bbd3-aa6efa23a6b9?random=0.16148650250397623&_=1436444366491
14:19:31.501	0:0:0:0:0:0:0:1:61347	admin	200		220.37 ms
14:19:31.507	0:0:0:0:0:0:0:1:61348	admin	200		214.77 ms
14:19:31.539	0:0:0:0:0:0:0:1:61347	admin	REQUEST	[GET] http://localhost:8984/switchChoosenModule/89cbfee9-196c-4e6a-9e26-763f37ac475f?random=0.7932021596934646&_=1436444366492
14:19:31.544	0:0:0:0:0:0:0:1:61348	admin	REQUEST	[GET] http://localhost:8984/switchChoosenModule/8e113092-2efb-40e6-a38c-bf089c909118?random=0.3977233301848173&_=1436444366493
14:19:31.625	0:0:0:0:0:0:0:1:61346	admin	200		185.82 ms
14:19:31.630	0:0:0:0:0:0:0:1:61346	admin	REQUEST	[GET] http://localhost:8984/switchChoosenModule/6cc5f035-2162-4cc3-86fc-d62a66c30c7f?random=0.11589454533532262&_=1436444366494
14:19:31.633	0:0:0:0:0:0:0:1:61349	admin	200		296.32 ms
14:19:31.636	0:0:0:0:0:0:0:1:61349	admin	REQUEST	[GET] http://localhost:8984/switchChoosenModule/02431002-101f-4d11-a1dd-b01a1363050e?random=0.6151894009672105&_=1436444366495
14:19:31.653	0:0:0:0:0:0:0:1:61350	admin	200		293.27 ms
14:19:31.658	0:0:0:0:0:0:0:1:61350	admin	REQUEST	[GET] http://localhost:8984/switchChoosenModule/58582a3b-62b2-46a9-a96d-d79c5f0238ea?random=0.8823096547275782&_=1436444366496
14:19:31.660	0:0:0:0:0:0:0:1:61345	admin	200		258.88 ms
14:19:31.689	0:0:0:0:0:0:0:1:61347	admin	200		150.59 ms
14:19:31.747	0:0:0:0:0:0:0:1:61345	admin	REQUEST	[GET] http://localhost:8984/switchChoosenModule/f9957747-da24-41cc-8a45-7892762aae2d?random=0.19978806376457214&_=1436444366497
14:19:31.775	0:0:0:0:0:0:0:1:61349	admin	200		139.33 ms
14:19:31.779	0:0:0:0:0:0:0:1:61346	admin	200		151.13 ms
14:19:31.793	0:0:0:0:0:0:0:1:61350	admin	200		136.1 ms
14:19:31.793	0:0:0:0:0:0:0:1:61348	admin	200		249.56 ms
14:19:31.810	0:0:0:0:0:0:0:1:61347	admin	REQUEST	[GET] http://localhost:8984/switchChoosenModule/ae01a50e-d33e-46cf-9861-a986b3f3ffd0?random=0.33609974826686084&_=1436444366498
14:19:32.266	0:0:0:0:0:0:0:1:61346	admin	REQUEST	[GET] http://localhost:8984/switchChoosenModule/67a4fc27-0ccc-4253-995e-5832e2554be9?random=0.3127377200871706&_=1436444366500
14:19:32.266	0:0:0:0:0:0:0:1:61348	admin	REQUEST	[GET] http://localhost:8984/switchChoosenModule/3d4e6428-dc93-45be-9532-002e0e6176b6?random=0.5117301875725389&_=1436444366502
14:19:32.266	0:0:0:0:0:0:0:1:61350	admin	REQUEST	[GET] http://localhost:8984/switchChoosenModule/2a831ce7-f3b8-4ec7-a62f-44dc8acfd8b3?random=0.7106248380150646&_=1436444366501
14:19:32.266	0:0:0:0:0:0:0:1:61349	admin	REQUEST	[GET] http://localhost:8984/switchChoosenModule/fb679d12-7cc1-45a5-8330-b7bb048e77c2?random=0.7592519901227206&_=1436444366499
14:19:32.266	0:0:0:0:0:0:0:1:61345	admin	200		525.2 ms
14:19:32.266	0:0:0:0:0:0:0:1:61345	admin	REQUEST	[GET] http://localhost:8984/switchChoosenModule/b1230d5d-97c2-4829-9169-0a13fdb75079?random=0.4845618053805083&_=1436444366503
14:19:32.328	0:0:0:0:0:0:0:1:61347	admin	200		523.14 ms
14:19:32.328	0:0:0:0:0:0:0:1:61347	admin	REQUEST	[GET] http://localhost:8984/switchChoosenModule/6b7ccc47-1a99-41a2-bb29-b2a931cb0608?random=0.7234278940595686&_=1436444366504
14:19:32.391	0:0:0:0:0:0:0:1:61346	admin	200		130.72 ms
14:19:32.406	0:0:0:0:0:0:0:1:61349	admin	200		142.21 ms
14:19:32.406	0:0:0:0:0:0:0:1:61348	admin	200		144.6 ms
14:19:32.406	0:0:0:0:0:0:0:1:61349	admin	REQUEST	[GET] http://localhost:8984/switchChoosenModule/8c1f7094-eefb-4ec4-9fc5-7ccf032532b7?random=0.38129670126363635&_=1436444366505
14:19:32.406	0:0:0:0:0:0:0:1:61348	admin	REQUEST	[GET] http://localhost:8984/switchChoosenModule/9c63daf2-7855-42c4-b110-1747673ab6b1?random=0.796807270264253&_=1436444366506
14:19:32.453	0:0:0:0:0:0:0:1:61346	admin	REQUEST	[GET] http://localhost:8984/switchChoosenModule/0c0c5367-8304-4bb4-a8bd-98b63ef1aa11?random=0.3855704173911363&_=1436444366507
14:19:32.469	0:0:0:0:0:0:0:1:61347	admin	200		167.99 ms
14:19:32.500	0:0:0:0:0:0:0:1:61347	admin	REQUEST	[GET] http://localhost:8984/switchChoosenModule/7c2d4ca8-178b-4536-8e92-c75b1e233b1f?random=0.8494664137251675&_=1436444366508
14:19:32.516	0:0:0:0:0:0:0:1:61345	admin	200		247.63 ms
14:19:32.516	0:0:0:0:0:0:0:1:61345	admin	REQUEST	[GET] http://localhost:8984/switchChoosenModule/39051653-04c1-4fdf-8bc3-4cc74ff29f6c?random=0.8119474409613758&_=1436444366509
14:19:32.547	0:0:0:0:0:0:0:1:61350	admin	200		281.41 ms
14:19:32.594	0:0:0:0:0:0:0:1:61349	admin	200		191.4 ms
14:19:32.610	0:0:0:0:0:0:0:1:61346	admin	200		156.5 ms
14:19:32.625	0:0:0:0:0:0:0:1:61347	admin	200		121.88 ms
14:19:32.641	0:0:0:0:0:0:0:1:61348	admin	200		223.08 ms
14:19:32.677	0:0:0:0:0:0:0:1:61345	admin	200		165.01 ms
14:19:46.203	0:0:0:0:0:0:0:1:61345	admin	REQUEST	[GET] http://localhost:8984/inspection/modules/generate/false
14:19:47.364	0:0:0:0:0:0:0:1:61345	admin	200		1160.55 ms
14:19:47.372	0:0:0:0:0:0:0:1:61345	admin	200		8.32 ms
14:26:14.351	0:0:0:0:0:0:0:1:53455	admin	REQUEST	[GET] http://localhost:8984/requirements-manager
14:26:14.954	0:0:0:0:0:0:0:1:53455	admin	200		602.87 ms
14:27:27.102	0:0:0:0:0:0:0:1:53466	admin	REQUEST	[GET] http://localhost:8984/care
14:27:27.195	0:0:0:0:0:0:0:1:53466	admin	200		92.95 ms
14:27:28.708	0:0:0:0:0:0:0:1:53466	admin	REQUEST	[GET] http://localhost:8984/inspection
14:27:29.934	0:0:0:0:0:0:0:1:53466	admin	200		1227.71 ms
14:27:40.222	0:0:0:0:0:0:0:1:53466	admin	REQUEST	[GET] http://localhost:8984/inspection/modules/generate
14:27:40.267	0:0:0:0:0:0:0:1:53466	admin	400	Gestoppt in C:/Users/eckey/Google Drive/Masterarbeit/Software/Auslieferung/basex-8.2.1/basex/webapp/restxq/inspection/inspection.xqm, 128/18: [bxerr:BASX0003] Path "inspection/modules/generate" assigned to several functions: C:/Users/eckey/Google Drive/Masterarbeit/Software/Auslieferung/basex-8.2.1/basex/webapp/restxq/inspection/inspection.xqm, 128/18 C:/Users/eckey/Google Drive/Masterarbeit/Software/Auslieferung/basex-8.2.1/basex/webapp/restxq/inspection/inspection-modules.xqm, 96/18	45.45 ms
14:27:56.268	0:0:0:0:0:0:0:1:53466	admin	REQUEST	[GET] http://localhost:8984/inspection
14:27:57.833	0:0:0:0:0:0:0:1:53466	admin	200		1565.67 ms
14:27:59.855	0:0:0:0:0:0:0:1:53466	admin	REQUEST	[GET] http://localhost:8984/inspection/modules/generate
14:28:01.135	0:0:0:0:0:0:0:1:53466	admin	200		1281.31 ms
14:28:01.136	0:0:0:0:0:0:0:1:53466	admin	200		0.26 ms
14:28:45.518	0:0:0:0:0:0:0:1:53466	admin	REQUEST	[GET] http://localhost:8984/inspection/modules/generate
14:28:46.839	0:0:0:0:0:0:0:1:53466	admin	200		1320.49 ms
14:28:46.867	0:0:0:0:0:0:0:1:53466	admin	200		28.35 ms
14:29:48.073	0:0:0:0:0:0:0:1:53484	admin	REQUEST	[GET] http://localhost:8984/inspection/modules/generate
14:29:49.236	0:0:0:0:0:0:0:1:53484	admin	200		1163.53 ms
14:29:49.262	0:0:0:0:0:0:0:1:53484	admin	200		25.58 ms
14:31:00.160	0:0:0:0:0:0:0:1:53489	admin	REQUEST	[GET] http://localhost:8984/inspection/modules/generate
14:31:02.714	0:0:0:0:0:0:0:1:53489	admin	200		2553.44 ms
14:31:02.716	0:0:0:0:0:0:0:1:53489	admin	200		2.65 ms
14:56:31.350	0:0:0:0:0:0:0:1:53579	admin	REQUEST	[GET] http://localhost:8984/inspection/modules/generate
14:56:32.454	0:0:0:0:0:0:0:1:53579	admin	200		1105.05 ms
14:56:32.456	0:0:0:0:0:0:0:1:53579	admin	200		1.25 ms
15:04:17.406	0:0:0:0:0:0:0:1:53613	admin	REQUEST	[GET] http://localhost:8984/inspection/modules/generate
15:04:18.658	0:0:0:0:0:0:0:1:53613	admin	200		1252.56 ms
15:04:18.663	0:0:0:0:0:0:0:1:53613	admin	200		12.14 ms
15:06:44.888	0:0:0:0:0:0:0:1:53627	admin	REQUEST	[GET] http://localhost:8984/inspection/modules/generate
15:06:46.150	0:0:0:0:0:0:0:1:53627	admin	200		1261.63 ms
15:06:46.152	0:0:0:0:0:0:0:1:53627	admin	200		3.64 ms
15:09:46.576	0:0:0:0:0:0:0:1:53635	admin	REQUEST	[GET] http://localhost:8984/inspection/modules/generate
15:09:47.539	0:0:0:0:0:0:0:1:53635	admin	200		963.59 ms
15:09:47.542	0:0:0:0:0:0:0:1:53635	admin	200		11.05 ms
15:12:05.894	SERVER	admin	OK	Server wurde gestoppt (Port: 1984).
15:12:05.894	SERVER	admin	OK	HTTP Server wurde gestoppt (Port: 8984).
